[2021-01-19 09:08:46,526] {{taskinstance.py:655}} INFO - Dependencies all met for <TaskInstance: MarketVol.download_telsa_price 2021-01-18T18:00:00+00:00 [queued]>
[2021-01-19 09:08:46,542] {{taskinstance.py:655}} INFO - Dependencies all met for <TaskInstance: MarketVol.download_telsa_price 2021-01-18T18:00:00+00:00 [queued]>
[2021-01-19 09:08:46,543] {{taskinstance.py:866}} INFO - 
--------------------------------------------------------------------------------
[2021-01-19 09:08:46,544] {{taskinstance.py:867}} INFO - Starting attempt 1 of 4
[2021-01-19 09:08:46,545] {{taskinstance.py:868}} INFO - 
--------------------------------------------------------------------------------
[2021-01-19 09:08:46,558] {{taskinstance.py:887}} INFO - Executing <Task(PythonOperator): download_telsa_price> on 2021-01-18T18:00:00+00:00
[2021-01-19 09:08:46,564] {{standard_task_runner.py:53}} INFO - Started process 347 to run task
[2021-01-19 09:08:46,638] {{logging_mixin.py:112}} INFO - Running %s on host %s <TaskInstance: MarketVol.download_telsa_price 2021-01-18T18:00:00+00:00 [running]> f2939e9d42e5
[2021-01-19 09:08:46,660] {{logging_mixin.py:112}} INFO - 2021-01-19
[2021-01-19 09:08:46,662] {{logging_mixin.py:112}} INFO - 2021-01-20
[2021-01-19 09:08:46,823] {{logging_mixin.py:112}} INFO - [*********************100%***********************]  1 of 1 completed
[2021-01-19 09:08:46,826] {{logging_mixin.py:112}} INFO - 
[2021-01-19 09:08:46,827] {{logging_mixin.py:112}} INFO - 
1 Failed download:
[2021-01-19 09:08:46,828] {{logging_mixin.py:112}} INFO - - TSLA: No data found for this date range, symbol may be delisted
[2021-01-19 09:08:46,840] {{python_operator.py:114}} INFO - Done. Returned value was: None
[2021-01-19 09:08:46,847] {{taskinstance.py:1048}} INFO - Marking task as SUCCESS.dag_id=MarketVol, task_id=download_telsa_price, execution_date=20210118T180000, start_date=20210119T090846, end_date=20210119T090846
[2021-01-19 09:08:56,470] {{logging_mixin.py:112}} INFO - [2021-01-19 09:08:56,470] {{local_task_job.py:103}} INFO - Task exited with return code 0
