[2021-01-13 17:23:28,131] {scheduler_job.py:181} INFO - Started process (PID=5889) to work on /Users/chowli/.local/share/virtualenvs/marketvol-WbDfdy4N/lib/python3.7/site-packages/airflow/example_dags/example_skip_dag.py
[2021-01-13 17:23:28,133] {scheduler_job.py:629} INFO - Processing file /Users/chowli/.local/share/virtualenvs/marketvol-WbDfdy4N/lib/python3.7/site-packages/airflow/example_dags/example_skip_dag.py for tasks to queue
[2021-01-13 17:23:28,134] {logging_mixin.py:103} INFO - [2021-01-13 17:23:28,134] {dagbag.py:440} INFO - Filling up the DagBag from /Users/chowli/.local/share/virtualenvs/marketvol-WbDfdy4N/lib/python3.7/site-packages/airflow/example_dags/example_skip_dag.py
[2021-01-13 17:23:28,147] {scheduler_job.py:639} INFO - DAG(s) dict_keys(['example_skip_dag']) retrieved from /Users/chowli/.local/share/virtualenvs/marketvol-WbDfdy4N/lib/python3.7/site-packages/airflow/example_dags/example_skip_dag.py
[2021-01-13 17:23:28,149] {logging_mixin.py:103} INFO - [2021-01-13 17:23:28,148] {dag.py:1813} INFO - Sync 1 DAGs
[2021-01-13 17:23:28,168] {logging_mixin.py:103} INFO - [2021-01-13 17:23:28,167] {dag.py:2266} INFO - Setting next_dagrun for example_skip_dag to 2021-01-12 00:00:00+00:00
[2021-01-13 17:23:28,182] {scheduler_job.py:189} INFO - Processing /Users/chowli/.local/share/virtualenvs/marketvol-WbDfdy4N/lib/python3.7/site-packages/airflow/example_dags/example_skip_dag.py took 0.055 seconds
[2021-01-13 17:23:53,414] {scheduler_job.py:181} INFO - Started process (PID=5956) to work on /Users/chowli/.local/share/virtualenvs/marketvol-WbDfdy4N/lib/python3.7/site-packages/airflow/example_dags/example_skip_dag.py
[2021-01-13 17:23:53,417] {scheduler_job.py:629} INFO - Processing file /Users/chowli/.local/share/virtualenvs/marketvol-WbDfdy4N/lib/python3.7/site-packages/airflow/example_dags/example_skip_dag.py for tasks to queue
[2021-01-13 17:23:53,419] {logging_mixin.py:103} INFO - [2021-01-13 17:23:53,418] {dagbag.py:440} INFO - Filling up the DagBag from /Users/chowli/.local/share/virtualenvs/marketvol-WbDfdy4N/lib/python3.7/site-packages/airflow/example_dags/example_skip_dag.py
[2021-01-13 17:23:53,436] {scheduler_job.py:639} INFO - DAG(s) dict_keys(['example_skip_dag']) retrieved from /Users/chowli/.local/share/virtualenvs/marketvol-WbDfdy4N/lib/python3.7/site-packages/airflow/example_dags/example_skip_dag.py
[2021-01-13 17:23:53,438] {logging_mixin.py:103} INFO - [2021-01-13 17:23:53,438] {dag.py:1813} INFO - Sync 1 DAGs
[2021-01-13 17:23:53,459] {logging_mixin.py:103} INFO - [2021-01-13 17:23:53,459] {dag.py:2266} INFO - Setting next_dagrun for example_skip_dag to 2021-01-12 00:00:00+00:00
[2021-01-13 17:23:53,474] {scheduler_job.py:189} INFO - Processing /Users/chowli/.local/share/virtualenvs/marketvol-WbDfdy4N/lib/python3.7/site-packages/airflow/example_dags/example_skip_dag.py took 0.064 seconds
[2021-01-13 17:24:19,697] {scheduler_job.py:181} INFO - Started process (PID=6047) to work on /Users/chowli/.local/share/virtualenvs/marketvol-WbDfdy4N/lib/python3.7/site-packages/airflow/example_dags/example_skip_dag.py
[2021-01-13 17:24:19,699] {scheduler_job.py:629} INFO - Processing file /Users/chowli/.local/share/virtualenvs/marketvol-WbDfdy4N/lib/python3.7/site-packages/airflow/example_dags/example_skip_dag.py for tasks to queue
[2021-01-13 17:24:19,701] {logging_mixin.py:103} INFO - [2021-01-13 17:24:19,701] {dagbag.py:440} INFO - Filling up the DagBag from /Users/chowli/.local/share/virtualenvs/marketvol-WbDfdy4N/lib/python3.7/site-packages/airflow/example_dags/example_skip_dag.py
[2021-01-13 17:24:19,716] {scheduler_job.py:639} INFO - DAG(s) dict_keys(['example_skip_dag']) retrieved from /Users/chowli/.local/share/virtualenvs/marketvol-WbDfdy4N/lib/python3.7/site-packages/airflow/example_dags/example_skip_dag.py
[2021-01-13 17:24:19,718] {logging_mixin.py:103} INFO - [2021-01-13 17:24:19,718] {dag.py:1813} INFO - Sync 1 DAGs
[2021-01-13 17:24:19,740] {logging_mixin.py:103} INFO - [2021-01-13 17:24:19,739] {dag.py:2266} INFO - Setting next_dagrun for example_skip_dag to 2021-01-12 00:00:00+00:00
[2021-01-13 17:24:19,756] {scheduler_job.py:189} INFO - Processing /Users/chowli/.local/share/virtualenvs/marketvol-WbDfdy4N/lib/python3.7/site-packages/airflow/example_dags/example_skip_dag.py took 0.063 seconds
[2021-01-13 17:24:44,939] {scheduler_job.py:181} INFO - Started process (PID=6086) to work on /Users/chowli/.local/share/virtualenvs/marketvol-WbDfdy4N/lib/python3.7/site-packages/airflow/example_dags/example_skip_dag.py
[2021-01-13 17:24:44,941] {scheduler_job.py:629} INFO - Processing file /Users/chowli/.local/share/virtualenvs/marketvol-WbDfdy4N/lib/python3.7/site-packages/airflow/example_dags/example_skip_dag.py for tasks to queue
[2021-01-13 17:24:44,942] {logging_mixin.py:103} INFO - [2021-01-13 17:24:44,942] {dagbag.py:440} INFO - Filling up the DagBag from /Users/chowli/.local/share/virtualenvs/marketvol-WbDfdy4N/lib/python3.7/site-packages/airflow/example_dags/example_skip_dag.py
[2021-01-13 17:24:44,955] {scheduler_job.py:639} INFO - DAG(s) dict_keys(['example_skip_dag']) retrieved from /Users/chowli/.local/share/virtualenvs/marketvol-WbDfdy4N/lib/python3.7/site-packages/airflow/example_dags/example_skip_dag.py
[2021-01-13 17:24:44,957] {logging_mixin.py:103} INFO - [2021-01-13 17:24:44,956] {dag.py:1813} INFO - Sync 1 DAGs
[2021-01-13 17:24:44,975] {logging_mixin.py:103} INFO - [2021-01-13 17:24:44,974] {dag.py:2266} INFO - Setting next_dagrun for example_skip_dag to 2021-01-12 00:00:00+00:00
[2021-01-13 17:24:44,989] {scheduler_job.py:189} INFO - Processing /Users/chowli/.local/share/virtualenvs/marketvol-WbDfdy4N/lib/python3.7/site-packages/airflow/example_dags/example_skip_dag.py took 0.053 seconds
[2021-01-13 17:25:10,181] {scheduler_job.py:181} INFO - Started process (PID=6114) to work on /Users/chowli/.local/share/virtualenvs/marketvol-WbDfdy4N/lib/python3.7/site-packages/airflow/example_dags/example_skip_dag.py
[2021-01-13 17:25:10,183] {scheduler_job.py:629} INFO - Processing file /Users/chowli/.local/share/virtualenvs/marketvol-WbDfdy4N/lib/python3.7/site-packages/airflow/example_dags/example_skip_dag.py for tasks to queue
[2021-01-13 17:25:10,184] {logging_mixin.py:103} INFO - [2021-01-13 17:25:10,184] {dagbag.py:440} INFO - Filling up the DagBag from /Users/chowli/.local/share/virtualenvs/marketvol-WbDfdy4N/lib/python3.7/site-packages/airflow/example_dags/example_skip_dag.py
[2021-01-13 17:25:10,197] {scheduler_job.py:639} INFO - DAG(s) dict_keys(['example_skip_dag']) retrieved from /Users/chowli/.local/share/virtualenvs/marketvol-WbDfdy4N/lib/python3.7/site-packages/airflow/example_dags/example_skip_dag.py
[2021-01-13 17:25:10,199] {logging_mixin.py:103} INFO - [2021-01-13 17:25:10,199] {dag.py:1813} INFO - Sync 1 DAGs
[2021-01-13 17:25:10,218] {logging_mixin.py:103} INFO - [2021-01-13 17:25:10,217] {dag.py:2266} INFO - Setting next_dagrun for example_skip_dag to 2021-01-12 00:00:00+00:00
[2021-01-13 17:25:10,232] {scheduler_job.py:189} INFO - Processing /Users/chowli/.local/share/virtualenvs/marketvol-WbDfdy4N/lib/python3.7/site-packages/airflow/example_dags/example_skip_dag.py took 0.055 seconds
[2021-01-13 17:25:36,449] {scheduler_job.py:181} INFO - Started process (PID=6142) to work on /Users/chowli/.local/share/virtualenvs/marketvol-WbDfdy4N/lib/python3.7/site-packages/airflow/example_dags/example_skip_dag.py
[2021-01-13 17:25:36,451] {scheduler_job.py:629} INFO - Processing file /Users/chowli/.local/share/virtualenvs/marketvol-WbDfdy4N/lib/python3.7/site-packages/airflow/example_dags/example_skip_dag.py for tasks to queue
[2021-01-13 17:25:36,453] {logging_mixin.py:103} INFO - [2021-01-13 17:25:36,452] {dagbag.py:440} INFO - Filling up the DagBag from /Users/chowli/.local/share/virtualenvs/marketvol-WbDfdy4N/lib/python3.7/site-packages/airflow/example_dags/example_skip_dag.py
[2021-01-13 17:25:36,467] {scheduler_job.py:639} INFO - DAG(s) dict_keys(['example_skip_dag']) retrieved from /Users/chowli/.local/share/virtualenvs/marketvol-WbDfdy4N/lib/python3.7/site-packages/airflow/example_dags/example_skip_dag.py
[2021-01-13 17:25:36,470] {logging_mixin.py:103} INFO - [2021-01-13 17:25:36,469] {dag.py:1813} INFO - Sync 1 DAGs
[2021-01-13 17:25:36,495] {logging_mixin.py:103} INFO - [2021-01-13 17:25:36,494] {dag.py:2266} INFO - Setting next_dagrun for example_skip_dag to 2021-01-12 00:00:00+00:00
[2021-01-13 17:25:36,514] {scheduler_job.py:189} INFO - Processing /Users/chowli/.local/share/virtualenvs/marketvol-WbDfdy4N/lib/python3.7/site-packages/airflow/example_dags/example_skip_dag.py took 0.068 seconds
[2021-01-13 17:26:03,653] {scheduler_job.py:181} INFO - Started process (PID=6178) to work on /Users/chowli/.local/share/virtualenvs/marketvol-WbDfdy4N/lib/python3.7/site-packages/airflow/example_dags/example_skip_dag.py
[2021-01-13 17:26:03,655] {scheduler_job.py:629} INFO - Processing file /Users/chowli/.local/share/virtualenvs/marketvol-WbDfdy4N/lib/python3.7/site-packages/airflow/example_dags/example_skip_dag.py for tasks to queue
[2021-01-13 17:26:03,657] {logging_mixin.py:103} INFO - [2021-01-13 17:26:03,657] {dagbag.py:440} INFO - Filling up the DagBag from /Users/chowli/.local/share/virtualenvs/marketvol-WbDfdy4N/lib/python3.7/site-packages/airflow/example_dags/example_skip_dag.py
[2021-01-13 17:26:03,672] {scheduler_job.py:639} INFO - DAG(s) dict_keys(['example_skip_dag']) retrieved from /Users/chowli/.local/share/virtualenvs/marketvol-WbDfdy4N/lib/python3.7/site-packages/airflow/example_dags/example_skip_dag.py
[2021-01-13 17:26:03,674] {logging_mixin.py:103} INFO - [2021-01-13 17:26:03,674] {dag.py:1813} INFO - Sync 1 DAGs
[2021-01-13 17:26:03,697] {logging_mixin.py:103} INFO - [2021-01-13 17:26:03,697] {dag.py:2266} INFO - Setting next_dagrun for example_skip_dag to 2021-01-12 00:00:00+00:00
[2021-01-13 17:26:03,717] {scheduler_job.py:189} INFO - Processing /Users/chowli/.local/share/virtualenvs/marketvol-WbDfdy4N/lib/python3.7/site-packages/airflow/example_dags/example_skip_dag.py took 0.068 seconds
[2021-01-13 17:26:28,879] {scheduler_job.py:181} INFO - Started process (PID=6214) to work on /Users/chowli/.local/share/virtualenvs/marketvol-WbDfdy4N/lib/python3.7/site-packages/airflow/example_dags/example_skip_dag.py
[2021-01-13 17:26:28,881] {scheduler_job.py:629} INFO - Processing file /Users/chowli/.local/share/virtualenvs/marketvol-WbDfdy4N/lib/python3.7/site-packages/airflow/example_dags/example_skip_dag.py for tasks to queue
[2021-01-13 17:26:28,883] {logging_mixin.py:103} INFO - [2021-01-13 17:26:28,883] {dagbag.py:440} INFO - Filling up the DagBag from /Users/chowli/.local/share/virtualenvs/marketvol-WbDfdy4N/lib/python3.7/site-packages/airflow/example_dags/example_skip_dag.py
[2021-01-13 17:26:28,896] {scheduler_job.py:639} INFO - DAG(s) dict_keys(['example_skip_dag']) retrieved from /Users/chowli/.local/share/virtualenvs/marketvol-WbDfdy4N/lib/python3.7/site-packages/airflow/example_dags/example_skip_dag.py
[2021-01-13 17:26:28,898] {logging_mixin.py:103} INFO - [2021-01-13 17:26:28,898] {dag.py:1813} INFO - Sync 1 DAGs
[2021-01-13 17:26:28,917] {logging_mixin.py:103} INFO - [2021-01-13 17:26:28,917] {dag.py:2266} INFO - Setting next_dagrun for example_skip_dag to 2021-01-12 00:00:00+00:00
[2021-01-13 17:26:28,932] {scheduler_job.py:189} INFO - Processing /Users/chowli/.local/share/virtualenvs/marketvol-WbDfdy4N/lib/python3.7/site-packages/airflow/example_dags/example_skip_dag.py took 0.057 seconds
[2021-01-13 17:26:54,130] {scheduler_job.py:181} INFO - Started process (PID=6257) to work on /Users/chowli/.local/share/virtualenvs/marketvol-WbDfdy4N/lib/python3.7/site-packages/airflow/example_dags/example_skip_dag.py
[2021-01-13 17:26:54,131] {scheduler_job.py:629} INFO - Processing file /Users/chowli/.local/share/virtualenvs/marketvol-WbDfdy4N/lib/python3.7/site-packages/airflow/example_dags/example_skip_dag.py for tasks to queue
[2021-01-13 17:26:54,133] {logging_mixin.py:103} INFO - [2021-01-13 17:26:54,132] {dagbag.py:440} INFO - Filling up the DagBag from /Users/chowli/.local/share/virtualenvs/marketvol-WbDfdy4N/lib/python3.7/site-packages/airflow/example_dags/example_skip_dag.py
[2021-01-13 17:26:54,146] {scheduler_job.py:639} INFO - DAG(s) dict_keys(['example_skip_dag']) retrieved from /Users/chowli/.local/share/virtualenvs/marketvol-WbDfdy4N/lib/python3.7/site-packages/airflow/example_dags/example_skip_dag.py
[2021-01-13 17:26:54,147] {logging_mixin.py:103} INFO - [2021-01-13 17:26:54,147] {dag.py:1813} INFO - Sync 1 DAGs
[2021-01-13 17:26:54,166] {logging_mixin.py:103} INFO - [2021-01-13 17:26:54,165] {dag.py:2266} INFO - Setting next_dagrun for example_skip_dag to 2021-01-12 00:00:00+00:00
[2021-01-13 17:26:54,180] {scheduler_job.py:189} INFO - Processing /Users/chowli/.local/share/virtualenvs/marketvol-WbDfdy4N/lib/python3.7/site-packages/airflow/example_dags/example_skip_dag.py took 0.054 seconds
[2021-01-13 17:27:19,368] {scheduler_job.py:181} INFO - Started process (PID=6297) to work on /Users/chowli/.local/share/virtualenvs/marketvol-WbDfdy4N/lib/python3.7/site-packages/airflow/example_dags/example_skip_dag.py
[2021-01-13 17:27:19,371] {scheduler_job.py:629} INFO - Processing file /Users/chowli/.local/share/virtualenvs/marketvol-WbDfdy4N/lib/python3.7/site-packages/airflow/example_dags/example_skip_dag.py for tasks to queue
[2021-01-13 17:27:19,372] {logging_mixin.py:103} INFO - [2021-01-13 17:27:19,372] {dagbag.py:440} INFO - Filling up the DagBag from /Users/chowli/.local/share/virtualenvs/marketvol-WbDfdy4N/lib/python3.7/site-packages/airflow/example_dags/example_skip_dag.py
[2021-01-13 17:27:19,385] {scheduler_job.py:639} INFO - DAG(s) dict_keys(['example_skip_dag']) retrieved from /Users/chowli/.local/share/virtualenvs/marketvol-WbDfdy4N/lib/python3.7/site-packages/airflow/example_dags/example_skip_dag.py
[2021-01-13 17:27:19,387] {logging_mixin.py:103} INFO - [2021-01-13 17:27:19,386] {dag.py:1813} INFO - Sync 1 DAGs
[2021-01-13 17:27:19,407] {logging_mixin.py:103} INFO - [2021-01-13 17:27:19,407] {dag.py:2266} INFO - Setting next_dagrun for example_skip_dag to 2021-01-12 00:00:00+00:00
[2021-01-13 17:27:19,423] {scheduler_job.py:189} INFO - Processing /Users/chowli/.local/share/virtualenvs/marketvol-WbDfdy4N/lib/python3.7/site-packages/airflow/example_dags/example_skip_dag.py took 0.059 seconds
[2021-01-13 17:27:44,619] {scheduler_job.py:181} INFO - Started process (PID=6327) to work on /Users/chowli/.local/share/virtualenvs/marketvol-WbDfdy4N/lib/python3.7/site-packages/airflow/example_dags/example_skip_dag.py
[2021-01-13 17:27:44,620] {scheduler_job.py:629} INFO - Processing file /Users/chowli/.local/share/virtualenvs/marketvol-WbDfdy4N/lib/python3.7/site-packages/airflow/example_dags/example_skip_dag.py for tasks to queue
[2021-01-13 17:27:44,621] {logging_mixin.py:103} INFO - [2021-01-13 17:27:44,621] {dagbag.py:440} INFO - Filling up the DagBag from /Users/chowli/.local/share/virtualenvs/marketvol-WbDfdy4N/lib/python3.7/site-packages/airflow/example_dags/example_skip_dag.py
[2021-01-13 17:27:44,631] {scheduler_job.py:639} INFO - DAG(s) dict_keys(['example_skip_dag']) retrieved from /Users/chowli/.local/share/virtualenvs/marketvol-WbDfdy4N/lib/python3.7/site-packages/airflow/example_dags/example_skip_dag.py
[2021-01-13 17:27:44,633] {logging_mixin.py:103} INFO - [2021-01-13 17:27:44,632] {dag.py:1813} INFO - Sync 1 DAGs
[2021-01-13 17:27:44,649] {logging_mixin.py:103} INFO - [2021-01-13 17:27:44,649] {dag.py:2266} INFO - Setting next_dagrun for example_skip_dag to 2021-01-12 00:00:00+00:00
[2021-01-13 17:27:44,663] {scheduler_job.py:189} INFO - Processing /Users/chowli/.local/share/virtualenvs/marketvol-WbDfdy4N/lib/python3.7/site-packages/airflow/example_dags/example_skip_dag.py took 0.047 seconds
[2021-01-13 17:28:10,905] {scheduler_job.py:181} INFO - Started process (PID=6355) to work on /Users/chowli/.local/share/virtualenvs/marketvol-WbDfdy4N/lib/python3.7/site-packages/airflow/example_dags/example_skip_dag.py
[2021-01-13 17:28:10,907] {scheduler_job.py:629} INFO - Processing file /Users/chowli/.local/share/virtualenvs/marketvol-WbDfdy4N/lib/python3.7/site-packages/airflow/example_dags/example_skip_dag.py for tasks to queue
[2021-01-13 17:28:10,909] {logging_mixin.py:103} INFO - [2021-01-13 17:28:10,908] {dagbag.py:440} INFO - Filling up the DagBag from /Users/chowli/.local/share/virtualenvs/marketvol-WbDfdy4N/lib/python3.7/site-packages/airflow/example_dags/example_skip_dag.py
[2021-01-13 17:28:10,922] {scheduler_job.py:639} INFO - DAG(s) dict_keys(['example_skip_dag']) retrieved from /Users/chowli/.local/share/virtualenvs/marketvol-WbDfdy4N/lib/python3.7/site-packages/airflow/example_dags/example_skip_dag.py
[2021-01-13 17:28:10,924] {logging_mixin.py:103} INFO - [2021-01-13 17:28:10,923] {dag.py:1813} INFO - Sync 1 DAGs
[2021-01-13 17:28:10,944] {logging_mixin.py:103} INFO - [2021-01-13 17:28:10,944] {dag.py:2266} INFO - Setting next_dagrun for example_skip_dag to 2021-01-12 00:00:00+00:00
[2021-01-13 17:28:10,962] {scheduler_job.py:189} INFO - Processing /Users/chowli/.local/share/virtualenvs/marketvol-WbDfdy4N/lib/python3.7/site-packages/airflow/example_dags/example_skip_dag.py took 0.061 seconds
[2021-01-13 17:28:51,782] {scheduler_job.py:181} INFO - Started process (PID=6404) to work on /Users/chowli/.local/share/virtualenvs/marketvol-WbDfdy4N/lib/python3.7/site-packages/airflow/example_dags/example_skip_dag.py
[2021-01-13 17:28:51,784] {scheduler_job.py:629} INFO - Processing file /Users/chowli/.local/share/virtualenvs/marketvol-WbDfdy4N/lib/python3.7/site-packages/airflow/example_dags/example_skip_dag.py for tasks to queue
[2021-01-13 17:28:51,785] {logging_mixin.py:103} INFO - [2021-01-13 17:28:51,785] {dagbag.py:440} INFO - Filling up the DagBag from /Users/chowli/.local/share/virtualenvs/marketvol-WbDfdy4N/lib/python3.7/site-packages/airflow/example_dags/example_skip_dag.py
[2021-01-13 17:28:51,802] {scheduler_job.py:639} INFO - DAG(s) dict_keys(['example_skip_dag']) retrieved from /Users/chowli/.local/share/virtualenvs/marketvol-WbDfdy4N/lib/python3.7/site-packages/airflow/example_dags/example_skip_dag.py
[2021-01-13 17:28:51,804] {logging_mixin.py:103} INFO - [2021-01-13 17:28:51,803] {dag.py:1813} INFO - Sync 1 DAGs
[2021-01-13 17:28:51,827] {logging_mixin.py:103} INFO - [2021-01-13 17:28:51,826] {dag.py:2266} INFO - Setting next_dagrun for example_skip_dag to 2021-01-12 00:00:00+00:00
[2021-01-13 17:28:51,846] {scheduler_job.py:189} INFO - Processing /Users/chowli/.local/share/virtualenvs/marketvol-WbDfdy4N/lib/python3.7/site-packages/airflow/example_dags/example_skip_dag.py took 0.069 seconds
