[2021-01-13 17:23:11,966] {scheduler_job.py:181} INFO - Started process (PID=5866) to work on /Users/chowli/.local/share/virtualenvs/marketvol-WbDfdy4N/lib/python3.7/site-packages/airflow/example_dags/example_trigger_controller_dag.py
[2021-01-13 17:23:11,967] {scheduler_job.py:629} INFO - Processing file /Users/chowli/.local/share/virtualenvs/marketvol-WbDfdy4N/lib/python3.7/site-packages/airflow/example_dags/example_trigger_controller_dag.py for tasks to queue
[2021-01-13 17:23:11,968] {logging_mixin.py:103} INFO - [2021-01-13 17:23:11,968] {dagbag.py:440} INFO - Filling up the DagBag from /Users/chowli/.local/share/virtualenvs/marketvol-WbDfdy4N/lib/python3.7/site-packages/airflow/example_dags/example_trigger_controller_dag.py
[2021-01-13 17:23:11,980] {scheduler_job.py:639} INFO - DAG(s) dict_keys(['example_trigger_controller_dag']) retrieved from /Users/chowli/.local/share/virtualenvs/marketvol-WbDfdy4N/lib/python3.7/site-packages/airflow/example_dags/example_trigger_controller_dag.py
[2021-01-13 17:23:11,982] {logging_mixin.py:103} INFO - [2021-01-13 17:23:11,981] {dag.py:1813} INFO - Sync 1 DAGs
[2021-01-13 17:23:11,999] {logging_mixin.py:103} INFO - [2021-01-13 17:23:11,999] {dag.py:2266} INFO - Setting next_dagrun for example_trigger_controller_dag to 2021-01-12 00:00:00+00:00
[2021-01-13 17:23:12,013] {scheduler_job.py:189} INFO - Processing /Users/chowli/.local/share/virtualenvs/marketvol-WbDfdy4N/lib/python3.7/site-packages/airflow/example_dags/example_trigger_controller_dag.py took 0.051 seconds
[2021-01-13 17:23:39,314] {scheduler_job.py:181} INFO - Started process (PID=5901) to work on /Users/chowli/.local/share/virtualenvs/marketvol-WbDfdy4N/lib/python3.7/site-packages/airflow/example_dags/example_trigger_controller_dag.py
[2021-01-13 17:23:39,316] {scheduler_job.py:629} INFO - Processing file /Users/chowli/.local/share/virtualenvs/marketvol-WbDfdy4N/lib/python3.7/site-packages/airflow/example_dags/example_trigger_controller_dag.py for tasks to queue
[2021-01-13 17:23:39,318] {logging_mixin.py:103} INFO - [2021-01-13 17:23:39,317] {dagbag.py:440} INFO - Filling up the DagBag from /Users/chowli/.local/share/virtualenvs/marketvol-WbDfdy4N/lib/python3.7/site-packages/airflow/example_dags/example_trigger_controller_dag.py
[2021-01-13 17:23:39,330] {scheduler_job.py:639} INFO - DAG(s) dict_keys(['example_trigger_controller_dag']) retrieved from /Users/chowli/.local/share/virtualenvs/marketvol-WbDfdy4N/lib/python3.7/site-packages/airflow/example_dags/example_trigger_controller_dag.py
[2021-01-13 17:23:39,332] {logging_mixin.py:103} INFO - [2021-01-13 17:23:39,332] {dag.py:1813} INFO - Sync 1 DAGs
[2021-01-13 17:23:39,351] {logging_mixin.py:103} INFO - [2021-01-13 17:23:39,350] {dag.py:2266} INFO - Setting next_dagrun for example_trigger_controller_dag to 2021-01-12 00:00:00+00:00
[2021-01-13 17:23:39,365] {scheduler_job.py:189} INFO - Processing /Users/chowli/.local/share/virtualenvs/marketvol-WbDfdy4N/lib/python3.7/site-packages/airflow/example_dags/example_trigger_controller_dag.py took 0.055 seconds
[2021-01-13 17:24:05,578] {scheduler_job.py:181} INFO - Started process (PID=6011) to work on /Users/chowli/.local/share/virtualenvs/marketvol-WbDfdy4N/lib/python3.7/site-packages/airflow/example_dags/example_trigger_controller_dag.py
[2021-01-13 17:24:05,580] {scheduler_job.py:629} INFO - Processing file /Users/chowli/.local/share/virtualenvs/marketvol-WbDfdy4N/lib/python3.7/site-packages/airflow/example_dags/example_trigger_controller_dag.py for tasks to queue
[2021-01-13 17:24:05,582] {logging_mixin.py:103} INFO - [2021-01-13 17:24:05,581] {dagbag.py:440} INFO - Filling up the DagBag from /Users/chowli/.local/share/virtualenvs/marketvol-WbDfdy4N/lib/python3.7/site-packages/airflow/example_dags/example_trigger_controller_dag.py
[2021-01-13 17:24:05,595] {scheduler_job.py:639} INFO - DAG(s) dict_keys(['example_trigger_controller_dag']) retrieved from /Users/chowli/.local/share/virtualenvs/marketvol-WbDfdy4N/lib/python3.7/site-packages/airflow/example_dags/example_trigger_controller_dag.py
[2021-01-13 17:24:05,597] {logging_mixin.py:103} INFO - [2021-01-13 17:24:05,596] {dag.py:1813} INFO - Sync 1 DAGs
[2021-01-13 17:24:05,617] {logging_mixin.py:103} INFO - [2021-01-13 17:24:05,616] {dag.py:2266} INFO - Setting next_dagrun for example_trigger_controller_dag to 2021-01-12 00:00:00+00:00
[2021-01-13 17:24:05,632] {scheduler_job.py:189} INFO - Processing /Users/chowli/.local/share/virtualenvs/marketvol-WbDfdy4N/lib/python3.7/site-packages/airflow/example_dags/example_trigger_controller_dag.py took 0.058 seconds
[2021-01-13 17:24:30,828] {scheduler_job.py:181} INFO - Started process (PID=6063) to work on /Users/chowli/.local/share/virtualenvs/marketvol-WbDfdy4N/lib/python3.7/site-packages/airflow/example_dags/example_trigger_controller_dag.py
[2021-01-13 17:24:30,830] {scheduler_job.py:629} INFO - Processing file /Users/chowli/.local/share/virtualenvs/marketvol-WbDfdy4N/lib/python3.7/site-packages/airflow/example_dags/example_trigger_controller_dag.py for tasks to queue
[2021-01-13 17:24:30,831] {logging_mixin.py:103} INFO - [2021-01-13 17:24:30,831] {dagbag.py:440} INFO - Filling up the DagBag from /Users/chowli/.local/share/virtualenvs/marketvol-WbDfdy4N/lib/python3.7/site-packages/airflow/example_dags/example_trigger_controller_dag.py
[2021-01-13 17:24:30,844] {scheduler_job.py:639} INFO - DAG(s) dict_keys(['example_trigger_controller_dag']) retrieved from /Users/chowli/.local/share/virtualenvs/marketvol-WbDfdy4N/lib/python3.7/site-packages/airflow/example_dags/example_trigger_controller_dag.py
[2021-01-13 17:24:30,846] {logging_mixin.py:103} INFO - [2021-01-13 17:24:30,846] {dag.py:1813} INFO - Sync 1 DAGs
[2021-01-13 17:24:30,865] {logging_mixin.py:103} INFO - [2021-01-13 17:24:30,865] {dag.py:2266} INFO - Setting next_dagrun for example_trigger_controller_dag to 2021-01-12 00:00:00+00:00
[2021-01-13 17:24:30,879] {scheduler_job.py:189} INFO - Processing /Users/chowli/.local/share/virtualenvs/marketvol-WbDfdy4N/lib/python3.7/site-packages/airflow/example_dags/example_trigger_controller_dag.py took 0.055 seconds
[2021-01-13 17:24:56,069] {scheduler_job.py:181} INFO - Started process (PID=6099) to work on /Users/chowli/.local/share/virtualenvs/marketvol-WbDfdy4N/lib/python3.7/site-packages/airflow/example_dags/example_trigger_controller_dag.py
[2021-01-13 17:24:56,070] {scheduler_job.py:629} INFO - Processing file /Users/chowli/.local/share/virtualenvs/marketvol-WbDfdy4N/lib/python3.7/site-packages/airflow/example_dags/example_trigger_controller_dag.py for tasks to queue
[2021-01-13 17:24:56,071] {logging_mixin.py:103} INFO - [2021-01-13 17:24:56,071] {dagbag.py:440} INFO - Filling up the DagBag from /Users/chowli/.local/share/virtualenvs/marketvol-WbDfdy4N/lib/python3.7/site-packages/airflow/example_dags/example_trigger_controller_dag.py
[2021-01-13 17:24:56,091] {scheduler_job.py:639} INFO - DAG(s) dict_keys(['example_trigger_controller_dag']) retrieved from /Users/chowli/.local/share/virtualenvs/marketvol-WbDfdy4N/lib/python3.7/site-packages/airflow/example_dags/example_trigger_controller_dag.py
[2021-01-13 17:24:56,093] {logging_mixin.py:103} INFO - [2021-01-13 17:24:56,092] {dag.py:1813} INFO - Sync 1 DAGs
[2021-01-13 17:24:56,112] {logging_mixin.py:103} INFO - [2021-01-13 17:24:56,111] {dag.py:2266} INFO - Setting next_dagrun for example_trigger_controller_dag to 2021-01-12 00:00:00+00:00
[2021-01-13 17:24:56,125] {scheduler_job.py:189} INFO - Processing /Users/chowli/.local/share/virtualenvs/marketvol-WbDfdy4N/lib/python3.7/site-packages/airflow/example_dags/example_trigger_controller_dag.py took 0.059 seconds
[2021-01-13 17:25:21,412] {scheduler_job.py:181} INFO - Started process (PID=6126) to work on /Users/chowli/.local/share/virtualenvs/marketvol-WbDfdy4N/lib/python3.7/site-packages/airflow/example_dags/example_trigger_controller_dag.py
[2021-01-13 17:25:21,414] {scheduler_job.py:629} INFO - Processing file /Users/chowli/.local/share/virtualenvs/marketvol-WbDfdy4N/lib/python3.7/site-packages/airflow/example_dags/example_trigger_controller_dag.py for tasks to queue
[2021-01-13 17:25:21,415] {logging_mixin.py:103} INFO - [2021-01-13 17:25:21,414] {dagbag.py:440} INFO - Filling up the DagBag from /Users/chowli/.local/share/virtualenvs/marketvol-WbDfdy4N/lib/python3.7/site-packages/airflow/example_dags/example_trigger_controller_dag.py
[2021-01-13 17:25:21,426] {scheduler_job.py:639} INFO - DAG(s) dict_keys(['example_trigger_controller_dag']) retrieved from /Users/chowli/.local/share/virtualenvs/marketvol-WbDfdy4N/lib/python3.7/site-packages/airflow/example_dags/example_trigger_controller_dag.py
[2021-01-13 17:25:21,428] {logging_mixin.py:103} INFO - [2021-01-13 17:25:21,427] {dag.py:1813} INFO - Sync 1 DAGs
[2021-01-13 17:25:21,445] {logging_mixin.py:103} INFO - [2021-01-13 17:25:21,445] {dag.py:2266} INFO - Setting next_dagrun for example_trigger_controller_dag to 2021-01-12 00:00:00+00:00
[2021-01-13 17:25:21,458] {scheduler_job.py:189} INFO - Processing /Users/chowli/.local/share/virtualenvs/marketvol-WbDfdy4N/lib/python3.7/site-packages/airflow/example_dags/example_trigger_controller_dag.py took 0.050 seconds
[2021-01-13 17:25:48,494] {scheduler_job.py:181} INFO - Started process (PID=6155) to work on /Users/chowli/.local/share/virtualenvs/marketvol-WbDfdy4N/lib/python3.7/site-packages/airflow/example_dags/example_trigger_controller_dag.py
[2021-01-13 17:25:48,496] {scheduler_job.py:629} INFO - Processing file /Users/chowli/.local/share/virtualenvs/marketvol-WbDfdy4N/lib/python3.7/site-packages/airflow/example_dags/example_trigger_controller_dag.py for tasks to queue
[2021-01-13 17:25:48,498] {logging_mixin.py:103} INFO - [2021-01-13 17:25:48,497] {dagbag.py:440} INFO - Filling up the DagBag from /Users/chowli/.local/share/virtualenvs/marketvol-WbDfdy4N/lib/python3.7/site-packages/airflow/example_dags/example_trigger_controller_dag.py
[2021-01-13 17:25:48,513] {scheduler_job.py:639} INFO - DAG(s) dict_keys(['example_trigger_controller_dag']) retrieved from /Users/chowli/.local/share/virtualenvs/marketvol-WbDfdy4N/lib/python3.7/site-packages/airflow/example_dags/example_trigger_controller_dag.py
[2021-01-13 17:25:48,515] {logging_mixin.py:103} INFO - [2021-01-13 17:25:48,515] {dag.py:1813} INFO - Sync 1 DAGs
[2021-01-13 17:25:48,540] {logging_mixin.py:103} INFO - [2021-01-13 17:25:48,540] {dag.py:2266} INFO - Setting next_dagrun for example_trigger_controller_dag to 2021-01-12 00:00:00+00:00
[2021-01-13 17:25:48,561] {scheduler_job.py:189} INFO - Processing /Users/chowli/.local/share/virtualenvs/marketvol-WbDfdy4N/lib/python3.7/site-packages/airflow/example_dags/example_trigger_controller_dag.py took 0.071 seconds
[2021-01-13 17:26:14,792] {scheduler_job.py:181} INFO - Started process (PID=6191) to work on /Users/chowli/.local/share/virtualenvs/marketvol-WbDfdy4N/lib/python3.7/site-packages/airflow/example_dags/example_trigger_controller_dag.py
[2021-01-13 17:26:14,794] {scheduler_job.py:629} INFO - Processing file /Users/chowli/.local/share/virtualenvs/marketvol-WbDfdy4N/lib/python3.7/site-packages/airflow/example_dags/example_trigger_controller_dag.py for tasks to queue
[2021-01-13 17:26:14,795] {logging_mixin.py:103} INFO - [2021-01-13 17:26:14,795] {dagbag.py:440} INFO - Filling up the DagBag from /Users/chowli/.local/share/virtualenvs/marketvol-WbDfdy4N/lib/python3.7/site-packages/airflow/example_dags/example_trigger_controller_dag.py
[2021-01-13 17:26:14,807] {scheduler_job.py:639} INFO - DAG(s) dict_keys(['example_trigger_controller_dag']) retrieved from /Users/chowli/.local/share/virtualenvs/marketvol-WbDfdy4N/lib/python3.7/site-packages/airflow/example_dags/example_trigger_controller_dag.py
[2021-01-13 17:26:14,809] {logging_mixin.py:103} INFO - [2021-01-13 17:26:14,809] {dag.py:1813} INFO - Sync 1 DAGs
[2021-01-13 17:26:14,827] {logging_mixin.py:103} INFO - [2021-01-13 17:26:14,827] {dag.py:2266} INFO - Setting next_dagrun for example_trigger_controller_dag to 2021-01-12 00:00:00+00:00
[2021-01-13 17:26:14,842] {scheduler_job.py:189} INFO - Processing /Users/chowli/.local/share/virtualenvs/marketvol-WbDfdy4N/lib/python3.7/site-packages/airflow/example_dags/example_trigger_controller_dag.py took 0.054 seconds
[2021-01-13 17:26:40,031] {scheduler_job.py:181} INFO - Started process (PID=6226) to work on /Users/chowli/.local/share/virtualenvs/marketvol-WbDfdy4N/lib/python3.7/site-packages/airflow/example_dags/example_trigger_controller_dag.py
[2021-01-13 17:26:40,032] {scheduler_job.py:629} INFO - Processing file /Users/chowli/.local/share/virtualenvs/marketvol-WbDfdy4N/lib/python3.7/site-packages/airflow/example_dags/example_trigger_controller_dag.py for tasks to queue
[2021-01-13 17:26:40,034] {logging_mixin.py:103} INFO - [2021-01-13 17:26:40,033] {dagbag.py:440} INFO - Filling up the DagBag from /Users/chowli/.local/share/virtualenvs/marketvol-WbDfdy4N/lib/python3.7/site-packages/airflow/example_dags/example_trigger_controller_dag.py
[2021-01-13 17:26:40,047] {scheduler_job.py:639} INFO - DAG(s) dict_keys(['example_trigger_controller_dag']) retrieved from /Users/chowli/.local/share/virtualenvs/marketvol-WbDfdy4N/lib/python3.7/site-packages/airflow/example_dags/example_trigger_controller_dag.py
[2021-01-13 17:26:40,049] {logging_mixin.py:103} INFO - [2021-01-13 17:26:40,049] {dag.py:1813} INFO - Sync 1 DAGs
[2021-01-13 17:26:40,069] {logging_mixin.py:103} INFO - [2021-01-13 17:26:40,068] {dag.py:2266} INFO - Setting next_dagrun for example_trigger_controller_dag to 2021-01-12 00:00:00+00:00
[2021-01-13 17:26:40,083] {scheduler_job.py:189} INFO - Processing /Users/chowli/.local/share/virtualenvs/marketvol-WbDfdy4N/lib/python3.7/site-packages/airflow/example_dags/example_trigger_controller_dag.py took 0.056 seconds
[2021-01-13 17:27:05,269] {scheduler_job.py:181} INFO - Started process (PID=6271) to work on /Users/chowli/.local/share/virtualenvs/marketvol-WbDfdy4N/lib/python3.7/site-packages/airflow/example_dags/example_trigger_controller_dag.py
[2021-01-13 17:27:05,270] {scheduler_job.py:629} INFO - Processing file /Users/chowli/.local/share/virtualenvs/marketvol-WbDfdy4N/lib/python3.7/site-packages/airflow/example_dags/example_trigger_controller_dag.py for tasks to queue
[2021-01-13 17:27:05,271] {logging_mixin.py:103} INFO - [2021-01-13 17:27:05,271] {dagbag.py:440} INFO - Filling up the DagBag from /Users/chowli/.local/share/virtualenvs/marketvol-WbDfdy4N/lib/python3.7/site-packages/airflow/example_dags/example_trigger_controller_dag.py
[2021-01-13 17:27:05,284] {scheduler_job.py:639} INFO - DAG(s) dict_keys(['example_trigger_controller_dag']) retrieved from /Users/chowli/.local/share/virtualenvs/marketvol-WbDfdy4N/lib/python3.7/site-packages/airflow/example_dags/example_trigger_controller_dag.py
[2021-01-13 17:27:05,286] {logging_mixin.py:103} INFO - [2021-01-13 17:27:05,285] {dag.py:1813} INFO - Sync 1 DAGs
[2021-01-13 17:27:05,304] {logging_mixin.py:103} INFO - [2021-01-13 17:27:05,304] {dag.py:2266} INFO - Setting next_dagrun for example_trigger_controller_dag to 2021-01-12 00:00:00+00:00
[2021-01-13 17:27:05,317] {scheduler_job.py:189} INFO - Processing /Users/chowli/.local/share/virtualenvs/marketvol-WbDfdy4N/lib/python3.7/site-packages/airflow/example_dags/example_trigger_controller_dag.py took 0.053 seconds
[2021-01-13 17:27:30,517] {scheduler_job.py:181} INFO - Started process (PID=6309) to work on /Users/chowli/.local/share/virtualenvs/marketvol-WbDfdy4N/lib/python3.7/site-packages/airflow/example_dags/example_trigger_controller_dag.py
[2021-01-13 17:27:30,520] {scheduler_job.py:629} INFO - Processing file /Users/chowli/.local/share/virtualenvs/marketvol-WbDfdy4N/lib/python3.7/site-packages/airflow/example_dags/example_trigger_controller_dag.py for tasks to queue
[2021-01-13 17:27:30,521] {logging_mixin.py:103} INFO - [2021-01-13 17:27:30,521] {dagbag.py:440} INFO - Filling up the DagBag from /Users/chowli/.local/share/virtualenvs/marketvol-WbDfdy4N/lib/python3.7/site-packages/airflow/example_dags/example_trigger_controller_dag.py
[2021-01-13 17:27:30,532] {scheduler_job.py:639} INFO - DAG(s) dict_keys(['example_trigger_controller_dag']) retrieved from /Users/chowli/.local/share/virtualenvs/marketvol-WbDfdy4N/lib/python3.7/site-packages/airflow/example_dags/example_trigger_controller_dag.py
[2021-01-13 17:27:30,534] {logging_mixin.py:103} INFO - [2021-01-13 17:27:30,534] {dag.py:1813} INFO - Sync 1 DAGs
[2021-01-13 17:27:30,553] {logging_mixin.py:103} INFO - [2021-01-13 17:27:30,552] {dag.py:2266} INFO - Setting next_dagrun for example_trigger_controller_dag to 2021-01-12 00:00:00+00:00
[2021-01-13 17:27:30,568] {scheduler_job.py:189} INFO - Processing /Users/chowli/.local/share/virtualenvs/marketvol-WbDfdy4N/lib/python3.7/site-packages/airflow/example_dags/example_trigger_controller_dag.py took 0.055 seconds
[2021-01-13 17:27:55,767] {scheduler_job.py:181} INFO - Started process (PID=6339) to work on /Users/chowli/.local/share/virtualenvs/marketvol-WbDfdy4N/lib/python3.7/site-packages/airflow/example_dags/example_trigger_controller_dag.py
[2021-01-13 17:27:55,770] {scheduler_job.py:629} INFO - Processing file /Users/chowli/.local/share/virtualenvs/marketvol-WbDfdy4N/lib/python3.7/site-packages/airflow/example_dags/example_trigger_controller_dag.py for tasks to queue
[2021-01-13 17:27:55,772] {logging_mixin.py:103} INFO - [2021-01-13 17:27:55,771] {dagbag.py:440} INFO - Filling up the DagBag from /Users/chowli/.local/share/virtualenvs/marketvol-WbDfdy4N/lib/python3.7/site-packages/airflow/example_dags/example_trigger_controller_dag.py
[2021-01-13 17:27:55,787] {scheduler_job.py:639} INFO - DAG(s) dict_keys(['example_trigger_controller_dag']) retrieved from /Users/chowli/.local/share/virtualenvs/marketvol-WbDfdy4N/lib/python3.7/site-packages/airflow/example_dags/example_trigger_controller_dag.py
[2021-01-13 17:27:55,789] {logging_mixin.py:103} INFO - [2021-01-13 17:27:55,789] {dag.py:1813} INFO - Sync 1 DAGs
[2021-01-13 17:27:55,814] {logging_mixin.py:103} INFO - [2021-01-13 17:27:55,813] {dag.py:2266} INFO - Setting next_dagrun for example_trigger_controller_dag to 2021-01-12 00:00:00+00:00
[2021-01-13 17:27:55,832] {scheduler_job.py:189} INFO - Processing /Users/chowli/.local/share/virtualenvs/marketvol-WbDfdy4N/lib/python3.7/site-packages/airflow/example_dags/example_trigger_controller_dag.py took 0.069 seconds
[2021-01-13 17:29:05,925] {scheduler_job.py:181} INFO - Started process (PID=6438) to work on /Users/chowli/.local/share/virtualenvs/marketvol-WbDfdy4N/lib/python3.7/site-packages/airflow/example_dags/example_trigger_controller_dag.py
[2021-01-13 17:29:05,928] {scheduler_job.py:629} INFO - Processing file /Users/chowli/.local/share/virtualenvs/marketvol-WbDfdy4N/lib/python3.7/site-packages/airflow/example_dags/example_trigger_controller_dag.py for tasks to queue
[2021-01-13 17:29:05,929] {logging_mixin.py:103} INFO - [2021-01-13 17:29:05,929] {dagbag.py:440} INFO - Filling up the DagBag from /Users/chowli/.local/share/virtualenvs/marketvol-WbDfdy4N/lib/python3.7/site-packages/airflow/example_dags/example_trigger_controller_dag.py
[2021-01-13 17:29:05,942] {scheduler_job.py:639} INFO - DAG(s) dict_keys(['example_trigger_controller_dag']) retrieved from /Users/chowli/.local/share/virtualenvs/marketvol-WbDfdy4N/lib/python3.7/site-packages/airflow/example_dags/example_trigger_controller_dag.py
[2021-01-13 17:29:05,944] {logging_mixin.py:103} INFO - [2021-01-13 17:29:05,944] {dag.py:1813} INFO - Sync 1 DAGs
[2021-01-13 17:29:05,968] {logging_mixin.py:103} INFO - [2021-01-13 17:29:05,967] {dag.py:2266} INFO - Setting next_dagrun for example_trigger_controller_dag to 2021-01-12 00:00:00+00:00
[2021-01-13 17:29:05,991] {scheduler_job.py:189} INFO - Processing /Users/chowli/.local/share/virtualenvs/marketvol-WbDfdy4N/lib/python3.7/site-packages/airflow/example_dags/example_trigger_controller_dag.py took 0.071 seconds
