[2021-01-13 17:23:19,053] {scheduler_job.py:181} INFO - Started process (PID=5878) to work on /Users/chowli/.local/share/virtualenvs/marketvol-WbDfdy4N/lib/python3.7/site-packages/airflow/example_dags/example_task_group.py
[2021-01-13 17:23:19,054] {scheduler_job.py:629} INFO - Processing file /Users/chowli/.local/share/virtualenvs/marketvol-WbDfdy4N/lib/python3.7/site-packages/airflow/example_dags/example_task_group.py for tasks to queue
[2021-01-13 17:23:19,056] {logging_mixin.py:103} INFO - [2021-01-13 17:23:19,055] {dagbag.py:440} INFO - Filling up the DagBag from /Users/chowli/.local/share/virtualenvs/marketvol-WbDfdy4N/lib/python3.7/site-packages/airflow/example_dags/example_task_group.py
[2021-01-13 17:23:19,069] {scheduler_job.py:639} INFO - DAG(s) dict_keys(['example_task_group']) retrieved from /Users/chowli/.local/share/virtualenvs/marketvol-WbDfdy4N/lib/python3.7/site-packages/airflow/example_dags/example_task_group.py
[2021-01-13 17:23:19,070] {logging_mixin.py:103} INFO - [2021-01-13 17:23:19,070] {dag.py:1813} INFO - Sync 1 DAGs
[2021-01-13 17:23:19,089] {logging_mixin.py:103} INFO - [2021-01-13 17:23:19,088] {dag.py:2266} INFO - Setting next_dagrun for example_task_group to 2021-01-12 00:00:00+00:00
[2021-01-13 17:23:19,116] {scheduler_job.py:189} INFO - Processing /Users/chowli/.local/share/virtualenvs/marketvol-WbDfdy4N/lib/python3.7/site-packages/airflow/example_dags/example_task_group.py took 0.067 seconds
[2021-01-13 17:23:45,389] {scheduler_job.py:181} INFO - Started process (PID=5913) to work on /Users/chowli/.local/share/virtualenvs/marketvol-WbDfdy4N/lib/python3.7/site-packages/airflow/example_dags/example_task_group.py
[2021-01-13 17:23:45,391] {scheduler_job.py:629} INFO - Processing file /Users/chowli/.local/share/virtualenvs/marketvol-WbDfdy4N/lib/python3.7/site-packages/airflow/example_dags/example_task_group.py for tasks to queue
[2021-01-13 17:23:45,392] {logging_mixin.py:103} INFO - [2021-01-13 17:23:45,392] {dagbag.py:440} INFO - Filling up the DagBag from /Users/chowli/.local/share/virtualenvs/marketvol-WbDfdy4N/lib/python3.7/site-packages/airflow/example_dags/example_task_group.py
[2021-01-13 17:23:45,405] {scheduler_job.py:639} INFO - DAG(s) dict_keys(['example_task_group']) retrieved from /Users/chowli/.local/share/virtualenvs/marketvol-WbDfdy4N/lib/python3.7/site-packages/airflow/example_dags/example_task_group.py
[2021-01-13 17:23:45,407] {logging_mixin.py:103} INFO - [2021-01-13 17:23:45,407] {dag.py:1813} INFO - Sync 1 DAGs
[2021-01-13 17:23:45,425] {logging_mixin.py:103} INFO - [2021-01-13 17:23:45,424] {dag.py:2266} INFO - Setting next_dagrun for example_task_group to 2021-01-12 00:00:00+00:00
[2021-01-13 17:23:45,434] {scheduler_job.py:189} INFO - Processing /Users/chowli/.local/share/virtualenvs/marketvol-WbDfdy4N/lib/python3.7/site-packages/airflow/example_dags/example_task_group.py took 0.048 seconds
[2021-01-13 17:24:10,625] {scheduler_job.py:181} INFO - Started process (PID=6034) to work on /Users/chowli/.local/share/virtualenvs/marketvol-WbDfdy4N/lib/python3.7/site-packages/airflow/example_dags/example_task_group.py
[2021-01-13 17:24:10,626] {scheduler_job.py:629} INFO - Processing file /Users/chowli/.local/share/virtualenvs/marketvol-WbDfdy4N/lib/python3.7/site-packages/airflow/example_dags/example_task_group.py for tasks to queue
[2021-01-13 17:24:10,628] {logging_mixin.py:103} INFO - [2021-01-13 17:24:10,627] {dagbag.py:440} INFO - Filling up the DagBag from /Users/chowli/.local/share/virtualenvs/marketvol-WbDfdy4N/lib/python3.7/site-packages/airflow/example_dags/example_task_group.py
[2021-01-13 17:24:10,641] {scheduler_job.py:639} INFO - DAG(s) dict_keys(['example_task_group']) retrieved from /Users/chowli/.local/share/virtualenvs/marketvol-WbDfdy4N/lib/python3.7/site-packages/airflow/example_dags/example_task_group.py
[2021-01-13 17:24:10,643] {logging_mixin.py:103} INFO - [2021-01-13 17:24:10,643] {dag.py:1813} INFO - Sync 1 DAGs
[2021-01-13 17:24:10,661] {logging_mixin.py:103} INFO - [2021-01-13 17:24:10,661] {dag.py:2266} INFO - Setting next_dagrun for example_task_group to 2021-01-12 00:00:00+00:00
[2021-01-13 17:24:10,675] {scheduler_job.py:189} INFO - Processing /Users/chowli/.local/share/virtualenvs/marketvol-WbDfdy4N/lib/python3.7/site-packages/airflow/example_dags/example_task_group.py took 0.053 seconds
[2021-01-13 17:24:36,248] {scheduler_job.py:181} INFO - Started process (PID=6077) to work on /Users/chowli/.local/share/virtualenvs/marketvol-WbDfdy4N/lib/python3.7/site-packages/airflow/example_dags/example_task_group.py
[2021-01-13 17:24:36,250] {scheduler_job.py:629} INFO - Processing file /Users/chowli/.local/share/virtualenvs/marketvol-WbDfdy4N/lib/python3.7/site-packages/airflow/example_dags/example_task_group.py for tasks to queue
[2021-01-13 17:24:36,251] {logging_mixin.py:103} INFO - [2021-01-13 17:24:36,251] {dagbag.py:440} INFO - Filling up the DagBag from /Users/chowli/.local/share/virtualenvs/marketvol-WbDfdy4N/lib/python3.7/site-packages/airflow/example_dags/example_task_group.py
[2021-01-13 17:24:36,265] {scheduler_job.py:639} INFO - DAG(s) dict_keys(['example_task_group']) retrieved from /Users/chowli/.local/share/virtualenvs/marketvol-WbDfdy4N/lib/python3.7/site-packages/airflow/example_dags/example_task_group.py
[2021-01-13 17:24:36,267] {logging_mixin.py:103} INFO - [2021-01-13 17:24:36,266] {dag.py:1813} INFO - Sync 1 DAGs
[2021-01-13 17:24:36,285] {logging_mixin.py:103} INFO - [2021-01-13 17:24:36,285] {dag.py:2266} INFO - Setting next_dagrun for example_task_group to 2021-01-12 00:00:00+00:00
[2021-01-13 17:24:36,300] {scheduler_job.py:189} INFO - Processing /Users/chowli/.local/share/virtualenvs/marketvol-WbDfdy4N/lib/python3.7/site-packages/airflow/example_dags/example_task_group.py took 0.056 seconds
[2021-01-13 17:25:02,151] {scheduler_job.py:181} INFO - Started process (PID=6105) to work on /Users/chowli/.local/share/virtualenvs/marketvol-WbDfdy4N/lib/python3.7/site-packages/airflow/example_dags/example_task_group.py
[2021-01-13 17:25:02,153] {scheduler_job.py:629} INFO - Processing file /Users/chowli/.local/share/virtualenvs/marketvol-WbDfdy4N/lib/python3.7/site-packages/airflow/example_dags/example_task_group.py for tasks to queue
[2021-01-13 17:25:02,154] {logging_mixin.py:103} INFO - [2021-01-13 17:25:02,154] {dagbag.py:440} INFO - Filling up the DagBag from /Users/chowli/.local/share/virtualenvs/marketvol-WbDfdy4N/lib/python3.7/site-packages/airflow/example_dags/example_task_group.py
[2021-01-13 17:25:02,168] {scheduler_job.py:639} INFO - DAG(s) dict_keys(['example_task_group']) retrieved from /Users/chowli/.local/share/virtualenvs/marketvol-WbDfdy4N/lib/python3.7/site-packages/airflow/example_dags/example_task_group.py
[2021-01-13 17:25:02,170] {logging_mixin.py:103} INFO - [2021-01-13 17:25:02,170] {dag.py:1813} INFO - Sync 1 DAGs
[2021-01-13 17:25:02,189] {logging_mixin.py:103} INFO - [2021-01-13 17:25:02,188] {dag.py:2266} INFO - Setting next_dagrun for example_task_group to 2021-01-12 00:00:00+00:00
[2021-01-13 17:25:02,203] {scheduler_job.py:189} INFO - Processing /Users/chowli/.local/share/virtualenvs/marketvol-WbDfdy4N/lib/python3.7/site-packages/airflow/example_dags/example_task_group.py took 0.056 seconds
[2021-01-13 17:25:27,387] {scheduler_job.py:181} INFO - Started process (PID=6133) to work on /Users/chowli/.local/share/virtualenvs/marketvol-WbDfdy4N/lib/python3.7/site-packages/airflow/example_dags/example_task_group.py
[2021-01-13 17:25:27,389] {scheduler_job.py:629} INFO - Processing file /Users/chowli/.local/share/virtualenvs/marketvol-WbDfdy4N/lib/python3.7/site-packages/airflow/example_dags/example_task_group.py for tasks to queue
[2021-01-13 17:25:27,390] {logging_mixin.py:103} INFO - [2021-01-13 17:25:27,390] {dagbag.py:440} INFO - Filling up the DagBag from /Users/chowli/.local/share/virtualenvs/marketvol-WbDfdy4N/lib/python3.7/site-packages/airflow/example_dags/example_task_group.py
[2021-01-13 17:25:27,401] {scheduler_job.py:639} INFO - DAG(s) dict_keys(['example_task_group']) retrieved from /Users/chowli/.local/share/virtualenvs/marketvol-WbDfdy4N/lib/python3.7/site-packages/airflow/example_dags/example_task_group.py
[2021-01-13 17:25:27,403] {logging_mixin.py:103} INFO - [2021-01-13 17:25:27,403] {dag.py:1813} INFO - Sync 1 DAGs
[2021-01-13 17:25:27,418] {logging_mixin.py:103} INFO - [2021-01-13 17:25:27,418] {dag.py:2266} INFO - Setting next_dagrun for example_task_group to 2021-01-12 00:00:00+00:00
[2021-01-13 17:25:27,431] {scheduler_job.py:189} INFO - Processing /Users/chowli/.local/share/virtualenvs/marketvol-WbDfdy4N/lib/python3.7/site-packages/airflow/example_dags/example_task_group.py took 0.048 seconds
[2021-01-13 17:25:54,595] {scheduler_job.py:181} INFO - Started process (PID=6161) to work on /Users/chowli/.local/share/virtualenvs/marketvol-WbDfdy4N/lib/python3.7/site-packages/airflow/example_dags/example_task_group.py
[2021-01-13 17:25:54,597] {scheduler_job.py:629} INFO - Processing file /Users/chowli/.local/share/virtualenvs/marketvol-WbDfdy4N/lib/python3.7/site-packages/airflow/example_dags/example_task_group.py for tasks to queue
[2021-01-13 17:25:54,598] {logging_mixin.py:103} INFO - [2021-01-13 17:25:54,598] {dagbag.py:440} INFO - Filling up the DagBag from /Users/chowli/.local/share/virtualenvs/marketvol-WbDfdy4N/lib/python3.7/site-packages/airflow/example_dags/example_task_group.py
[2021-01-13 17:25:54,613] {scheduler_job.py:639} INFO - DAG(s) dict_keys(['example_task_group']) retrieved from /Users/chowli/.local/share/virtualenvs/marketvol-WbDfdy4N/lib/python3.7/site-packages/airflow/example_dags/example_task_group.py
[2021-01-13 17:25:54,614] {logging_mixin.py:103} INFO - [2021-01-13 17:25:54,614] {dag.py:1813} INFO - Sync 1 DAGs
[2021-01-13 17:25:54,634] {logging_mixin.py:103} INFO - [2021-01-13 17:25:54,634] {dag.py:2266} INFO - Setting next_dagrun for example_task_group to 2021-01-12 00:00:00+00:00
[2021-01-13 17:25:54,650] {scheduler_job.py:189} INFO - Processing /Users/chowli/.local/share/virtualenvs/marketvol-WbDfdy4N/lib/python3.7/site-packages/airflow/example_dags/example_task_group.py took 0.059 seconds
[2021-01-13 17:26:20,874] {scheduler_job.py:181} INFO - Started process (PID=6201) to work on /Users/chowli/.local/share/virtualenvs/marketvol-WbDfdy4N/lib/python3.7/site-packages/airflow/example_dags/example_task_group.py
[2021-01-13 17:26:20,876] {scheduler_job.py:629} INFO - Processing file /Users/chowli/.local/share/virtualenvs/marketvol-WbDfdy4N/lib/python3.7/site-packages/airflow/example_dags/example_task_group.py for tasks to queue
[2021-01-13 17:26:20,877] {logging_mixin.py:103} INFO - [2021-01-13 17:26:20,877] {dagbag.py:440} INFO - Filling up the DagBag from /Users/chowli/.local/share/virtualenvs/marketvol-WbDfdy4N/lib/python3.7/site-packages/airflow/example_dags/example_task_group.py
[2021-01-13 17:26:20,891] {scheduler_job.py:639} INFO - DAG(s) dict_keys(['example_task_group']) retrieved from /Users/chowli/.local/share/virtualenvs/marketvol-WbDfdy4N/lib/python3.7/site-packages/airflow/example_dags/example_task_group.py
[2021-01-13 17:26:20,893] {logging_mixin.py:103} INFO - [2021-01-13 17:26:20,892] {dag.py:1813} INFO - Sync 1 DAGs
[2021-01-13 17:26:20,911] {logging_mixin.py:103} INFO - [2021-01-13 17:26:20,911] {dag.py:2266} INFO - Setting next_dagrun for example_task_group to 2021-01-12 00:00:00+00:00
[2021-01-13 17:26:20,926] {scheduler_job.py:189} INFO - Processing /Users/chowli/.local/share/virtualenvs/marketvol-WbDfdy4N/lib/python3.7/site-packages/airflow/example_dags/example_task_group.py took 0.056 seconds
[2021-01-13 17:26:46,103] {scheduler_job.py:181} INFO - Started process (PID=6248) to work on /Users/chowli/.local/share/virtualenvs/marketvol-WbDfdy4N/lib/python3.7/site-packages/airflow/example_dags/example_task_group.py
[2021-01-13 17:26:46,106] {scheduler_job.py:629} INFO - Processing file /Users/chowli/.local/share/virtualenvs/marketvol-WbDfdy4N/lib/python3.7/site-packages/airflow/example_dags/example_task_group.py for tasks to queue
[2021-01-13 17:26:46,107] {logging_mixin.py:103} INFO - [2021-01-13 17:26:46,106] {dagbag.py:440} INFO - Filling up the DagBag from /Users/chowli/.local/share/virtualenvs/marketvol-WbDfdy4N/lib/python3.7/site-packages/airflow/example_dags/example_task_group.py
[2021-01-13 17:26:46,120] {scheduler_job.py:639} INFO - DAG(s) dict_keys(['example_task_group']) retrieved from /Users/chowli/.local/share/virtualenvs/marketvol-WbDfdy4N/lib/python3.7/site-packages/airflow/example_dags/example_task_group.py
[2021-01-13 17:26:46,122] {logging_mixin.py:103} INFO - [2021-01-13 17:26:46,122] {dag.py:1813} INFO - Sync 1 DAGs
[2021-01-13 17:26:46,146] {logging_mixin.py:103} INFO - [2021-01-13 17:26:46,146] {dag.py:2266} INFO - Setting next_dagrun for example_task_group to 2021-01-12 00:00:00+00:00
[2021-01-13 17:26:46,163] {scheduler_job.py:189} INFO - Processing /Users/chowli/.local/share/virtualenvs/marketvol-WbDfdy4N/lib/python3.7/site-packages/airflow/example_dags/example_task_group.py took 0.065 seconds
[2021-01-13 17:27:10,317] {scheduler_job.py:181} INFO - Started process (PID=6277) to work on /Users/chowli/.local/share/virtualenvs/marketvol-WbDfdy4N/lib/python3.7/site-packages/airflow/example_dags/example_task_group.py
[2021-01-13 17:27:10,319] {scheduler_job.py:629} INFO - Processing file /Users/chowli/.local/share/virtualenvs/marketvol-WbDfdy4N/lib/python3.7/site-packages/airflow/example_dags/example_task_group.py for tasks to queue
[2021-01-13 17:27:10,320] {logging_mixin.py:103} INFO - [2021-01-13 17:27:10,320] {dagbag.py:440} INFO - Filling up the DagBag from /Users/chowli/.local/share/virtualenvs/marketvol-WbDfdy4N/lib/python3.7/site-packages/airflow/example_dags/example_task_group.py
[2021-01-13 17:27:10,333] {scheduler_job.py:639} INFO - DAG(s) dict_keys(['example_task_group']) retrieved from /Users/chowli/.local/share/virtualenvs/marketvol-WbDfdy4N/lib/python3.7/site-packages/airflow/example_dags/example_task_group.py
[2021-01-13 17:27:10,335] {logging_mixin.py:103} INFO - [2021-01-13 17:27:10,335] {dag.py:1813} INFO - Sync 1 DAGs
[2021-01-13 17:27:10,353] {logging_mixin.py:103} INFO - [2021-01-13 17:27:10,353] {dag.py:2266} INFO - Setting next_dagrun for example_task_group to 2021-01-12 00:00:00+00:00
[2021-01-13 17:27:10,368] {scheduler_job.py:189} INFO - Processing /Users/chowli/.local/share/virtualenvs/marketvol-WbDfdy4N/lib/python3.7/site-packages/airflow/example_dags/example_task_group.py took 0.055 seconds
[2021-01-13 17:27:36,599] {scheduler_job.py:181} INFO - Started process (PID=6316) to work on /Users/chowli/.local/share/virtualenvs/marketvol-WbDfdy4N/lib/python3.7/site-packages/airflow/example_dags/example_task_group.py
[2021-01-13 17:27:36,600] {scheduler_job.py:629} INFO - Processing file /Users/chowli/.local/share/virtualenvs/marketvol-WbDfdy4N/lib/python3.7/site-packages/airflow/example_dags/example_task_group.py for tasks to queue
[2021-01-13 17:27:36,602] {logging_mixin.py:103} INFO - [2021-01-13 17:27:36,601] {dagbag.py:440} INFO - Filling up the DagBag from /Users/chowli/.local/share/virtualenvs/marketvol-WbDfdy4N/lib/python3.7/site-packages/airflow/example_dags/example_task_group.py
[2021-01-13 17:27:36,615] {scheduler_job.py:639} INFO - DAG(s) dict_keys(['example_task_group']) retrieved from /Users/chowli/.local/share/virtualenvs/marketvol-WbDfdy4N/lib/python3.7/site-packages/airflow/example_dags/example_task_group.py
[2021-01-13 17:27:36,617] {logging_mixin.py:103} INFO - [2021-01-13 17:27:36,617] {dag.py:1813} INFO - Sync 1 DAGs
[2021-01-13 17:27:36,636] {logging_mixin.py:103} INFO - [2021-01-13 17:27:36,636] {dag.py:2266} INFO - Setting next_dagrun for example_task_group to 2021-01-12 00:00:00+00:00
[2021-01-13 17:27:36,651] {scheduler_job.py:189} INFO - Processing /Users/chowli/.local/share/virtualenvs/marketvol-WbDfdy4N/lib/python3.7/site-packages/airflow/example_dags/example_task_group.py took 0.056 seconds
[2021-01-13 17:28:01,849] {scheduler_job.py:181} INFO - Started process (PID=6346) to work on /Users/chowli/.local/share/virtualenvs/marketvol-WbDfdy4N/lib/python3.7/site-packages/airflow/example_dags/example_task_group.py
[2021-01-13 17:28:01,850] {scheduler_job.py:629} INFO - Processing file /Users/chowli/.local/share/virtualenvs/marketvol-WbDfdy4N/lib/python3.7/site-packages/airflow/example_dags/example_task_group.py for tasks to queue
[2021-01-13 17:28:01,852] {logging_mixin.py:103} INFO - [2021-01-13 17:28:01,851] {dagbag.py:440} INFO - Filling up the DagBag from /Users/chowli/.local/share/virtualenvs/marketvol-WbDfdy4N/lib/python3.7/site-packages/airflow/example_dags/example_task_group.py
[2021-01-13 17:28:01,866] {scheduler_job.py:639} INFO - DAG(s) dict_keys(['example_task_group']) retrieved from /Users/chowli/.local/share/virtualenvs/marketvol-WbDfdy4N/lib/python3.7/site-packages/airflow/example_dags/example_task_group.py
[2021-01-13 17:28:01,867] {logging_mixin.py:103} INFO - [2021-01-13 17:28:01,867] {dag.py:1813} INFO - Sync 1 DAGs
[2021-01-13 17:28:01,885] {logging_mixin.py:103} INFO - [2021-01-13 17:28:01,885] {dag.py:2266} INFO - Setting next_dagrun for example_task_group to 2021-01-12 00:00:00+00:00
[2021-01-13 17:28:01,901] {scheduler_job.py:189} INFO - Processing /Users/chowli/.local/share/virtualenvs/marketvol-WbDfdy4N/lib/python3.7/site-packages/airflow/example_dags/example_task_group.py took 0.057 seconds
[2021-01-13 17:28:37,101] {scheduler_job.py:181} INFO - Started process (PID=6389) to work on /Users/chowli/.local/share/virtualenvs/marketvol-WbDfdy4N/lib/python3.7/site-packages/airflow/example_dags/example_task_group.py
[2021-01-13 17:28:37,102] {scheduler_job.py:629} INFO - Processing file /Users/chowli/.local/share/virtualenvs/marketvol-WbDfdy4N/lib/python3.7/site-packages/airflow/example_dags/example_task_group.py for tasks to queue
[2021-01-13 17:28:37,103] {logging_mixin.py:103} INFO - [2021-01-13 17:28:37,103] {dagbag.py:440} INFO - Filling up the DagBag from /Users/chowli/.local/share/virtualenvs/marketvol-WbDfdy4N/lib/python3.7/site-packages/airflow/example_dags/example_task_group.py
[2021-01-13 17:28:37,115] {scheduler_job.py:639} INFO - DAG(s) dict_keys(['example_task_group']) retrieved from /Users/chowli/.local/share/virtualenvs/marketvol-WbDfdy4N/lib/python3.7/site-packages/airflow/example_dags/example_task_group.py
[2021-01-13 17:28:37,116] {logging_mixin.py:103} INFO - [2021-01-13 17:28:37,116] {dag.py:1813} INFO - Sync 1 DAGs
[2021-01-13 17:28:37,131] {logging_mixin.py:103} INFO - [2021-01-13 17:28:37,131] {dag.py:2266} INFO - Setting next_dagrun for example_task_group to 2021-01-12 00:00:00+00:00
[2021-01-13 17:28:37,156] {scheduler_job.py:189} INFO - Processing /Users/chowli/.local/share/virtualenvs/marketvol-WbDfdy4N/lib/python3.7/site-packages/airflow/example_dags/example_task_group.py took 0.058 seconds
[2021-01-13 17:29:10,761] {scheduler_job.py:181} INFO - Started process (PID=6443) to work on /Users/chowli/.local/share/virtualenvs/marketvol-WbDfdy4N/lib/python3.7/site-packages/airflow/example_dags/example_task_group.py
[2021-01-13 17:29:10,762] {scheduler_job.py:629} INFO - Processing file /Users/chowli/.local/share/virtualenvs/marketvol-WbDfdy4N/lib/python3.7/site-packages/airflow/example_dags/example_task_group.py for tasks to queue
[2021-01-13 17:29:10,764] {logging_mixin.py:103} INFO - [2021-01-13 17:29:10,763] {dagbag.py:440} INFO - Filling up the DagBag from /Users/chowli/.local/share/virtualenvs/marketvol-WbDfdy4N/lib/python3.7/site-packages/airflow/example_dags/example_task_group.py
[2021-01-13 17:29:10,777] {scheduler_job.py:639} INFO - DAG(s) dict_keys(['example_task_group']) retrieved from /Users/chowli/.local/share/virtualenvs/marketvol-WbDfdy4N/lib/python3.7/site-packages/airflow/example_dags/example_task_group.py
[2021-01-13 17:29:10,779] {logging_mixin.py:103} INFO - [2021-01-13 17:29:10,779] {dag.py:1813} INFO - Sync 1 DAGs
[2021-01-13 17:29:10,800] {logging_mixin.py:103} INFO - [2021-01-13 17:29:10,799] {dag.py:2266} INFO - Setting next_dagrun for example_task_group to 2021-01-12 00:00:00+00:00
[2021-01-13 17:29:10,819] {scheduler_job.py:189} INFO - Processing /Users/chowli/.local/share/virtualenvs/marketvol-WbDfdy4N/lib/python3.7/site-packages/airflow/example_dags/example_task_group.py took 0.063 seconds
