[2021-01-13 17:23:20,083] {scheduler_job.py:181} INFO - Started process (PID=5879) to work on /Users/chowli/.local/share/virtualenvs/marketvol-WbDfdy4N/lib/python3.7/site-packages/airflow/example_dags/example_bash_operator.py
[2021-01-13 17:23:20,084] {scheduler_job.py:629} INFO - Processing file /Users/chowli/.local/share/virtualenvs/marketvol-WbDfdy4N/lib/python3.7/site-packages/airflow/example_dags/example_bash_operator.py for tasks to queue
[2021-01-13 17:23:20,086] {logging_mixin.py:103} INFO - [2021-01-13 17:23:20,085] {dagbag.py:440} INFO - Filling up the DagBag from /Users/chowli/.local/share/virtualenvs/marketvol-WbDfdy4N/lib/python3.7/site-packages/airflow/example_dags/example_bash_operator.py
[2021-01-13 17:23:20,100] {scheduler_job.py:639} INFO - DAG(s) dict_keys(['example_bash_operator']) retrieved from /Users/chowli/.local/share/virtualenvs/marketvol-WbDfdy4N/lib/python3.7/site-packages/airflow/example_dags/example_bash_operator.py
[2021-01-13 17:23:20,102] {logging_mixin.py:103} INFO - [2021-01-13 17:23:20,101] {dag.py:1813} INFO - Sync 1 DAGs
[2021-01-13 17:23:20,128] {logging_mixin.py:103} INFO - [2021-01-13 17:23:20,128] {dag.py:2266} INFO - Setting next_dagrun for example_bash_operator to 2021-01-12 00:00:00+00:00
[2021-01-13 17:23:20,141] {scheduler_job.py:189} INFO - Processing /Users/chowli/.local/share/virtualenvs/marketvol-WbDfdy4N/lib/python3.7/site-packages/airflow/example_dags/example_bash_operator.py took 0.063 seconds
[2021-01-13 17:23:46,423] {scheduler_job.py:181} INFO - Started process (PID=5914) to work on /Users/chowli/.local/share/virtualenvs/marketvol-WbDfdy4N/lib/python3.7/site-packages/airflow/example_dags/example_bash_operator.py
[2021-01-13 17:23:46,425] {scheduler_job.py:629} INFO - Processing file /Users/chowli/.local/share/virtualenvs/marketvol-WbDfdy4N/lib/python3.7/site-packages/airflow/example_dags/example_bash_operator.py for tasks to queue
[2021-01-13 17:23:46,426] {logging_mixin.py:103} INFO - [2021-01-13 17:23:46,426] {dagbag.py:440} INFO - Filling up the DagBag from /Users/chowli/.local/share/virtualenvs/marketvol-WbDfdy4N/lib/python3.7/site-packages/airflow/example_dags/example_bash_operator.py
[2021-01-13 17:23:46,440] {scheduler_job.py:639} INFO - DAG(s) dict_keys(['example_bash_operator']) retrieved from /Users/chowli/.local/share/virtualenvs/marketvol-WbDfdy4N/lib/python3.7/site-packages/airflow/example_dags/example_bash_operator.py
[2021-01-13 17:23:46,442] {logging_mixin.py:103} INFO - [2021-01-13 17:23:46,442] {dag.py:1813} INFO - Sync 1 DAGs
[2021-01-13 17:23:46,469] {logging_mixin.py:103} INFO - [2021-01-13 17:23:46,469] {dag.py:2266} INFO - Setting next_dagrun for example_bash_operator to 2021-01-12 00:00:00+00:00
[2021-01-13 17:23:46,484] {scheduler_job.py:189} INFO - Processing /Users/chowli/.local/share/virtualenvs/marketvol-WbDfdy4N/lib/python3.7/site-packages/airflow/example_dags/example_bash_operator.py took 0.064 seconds
[2021-01-13 17:24:11,658] {scheduler_job.py:181} INFO - Started process (PID=6035) to work on /Users/chowli/.local/share/virtualenvs/marketvol-WbDfdy4N/lib/python3.7/site-packages/airflow/example_dags/example_bash_operator.py
[2021-01-13 17:24:11,660] {scheduler_job.py:629} INFO - Processing file /Users/chowli/.local/share/virtualenvs/marketvol-WbDfdy4N/lib/python3.7/site-packages/airflow/example_dags/example_bash_operator.py for tasks to queue
[2021-01-13 17:24:11,661] {logging_mixin.py:103} INFO - [2021-01-13 17:24:11,661] {dagbag.py:440} INFO - Filling up the DagBag from /Users/chowli/.local/share/virtualenvs/marketvol-WbDfdy4N/lib/python3.7/site-packages/airflow/example_dags/example_bash_operator.py
[2021-01-13 17:24:11,677] {scheduler_job.py:639} INFO - DAG(s) dict_keys(['example_bash_operator']) retrieved from /Users/chowli/.local/share/virtualenvs/marketvol-WbDfdy4N/lib/python3.7/site-packages/airflow/example_dags/example_bash_operator.py
[2021-01-13 17:24:11,679] {logging_mixin.py:103} INFO - [2021-01-13 17:24:11,679] {dag.py:1813} INFO - Sync 1 DAGs
[2021-01-13 17:24:11,708] {logging_mixin.py:103} INFO - [2021-01-13 17:24:11,708] {dag.py:2266} INFO - Setting next_dagrun for example_bash_operator to 2021-01-12 00:00:00+00:00
[2021-01-13 17:24:11,725] {scheduler_job.py:189} INFO - Processing /Users/chowli/.local/share/virtualenvs/marketvol-WbDfdy4N/lib/python3.7/site-packages/airflow/example_dags/example_bash_operator.py took 0.071 seconds
[2021-01-13 17:24:37,288] {scheduler_job.py:181} INFO - Started process (PID=6078) to work on /Users/chowli/.local/share/virtualenvs/marketvol-WbDfdy4N/lib/python3.7/site-packages/airflow/example_dags/example_bash_operator.py
[2021-01-13 17:24:37,290] {scheduler_job.py:629} INFO - Processing file /Users/chowli/.local/share/virtualenvs/marketvol-WbDfdy4N/lib/python3.7/site-packages/airflow/example_dags/example_bash_operator.py for tasks to queue
[2021-01-13 17:24:37,291] {logging_mixin.py:103} INFO - [2021-01-13 17:24:37,291] {dagbag.py:440} INFO - Filling up the DagBag from /Users/chowli/.local/share/virtualenvs/marketvol-WbDfdy4N/lib/python3.7/site-packages/airflow/example_dags/example_bash_operator.py
[2021-01-13 17:24:37,306] {scheduler_job.py:639} INFO - DAG(s) dict_keys(['example_bash_operator']) retrieved from /Users/chowli/.local/share/virtualenvs/marketvol-WbDfdy4N/lib/python3.7/site-packages/airflow/example_dags/example_bash_operator.py
[2021-01-13 17:24:37,308] {logging_mixin.py:103} INFO - [2021-01-13 17:24:37,308] {dag.py:1813} INFO - Sync 1 DAGs
[2021-01-13 17:24:37,334] {logging_mixin.py:103} INFO - [2021-01-13 17:24:37,334] {dag.py:2266} INFO - Setting next_dagrun for example_bash_operator to 2021-01-12 00:00:00+00:00
[2021-01-13 17:24:37,348] {scheduler_job.py:189} INFO - Processing /Users/chowli/.local/share/virtualenvs/marketvol-WbDfdy4N/lib/python3.7/site-packages/airflow/example_dags/example_bash_operator.py took 0.063 seconds
[2021-01-13 17:25:03,056] {scheduler_job.py:181} INFO - Started process (PID=6106) to work on /Users/chowli/.local/share/virtualenvs/marketvol-WbDfdy4N/lib/python3.7/site-packages/airflow/example_dags/example_bash_operator.py
[2021-01-13 17:25:03,058] {scheduler_job.py:629} INFO - Processing file /Users/chowli/.local/share/virtualenvs/marketvol-WbDfdy4N/lib/python3.7/site-packages/airflow/example_dags/example_bash_operator.py for tasks to queue
[2021-01-13 17:25:03,060] {logging_mixin.py:103} INFO - [2021-01-13 17:25:03,059] {dagbag.py:440} INFO - Filling up the DagBag from /Users/chowli/.local/share/virtualenvs/marketvol-WbDfdy4N/lib/python3.7/site-packages/airflow/example_dags/example_bash_operator.py
[2021-01-13 17:25:03,075] {scheduler_job.py:639} INFO - DAG(s) dict_keys(['example_bash_operator']) retrieved from /Users/chowli/.local/share/virtualenvs/marketvol-WbDfdy4N/lib/python3.7/site-packages/airflow/example_dags/example_bash_operator.py
[2021-01-13 17:25:03,076] {logging_mixin.py:103} INFO - [2021-01-13 17:25:03,076] {dag.py:1813} INFO - Sync 1 DAGs
[2021-01-13 17:25:03,105] {logging_mixin.py:103} INFO - [2021-01-13 17:25:03,104] {dag.py:2266} INFO - Setting next_dagrun for example_bash_operator to 2021-01-12 00:00:00+00:00
[2021-01-13 17:25:03,121] {scheduler_job.py:189} INFO - Processing /Users/chowli/.local/share/virtualenvs/marketvol-WbDfdy4N/lib/python3.7/site-packages/airflow/example_dags/example_bash_operator.py took 0.068 seconds
[2021-01-13 17:25:28,287] {scheduler_job.py:181} INFO - Started process (PID=6134) to work on /Users/chowli/.local/share/virtualenvs/marketvol-WbDfdy4N/lib/python3.7/site-packages/airflow/example_dags/example_bash_operator.py
[2021-01-13 17:25:28,289] {scheduler_job.py:629} INFO - Processing file /Users/chowli/.local/share/virtualenvs/marketvol-WbDfdy4N/lib/python3.7/site-packages/airflow/example_dags/example_bash_operator.py for tasks to queue
[2021-01-13 17:25:28,291] {logging_mixin.py:103} INFO - [2021-01-13 17:25:28,290] {dagbag.py:440} INFO - Filling up the DagBag from /Users/chowli/.local/share/virtualenvs/marketvol-WbDfdy4N/lib/python3.7/site-packages/airflow/example_dags/example_bash_operator.py
[2021-01-13 17:25:28,302] {scheduler_job.py:639} INFO - DAG(s) dict_keys(['example_bash_operator']) retrieved from /Users/chowli/.local/share/virtualenvs/marketvol-WbDfdy4N/lib/python3.7/site-packages/airflow/example_dags/example_bash_operator.py
[2021-01-13 17:25:28,304] {logging_mixin.py:103} INFO - [2021-01-13 17:25:28,303] {dag.py:1813} INFO - Sync 1 DAGs
[2021-01-13 17:25:28,326] {logging_mixin.py:103} INFO - [2021-01-13 17:25:28,325] {dag.py:2266} INFO - Setting next_dagrun for example_bash_operator to 2021-01-12 00:00:00+00:00
[2021-01-13 17:25:28,338] {scheduler_job.py:189} INFO - Processing /Users/chowli/.local/share/virtualenvs/marketvol-WbDfdy4N/lib/python3.7/site-packages/airflow/example_dags/example_bash_operator.py took 0.054 seconds
[2021-01-13 17:25:55,628] {scheduler_job.py:181} INFO - Started process (PID=6164) to work on /Users/chowli/.local/share/virtualenvs/marketvol-WbDfdy4N/lib/python3.7/site-packages/airflow/example_dags/example_bash_operator.py
[2021-01-13 17:25:55,629] {scheduler_job.py:629} INFO - Processing file /Users/chowli/.local/share/virtualenvs/marketvol-WbDfdy4N/lib/python3.7/site-packages/airflow/example_dags/example_bash_operator.py for tasks to queue
[2021-01-13 17:25:55,631] {logging_mixin.py:103} INFO - [2021-01-13 17:25:55,630] {dagbag.py:440} INFO - Filling up the DagBag from /Users/chowli/.local/share/virtualenvs/marketvol-WbDfdy4N/lib/python3.7/site-packages/airflow/example_dags/example_bash_operator.py
[2021-01-13 17:25:55,646] {scheduler_job.py:639} INFO - DAG(s) dict_keys(['example_bash_operator']) retrieved from /Users/chowli/.local/share/virtualenvs/marketvol-WbDfdy4N/lib/python3.7/site-packages/airflow/example_dags/example_bash_operator.py
[2021-01-13 17:25:55,648] {logging_mixin.py:103} INFO - [2021-01-13 17:25:55,648] {dag.py:1813} INFO - Sync 1 DAGs
[2021-01-13 17:25:55,674] {logging_mixin.py:103} INFO - [2021-01-13 17:25:55,674] {dag.py:2266} INFO - Setting next_dagrun for example_bash_operator to 2021-01-12 00:00:00+00:00
[2021-01-13 17:25:55,691] {scheduler_job.py:189} INFO - Processing /Users/chowli/.local/share/virtualenvs/marketvol-WbDfdy4N/lib/python3.7/site-packages/airflow/example_dags/example_bash_operator.py took 0.068 seconds
[2021-01-13 17:26:21,560] {scheduler_job.py:181} INFO - Started process (PID=6202) to work on /Users/chowli/.local/share/virtualenvs/marketvol-WbDfdy4N/lib/python3.7/site-packages/airflow/example_dags/example_bash_operator.py
[2021-01-13 17:26:21,562] {scheduler_job.py:629} INFO - Processing file /Users/chowli/.local/share/virtualenvs/marketvol-WbDfdy4N/lib/python3.7/site-packages/airflow/example_dags/example_bash_operator.py for tasks to queue
[2021-01-13 17:26:21,563] {logging_mixin.py:103} INFO - [2021-01-13 17:26:21,563] {dagbag.py:440} INFO - Filling up the DagBag from /Users/chowli/.local/share/virtualenvs/marketvol-WbDfdy4N/lib/python3.7/site-packages/airflow/example_dags/example_bash_operator.py
[2021-01-13 17:26:21,580] {scheduler_job.py:639} INFO - DAG(s) dict_keys(['example_bash_operator']) retrieved from /Users/chowli/.local/share/virtualenvs/marketvol-WbDfdy4N/lib/python3.7/site-packages/airflow/example_dags/example_bash_operator.py
[2021-01-13 17:26:21,583] {logging_mixin.py:103} INFO - [2021-01-13 17:26:21,582] {dag.py:1813} INFO - Sync 1 DAGs
[2021-01-13 17:26:21,614] {logging_mixin.py:103} INFO - [2021-01-13 17:26:21,613] {dag.py:2266} INFO - Setting next_dagrun for example_bash_operator to 2021-01-12 00:00:00+00:00
[2021-01-13 17:26:21,632] {scheduler_job.py:189} INFO - Processing /Users/chowli/.local/share/virtualenvs/marketvol-WbDfdy4N/lib/python3.7/site-packages/airflow/example_dags/example_bash_operator.py took 0.077 seconds
[2021-01-13 17:26:47,135] {scheduler_job.py:181} INFO - Started process (PID=6249) to work on /Users/chowli/.local/share/virtualenvs/marketvol-WbDfdy4N/lib/python3.7/site-packages/airflow/example_dags/example_bash_operator.py
[2021-01-13 17:26:47,136] {scheduler_job.py:629} INFO - Processing file /Users/chowli/.local/share/virtualenvs/marketvol-WbDfdy4N/lib/python3.7/site-packages/airflow/example_dags/example_bash_operator.py for tasks to queue
[2021-01-13 17:26:47,138] {logging_mixin.py:103} INFO - [2021-01-13 17:26:47,138] {dagbag.py:440} INFO - Filling up the DagBag from /Users/chowli/.local/share/virtualenvs/marketvol-WbDfdy4N/lib/python3.7/site-packages/airflow/example_dags/example_bash_operator.py
[2021-01-13 17:26:47,152] {scheduler_job.py:639} INFO - DAG(s) dict_keys(['example_bash_operator']) retrieved from /Users/chowli/.local/share/virtualenvs/marketvol-WbDfdy4N/lib/python3.7/site-packages/airflow/example_dags/example_bash_operator.py
[2021-01-13 17:26:47,153] {logging_mixin.py:103} INFO - [2021-01-13 17:26:47,153] {dag.py:1813} INFO - Sync 1 DAGs
[2021-01-13 17:26:47,178] {logging_mixin.py:103} INFO - [2021-01-13 17:26:47,177] {dag.py:2266} INFO - Setting next_dagrun for example_bash_operator to 2021-01-12 00:00:00+00:00
[2021-01-13 17:26:47,193] {scheduler_job.py:189} INFO - Processing /Users/chowli/.local/share/virtualenvs/marketvol-WbDfdy4N/lib/python3.7/site-packages/airflow/example_dags/example_bash_operator.py took 0.063 seconds
[2021-01-13 17:27:11,349] {scheduler_job.py:181} INFO - Started process (PID=6278) to work on /Users/chowli/.local/share/virtualenvs/marketvol-WbDfdy4N/lib/python3.7/site-packages/airflow/example_dags/example_bash_operator.py
[2021-01-13 17:27:11,351] {scheduler_job.py:629} INFO - Processing file /Users/chowli/.local/share/virtualenvs/marketvol-WbDfdy4N/lib/python3.7/site-packages/airflow/example_dags/example_bash_operator.py for tasks to queue
[2021-01-13 17:27:11,352] {logging_mixin.py:103} INFO - [2021-01-13 17:27:11,352] {dagbag.py:440} INFO - Filling up the DagBag from /Users/chowli/.local/share/virtualenvs/marketvol-WbDfdy4N/lib/python3.7/site-packages/airflow/example_dags/example_bash_operator.py
[2021-01-13 17:27:11,367] {scheduler_job.py:639} INFO - DAG(s) dict_keys(['example_bash_operator']) retrieved from /Users/chowli/.local/share/virtualenvs/marketvol-WbDfdy4N/lib/python3.7/site-packages/airflow/example_dags/example_bash_operator.py
[2021-01-13 17:27:11,369] {logging_mixin.py:103} INFO - [2021-01-13 17:27:11,369] {dag.py:1813} INFO - Sync 1 DAGs
[2021-01-13 17:27:11,395] {logging_mixin.py:103} INFO - [2021-01-13 17:27:11,395] {dag.py:2266} INFO - Setting next_dagrun for example_bash_operator to 2021-01-12 00:00:00+00:00
[2021-01-13 17:27:11,409] {scheduler_job.py:189} INFO - Processing /Users/chowli/.local/share/virtualenvs/marketvol-WbDfdy4N/lib/python3.7/site-packages/airflow/example_dags/example_bash_operator.py took 0.064 seconds
[2021-01-13 17:27:36,761] {scheduler_job.py:181} INFO - Started process (PID=6317) to work on /Users/chowli/.local/share/virtualenvs/marketvol-WbDfdy4N/lib/python3.7/site-packages/airflow/example_dags/example_bash_operator.py
[2021-01-13 17:27:36,763] {scheduler_job.py:629} INFO - Processing file /Users/chowli/.local/share/virtualenvs/marketvol-WbDfdy4N/lib/python3.7/site-packages/airflow/example_dags/example_bash_operator.py for tasks to queue
[2021-01-13 17:27:36,764] {logging_mixin.py:103} INFO - [2021-01-13 17:27:36,764] {dagbag.py:440} INFO - Filling up the DagBag from /Users/chowli/.local/share/virtualenvs/marketvol-WbDfdy4N/lib/python3.7/site-packages/airflow/example_dags/example_bash_operator.py
[2021-01-13 17:27:36,778] {scheduler_job.py:639} INFO - DAG(s) dict_keys(['example_bash_operator']) retrieved from /Users/chowli/.local/share/virtualenvs/marketvol-WbDfdy4N/lib/python3.7/site-packages/airflow/example_dags/example_bash_operator.py
[2021-01-13 17:27:36,780] {logging_mixin.py:103} INFO - [2021-01-13 17:27:36,779] {dag.py:1813} INFO - Sync 1 DAGs
[2021-01-13 17:27:36,804] {logging_mixin.py:103} INFO - [2021-01-13 17:27:36,804] {dag.py:2266} INFO - Setting next_dagrun for example_bash_operator to 2021-01-12 00:00:00+00:00
[2021-01-13 17:27:36,817] {scheduler_job.py:189} INFO - Processing /Users/chowli/.local/share/virtualenvs/marketvol-WbDfdy4N/lib/python3.7/site-packages/airflow/example_dags/example_bash_operator.py took 0.060 seconds
[2021-01-13 17:28:02,882] {scheduler_job.py:181} INFO - Started process (PID=6347) to work on /Users/chowli/.local/share/virtualenvs/marketvol-WbDfdy4N/lib/python3.7/site-packages/airflow/example_dags/example_bash_operator.py
[2021-01-13 17:28:02,885] {scheduler_job.py:629} INFO - Processing file /Users/chowli/.local/share/virtualenvs/marketvol-WbDfdy4N/lib/python3.7/site-packages/airflow/example_dags/example_bash_operator.py for tasks to queue
[2021-01-13 17:28:02,886] {logging_mixin.py:103} INFO - [2021-01-13 17:28:02,886] {dagbag.py:440} INFO - Filling up the DagBag from /Users/chowli/.local/share/virtualenvs/marketvol-WbDfdy4N/lib/python3.7/site-packages/airflow/example_dags/example_bash_operator.py
[2021-01-13 17:28:02,903] {scheduler_job.py:639} INFO - DAG(s) dict_keys(['example_bash_operator']) retrieved from /Users/chowli/.local/share/virtualenvs/marketvol-WbDfdy4N/lib/python3.7/site-packages/airflow/example_dags/example_bash_operator.py
[2021-01-13 17:28:02,905] {logging_mixin.py:103} INFO - [2021-01-13 17:28:02,904] {dag.py:1813} INFO - Sync 1 DAGs
[2021-01-13 17:28:02,938] {logging_mixin.py:103} INFO - [2021-01-13 17:28:02,937] {dag.py:2266} INFO - Setting next_dagrun for example_bash_operator to 2021-01-12 00:00:00+00:00
[2021-01-13 17:28:02,957] {scheduler_job.py:189} INFO - Processing /Users/chowli/.local/share/virtualenvs/marketvol-WbDfdy4N/lib/python3.7/site-packages/airflow/example_dags/example_bash_operator.py took 0.080 seconds
[2021-01-13 17:29:04,889] {scheduler_job.py:181} INFO - Started process (PID=6437) to work on /Users/chowli/.local/share/virtualenvs/marketvol-WbDfdy4N/lib/python3.7/site-packages/airflow/example_dags/example_bash_operator.py
[2021-01-13 17:29:04,892] {scheduler_job.py:629} INFO - Processing file /Users/chowli/.local/share/virtualenvs/marketvol-WbDfdy4N/lib/python3.7/site-packages/airflow/example_dags/example_bash_operator.py for tasks to queue
[2021-01-13 17:29:04,894] {logging_mixin.py:103} INFO - [2021-01-13 17:29:04,893] {dagbag.py:440} INFO - Filling up the DagBag from /Users/chowli/.local/share/virtualenvs/marketvol-WbDfdy4N/lib/python3.7/site-packages/airflow/example_dags/example_bash_operator.py
[2021-01-13 17:29:04,911] {scheduler_job.py:639} INFO - DAG(s) dict_keys(['example_bash_operator']) retrieved from /Users/chowli/.local/share/virtualenvs/marketvol-WbDfdy4N/lib/python3.7/site-packages/airflow/example_dags/example_bash_operator.py
[2021-01-13 17:29:04,913] {logging_mixin.py:103} INFO - [2021-01-13 17:29:04,912] {dag.py:1813} INFO - Sync 1 DAGs
[2021-01-13 17:29:04,943] {logging_mixin.py:103} INFO - [2021-01-13 17:29:04,943] {dag.py:2266} INFO - Setting next_dagrun for example_bash_operator to 2021-01-12 00:00:00+00:00
[2021-01-13 17:29:04,961] {scheduler_job.py:189} INFO - Processing /Users/chowli/.local/share/virtualenvs/marketvol-WbDfdy4N/lib/python3.7/site-packages/airflow/example_dags/example_bash_operator.py took 0.076 seconds
