[2021-01-13 17:23:18,020] {scheduler_job.py:181} INFO - Started process (PID=5877) to work on /Users/chowli/.local/share/virtualenvs/marketvol-WbDfdy4N/lib/python3.7/site-packages/airflow/example_dags/example_trigger_target_dag.py
[2021-01-13 17:23:18,022] {scheduler_job.py:629} INFO - Processing file /Users/chowli/.local/share/virtualenvs/marketvol-WbDfdy4N/lib/python3.7/site-packages/airflow/example_dags/example_trigger_target_dag.py for tasks to queue
[2021-01-13 17:23:18,023] {logging_mixin.py:103} INFO - [2021-01-13 17:23:18,023] {dagbag.py:440} INFO - Filling up the DagBag from /Users/chowli/.local/share/virtualenvs/marketvol-WbDfdy4N/lib/python3.7/site-packages/airflow/example_dags/example_trigger_target_dag.py
[2021-01-13 17:23:18,037] {scheduler_job.py:639} INFO - DAG(s) dict_keys(['example_trigger_target_dag']) retrieved from /Users/chowli/.local/share/virtualenvs/marketvol-WbDfdy4N/lib/python3.7/site-packages/airflow/example_dags/example_trigger_target_dag.py
[2021-01-13 17:23:18,039] {logging_mixin.py:103} INFO - [2021-01-13 17:23:18,038] {dag.py:1813} INFO - Sync 1 DAGs
[2021-01-13 17:23:18,058] {logging_mixin.py:103} INFO - [2021-01-13 17:23:18,057] {dag.py:2266} INFO - Setting next_dagrun for example_trigger_target_dag to None
[2021-01-13 17:23:18,071] {scheduler_job.py:189} INFO - Processing /Users/chowli/.local/share/virtualenvs/marketvol-WbDfdy4N/lib/python3.7/site-packages/airflow/example_dags/example_trigger_target_dag.py took 0.054 seconds
[2021-01-13 17:23:44,358] {scheduler_job.py:181} INFO - Started process (PID=5912) to work on /Users/chowli/.local/share/virtualenvs/marketvol-WbDfdy4N/lib/python3.7/site-packages/airflow/example_dags/example_trigger_target_dag.py
[2021-01-13 17:23:44,359] {scheduler_job.py:629} INFO - Processing file /Users/chowli/.local/share/virtualenvs/marketvol-WbDfdy4N/lib/python3.7/site-packages/airflow/example_dags/example_trigger_target_dag.py for tasks to queue
[2021-01-13 17:23:44,361] {logging_mixin.py:103} INFO - [2021-01-13 17:23:44,361] {dagbag.py:440} INFO - Filling up the DagBag from /Users/chowli/.local/share/virtualenvs/marketvol-WbDfdy4N/lib/python3.7/site-packages/airflow/example_dags/example_trigger_target_dag.py
[2021-01-13 17:23:44,374] {scheduler_job.py:639} INFO - DAG(s) dict_keys(['example_trigger_target_dag']) retrieved from /Users/chowli/.local/share/virtualenvs/marketvol-WbDfdy4N/lib/python3.7/site-packages/airflow/example_dags/example_trigger_target_dag.py
[2021-01-13 17:23:44,376] {logging_mixin.py:103} INFO - [2021-01-13 17:23:44,375] {dag.py:1813} INFO - Sync 1 DAGs
[2021-01-13 17:23:44,394] {logging_mixin.py:103} INFO - [2021-01-13 17:23:44,394] {dag.py:2266} INFO - Setting next_dagrun for example_trigger_target_dag to None
[2021-01-13 17:23:44,409] {scheduler_job.py:189} INFO - Processing /Users/chowli/.local/share/virtualenvs/marketvol-WbDfdy4N/lib/python3.7/site-packages/airflow/example_dags/example_trigger_target_dag.py took 0.055 seconds
[2021-01-13 17:24:09,594] {scheduler_job.py:181} INFO - Started process (PID=6033) to work on /Users/chowli/.local/share/virtualenvs/marketvol-WbDfdy4N/lib/python3.7/site-packages/airflow/example_dags/example_trigger_target_dag.py
[2021-01-13 17:24:09,595] {scheduler_job.py:629} INFO - Processing file /Users/chowli/.local/share/virtualenvs/marketvol-WbDfdy4N/lib/python3.7/site-packages/airflow/example_dags/example_trigger_target_dag.py for tasks to queue
[2021-01-13 17:24:09,596] {logging_mixin.py:103} INFO - [2021-01-13 17:24:09,596] {dagbag.py:440} INFO - Filling up the DagBag from /Users/chowli/.local/share/virtualenvs/marketvol-WbDfdy4N/lib/python3.7/site-packages/airflow/example_dags/example_trigger_target_dag.py
[2021-01-13 17:24:09,610] {scheduler_job.py:639} INFO - DAG(s) dict_keys(['example_trigger_target_dag']) retrieved from /Users/chowli/.local/share/virtualenvs/marketvol-WbDfdy4N/lib/python3.7/site-packages/airflow/example_dags/example_trigger_target_dag.py
[2021-01-13 17:24:09,612] {logging_mixin.py:103} INFO - [2021-01-13 17:24:09,612] {dag.py:1813} INFO - Sync 1 DAGs
[2021-01-13 17:24:09,631] {logging_mixin.py:103} INFO - [2021-01-13 17:24:09,630] {dag.py:2266} INFO - Setting next_dagrun for example_trigger_target_dag to None
[2021-01-13 17:24:09,645] {scheduler_job.py:189} INFO - Processing /Users/chowli/.local/share/virtualenvs/marketvol-WbDfdy4N/lib/python3.7/site-packages/airflow/example_dags/example_trigger_target_dag.py took 0.055 seconds
[2021-01-13 17:24:35,862] {scheduler_job.py:181} INFO - Started process (PID=6076) to work on /Users/chowli/.local/share/virtualenvs/marketvol-WbDfdy4N/lib/python3.7/site-packages/airflow/example_dags/example_trigger_target_dag.py
[2021-01-13 17:24:35,864] {scheduler_job.py:629} INFO - Processing file /Users/chowli/.local/share/virtualenvs/marketvol-WbDfdy4N/lib/python3.7/site-packages/airflow/example_dags/example_trigger_target_dag.py for tasks to queue
[2021-01-13 17:24:35,865] {logging_mixin.py:103} INFO - [2021-01-13 17:24:35,865] {dagbag.py:440} INFO - Filling up the DagBag from /Users/chowli/.local/share/virtualenvs/marketvol-WbDfdy4N/lib/python3.7/site-packages/airflow/example_dags/example_trigger_target_dag.py
[2021-01-13 17:24:35,878] {scheduler_job.py:639} INFO - DAG(s) dict_keys(['example_trigger_target_dag']) retrieved from /Users/chowli/.local/share/virtualenvs/marketvol-WbDfdy4N/lib/python3.7/site-packages/airflow/example_dags/example_trigger_target_dag.py
[2021-01-13 17:24:35,880] {logging_mixin.py:103} INFO - [2021-01-13 17:24:35,880] {dag.py:1813} INFO - Sync 1 DAGs
[2021-01-13 17:24:35,898] {logging_mixin.py:103} INFO - [2021-01-13 17:24:35,897] {dag.py:2266} INFO - Setting next_dagrun for example_trigger_target_dag to None
[2021-01-13 17:24:35,911] {scheduler_job.py:189} INFO - Processing /Users/chowli/.local/share/virtualenvs/marketvol-WbDfdy4N/lib/python3.7/site-packages/airflow/example_dags/example_trigger_target_dag.py took 0.053 seconds
[2021-01-13 17:25:01,116] {scheduler_job.py:181} INFO - Started process (PID=6104) to work on /Users/chowli/.local/share/virtualenvs/marketvol-WbDfdy4N/lib/python3.7/site-packages/airflow/example_dags/example_trigger_target_dag.py
[2021-01-13 17:25:01,118] {scheduler_job.py:629} INFO - Processing file /Users/chowli/.local/share/virtualenvs/marketvol-WbDfdy4N/lib/python3.7/site-packages/airflow/example_dags/example_trigger_target_dag.py for tasks to queue
[2021-01-13 17:25:01,119] {logging_mixin.py:103} INFO - [2021-01-13 17:25:01,119] {dagbag.py:440} INFO - Filling up the DagBag from /Users/chowli/.local/share/virtualenvs/marketvol-WbDfdy4N/lib/python3.7/site-packages/airflow/example_dags/example_trigger_target_dag.py
[2021-01-13 17:25:01,133] {scheduler_job.py:639} INFO - DAG(s) dict_keys(['example_trigger_target_dag']) retrieved from /Users/chowli/.local/share/virtualenvs/marketvol-WbDfdy4N/lib/python3.7/site-packages/airflow/example_dags/example_trigger_target_dag.py
[2021-01-13 17:25:01,134] {logging_mixin.py:103} INFO - [2021-01-13 17:25:01,134] {dag.py:1813} INFO - Sync 1 DAGs
[2021-01-13 17:25:01,152] {logging_mixin.py:103} INFO - [2021-01-13 17:25:01,151] {dag.py:2266} INFO - Setting next_dagrun for example_trigger_target_dag to None
[2021-01-13 17:25:01,164] {scheduler_job.py:189} INFO - Processing /Users/chowli/.local/share/virtualenvs/marketvol-WbDfdy4N/lib/python3.7/site-packages/airflow/example_dags/example_trigger_target_dag.py took 0.052 seconds
[2021-01-13 17:25:26,357] {scheduler_job.py:181} INFO - Started process (PID=6131) to work on /Users/chowli/.local/share/virtualenvs/marketvol-WbDfdy4N/lib/python3.7/site-packages/airflow/example_dags/example_trigger_target_dag.py
[2021-01-13 17:25:26,359] {scheduler_job.py:629} INFO - Processing file /Users/chowli/.local/share/virtualenvs/marketvol-WbDfdy4N/lib/python3.7/site-packages/airflow/example_dags/example_trigger_target_dag.py for tasks to queue
[2021-01-13 17:25:26,361] {logging_mixin.py:103} INFO - [2021-01-13 17:25:26,360] {dagbag.py:440} INFO - Filling up the DagBag from /Users/chowli/.local/share/virtualenvs/marketvol-WbDfdy4N/lib/python3.7/site-packages/airflow/example_dags/example_trigger_target_dag.py
[2021-01-13 17:25:26,382] {scheduler_job.py:639} INFO - DAG(s) dict_keys(['example_trigger_target_dag']) retrieved from /Users/chowli/.local/share/virtualenvs/marketvol-WbDfdy4N/lib/python3.7/site-packages/airflow/example_dags/example_trigger_target_dag.py
[2021-01-13 17:25:26,385] {logging_mixin.py:103} INFO - [2021-01-13 17:25:26,384] {dag.py:1813} INFO - Sync 1 DAGs
[2021-01-13 17:25:26,406] {logging_mixin.py:103} INFO - [2021-01-13 17:25:26,405] {dag.py:2266} INFO - Setting next_dagrun for example_trigger_target_dag to None
[2021-01-13 17:25:26,423] {scheduler_job.py:189} INFO - Processing /Users/chowli/.local/share/virtualenvs/marketvol-WbDfdy4N/lib/python3.7/site-packages/airflow/example_dags/example_trigger_target_dag.py took 0.070 seconds
[2021-01-13 17:25:53,554] {scheduler_job.py:181} INFO - Started process (PID=6160) to work on /Users/chowli/.local/share/virtualenvs/marketvol-WbDfdy4N/lib/python3.7/site-packages/airflow/example_dags/example_trigger_target_dag.py
[2021-01-13 17:25:53,555] {scheduler_job.py:629} INFO - Processing file /Users/chowli/.local/share/virtualenvs/marketvol-WbDfdy4N/lib/python3.7/site-packages/airflow/example_dags/example_trigger_target_dag.py for tasks to queue
[2021-01-13 17:25:53,556] {logging_mixin.py:103} INFO - [2021-01-13 17:25:53,556] {dagbag.py:440} INFO - Filling up the DagBag from /Users/chowli/.local/share/virtualenvs/marketvol-WbDfdy4N/lib/python3.7/site-packages/airflow/example_dags/example_trigger_target_dag.py
[2021-01-13 17:25:53,572] {scheduler_job.py:639} INFO - DAG(s) dict_keys(['example_trigger_target_dag']) retrieved from /Users/chowli/.local/share/virtualenvs/marketvol-WbDfdy4N/lib/python3.7/site-packages/airflow/example_dags/example_trigger_target_dag.py
[2021-01-13 17:25:53,574] {logging_mixin.py:103} INFO - [2021-01-13 17:25:53,573] {dag.py:1813} INFO - Sync 1 DAGs
[2021-01-13 17:25:53,594] {logging_mixin.py:103} INFO - [2021-01-13 17:25:53,593] {dag.py:2266} INFO - Setting next_dagrun for example_trigger_target_dag to None
[2021-01-13 17:25:53,610] {scheduler_job.py:189} INFO - Processing /Users/chowli/.local/share/virtualenvs/marketvol-WbDfdy4N/lib/python3.7/site-packages/airflow/example_dags/example_trigger_target_dag.py took 0.060 seconds
[2021-01-13 17:26:19,841] {scheduler_job.py:181} INFO - Started process (PID=6200) to work on /Users/chowli/.local/share/virtualenvs/marketvol-WbDfdy4N/lib/python3.7/site-packages/airflow/example_dags/example_trigger_target_dag.py
[2021-01-13 17:26:19,843] {scheduler_job.py:629} INFO - Processing file /Users/chowli/.local/share/virtualenvs/marketvol-WbDfdy4N/lib/python3.7/site-packages/airflow/example_dags/example_trigger_target_dag.py for tasks to queue
[2021-01-13 17:26:19,844] {logging_mixin.py:103} INFO - [2021-01-13 17:26:19,844] {dagbag.py:440} INFO - Filling up the DagBag from /Users/chowli/.local/share/virtualenvs/marketvol-WbDfdy4N/lib/python3.7/site-packages/airflow/example_dags/example_trigger_target_dag.py
[2021-01-13 17:26:19,860] {scheduler_job.py:639} INFO - DAG(s) dict_keys(['example_trigger_target_dag']) retrieved from /Users/chowli/.local/share/virtualenvs/marketvol-WbDfdy4N/lib/python3.7/site-packages/airflow/example_dags/example_trigger_target_dag.py
[2021-01-13 17:26:19,862] {logging_mixin.py:103} INFO - [2021-01-13 17:26:19,861] {dag.py:1813} INFO - Sync 1 DAGs
[2021-01-13 17:26:19,884] {logging_mixin.py:103} INFO - [2021-01-13 17:26:19,883] {dag.py:2266} INFO - Setting next_dagrun for example_trigger_target_dag to None
[2021-01-13 17:26:19,900] {scheduler_job.py:189} INFO - Processing /Users/chowli/.local/share/virtualenvs/marketvol-WbDfdy4N/lib/python3.7/site-packages/airflow/example_dags/example_trigger_target_dag.py took 0.063 seconds
[2021-01-13 17:26:45,073] {scheduler_job.py:181} INFO - Started process (PID=6247) to work on /Users/chowli/.local/share/virtualenvs/marketvol-WbDfdy4N/lib/python3.7/site-packages/airflow/example_dags/example_trigger_target_dag.py
[2021-01-13 17:26:45,074] {scheduler_job.py:629} INFO - Processing file /Users/chowli/.local/share/virtualenvs/marketvol-WbDfdy4N/lib/python3.7/site-packages/airflow/example_dags/example_trigger_target_dag.py for tasks to queue
[2021-01-13 17:26:45,075] {logging_mixin.py:103} INFO - [2021-01-13 17:26:45,075] {dagbag.py:440} INFO - Filling up the DagBag from /Users/chowli/.local/share/virtualenvs/marketvol-WbDfdy4N/lib/python3.7/site-packages/airflow/example_dags/example_trigger_target_dag.py
[2021-01-13 17:26:45,087] {scheduler_job.py:639} INFO - DAG(s) dict_keys(['example_trigger_target_dag']) retrieved from /Users/chowli/.local/share/virtualenvs/marketvol-WbDfdy4N/lib/python3.7/site-packages/airflow/example_dags/example_trigger_target_dag.py
[2021-01-13 17:26:45,088] {logging_mixin.py:103} INFO - [2021-01-13 17:26:45,088] {dag.py:1813} INFO - Sync 1 DAGs
[2021-01-13 17:26:45,108] {logging_mixin.py:103} INFO - [2021-01-13 17:26:45,107] {dag.py:2266} INFO - Setting next_dagrun for example_trigger_target_dag to None
[2021-01-13 17:26:45,122] {scheduler_job.py:189} INFO - Processing /Users/chowli/.local/share/virtualenvs/marketvol-WbDfdy4N/lib/python3.7/site-packages/airflow/example_dags/example_trigger_target_dag.py took 0.052 seconds
[2021-01-13 17:27:09,269] {scheduler_job.py:181} INFO - Started process (PID=6276) to work on /Users/chowli/.local/share/virtualenvs/marketvol-WbDfdy4N/lib/python3.7/site-packages/airflow/example_dags/example_trigger_target_dag.py
[2021-01-13 17:27:09,270] {scheduler_job.py:629} INFO - Processing file /Users/chowli/.local/share/virtualenvs/marketvol-WbDfdy4N/lib/python3.7/site-packages/airflow/example_dags/example_trigger_target_dag.py for tasks to queue
[2021-01-13 17:27:09,272] {logging_mixin.py:103} INFO - [2021-01-13 17:27:09,271] {dagbag.py:440} INFO - Filling up the DagBag from /Users/chowli/.local/share/virtualenvs/marketvol-WbDfdy4N/lib/python3.7/site-packages/airflow/example_dags/example_trigger_target_dag.py
[2021-01-13 17:27:09,285] {scheduler_job.py:639} INFO - DAG(s) dict_keys(['example_trigger_target_dag']) retrieved from /Users/chowli/.local/share/virtualenvs/marketvol-WbDfdy4N/lib/python3.7/site-packages/airflow/example_dags/example_trigger_target_dag.py
[2021-01-13 17:27:09,287] {logging_mixin.py:103} INFO - [2021-01-13 17:27:09,286] {dag.py:1813} INFO - Sync 1 DAGs
[2021-01-13 17:27:09,306] {logging_mixin.py:103} INFO - [2021-01-13 17:27:09,306] {dag.py:2266} INFO - Setting next_dagrun for example_trigger_target_dag to None
[2021-01-13 17:27:09,321] {scheduler_job.py:189} INFO - Processing /Users/chowli/.local/share/virtualenvs/marketvol-WbDfdy4N/lib/python3.7/site-packages/airflow/example_dags/example_trigger_target_dag.py took 0.056 seconds
[2021-01-13 17:27:35,566] {scheduler_job.py:181} INFO - Started process (PID=6315) to work on /Users/chowli/.local/share/virtualenvs/marketvol-WbDfdy4N/lib/python3.7/site-packages/airflow/example_dags/example_trigger_target_dag.py
[2021-01-13 17:27:35,568] {scheduler_job.py:629} INFO - Processing file /Users/chowli/.local/share/virtualenvs/marketvol-WbDfdy4N/lib/python3.7/site-packages/airflow/example_dags/example_trigger_target_dag.py for tasks to queue
[2021-01-13 17:27:35,569] {logging_mixin.py:103} INFO - [2021-01-13 17:27:35,569] {dagbag.py:440} INFO - Filling up the DagBag from /Users/chowli/.local/share/virtualenvs/marketvol-WbDfdy4N/lib/python3.7/site-packages/airflow/example_dags/example_trigger_target_dag.py
[2021-01-13 17:27:35,584] {scheduler_job.py:639} INFO - DAG(s) dict_keys(['example_trigger_target_dag']) retrieved from /Users/chowli/.local/share/virtualenvs/marketvol-WbDfdy4N/lib/python3.7/site-packages/airflow/example_dags/example_trigger_target_dag.py
[2021-01-13 17:27:35,586] {logging_mixin.py:103} INFO - [2021-01-13 17:27:35,586] {dag.py:1813} INFO - Sync 1 DAGs
[2021-01-13 17:27:35,605] {logging_mixin.py:103} INFO - [2021-01-13 17:27:35,605] {dag.py:2266} INFO - Setting next_dagrun for example_trigger_target_dag to None
[2021-01-13 17:27:35,621] {scheduler_job.py:189} INFO - Processing /Users/chowli/.local/share/virtualenvs/marketvol-WbDfdy4N/lib/python3.7/site-packages/airflow/example_dags/example_trigger_target_dag.py took 0.058 seconds
[2021-01-13 17:28:00,815] {scheduler_job.py:181} INFO - Started process (PID=6344) to work on /Users/chowli/.local/share/virtualenvs/marketvol-WbDfdy4N/lib/python3.7/site-packages/airflow/example_dags/example_trigger_target_dag.py
[2021-01-13 17:28:00,817] {scheduler_job.py:629} INFO - Processing file /Users/chowli/.local/share/virtualenvs/marketvol-WbDfdy4N/lib/python3.7/site-packages/airflow/example_dags/example_trigger_target_dag.py for tasks to queue
[2021-01-13 17:28:00,818] {logging_mixin.py:103} INFO - [2021-01-13 17:28:00,818] {dagbag.py:440} INFO - Filling up the DagBag from /Users/chowli/.local/share/virtualenvs/marketvol-WbDfdy4N/lib/python3.7/site-packages/airflow/example_dags/example_trigger_target_dag.py
[2021-01-13 17:28:00,833] {scheduler_job.py:639} INFO - DAG(s) dict_keys(['example_trigger_target_dag']) retrieved from /Users/chowli/.local/share/virtualenvs/marketvol-WbDfdy4N/lib/python3.7/site-packages/airflow/example_dags/example_trigger_target_dag.py
[2021-01-13 17:28:00,835] {logging_mixin.py:103} INFO - [2021-01-13 17:28:00,835] {dag.py:1813} INFO - Sync 1 DAGs
[2021-01-13 17:28:00,857] {logging_mixin.py:103} INFO - [2021-01-13 17:28:00,856] {dag.py:2266} INFO - Setting next_dagrun for example_trigger_target_dag to None
[2021-01-13 17:28:00,874] {scheduler_job.py:189} INFO - Processing /Users/chowli/.local/share/virtualenvs/marketvol-WbDfdy4N/lib/python3.7/site-packages/airflow/example_dags/example_trigger_target_dag.py took 0.063 seconds
[2021-01-13 17:28:39,389] {scheduler_job.py:181} INFO - Started process (PID=6391) to work on /Users/chowli/.local/share/virtualenvs/marketvol-WbDfdy4N/lib/python3.7/site-packages/airflow/example_dags/example_trigger_target_dag.py
[2021-01-13 17:28:39,391] {scheduler_job.py:629} INFO - Processing file /Users/chowli/.local/share/virtualenvs/marketvol-WbDfdy4N/lib/python3.7/site-packages/airflow/example_dags/example_trigger_target_dag.py for tasks to queue
[2021-01-13 17:28:39,393] {logging_mixin.py:103} INFO - [2021-01-13 17:28:39,392] {dagbag.py:440} INFO - Filling up the DagBag from /Users/chowli/.local/share/virtualenvs/marketvol-WbDfdy4N/lib/python3.7/site-packages/airflow/example_dags/example_trigger_target_dag.py
[2021-01-13 17:28:39,410] {scheduler_job.py:639} INFO - DAG(s) dict_keys(['example_trigger_target_dag']) retrieved from /Users/chowli/.local/share/virtualenvs/marketvol-WbDfdy4N/lib/python3.7/site-packages/airflow/example_dags/example_trigger_target_dag.py
[2021-01-13 17:28:39,412] {logging_mixin.py:103} INFO - [2021-01-13 17:28:39,411] {dag.py:1813} INFO - Sync 1 DAGs
[2021-01-13 17:28:39,432] {logging_mixin.py:103} INFO - [2021-01-13 17:28:39,432] {dag.py:2266} INFO - Setting next_dagrun for example_trigger_target_dag to None
[2021-01-13 17:28:39,448] {scheduler_job.py:189} INFO - Processing /Users/chowli/.local/share/virtualenvs/marketvol-WbDfdy4N/lib/python3.7/site-packages/airflow/example_dags/example_trigger_target_dag.py took 0.064 seconds
[2021-01-13 17:29:12,779] {scheduler_job.py:181} INFO - Started process (PID=6445) to work on /Users/chowli/.local/share/virtualenvs/marketvol-WbDfdy4N/lib/python3.7/site-packages/airflow/example_dags/example_trigger_target_dag.py
[2021-01-13 17:29:12,780] {scheduler_job.py:629} INFO - Processing file /Users/chowli/.local/share/virtualenvs/marketvol-WbDfdy4N/lib/python3.7/site-packages/airflow/example_dags/example_trigger_target_dag.py for tasks to queue
[2021-01-13 17:29:12,783] {logging_mixin.py:103} INFO - [2021-01-13 17:29:12,782] {dagbag.py:440} INFO - Filling up the DagBag from /Users/chowli/.local/share/virtualenvs/marketvol-WbDfdy4N/lib/python3.7/site-packages/airflow/example_dags/example_trigger_target_dag.py
[2021-01-13 17:29:12,798] {scheduler_job.py:639} INFO - DAG(s) dict_keys(['example_trigger_target_dag']) retrieved from /Users/chowli/.local/share/virtualenvs/marketvol-WbDfdy4N/lib/python3.7/site-packages/airflow/example_dags/example_trigger_target_dag.py
[2021-01-13 17:29:12,800] {logging_mixin.py:103} INFO - [2021-01-13 17:29:12,800] {dag.py:1813} INFO - Sync 1 DAGs
[2021-01-13 17:29:12,821] {logging_mixin.py:103} INFO - [2021-01-13 17:29:12,821] {dag.py:2266} INFO - Setting next_dagrun for example_trigger_target_dag to None
[2021-01-13 17:29:12,839] {scheduler_job.py:189} INFO - Processing /Users/chowli/.local/share/virtualenvs/marketvol-WbDfdy4N/lib/python3.7/site-packages/airflow/example_dags/example_trigger_target_dag.py took 0.064 seconds
