[2021-01-13 17:23:24,099] {scheduler_job.py:181} INFO - Started process (PID=5884) to work on /Users/chowli/.local/share/virtualenvs/marketvol-WbDfdy4N/lib/python3.7/site-packages/airflow/example_dags/example_branch_python_dop_operator_3.py
[2021-01-13 17:23:24,100] {scheduler_job.py:629} INFO - Processing file /Users/chowli/.local/share/virtualenvs/marketvol-WbDfdy4N/lib/python3.7/site-packages/airflow/example_dags/example_branch_python_dop_operator_3.py for tasks to queue
[2021-01-13 17:23:24,102] {logging_mixin.py:103} INFO - [2021-01-13 17:23:24,101] {dagbag.py:440} INFO - Filling up the DagBag from /Users/chowli/.local/share/virtualenvs/marketvol-WbDfdy4N/lib/python3.7/site-packages/airflow/example_dags/example_branch_python_dop_operator_3.py
[2021-01-13 17:23:24,119] {scheduler_job.py:639} INFO - DAG(s) dict_keys(['example_branch_dop_operator_v3']) retrieved from /Users/chowli/.local/share/virtualenvs/marketvol-WbDfdy4N/lib/python3.7/site-packages/airflow/example_dags/example_branch_python_dop_operator_3.py
[2021-01-13 17:23:24,120] {logging_mixin.py:103} INFO - [2021-01-13 17:23:24,120] {dag.py:1813} INFO - Sync 1 DAGs
[2021-01-13 17:23:24,157] {logging_mixin.py:103} INFO - [2021-01-13 17:23:24,157] {dag.py:2266} INFO - Setting next_dagrun for example_branch_dop_operator_v3 to 2021-01-12 00:00:00+00:00
[2021-01-13 17:23:24,182] {scheduler_job.py:189} INFO - Processing /Users/chowli/.local/share/virtualenvs/marketvol-WbDfdy4N/lib/python3.7/site-packages/airflow/example_dags/example_branch_python_dop_operator_3.py took 0.086 seconds
[2021-01-13 17:23:50,434] {scheduler_job.py:181} INFO - Started process (PID=5943) to work on /Users/chowli/.local/share/virtualenvs/marketvol-WbDfdy4N/lib/python3.7/site-packages/airflow/example_dags/example_branch_python_dop_operator_3.py
[2021-01-13 17:23:50,436] {scheduler_job.py:629} INFO - Processing file /Users/chowli/.local/share/virtualenvs/marketvol-WbDfdy4N/lib/python3.7/site-packages/airflow/example_dags/example_branch_python_dop_operator_3.py for tasks to queue
[2021-01-13 17:23:50,437] {logging_mixin.py:103} INFO - [2021-01-13 17:23:50,437] {dagbag.py:440} INFO - Filling up the DagBag from /Users/chowli/.local/share/virtualenvs/marketvol-WbDfdy4N/lib/python3.7/site-packages/airflow/example_dags/example_branch_python_dop_operator_3.py
[2021-01-13 17:23:50,453] {scheduler_job.py:639} INFO - DAG(s) dict_keys(['example_branch_dop_operator_v3']) retrieved from /Users/chowli/.local/share/virtualenvs/marketvol-WbDfdy4N/lib/python3.7/site-packages/airflow/example_dags/example_branch_python_dop_operator_3.py
[2021-01-13 17:23:50,455] {logging_mixin.py:103} INFO - [2021-01-13 17:23:50,455] {dag.py:1813} INFO - Sync 1 DAGs
[2021-01-13 17:23:50,488] {logging_mixin.py:103} INFO - [2021-01-13 17:23:50,488] {dag.py:2266} INFO - Setting next_dagrun for example_branch_dop_operator_v3 to 2021-01-12 00:00:00+00:00
[2021-01-13 17:23:50,498] {scheduler_job.py:189} INFO - Processing /Users/chowli/.local/share/virtualenvs/marketvol-WbDfdy4N/lib/python3.7/site-packages/airflow/example_dags/example_branch_python_dop_operator_3.py took 0.068 seconds
[2021-01-13 17:24:15,700] {scheduler_job.py:181} INFO - Started process (PID=6042) to work on /Users/chowli/.local/share/virtualenvs/marketvol-WbDfdy4N/lib/python3.7/site-packages/airflow/example_dags/example_branch_python_dop_operator_3.py
[2021-01-13 17:24:15,702] {scheduler_job.py:629} INFO - Processing file /Users/chowli/.local/share/virtualenvs/marketvol-WbDfdy4N/lib/python3.7/site-packages/airflow/example_dags/example_branch_python_dop_operator_3.py for tasks to queue
[2021-01-13 17:24:15,706] {logging_mixin.py:103} INFO - [2021-01-13 17:24:15,704] {dagbag.py:440} INFO - Filling up the DagBag from /Users/chowli/.local/share/virtualenvs/marketvol-WbDfdy4N/lib/python3.7/site-packages/airflow/example_dags/example_branch_python_dop_operator_3.py
[2021-01-13 17:24:15,732] {scheduler_job.py:639} INFO - DAG(s) dict_keys(['example_branch_dop_operator_v3']) retrieved from /Users/chowli/.local/share/virtualenvs/marketvol-WbDfdy4N/lib/python3.7/site-packages/airflow/example_dags/example_branch_python_dop_operator_3.py
[2021-01-13 17:24:15,735] {logging_mixin.py:103} INFO - [2021-01-13 17:24:15,734] {dag.py:1813} INFO - Sync 1 DAGs
[2021-01-13 17:24:15,775] {logging_mixin.py:103} INFO - [2021-01-13 17:24:15,774] {dag.py:2266} INFO - Setting next_dagrun for example_branch_dop_operator_v3 to 2021-01-12 00:00:00+00:00
[2021-01-13 17:24:15,790] {scheduler_job.py:189} INFO - Processing /Users/chowli/.local/share/virtualenvs/marketvol-WbDfdy4N/lib/python3.7/site-packages/airflow/example_dags/example_branch_python_dop_operator_3.py took 0.096 seconds
[2021-01-13 17:24:40,922] {scheduler_job.py:181} INFO - Started process (PID=6082) to work on /Users/chowli/.local/share/virtualenvs/marketvol-WbDfdy4N/lib/python3.7/site-packages/airflow/example_dags/example_branch_python_dop_operator_3.py
[2021-01-13 17:24:40,924] {scheduler_job.py:629} INFO - Processing file /Users/chowli/.local/share/virtualenvs/marketvol-WbDfdy4N/lib/python3.7/site-packages/airflow/example_dags/example_branch_python_dop_operator_3.py for tasks to queue
[2021-01-13 17:24:40,926] {logging_mixin.py:103} INFO - [2021-01-13 17:24:40,925] {dagbag.py:440} INFO - Filling up the DagBag from /Users/chowli/.local/share/virtualenvs/marketvol-WbDfdy4N/lib/python3.7/site-packages/airflow/example_dags/example_branch_python_dop_operator_3.py
[2021-01-13 17:24:40,944] {scheduler_job.py:639} INFO - DAG(s) dict_keys(['example_branch_dop_operator_v3']) retrieved from /Users/chowli/.local/share/virtualenvs/marketvol-WbDfdy4N/lib/python3.7/site-packages/airflow/example_dags/example_branch_python_dop_operator_3.py
[2021-01-13 17:24:40,946] {logging_mixin.py:103} INFO - [2021-01-13 17:24:40,946] {dag.py:1813} INFO - Sync 1 DAGs
[2021-01-13 17:24:40,984] {logging_mixin.py:103} INFO - [2021-01-13 17:24:40,983] {dag.py:2266} INFO - Setting next_dagrun for example_branch_dop_operator_v3 to 2021-01-12 00:00:00+00:00
[2021-01-13 17:24:40,999] {scheduler_job.py:189} INFO - Processing /Users/chowli/.local/share/virtualenvs/marketvol-WbDfdy4N/lib/python3.7/site-packages/airflow/example_dags/example_branch_python_dop_operator_3.py took 0.082 seconds
[2021-01-13 17:25:06,328] {scheduler_job.py:181} INFO - Started process (PID=6110) to work on /Users/chowli/.local/share/virtualenvs/marketvol-WbDfdy4N/lib/python3.7/site-packages/airflow/example_dags/example_branch_python_dop_operator_3.py
[2021-01-13 17:25:06,329] {scheduler_job.py:629} INFO - Processing file /Users/chowli/.local/share/virtualenvs/marketvol-WbDfdy4N/lib/python3.7/site-packages/airflow/example_dags/example_branch_python_dop_operator_3.py for tasks to queue
[2021-01-13 17:25:06,331] {logging_mixin.py:103} INFO - [2021-01-13 17:25:06,330] {dagbag.py:440} INFO - Filling up the DagBag from /Users/chowli/.local/share/virtualenvs/marketvol-WbDfdy4N/lib/python3.7/site-packages/airflow/example_dags/example_branch_python_dop_operator_3.py
[2021-01-13 17:25:06,347] {scheduler_job.py:639} INFO - DAG(s) dict_keys(['example_branch_dop_operator_v3']) retrieved from /Users/chowli/.local/share/virtualenvs/marketvol-WbDfdy4N/lib/python3.7/site-packages/airflow/example_dags/example_branch_python_dop_operator_3.py
[2021-01-13 17:25:06,349] {logging_mixin.py:103} INFO - [2021-01-13 17:25:06,349] {dag.py:1813} INFO - Sync 1 DAGs
[2021-01-13 17:25:06,383] {logging_mixin.py:103} INFO - [2021-01-13 17:25:06,383] {dag.py:2266} INFO - Setting next_dagrun for example_branch_dop_operator_v3 to 2021-01-12 00:00:00+00:00
[2021-01-13 17:25:06,395] {scheduler_job.py:189} INFO - Processing /Users/chowli/.local/share/virtualenvs/marketvol-WbDfdy4N/lib/python3.7/site-packages/airflow/example_dags/example_branch_python_dop_operator_3.py took 0.072 seconds
[2021-01-13 17:25:32,428] {scheduler_job.py:181} INFO - Started process (PID=6138) to work on /Users/chowli/.local/share/virtualenvs/marketvol-WbDfdy4N/lib/python3.7/site-packages/airflow/example_dags/example_branch_python_dop_operator_3.py
[2021-01-13 17:25:32,431] {scheduler_job.py:629} INFO - Processing file /Users/chowli/.local/share/virtualenvs/marketvol-WbDfdy4N/lib/python3.7/site-packages/airflow/example_dags/example_branch_python_dop_operator_3.py for tasks to queue
[2021-01-13 17:25:32,432] {logging_mixin.py:103} INFO - [2021-01-13 17:25:32,432] {dagbag.py:440} INFO - Filling up the DagBag from /Users/chowli/.local/share/virtualenvs/marketvol-WbDfdy4N/lib/python3.7/site-packages/airflow/example_dags/example_branch_python_dop_operator_3.py
[2021-01-13 17:25:32,448] {scheduler_job.py:639} INFO - DAG(s) dict_keys(['example_branch_dop_operator_v3']) retrieved from /Users/chowli/.local/share/virtualenvs/marketvol-WbDfdy4N/lib/python3.7/site-packages/airflow/example_dags/example_branch_python_dop_operator_3.py
[2021-01-13 17:25:32,450] {logging_mixin.py:103} INFO - [2021-01-13 17:25:32,449] {dag.py:1813} INFO - Sync 1 DAGs
[2021-01-13 17:25:32,482] {logging_mixin.py:103} INFO - [2021-01-13 17:25:32,482] {dag.py:2266} INFO - Setting next_dagrun for example_branch_dop_operator_v3 to 2021-01-12 00:00:00+00:00
[2021-01-13 17:25:32,495] {scheduler_job.py:189} INFO - Processing /Users/chowli/.local/share/virtualenvs/marketvol-WbDfdy4N/lib/python3.7/site-packages/airflow/example_dags/example_branch_python_dop_operator_3.py took 0.071 seconds
[2021-01-13 17:25:59,638] {scheduler_job.py:181} INFO - Started process (PID=6174) to work on /Users/chowli/.local/share/virtualenvs/marketvol-WbDfdy4N/lib/python3.7/site-packages/airflow/example_dags/example_branch_python_dop_operator_3.py
[2021-01-13 17:25:59,639] {scheduler_job.py:629} INFO - Processing file /Users/chowli/.local/share/virtualenvs/marketvol-WbDfdy4N/lib/python3.7/site-packages/airflow/example_dags/example_branch_python_dop_operator_3.py for tasks to queue
[2021-01-13 17:25:59,640] {logging_mixin.py:103} INFO - [2021-01-13 17:25:59,640] {dagbag.py:440} INFO - Filling up the DagBag from /Users/chowli/.local/share/virtualenvs/marketvol-WbDfdy4N/lib/python3.7/site-packages/airflow/example_dags/example_branch_python_dop_operator_3.py
[2021-01-13 17:25:59,656] {scheduler_job.py:639} INFO - DAG(s) dict_keys(['example_branch_dop_operator_v3']) retrieved from /Users/chowli/.local/share/virtualenvs/marketvol-WbDfdy4N/lib/python3.7/site-packages/airflow/example_dags/example_branch_python_dop_operator_3.py
[2021-01-13 17:25:59,657] {logging_mixin.py:103} INFO - [2021-01-13 17:25:59,657] {dag.py:1813} INFO - Sync 1 DAGs
[2021-01-13 17:25:59,692] {logging_mixin.py:103} INFO - [2021-01-13 17:25:59,691] {dag.py:2266} INFO - Setting next_dagrun for example_branch_dop_operator_v3 to 2021-01-12 00:00:00+00:00
[2021-01-13 17:25:59,714] {scheduler_job.py:189} INFO - Processing /Users/chowli/.local/share/virtualenvs/marketvol-WbDfdy4N/lib/python3.7/site-packages/airflow/example_dags/example_branch_python_dop_operator_3.py took 0.081 seconds
[2021-01-13 17:26:24,885] {scheduler_job.py:181} INFO - Started process (PID=6208) to work on /Users/chowli/.local/share/virtualenvs/marketvol-WbDfdy4N/lib/python3.7/site-packages/airflow/example_dags/example_branch_python_dop_operator_3.py
[2021-01-13 17:26:24,887] {scheduler_job.py:629} INFO - Processing file /Users/chowli/.local/share/virtualenvs/marketvol-WbDfdy4N/lib/python3.7/site-packages/airflow/example_dags/example_branch_python_dop_operator_3.py for tasks to queue
[2021-01-13 17:26:24,888] {logging_mixin.py:103} INFO - [2021-01-13 17:26:24,888] {dagbag.py:440} INFO - Filling up the DagBag from /Users/chowli/.local/share/virtualenvs/marketvol-WbDfdy4N/lib/python3.7/site-packages/airflow/example_dags/example_branch_python_dop_operator_3.py
[2021-01-13 17:26:24,907] {scheduler_job.py:639} INFO - DAG(s) dict_keys(['example_branch_dop_operator_v3']) retrieved from /Users/chowli/.local/share/virtualenvs/marketvol-WbDfdy4N/lib/python3.7/site-packages/airflow/example_dags/example_branch_python_dop_operator_3.py
[2021-01-13 17:26:24,909] {logging_mixin.py:103} INFO - [2021-01-13 17:26:24,909] {dag.py:1813} INFO - Sync 1 DAGs
[2021-01-13 17:26:24,949] {logging_mixin.py:103} INFO - [2021-01-13 17:26:24,948] {dag.py:2266} INFO - Setting next_dagrun for example_branch_dop_operator_v3 to 2021-01-12 00:00:00+00:00
[2021-01-13 17:26:24,965] {scheduler_job.py:189} INFO - Processing /Users/chowli/.local/share/virtualenvs/marketvol-WbDfdy4N/lib/python3.7/site-packages/airflow/example_dags/example_branch_python_dop_operator_3.py took 0.084 seconds
[2021-01-13 17:26:51,154] {scheduler_job.py:181} INFO - Started process (PID=6253) to work on /Users/chowli/.local/share/virtualenvs/marketvol-WbDfdy4N/lib/python3.7/site-packages/airflow/example_dags/example_branch_python_dop_operator_3.py
[2021-01-13 17:26:51,156] {scheduler_job.py:629} INFO - Processing file /Users/chowli/.local/share/virtualenvs/marketvol-WbDfdy4N/lib/python3.7/site-packages/airflow/example_dags/example_branch_python_dop_operator_3.py for tasks to queue
[2021-01-13 17:26:51,157] {logging_mixin.py:103} INFO - [2021-01-13 17:26:51,157] {dagbag.py:440} INFO - Filling up the DagBag from /Users/chowli/.local/share/virtualenvs/marketvol-WbDfdy4N/lib/python3.7/site-packages/airflow/example_dags/example_branch_python_dop_operator_3.py
[2021-01-13 17:26:51,174] {scheduler_job.py:639} INFO - DAG(s) dict_keys(['example_branch_dop_operator_v3']) retrieved from /Users/chowli/.local/share/virtualenvs/marketvol-WbDfdy4N/lib/python3.7/site-packages/airflow/example_dags/example_branch_python_dop_operator_3.py
[2021-01-13 17:26:51,176] {logging_mixin.py:103} INFO - [2021-01-13 17:26:51,175] {dag.py:1813} INFO - Sync 1 DAGs
[2021-01-13 17:26:51,208] {logging_mixin.py:103} INFO - [2021-01-13 17:26:51,207] {dag.py:2266} INFO - Setting next_dagrun for example_branch_dop_operator_v3 to 2021-01-12 00:00:00+00:00
[2021-01-13 17:26:51,220] {scheduler_job.py:189} INFO - Processing /Users/chowli/.local/share/virtualenvs/marketvol-WbDfdy4N/lib/python3.7/site-packages/airflow/example_dags/example_branch_python_dop_operator_3.py took 0.070 seconds
[2021-01-13 17:27:15,371] {scheduler_job.py:181} INFO - Started process (PID=6285) to work on /Users/chowli/.local/share/virtualenvs/marketvol-WbDfdy4N/lib/python3.7/site-packages/airflow/example_dags/example_branch_python_dop_operator_3.py
[2021-01-13 17:27:15,374] {scheduler_job.py:629} INFO - Processing file /Users/chowli/.local/share/virtualenvs/marketvol-WbDfdy4N/lib/python3.7/site-packages/airflow/example_dags/example_branch_python_dop_operator_3.py for tasks to queue
[2021-01-13 17:27:15,377] {logging_mixin.py:103} INFO - [2021-01-13 17:27:15,376] {dagbag.py:440} INFO - Filling up the DagBag from /Users/chowli/.local/share/virtualenvs/marketvol-WbDfdy4N/lib/python3.7/site-packages/airflow/example_dags/example_branch_python_dop_operator_3.py
[2021-01-13 17:27:15,394] {scheduler_job.py:639} INFO - DAG(s) dict_keys(['example_branch_dop_operator_v3']) retrieved from /Users/chowli/.local/share/virtualenvs/marketvol-WbDfdy4N/lib/python3.7/site-packages/airflow/example_dags/example_branch_python_dop_operator_3.py
[2021-01-13 17:27:15,396] {logging_mixin.py:103} INFO - [2021-01-13 17:27:15,396] {dag.py:1813} INFO - Sync 1 DAGs
[2021-01-13 17:27:15,433] {logging_mixin.py:103} INFO - [2021-01-13 17:27:15,433] {dag.py:2266} INFO - Setting next_dagrun for example_branch_dop_operator_v3 to 2021-01-12 00:00:00+00:00
[2021-01-13 17:27:15,450] {scheduler_job.py:189} INFO - Processing /Users/chowli/.local/share/virtualenvs/marketvol-WbDfdy4N/lib/python3.7/site-packages/airflow/example_dags/example_branch_python_dop_operator_3.py took 0.083 seconds
[2021-01-13 17:27:40,608] {scheduler_job.py:181} INFO - Started process (PID=6321) to work on /Users/chowli/.local/share/virtualenvs/marketvol-WbDfdy4N/lib/python3.7/site-packages/airflow/example_dags/example_branch_python_dop_operator_3.py
[2021-01-13 17:27:40,610] {scheduler_job.py:629} INFO - Processing file /Users/chowli/.local/share/virtualenvs/marketvol-WbDfdy4N/lib/python3.7/site-packages/airflow/example_dags/example_branch_python_dop_operator_3.py for tasks to queue
[2021-01-13 17:27:40,611] {logging_mixin.py:103} INFO - [2021-01-13 17:27:40,611] {dagbag.py:440} INFO - Filling up the DagBag from /Users/chowli/.local/share/virtualenvs/marketvol-WbDfdy4N/lib/python3.7/site-packages/airflow/example_dags/example_branch_python_dop_operator_3.py
[2021-01-13 17:27:40,628] {scheduler_job.py:639} INFO - DAG(s) dict_keys(['example_branch_dop_operator_v3']) retrieved from /Users/chowli/.local/share/virtualenvs/marketvol-WbDfdy4N/lib/python3.7/site-packages/airflow/example_dags/example_branch_python_dop_operator_3.py
[2021-01-13 17:27:40,629] {logging_mixin.py:103} INFO - [2021-01-13 17:27:40,629] {dag.py:1813} INFO - Sync 1 DAGs
[2021-01-13 17:27:40,663] {logging_mixin.py:103} INFO - [2021-01-13 17:27:40,663] {dag.py:2266} INFO - Setting next_dagrun for example_branch_dop_operator_v3 to 2021-01-12 00:00:00+00:00
[2021-01-13 17:27:40,675] {scheduler_job.py:189} INFO - Processing /Users/chowli/.local/share/virtualenvs/marketvol-WbDfdy4N/lib/python3.7/site-packages/airflow/example_dags/example_branch_python_dop_operator_3.py took 0.070 seconds
[2021-01-13 17:28:06,884] {scheduler_job.py:181} INFO - Started process (PID=6351) to work on /Users/chowli/.local/share/virtualenvs/marketvol-WbDfdy4N/lib/python3.7/site-packages/airflow/example_dags/example_branch_python_dop_operator_3.py
[2021-01-13 17:28:06,886] {scheduler_job.py:629} INFO - Processing file /Users/chowli/.local/share/virtualenvs/marketvol-WbDfdy4N/lib/python3.7/site-packages/airflow/example_dags/example_branch_python_dop_operator_3.py for tasks to queue
[2021-01-13 17:28:06,888] {logging_mixin.py:103} INFO - [2021-01-13 17:28:06,887] {dagbag.py:440} INFO - Filling up the DagBag from /Users/chowli/.local/share/virtualenvs/marketvol-WbDfdy4N/lib/python3.7/site-packages/airflow/example_dags/example_branch_python_dop_operator_3.py
[2021-01-13 17:28:06,906] {scheduler_job.py:639} INFO - DAG(s) dict_keys(['example_branch_dop_operator_v3']) retrieved from /Users/chowli/.local/share/virtualenvs/marketvol-WbDfdy4N/lib/python3.7/site-packages/airflow/example_dags/example_branch_python_dop_operator_3.py
[2021-01-13 17:28:06,907] {logging_mixin.py:103} INFO - [2021-01-13 17:28:06,907] {dag.py:1813} INFO - Sync 1 DAGs
[2021-01-13 17:28:06,953] {logging_mixin.py:103} INFO - [2021-01-13 17:28:06,953] {dag.py:2266} INFO - Setting next_dagrun for example_branch_dop_operator_v3 to 2021-01-12 00:00:00+00:00
[2021-01-13 17:28:06,970] {scheduler_job.py:189} INFO - Processing /Users/chowli/.local/share/virtualenvs/marketvol-WbDfdy4N/lib/python3.7/site-packages/airflow/example_dags/example_branch_python_dop_operator_3.py took 0.089 seconds
[2021-01-13 17:28:41,686] {scheduler_job.py:181} INFO - Started process (PID=6393) to work on /Users/chowli/.local/share/virtualenvs/marketvol-WbDfdy4N/lib/python3.7/site-packages/airflow/example_dags/example_branch_python_dop_operator_3.py
[2021-01-13 17:28:41,688] {scheduler_job.py:629} INFO - Processing file /Users/chowli/.local/share/virtualenvs/marketvol-WbDfdy4N/lib/python3.7/site-packages/airflow/example_dags/example_branch_python_dop_operator_3.py for tasks to queue
[2021-01-13 17:28:41,690] {logging_mixin.py:103} INFO - [2021-01-13 17:28:41,689] {dagbag.py:440} INFO - Filling up the DagBag from /Users/chowli/.local/share/virtualenvs/marketvol-WbDfdy4N/lib/python3.7/site-packages/airflow/example_dags/example_branch_python_dop_operator_3.py
[2021-01-13 17:28:41,706] {scheduler_job.py:639} INFO - DAG(s) dict_keys(['example_branch_dop_operator_v3']) retrieved from /Users/chowli/.local/share/virtualenvs/marketvol-WbDfdy4N/lib/python3.7/site-packages/airflow/example_dags/example_branch_python_dop_operator_3.py
[2021-01-13 17:28:41,708] {logging_mixin.py:103} INFO - [2021-01-13 17:28:41,708] {dag.py:1813} INFO - Sync 1 DAGs
[2021-01-13 17:28:41,743] {logging_mixin.py:103} INFO - [2021-01-13 17:28:41,743] {dag.py:2266} INFO - Setting next_dagrun for example_branch_dop_operator_v3 to 2021-01-12 00:00:00+00:00
[2021-01-13 17:28:41,758] {scheduler_job.py:189} INFO - Processing /Users/chowli/.local/share/virtualenvs/marketvol-WbDfdy4N/lib/python3.7/site-packages/airflow/example_dags/example_branch_python_dop_operator_3.py took 0.075 seconds
[2021-01-13 17:29:14,849] {scheduler_job.py:181} INFO - Started process (PID=6448) to work on /Users/chowli/.local/share/virtualenvs/marketvol-WbDfdy4N/lib/python3.7/site-packages/airflow/example_dags/example_branch_python_dop_operator_3.py
[2021-01-13 17:29:14,851] {scheduler_job.py:629} INFO - Processing file /Users/chowli/.local/share/virtualenvs/marketvol-WbDfdy4N/lib/python3.7/site-packages/airflow/example_dags/example_branch_python_dop_operator_3.py for tasks to queue
[2021-01-13 17:29:14,853] {logging_mixin.py:103} INFO - [2021-01-13 17:29:14,852] {dagbag.py:440} INFO - Filling up the DagBag from /Users/chowli/.local/share/virtualenvs/marketvol-WbDfdy4N/lib/python3.7/site-packages/airflow/example_dags/example_branch_python_dop_operator_3.py
[2021-01-13 17:29:14,869] {scheduler_job.py:639} INFO - DAG(s) dict_keys(['example_branch_dop_operator_v3']) retrieved from /Users/chowli/.local/share/virtualenvs/marketvol-WbDfdy4N/lib/python3.7/site-packages/airflow/example_dags/example_branch_python_dop_operator_3.py
[2021-01-13 17:29:14,871] {logging_mixin.py:103} INFO - [2021-01-13 17:29:14,870] {dag.py:1813} INFO - Sync 1 DAGs
[2021-01-13 17:29:14,903] {logging_mixin.py:103} INFO - [2021-01-13 17:29:14,903] {dag.py:2266} INFO - Setting next_dagrun for example_branch_dop_operator_v3 to 2021-01-12 00:00:00+00:00
[2021-01-13 17:29:14,917] {scheduler_job.py:189} INFO - Processing /Users/chowli/.local/share/virtualenvs/marketvol-WbDfdy4N/lib/python3.7/site-packages/airflow/example_dags/example_branch_python_dop_operator_3.py took 0.071 seconds
