[2021-01-13 17:22:04,097] {scheduler_job.py:181} INFO - Started process (PID=5693) to work on /Users/chowli/.local/share/virtualenvs/marketvol-WbDfdy4N/lib/python3.7/site-packages/airflow/example_dags/example_kubernetes_executor.py
[2021-01-13 17:22:04,099] {scheduler_job.py:629} INFO - Processing file /Users/chowli/.local/share/virtualenvs/marketvol-WbDfdy4N/lib/python3.7/site-packages/airflow/example_dags/example_kubernetes_executor.py for tasks to queue
[2021-01-13 17:22:04,100] {logging_mixin.py:103} INFO - [2021-01-13 17:22:04,100] {dagbag.py:440} INFO - Filling up the DagBag from /Users/chowli/.local/share/virtualenvs/marketvol-WbDfdy4N/lib/python3.7/site-packages/airflow/example_dags/example_kubernetes_executor.py
[2021-01-13 17:22:04,112] {scheduler_job.py:639} INFO - DAG(s) dict_keys(['example_kubernetes_executor']) retrieved from /Users/chowli/.local/share/virtualenvs/marketvol-WbDfdy4N/lib/python3.7/site-packages/airflow/example_dags/example_kubernetes_executor.py
[2021-01-13 17:22:04,114] {logging_mixin.py:103} INFO - [2021-01-13 17:22:04,113] {dag.py:1813} INFO - Sync 1 DAGs
[2021-01-13 17:22:04,130] {logging_mixin.py:103} INFO - [2021-01-13 17:22:04,130] {dag.py:2266} INFO - Setting next_dagrun for example_kubernetes_executor to None
[2021-01-13 17:22:04,150] {scheduler_job.py:189} INFO - Processing /Users/chowli/.local/share/virtualenvs/marketvol-WbDfdy4N/lib/python3.7/site-packages/airflow/example_dags/example_kubernetes_executor.py took 0.056 seconds
[2021-01-13 17:23:29,163] {scheduler_job.py:181} INFO - Started process (PID=5890) to work on /Users/chowli/.local/share/virtualenvs/marketvol-WbDfdy4N/lib/python3.7/site-packages/airflow/example_dags/example_kubernetes_executor.py
[2021-01-13 17:23:29,164] {scheduler_job.py:629} INFO - Processing file /Users/chowli/.local/share/virtualenvs/marketvol-WbDfdy4N/lib/python3.7/site-packages/airflow/example_dags/example_kubernetes_executor.py for tasks to queue
[2021-01-13 17:23:29,166] {logging_mixin.py:103} INFO - [2021-01-13 17:23:29,165] {dagbag.py:440} INFO - Filling up the DagBag from /Users/chowli/.local/share/virtualenvs/marketvol-WbDfdy4N/lib/python3.7/site-packages/airflow/example_dags/example_kubernetes_executor.py
[2021-01-13 17:23:29,180] {scheduler_job.py:639} INFO - DAG(s) dict_keys(['example_kubernetes_executor']) retrieved from /Users/chowli/.local/share/virtualenvs/marketvol-WbDfdy4N/lib/python3.7/site-packages/airflow/example_dags/example_kubernetes_executor.py
[2021-01-13 17:23:29,182] {logging_mixin.py:103} INFO - [2021-01-13 17:23:29,181] {dag.py:1813} INFO - Sync 1 DAGs
[2021-01-13 17:23:29,200] {logging_mixin.py:103} INFO - [2021-01-13 17:23:29,200] {dag.py:2266} INFO - Setting next_dagrun for example_kubernetes_executor to None
[2021-01-13 17:23:29,216] {scheduler_job.py:189} INFO - Processing /Users/chowli/.local/share/virtualenvs/marketvol-WbDfdy4N/lib/python3.7/site-packages/airflow/example_dags/example_kubernetes_executor.py took 0.057 seconds
[2021-01-13 17:23:54,448] {scheduler_job.py:181} INFO - Started process (PID=5966) to work on /Users/chowli/.local/share/virtualenvs/marketvol-WbDfdy4N/lib/python3.7/site-packages/airflow/example_dags/example_kubernetes_executor.py
[2021-01-13 17:23:54,450] {scheduler_job.py:629} INFO - Processing file /Users/chowli/.local/share/virtualenvs/marketvol-WbDfdy4N/lib/python3.7/site-packages/airflow/example_dags/example_kubernetes_executor.py for tasks to queue
[2021-01-13 17:23:54,451] {logging_mixin.py:103} INFO - [2021-01-13 17:23:54,451] {dagbag.py:440} INFO - Filling up the DagBag from /Users/chowli/.local/share/virtualenvs/marketvol-WbDfdy4N/lib/python3.7/site-packages/airflow/example_dags/example_kubernetes_executor.py
[2021-01-13 17:23:54,467] {scheduler_job.py:639} INFO - DAG(s) dict_keys(['example_kubernetes_executor']) retrieved from /Users/chowli/.local/share/virtualenvs/marketvol-WbDfdy4N/lib/python3.7/site-packages/airflow/example_dags/example_kubernetes_executor.py
[2021-01-13 17:23:54,468] {logging_mixin.py:103} INFO - [2021-01-13 17:23:54,468] {dag.py:1813} INFO - Sync 1 DAGs
[2021-01-13 17:23:54,486] {logging_mixin.py:103} INFO - [2021-01-13 17:23:54,486] {dag.py:2266} INFO - Setting next_dagrun for example_kubernetes_executor to None
[2021-01-13 17:23:54,501] {scheduler_job.py:189} INFO - Processing /Users/chowli/.local/share/virtualenvs/marketvol-WbDfdy4N/lib/python3.7/site-packages/airflow/example_dags/example_kubernetes_executor.py took 0.056 seconds
[2021-01-13 17:24:20,732] {scheduler_job.py:181} INFO - Started process (PID=6048) to work on /Users/chowli/.local/share/virtualenvs/marketvol-WbDfdy4N/lib/python3.7/site-packages/airflow/example_dags/example_kubernetes_executor.py
[2021-01-13 17:24:20,734] {scheduler_job.py:629} INFO - Processing file /Users/chowli/.local/share/virtualenvs/marketvol-WbDfdy4N/lib/python3.7/site-packages/airflow/example_dags/example_kubernetes_executor.py for tasks to queue
[2021-01-13 17:24:20,736] {logging_mixin.py:103} INFO - [2021-01-13 17:24:20,735] {dagbag.py:440} INFO - Filling up the DagBag from /Users/chowli/.local/share/virtualenvs/marketvol-WbDfdy4N/lib/python3.7/site-packages/airflow/example_dags/example_kubernetes_executor.py
[2021-01-13 17:24:20,751] {scheduler_job.py:639} INFO - DAG(s) dict_keys(['example_kubernetes_executor']) retrieved from /Users/chowli/.local/share/virtualenvs/marketvol-WbDfdy4N/lib/python3.7/site-packages/airflow/example_dags/example_kubernetes_executor.py
[2021-01-13 17:24:20,753] {logging_mixin.py:103} INFO - [2021-01-13 17:24:20,753] {dag.py:1813} INFO - Sync 1 DAGs
[2021-01-13 17:24:20,772] {logging_mixin.py:103} INFO - [2021-01-13 17:24:20,772] {dag.py:2266} INFO - Setting next_dagrun for example_kubernetes_executor to None
[2021-01-13 17:24:20,787] {scheduler_job.py:189} INFO - Processing /Users/chowli/.local/share/virtualenvs/marketvol-WbDfdy4N/lib/python3.7/site-packages/airflow/example_dags/example_kubernetes_executor.py took 0.060 seconds
[2021-01-13 17:24:45,975] {scheduler_job.py:181} INFO - Started process (PID=6087) to work on /Users/chowli/.local/share/virtualenvs/marketvol-WbDfdy4N/lib/python3.7/site-packages/airflow/example_dags/example_kubernetes_executor.py
[2021-01-13 17:24:45,977] {scheduler_job.py:629} INFO - Processing file /Users/chowli/.local/share/virtualenvs/marketvol-WbDfdy4N/lib/python3.7/site-packages/airflow/example_dags/example_kubernetes_executor.py for tasks to queue
[2021-01-13 17:24:45,979] {logging_mixin.py:103} INFO - [2021-01-13 17:24:45,978] {dagbag.py:440} INFO - Filling up the DagBag from /Users/chowli/.local/share/virtualenvs/marketvol-WbDfdy4N/lib/python3.7/site-packages/airflow/example_dags/example_kubernetes_executor.py
[2021-01-13 17:24:45,993] {scheduler_job.py:639} INFO - DAG(s) dict_keys(['example_kubernetes_executor']) retrieved from /Users/chowli/.local/share/virtualenvs/marketvol-WbDfdy4N/lib/python3.7/site-packages/airflow/example_dags/example_kubernetes_executor.py
[2021-01-13 17:24:45,994] {logging_mixin.py:103} INFO - [2021-01-13 17:24:45,994] {dag.py:1813} INFO - Sync 1 DAGs
[2021-01-13 17:24:46,012] {logging_mixin.py:103} INFO - [2021-01-13 17:24:46,011] {dag.py:2266} INFO - Setting next_dagrun for example_kubernetes_executor to None
[2021-01-13 17:24:46,027] {scheduler_job.py:189} INFO - Processing /Users/chowli/.local/share/virtualenvs/marketvol-WbDfdy4N/lib/python3.7/site-packages/airflow/example_dags/example_kubernetes_executor.py took 0.055 seconds
[2021-01-13 17:25:11,213] {scheduler_job.py:181} INFO - Started process (PID=6115) to work on /Users/chowli/.local/share/virtualenvs/marketvol-WbDfdy4N/lib/python3.7/site-packages/airflow/example_dags/example_kubernetes_executor.py
[2021-01-13 17:25:11,215] {scheduler_job.py:629} INFO - Processing file /Users/chowli/.local/share/virtualenvs/marketvol-WbDfdy4N/lib/python3.7/site-packages/airflow/example_dags/example_kubernetes_executor.py for tasks to queue
[2021-01-13 17:25:11,216] {logging_mixin.py:103} INFO - [2021-01-13 17:25:11,216] {dagbag.py:440} INFO - Filling up the DagBag from /Users/chowli/.local/share/virtualenvs/marketvol-WbDfdy4N/lib/python3.7/site-packages/airflow/example_dags/example_kubernetes_executor.py
[2021-01-13 17:25:11,230] {scheduler_job.py:639} INFO - DAG(s) dict_keys(['example_kubernetes_executor']) retrieved from /Users/chowli/.local/share/virtualenvs/marketvol-WbDfdy4N/lib/python3.7/site-packages/airflow/example_dags/example_kubernetes_executor.py
[2021-01-13 17:25:11,232] {logging_mixin.py:103} INFO - [2021-01-13 17:25:11,231] {dag.py:1813} INFO - Sync 1 DAGs
[2021-01-13 17:25:11,250] {logging_mixin.py:103} INFO - [2021-01-13 17:25:11,249] {dag.py:2266} INFO - Setting next_dagrun for example_kubernetes_executor to None
[2021-01-13 17:25:11,264] {scheduler_job.py:189} INFO - Processing /Users/chowli/.local/share/virtualenvs/marketvol-WbDfdy4N/lib/python3.7/site-packages/airflow/example_dags/example_kubernetes_executor.py took 0.055 seconds
[2021-01-13 17:25:37,496] {scheduler_job.py:181} INFO - Started process (PID=6143) to work on /Users/chowli/.local/share/virtualenvs/marketvol-WbDfdy4N/lib/python3.7/site-packages/airflow/example_dags/example_kubernetes_executor.py
[2021-01-13 17:25:37,498] {scheduler_job.py:629} INFO - Processing file /Users/chowli/.local/share/virtualenvs/marketvol-WbDfdy4N/lib/python3.7/site-packages/airflow/example_dags/example_kubernetes_executor.py for tasks to queue
[2021-01-13 17:25:37,499] {logging_mixin.py:103} INFO - [2021-01-13 17:25:37,499] {dagbag.py:440} INFO - Filling up the DagBag from /Users/chowli/.local/share/virtualenvs/marketvol-WbDfdy4N/lib/python3.7/site-packages/airflow/example_dags/example_kubernetes_executor.py
[2021-01-13 17:25:37,514] {scheduler_job.py:639} INFO - DAG(s) dict_keys(['example_kubernetes_executor']) retrieved from /Users/chowli/.local/share/virtualenvs/marketvol-WbDfdy4N/lib/python3.7/site-packages/airflow/example_dags/example_kubernetes_executor.py
[2021-01-13 17:25:37,516] {logging_mixin.py:103} INFO - [2021-01-13 17:25:37,515] {dag.py:1813} INFO - Sync 1 DAGs
[2021-01-13 17:25:37,535] {logging_mixin.py:103} INFO - [2021-01-13 17:25:37,535] {dag.py:2266} INFO - Setting next_dagrun for example_kubernetes_executor to None
[2021-01-13 17:25:37,551] {scheduler_job.py:189} INFO - Processing /Users/chowli/.local/share/virtualenvs/marketvol-WbDfdy4N/lib/python3.7/site-packages/airflow/example_dags/example_kubernetes_executor.py took 0.059 seconds
[2021-01-13 17:26:04,697] {scheduler_job.py:181} INFO - Started process (PID=6179) to work on /Users/chowli/.local/share/virtualenvs/marketvol-WbDfdy4N/lib/python3.7/site-packages/airflow/example_dags/example_kubernetes_executor.py
[2021-01-13 17:26:04,699] {scheduler_job.py:629} INFO - Processing file /Users/chowli/.local/share/virtualenvs/marketvol-WbDfdy4N/lib/python3.7/site-packages/airflow/example_dags/example_kubernetes_executor.py for tasks to queue
[2021-01-13 17:26:04,700] {logging_mixin.py:103} INFO - [2021-01-13 17:26:04,700] {dagbag.py:440} INFO - Filling up the DagBag from /Users/chowli/.local/share/virtualenvs/marketvol-WbDfdy4N/lib/python3.7/site-packages/airflow/example_dags/example_kubernetes_executor.py
[2021-01-13 17:26:04,715] {scheduler_job.py:639} INFO - DAG(s) dict_keys(['example_kubernetes_executor']) retrieved from /Users/chowli/.local/share/virtualenvs/marketvol-WbDfdy4N/lib/python3.7/site-packages/airflow/example_dags/example_kubernetes_executor.py
[2021-01-13 17:26:04,717] {logging_mixin.py:103} INFO - [2021-01-13 17:26:04,716] {dag.py:1813} INFO - Sync 1 DAGs
[2021-01-13 17:26:04,734] {logging_mixin.py:103} INFO - [2021-01-13 17:26:04,734] {dag.py:2266} INFO - Setting next_dagrun for example_kubernetes_executor to None
[2021-01-13 17:26:04,748] {scheduler_job.py:189} INFO - Processing /Users/chowli/.local/share/virtualenvs/marketvol-WbDfdy4N/lib/python3.7/site-packages/airflow/example_dags/example_kubernetes_executor.py took 0.055 seconds
[2021-01-13 17:26:29,919] {scheduler_job.py:181} INFO - Started process (PID=6215) to work on /Users/chowli/.local/share/virtualenvs/marketvol-WbDfdy4N/lib/python3.7/site-packages/airflow/example_dags/example_kubernetes_executor.py
[2021-01-13 17:26:29,920] {scheduler_job.py:629} INFO - Processing file /Users/chowli/.local/share/virtualenvs/marketvol-WbDfdy4N/lib/python3.7/site-packages/airflow/example_dags/example_kubernetes_executor.py for tasks to queue
[2021-01-13 17:26:29,922] {logging_mixin.py:103} INFO - [2021-01-13 17:26:29,921] {dagbag.py:440} INFO - Filling up the DagBag from /Users/chowli/.local/share/virtualenvs/marketvol-WbDfdy4N/lib/python3.7/site-packages/airflow/example_dags/example_kubernetes_executor.py
[2021-01-13 17:26:29,934] {scheduler_job.py:639} INFO - DAG(s) dict_keys(['example_kubernetes_executor']) retrieved from /Users/chowli/.local/share/virtualenvs/marketvol-WbDfdy4N/lib/python3.7/site-packages/airflow/example_dags/example_kubernetes_executor.py
[2021-01-13 17:26:29,935] {logging_mixin.py:103} INFO - [2021-01-13 17:26:29,935] {dag.py:1813} INFO - Sync 1 DAGs
[2021-01-13 17:26:29,955] {logging_mixin.py:103} INFO - [2021-01-13 17:26:29,955] {dag.py:2266} INFO - Setting next_dagrun for example_kubernetes_executor to None
[2021-01-13 17:26:29,969] {scheduler_job.py:189} INFO - Processing /Users/chowli/.local/share/virtualenvs/marketvol-WbDfdy4N/lib/python3.7/site-packages/airflow/example_dags/example_kubernetes_executor.py took 0.053 seconds
[2021-01-13 17:26:55,171] {scheduler_job.py:181} INFO - Started process (PID=6258) to work on /Users/chowli/.local/share/virtualenvs/marketvol-WbDfdy4N/lib/python3.7/site-packages/airflow/example_dags/example_kubernetes_executor.py
[2021-01-13 17:26:55,173] {scheduler_job.py:629} INFO - Processing file /Users/chowli/.local/share/virtualenvs/marketvol-WbDfdy4N/lib/python3.7/site-packages/airflow/example_dags/example_kubernetes_executor.py for tasks to queue
[2021-01-13 17:26:55,174] {logging_mixin.py:103} INFO - [2021-01-13 17:26:55,174] {dagbag.py:440} INFO - Filling up the DagBag from /Users/chowli/.local/share/virtualenvs/marketvol-WbDfdy4N/lib/python3.7/site-packages/airflow/example_dags/example_kubernetes_executor.py
[2021-01-13 17:26:55,188] {scheduler_job.py:639} INFO - DAG(s) dict_keys(['example_kubernetes_executor']) retrieved from /Users/chowli/.local/share/virtualenvs/marketvol-WbDfdy4N/lib/python3.7/site-packages/airflow/example_dags/example_kubernetes_executor.py
[2021-01-13 17:26:55,190] {logging_mixin.py:103} INFO - [2021-01-13 17:26:55,189] {dag.py:1813} INFO - Sync 1 DAGs
[2021-01-13 17:26:55,208] {logging_mixin.py:103} INFO - [2021-01-13 17:26:55,207] {dag.py:2266} INFO - Setting next_dagrun for example_kubernetes_executor to None
[2021-01-13 17:26:55,222] {scheduler_job.py:189} INFO - Processing /Users/chowli/.local/share/virtualenvs/marketvol-WbDfdy4N/lib/python3.7/site-packages/airflow/example_dags/example_kubernetes_executor.py took 0.054 seconds
[2021-01-13 17:27:20,417] {scheduler_job.py:181} INFO - Started process (PID=6298) to work on /Users/chowli/.local/share/virtualenvs/marketvol-WbDfdy4N/lib/python3.7/site-packages/airflow/example_dags/example_kubernetes_executor.py
[2021-01-13 17:27:20,420] {scheduler_job.py:629} INFO - Processing file /Users/chowli/.local/share/virtualenvs/marketvol-WbDfdy4N/lib/python3.7/site-packages/airflow/example_dags/example_kubernetes_executor.py for tasks to queue
[2021-01-13 17:27:20,421] {logging_mixin.py:103} INFO - [2021-01-13 17:27:20,421] {dagbag.py:440} INFO - Filling up the DagBag from /Users/chowli/.local/share/virtualenvs/marketvol-WbDfdy4N/lib/python3.7/site-packages/airflow/example_dags/example_kubernetes_executor.py
[2021-01-13 17:27:20,435] {scheduler_job.py:639} INFO - DAG(s) dict_keys(['example_kubernetes_executor']) retrieved from /Users/chowli/.local/share/virtualenvs/marketvol-WbDfdy4N/lib/python3.7/site-packages/airflow/example_dags/example_kubernetes_executor.py
[2021-01-13 17:27:20,436] {logging_mixin.py:103} INFO - [2021-01-13 17:27:20,436] {dag.py:1813} INFO - Sync 1 DAGs
[2021-01-13 17:27:20,454] {logging_mixin.py:103} INFO - [2021-01-13 17:27:20,453] {dag.py:2266} INFO - Setting next_dagrun for example_kubernetes_executor to None
[2021-01-13 17:27:20,468] {scheduler_job.py:189} INFO - Processing /Users/chowli/.local/share/virtualenvs/marketvol-WbDfdy4N/lib/python3.7/site-packages/airflow/example_dags/example_kubernetes_executor.py took 0.054 seconds
[2021-01-13 17:27:45,660] {scheduler_job.py:181} INFO - Started process (PID=6328) to work on /Users/chowli/.local/share/virtualenvs/marketvol-WbDfdy4N/lib/python3.7/site-packages/airflow/example_dags/example_kubernetes_executor.py
[2021-01-13 17:27:45,661] {scheduler_job.py:629} INFO - Processing file /Users/chowli/.local/share/virtualenvs/marketvol-WbDfdy4N/lib/python3.7/site-packages/airflow/example_dags/example_kubernetes_executor.py for tasks to queue
[2021-01-13 17:27:45,662] {logging_mixin.py:103} INFO - [2021-01-13 17:27:45,662] {dagbag.py:440} INFO - Filling up the DagBag from /Users/chowli/.local/share/virtualenvs/marketvol-WbDfdy4N/lib/python3.7/site-packages/airflow/example_dags/example_kubernetes_executor.py
[2021-01-13 17:27:45,673] {scheduler_job.py:639} INFO - DAG(s) dict_keys(['example_kubernetes_executor']) retrieved from /Users/chowli/.local/share/virtualenvs/marketvol-WbDfdy4N/lib/python3.7/site-packages/airflow/example_dags/example_kubernetes_executor.py
[2021-01-13 17:27:45,675] {logging_mixin.py:103} INFO - [2021-01-13 17:27:45,674] {dag.py:1813} INFO - Sync 1 DAGs
[2021-01-13 17:27:45,690] {logging_mixin.py:103} INFO - [2021-01-13 17:27:45,690] {dag.py:2266} INFO - Setting next_dagrun for example_kubernetes_executor to None
[2021-01-13 17:27:45,704] {scheduler_job.py:189} INFO - Processing /Users/chowli/.local/share/virtualenvs/marketvol-WbDfdy4N/lib/python3.7/site-packages/airflow/example_dags/example_kubernetes_executor.py took 0.048 seconds
[2021-01-13 17:28:11,940] {scheduler_job.py:181} INFO - Started process (PID=6356) to work on /Users/chowli/.local/share/virtualenvs/marketvol-WbDfdy4N/lib/python3.7/site-packages/airflow/example_dags/example_kubernetes_executor.py
[2021-01-13 17:28:11,942] {scheduler_job.py:629} INFO - Processing file /Users/chowli/.local/share/virtualenvs/marketvol-WbDfdy4N/lib/python3.7/site-packages/airflow/example_dags/example_kubernetes_executor.py for tasks to queue
[2021-01-13 17:28:11,943] {logging_mixin.py:103} INFO - [2021-01-13 17:28:11,943] {dagbag.py:440} INFO - Filling up the DagBag from /Users/chowli/.local/share/virtualenvs/marketvol-WbDfdy4N/lib/python3.7/site-packages/airflow/example_dags/example_kubernetes_executor.py
[2021-01-13 17:28:11,957] {scheduler_job.py:639} INFO - DAG(s) dict_keys(['example_kubernetes_executor']) retrieved from /Users/chowli/.local/share/virtualenvs/marketvol-WbDfdy4N/lib/python3.7/site-packages/airflow/example_dags/example_kubernetes_executor.py
[2021-01-13 17:28:11,959] {logging_mixin.py:103} INFO - [2021-01-13 17:28:11,958] {dag.py:1813} INFO - Sync 1 DAGs
[2021-01-13 17:28:11,977] {logging_mixin.py:103} INFO - [2021-01-13 17:28:11,976] {dag.py:2266} INFO - Setting next_dagrun for example_kubernetes_executor to None
[2021-01-13 17:28:11,992] {scheduler_job.py:189} INFO - Processing /Users/chowli/.local/share/virtualenvs/marketvol-WbDfdy4N/lib/python3.7/site-packages/airflow/example_dags/example_kubernetes_executor.py took 0.055 seconds
[2021-01-13 17:29:03,859] {scheduler_job.py:181} INFO - Started process (PID=6435) to work on /Users/chowli/.local/share/virtualenvs/marketvol-WbDfdy4N/lib/python3.7/site-packages/airflow/example_dags/example_kubernetes_executor.py
[2021-01-13 17:29:03,860] {scheduler_job.py:629} INFO - Processing file /Users/chowli/.local/share/virtualenvs/marketvol-WbDfdy4N/lib/python3.7/site-packages/airflow/example_dags/example_kubernetes_executor.py for tasks to queue
[2021-01-13 17:29:03,862] {logging_mixin.py:103} INFO - [2021-01-13 17:29:03,861] {dagbag.py:440} INFO - Filling up the DagBag from /Users/chowli/.local/share/virtualenvs/marketvol-WbDfdy4N/lib/python3.7/site-packages/airflow/example_dags/example_kubernetes_executor.py
[2021-01-13 17:29:03,876] {scheduler_job.py:639} INFO - DAG(s) dict_keys(['example_kubernetes_executor']) retrieved from /Users/chowli/.local/share/virtualenvs/marketvol-WbDfdy4N/lib/python3.7/site-packages/airflow/example_dags/example_kubernetes_executor.py
[2021-01-13 17:29:03,878] {logging_mixin.py:103} INFO - [2021-01-13 17:29:03,878] {dag.py:1813} INFO - Sync 1 DAGs
[2021-01-13 17:29:03,897] {logging_mixin.py:103} INFO - [2021-01-13 17:29:03,897] {dag.py:2266} INFO - Setting next_dagrun for example_kubernetes_executor to None
[2021-01-13 17:29:03,931] {scheduler_job.py:189} INFO - Processing /Users/chowli/.local/share/virtualenvs/marketvol-WbDfdy4N/lib/python3.7/site-packages/airflow/example_dags/example_kubernetes_executor.py took 0.076 seconds
