[2021-01-13 17:23:13,883] {scheduler_job.py:181} INFO - Started process (PID=5872) to work on /Users/chowli/.local/share/virtualenvs/marketvol-WbDfdy4N/lib/python3.7/site-packages/airflow/example_dags/example_complex.py
[2021-01-13 17:23:13,885] {scheduler_job.py:629} INFO - Processing file /Users/chowli/.local/share/virtualenvs/marketvol-WbDfdy4N/lib/python3.7/site-packages/airflow/example_dags/example_complex.py for tasks to queue
[2021-01-13 17:23:13,886] {logging_mixin.py:103} INFO - [2021-01-13 17:23:13,886] {dagbag.py:440} INFO - Filling up the DagBag from /Users/chowli/.local/share/virtualenvs/marketvol-WbDfdy4N/lib/python3.7/site-packages/airflow/example_dags/example_complex.py
[2021-01-13 17:23:13,905] {scheduler_job.py:639} INFO - DAG(s) dict_keys(['example_complex']) retrieved from /Users/chowli/.local/share/virtualenvs/marketvol-WbDfdy4N/lib/python3.7/site-packages/airflow/example_dags/example_complex.py
[2021-01-13 17:23:13,906] {logging_mixin.py:103} INFO - [2021-01-13 17:23:13,906] {dag.py:1813} INFO - Sync 1 DAGs
[2021-01-13 17:23:13,923] {logging_mixin.py:103} INFO - [2021-01-13 17:23:13,922] {dag.py:2266} INFO - Setting next_dagrun for example_complex to None
[2021-01-13 17:23:13,953] {scheduler_job.py:189} INFO - Processing /Users/chowli/.local/share/virtualenvs/marketvol-WbDfdy4N/lib/python3.7/site-packages/airflow/example_dags/example_complex.py took 0.073 seconds
[2021-01-13 17:23:40,348] {scheduler_job.py:181} INFO - Started process (PID=5902) to work on /Users/chowli/.local/share/virtualenvs/marketvol-WbDfdy4N/lib/python3.7/site-packages/airflow/example_dags/example_complex.py
[2021-01-13 17:23:40,350] {scheduler_job.py:629} INFO - Processing file /Users/chowli/.local/share/virtualenvs/marketvol-WbDfdy4N/lib/python3.7/site-packages/airflow/example_dags/example_complex.py for tasks to queue
[2021-01-13 17:23:40,351] {logging_mixin.py:103} INFO - [2021-01-13 17:23:40,351] {dagbag.py:440} INFO - Filling up the DagBag from /Users/chowli/.local/share/virtualenvs/marketvol-WbDfdy4N/lib/python3.7/site-packages/airflow/example_dags/example_complex.py
[2021-01-13 17:23:40,368] {scheduler_job.py:639} INFO - DAG(s) dict_keys(['example_complex']) retrieved from /Users/chowli/.local/share/virtualenvs/marketvol-WbDfdy4N/lib/python3.7/site-packages/airflow/example_dags/example_complex.py
[2021-01-13 17:23:40,370] {logging_mixin.py:103} INFO - [2021-01-13 17:23:40,370] {dag.py:1813} INFO - Sync 1 DAGs
[2021-01-13 17:23:40,386] {logging_mixin.py:103} INFO - [2021-01-13 17:23:40,386] {dag.py:2266} INFO - Setting next_dagrun for example_complex to None
[2021-01-13 17:23:40,396] {scheduler_job.py:189} INFO - Processing /Users/chowli/.local/share/virtualenvs/marketvol-WbDfdy4N/lib/python3.7/site-packages/airflow/example_dags/example_complex.py took 0.051 seconds
[2021-01-13 17:24:06,169] {scheduler_job.py:181} INFO - Started process (PID=6020) to work on /Users/chowli/.local/share/virtualenvs/marketvol-WbDfdy4N/lib/python3.7/site-packages/airflow/example_dags/example_complex.py
[2021-01-13 17:24:06,171] {scheduler_job.py:629} INFO - Processing file /Users/chowli/.local/share/virtualenvs/marketvol-WbDfdy4N/lib/python3.7/site-packages/airflow/example_dags/example_complex.py for tasks to queue
[2021-01-13 17:24:06,172] {logging_mixin.py:103} INFO - [2021-01-13 17:24:06,172] {dagbag.py:440} INFO - Filling up the DagBag from /Users/chowli/.local/share/virtualenvs/marketvol-WbDfdy4N/lib/python3.7/site-packages/airflow/example_dags/example_complex.py
[2021-01-13 17:24:06,193] {scheduler_job.py:639} INFO - DAG(s) dict_keys(['example_complex']) retrieved from /Users/chowli/.local/share/virtualenvs/marketvol-WbDfdy4N/lib/python3.7/site-packages/airflow/example_dags/example_complex.py
[2021-01-13 17:24:06,194] {logging_mixin.py:103} INFO - [2021-01-13 17:24:06,194] {dag.py:1813} INFO - Sync 1 DAGs
[2021-01-13 17:24:06,214] {logging_mixin.py:103} INFO - [2021-01-13 17:24:06,213] {dag.py:2266} INFO - Setting next_dagrun for example_complex to None
[2021-01-13 17:24:06,235] {scheduler_job.py:189} INFO - Processing /Users/chowli/.local/share/virtualenvs/marketvol-WbDfdy4N/lib/python3.7/site-packages/airflow/example_dags/example_complex.py took 0.069 seconds
[2021-01-13 17:24:31,862] {scheduler_job.py:181} INFO - Started process (PID=6072) to work on /Users/chowli/.local/share/virtualenvs/marketvol-WbDfdy4N/lib/python3.7/site-packages/airflow/example_dags/example_complex.py
[2021-01-13 17:24:31,863] {scheduler_job.py:629} INFO - Processing file /Users/chowli/.local/share/virtualenvs/marketvol-WbDfdy4N/lib/python3.7/site-packages/airflow/example_dags/example_complex.py for tasks to queue
[2021-01-13 17:24:31,865] {logging_mixin.py:103} INFO - [2021-01-13 17:24:31,864] {dagbag.py:440} INFO - Filling up the DagBag from /Users/chowli/.local/share/virtualenvs/marketvol-WbDfdy4N/lib/python3.7/site-packages/airflow/example_dags/example_complex.py
[2021-01-13 17:24:31,884] {scheduler_job.py:639} INFO - DAG(s) dict_keys(['example_complex']) retrieved from /Users/chowli/.local/share/virtualenvs/marketvol-WbDfdy4N/lib/python3.7/site-packages/airflow/example_dags/example_complex.py
[2021-01-13 17:24:31,886] {logging_mixin.py:103} INFO - [2021-01-13 17:24:31,885] {dag.py:1813} INFO - Sync 1 DAGs
[2021-01-13 17:24:31,903] {logging_mixin.py:103} INFO - [2021-01-13 17:24:31,903] {dag.py:2266} INFO - Setting next_dagrun for example_complex to None
[2021-01-13 17:24:31,922] {scheduler_job.py:189} INFO - Processing /Users/chowli/.local/share/virtualenvs/marketvol-WbDfdy4N/lib/python3.7/site-packages/airflow/example_dags/example_complex.py took 0.064 seconds
[2021-01-13 17:24:57,098] {scheduler_job.py:181} INFO - Started process (PID=6100) to work on /Users/chowli/.local/share/virtualenvs/marketvol-WbDfdy4N/lib/python3.7/site-packages/airflow/example_dags/example_complex.py
[2021-01-13 17:24:57,100] {scheduler_job.py:629} INFO - Processing file /Users/chowli/.local/share/virtualenvs/marketvol-WbDfdy4N/lib/python3.7/site-packages/airflow/example_dags/example_complex.py for tasks to queue
[2021-01-13 17:24:57,101] {logging_mixin.py:103} INFO - [2021-01-13 17:24:57,101] {dagbag.py:440} INFO - Filling up the DagBag from /Users/chowli/.local/share/virtualenvs/marketvol-WbDfdy4N/lib/python3.7/site-packages/airflow/example_dags/example_complex.py
[2021-01-13 17:24:57,119] {scheduler_job.py:639} INFO - DAG(s) dict_keys(['example_complex']) retrieved from /Users/chowli/.local/share/virtualenvs/marketvol-WbDfdy4N/lib/python3.7/site-packages/airflow/example_dags/example_complex.py
[2021-01-13 17:24:57,120] {logging_mixin.py:103} INFO - [2021-01-13 17:24:57,120] {dag.py:1813} INFO - Sync 1 DAGs
[2021-01-13 17:24:57,138] {logging_mixin.py:103} INFO - [2021-01-13 17:24:57,137] {dag.py:2266} INFO - Setting next_dagrun for example_complex to None
[2021-01-13 17:24:57,157] {scheduler_job.py:189} INFO - Processing /Users/chowli/.local/share/virtualenvs/marketvol-WbDfdy4N/lib/python3.7/site-packages/airflow/example_dags/example_complex.py took 0.062 seconds
[2021-01-13 17:25:22,455] {scheduler_job.py:181} INFO - Started process (PID=6127) to work on /Users/chowli/.local/share/virtualenvs/marketvol-WbDfdy4N/lib/python3.7/site-packages/airflow/example_dags/example_complex.py
[2021-01-13 17:25:22,457] {scheduler_job.py:629} INFO - Processing file /Users/chowli/.local/share/virtualenvs/marketvol-WbDfdy4N/lib/python3.7/site-packages/airflow/example_dags/example_complex.py for tasks to queue
[2021-01-13 17:25:22,458] {logging_mixin.py:103} INFO - [2021-01-13 17:25:22,458] {dagbag.py:440} INFO - Filling up the DagBag from /Users/chowli/.local/share/virtualenvs/marketvol-WbDfdy4N/lib/python3.7/site-packages/airflow/example_dags/example_complex.py
[2021-01-13 17:25:22,478] {scheduler_job.py:639} INFO - DAG(s) dict_keys(['example_complex']) retrieved from /Users/chowli/.local/share/virtualenvs/marketvol-WbDfdy4N/lib/python3.7/site-packages/airflow/example_dags/example_complex.py
[2021-01-13 17:25:22,479] {logging_mixin.py:103} INFO - [2021-01-13 17:25:22,479] {dag.py:1813} INFO - Sync 1 DAGs
[2021-01-13 17:25:22,497] {logging_mixin.py:103} INFO - [2021-01-13 17:25:22,497] {dag.py:2266} INFO - Setting next_dagrun for example_complex to None
[2021-01-13 17:25:22,515] {scheduler_job.py:189} INFO - Processing /Users/chowli/.local/share/virtualenvs/marketvol-WbDfdy4N/lib/python3.7/site-packages/airflow/example_dags/example_complex.py took 0.064 seconds
[2021-01-13 17:25:49,543] {scheduler_job.py:181} INFO - Started process (PID=6156) to work on /Users/chowli/.local/share/virtualenvs/marketvol-WbDfdy4N/lib/python3.7/site-packages/airflow/example_dags/example_complex.py
[2021-01-13 17:25:49,544] {scheduler_job.py:629} INFO - Processing file /Users/chowli/.local/share/virtualenvs/marketvol-WbDfdy4N/lib/python3.7/site-packages/airflow/example_dags/example_complex.py for tasks to queue
[2021-01-13 17:25:49,546] {logging_mixin.py:103} INFO - [2021-01-13 17:25:49,545] {dagbag.py:440} INFO - Filling up the DagBag from /Users/chowli/.local/share/virtualenvs/marketvol-WbDfdy4N/lib/python3.7/site-packages/airflow/example_dags/example_complex.py
[2021-01-13 17:25:49,567] {scheduler_job.py:639} INFO - DAG(s) dict_keys(['example_complex']) retrieved from /Users/chowli/.local/share/virtualenvs/marketvol-WbDfdy4N/lib/python3.7/site-packages/airflow/example_dags/example_complex.py
[2021-01-13 17:25:49,570] {logging_mixin.py:103} INFO - [2021-01-13 17:25:49,570] {dag.py:1813} INFO - Sync 1 DAGs
[2021-01-13 17:25:49,611] {logging_mixin.py:103} INFO - [2021-01-13 17:25:49,611] {dag.py:2266} INFO - Setting next_dagrun for example_complex to None
[2021-01-13 17:25:49,646] {scheduler_job.py:189} INFO - Processing /Users/chowli/.local/share/virtualenvs/marketvol-WbDfdy4N/lib/python3.7/site-packages/airflow/example_dags/example_complex.py took 0.108 seconds
[2021-01-13 17:26:15,826] {scheduler_job.py:181} INFO - Started process (PID=6193) to work on /Users/chowli/.local/share/virtualenvs/marketvol-WbDfdy4N/lib/python3.7/site-packages/airflow/example_dags/example_complex.py
[2021-01-13 17:26:15,827] {scheduler_job.py:629} INFO - Processing file /Users/chowli/.local/share/virtualenvs/marketvol-WbDfdy4N/lib/python3.7/site-packages/airflow/example_dags/example_complex.py for tasks to queue
[2021-01-13 17:26:15,829] {logging_mixin.py:103} INFO - [2021-01-13 17:26:15,829] {dagbag.py:440} INFO - Filling up the DagBag from /Users/chowli/.local/share/virtualenvs/marketvol-WbDfdy4N/lib/python3.7/site-packages/airflow/example_dags/example_complex.py
[2021-01-13 17:26:15,849] {scheduler_job.py:639} INFO - DAG(s) dict_keys(['example_complex']) retrieved from /Users/chowli/.local/share/virtualenvs/marketvol-WbDfdy4N/lib/python3.7/site-packages/airflow/example_dags/example_complex.py
[2021-01-13 17:26:15,850] {logging_mixin.py:103} INFO - [2021-01-13 17:26:15,850] {dag.py:1813} INFO - Sync 1 DAGs
[2021-01-13 17:26:15,868] {logging_mixin.py:103} INFO - [2021-01-13 17:26:15,867] {dag.py:2266} INFO - Setting next_dagrun for example_complex to None
[2021-01-13 17:26:15,890] {scheduler_job.py:189} INFO - Processing /Users/chowli/.local/share/virtualenvs/marketvol-WbDfdy4N/lib/python3.7/site-packages/airflow/example_dags/example_complex.py took 0.067 seconds
[2021-01-13 17:26:41,064] {scheduler_job.py:181} INFO - Started process (PID=6227) to work on /Users/chowli/.local/share/virtualenvs/marketvol-WbDfdy4N/lib/python3.7/site-packages/airflow/example_dags/example_complex.py
[2021-01-13 17:26:41,065] {scheduler_job.py:629} INFO - Processing file /Users/chowli/.local/share/virtualenvs/marketvol-WbDfdy4N/lib/python3.7/site-packages/airflow/example_dags/example_complex.py for tasks to queue
[2021-01-13 17:26:41,066] {logging_mixin.py:103} INFO - [2021-01-13 17:26:41,066] {dagbag.py:440} INFO - Filling up the DagBag from /Users/chowli/.local/share/virtualenvs/marketvol-WbDfdy4N/lib/python3.7/site-packages/airflow/example_dags/example_complex.py
[2021-01-13 17:26:41,085] {scheduler_job.py:639} INFO - DAG(s) dict_keys(['example_complex']) retrieved from /Users/chowli/.local/share/virtualenvs/marketvol-WbDfdy4N/lib/python3.7/site-packages/airflow/example_dags/example_complex.py
[2021-01-13 17:26:41,087] {logging_mixin.py:103} INFO - [2021-01-13 17:26:41,087] {dag.py:1813} INFO - Sync 1 DAGs
[2021-01-13 17:26:41,105] {logging_mixin.py:103} INFO - [2021-01-13 17:26:41,105] {dag.py:2266} INFO - Setting next_dagrun for example_complex to None
[2021-01-13 17:26:41,125] {scheduler_job.py:189} INFO - Processing /Users/chowli/.local/share/virtualenvs/marketvol-WbDfdy4N/lib/python3.7/site-packages/airflow/example_dags/example_complex.py took 0.065 seconds
[2021-01-13 17:27:06,299] {scheduler_job.py:181} INFO - Started process (PID=6272) to work on /Users/chowli/.local/share/virtualenvs/marketvol-WbDfdy4N/lib/python3.7/site-packages/airflow/example_dags/example_complex.py
[2021-01-13 17:27:06,301] {scheduler_job.py:629} INFO - Processing file /Users/chowli/.local/share/virtualenvs/marketvol-WbDfdy4N/lib/python3.7/site-packages/airflow/example_dags/example_complex.py for tasks to queue
[2021-01-13 17:27:06,302] {logging_mixin.py:103} INFO - [2021-01-13 17:27:06,302] {dagbag.py:440} INFO - Filling up the DagBag from /Users/chowli/.local/share/virtualenvs/marketvol-WbDfdy4N/lib/python3.7/site-packages/airflow/example_dags/example_complex.py
[2021-01-13 17:27:06,321] {scheduler_job.py:639} INFO - DAG(s) dict_keys(['example_complex']) retrieved from /Users/chowli/.local/share/virtualenvs/marketvol-WbDfdy4N/lib/python3.7/site-packages/airflow/example_dags/example_complex.py
[2021-01-13 17:27:06,323] {logging_mixin.py:103} INFO - [2021-01-13 17:27:06,322] {dag.py:1813} INFO - Sync 1 DAGs
[2021-01-13 17:27:06,341] {logging_mixin.py:103} INFO - [2021-01-13 17:27:06,340] {dag.py:2266} INFO - Setting next_dagrun for example_complex to None
[2021-01-13 17:27:06,359] {scheduler_job.py:189} INFO - Processing /Users/chowli/.local/share/virtualenvs/marketvol-WbDfdy4N/lib/python3.7/site-packages/airflow/example_dags/example_complex.py took 0.064 seconds
[2021-01-13 17:27:31,546] {scheduler_job.py:181} INFO - Started process (PID=6311) to work on /Users/chowli/.local/share/virtualenvs/marketvol-WbDfdy4N/lib/python3.7/site-packages/airflow/example_dags/example_complex.py
[2021-01-13 17:27:31,548] {scheduler_job.py:629} INFO - Processing file /Users/chowli/.local/share/virtualenvs/marketvol-WbDfdy4N/lib/python3.7/site-packages/airflow/example_dags/example_complex.py for tasks to queue
[2021-01-13 17:27:31,549] {logging_mixin.py:103} INFO - [2021-01-13 17:27:31,548] {dagbag.py:440} INFO - Filling up the DagBag from /Users/chowli/.local/share/virtualenvs/marketvol-WbDfdy4N/lib/python3.7/site-packages/airflow/example_dags/example_complex.py
[2021-01-13 17:27:31,565] {scheduler_job.py:639} INFO - DAG(s) dict_keys(['example_complex']) retrieved from /Users/chowli/.local/share/virtualenvs/marketvol-WbDfdy4N/lib/python3.7/site-packages/airflow/example_dags/example_complex.py
[2021-01-13 17:27:31,566] {logging_mixin.py:103} INFO - [2021-01-13 17:27:31,566] {dag.py:1813} INFO - Sync 1 DAGs
[2021-01-13 17:27:31,583] {logging_mixin.py:103} INFO - [2021-01-13 17:27:31,583] {dag.py:2266} INFO - Setting next_dagrun for example_complex to None
[2021-01-13 17:27:31,602] {scheduler_job.py:189} INFO - Processing /Users/chowli/.local/share/virtualenvs/marketvol-WbDfdy4N/lib/python3.7/site-packages/airflow/example_dags/example_complex.py took 0.060 seconds
[2021-01-13 17:27:56,801] {scheduler_job.py:181} INFO - Started process (PID=6340) to work on /Users/chowli/.local/share/virtualenvs/marketvol-WbDfdy4N/lib/python3.7/site-packages/airflow/example_dags/example_complex.py
[2021-01-13 17:27:56,803] {scheduler_job.py:629} INFO - Processing file /Users/chowli/.local/share/virtualenvs/marketvol-WbDfdy4N/lib/python3.7/site-packages/airflow/example_dags/example_complex.py for tasks to queue
[2021-01-13 17:27:56,805] {logging_mixin.py:103} INFO - [2021-01-13 17:27:56,804] {dagbag.py:440} INFO - Filling up the DagBag from /Users/chowli/.local/share/virtualenvs/marketvol-WbDfdy4N/lib/python3.7/site-packages/airflow/example_dags/example_complex.py
[2021-01-13 17:27:56,829] {scheduler_job.py:639} INFO - DAG(s) dict_keys(['example_complex']) retrieved from /Users/chowli/.local/share/virtualenvs/marketvol-WbDfdy4N/lib/python3.7/site-packages/airflow/example_dags/example_complex.py
[2021-01-13 17:27:56,831] {logging_mixin.py:103} INFO - [2021-01-13 17:27:56,831] {dag.py:1813} INFO - Sync 1 DAGs
[2021-01-13 17:27:56,854] {logging_mixin.py:103} INFO - [2021-01-13 17:27:56,853] {dag.py:2266} INFO - Setting next_dagrun for example_complex to None
[2021-01-13 17:27:56,879] {scheduler_job.py:189} INFO - Processing /Users/chowli/.local/share/virtualenvs/marketvol-WbDfdy4N/lib/python3.7/site-packages/airflow/example_dags/example_complex.py took 0.084 seconds
[2021-01-13 17:28:48,367] {scheduler_job.py:181} INFO - Started process (PID=6400) to work on /Users/chowli/.local/share/virtualenvs/marketvol-WbDfdy4N/lib/python3.7/site-packages/airflow/example_dags/example_complex.py
[2021-01-13 17:28:48,369] {scheduler_job.py:629} INFO - Processing file /Users/chowli/.local/share/virtualenvs/marketvol-WbDfdy4N/lib/python3.7/site-packages/airflow/example_dags/example_complex.py for tasks to queue
[2021-01-13 17:28:48,370] {logging_mixin.py:103} INFO - [2021-01-13 17:28:48,370] {dagbag.py:440} INFO - Filling up the DagBag from /Users/chowli/.local/share/virtualenvs/marketvol-WbDfdy4N/lib/python3.7/site-packages/airflow/example_dags/example_complex.py
[2021-01-13 17:28:48,389] {scheduler_job.py:639} INFO - DAG(s) dict_keys(['example_complex']) retrieved from /Users/chowli/.local/share/virtualenvs/marketvol-WbDfdy4N/lib/python3.7/site-packages/airflow/example_dags/example_complex.py
[2021-01-13 17:28:48,390] {logging_mixin.py:103} INFO - [2021-01-13 17:28:48,390] {dag.py:1813} INFO - Sync 1 DAGs
[2021-01-13 17:28:48,409] {logging_mixin.py:103} INFO - [2021-01-13 17:28:48,408] {dag.py:2266} INFO - Setting next_dagrun for example_complex to None
[2021-01-13 17:28:48,440] {scheduler_job.py:189} INFO - Processing /Users/chowli/.local/share/virtualenvs/marketvol-WbDfdy4N/lib/python3.7/site-packages/airflow/example_dags/example_complex.py took 0.076 seconds
[2021-01-13 17:29:21,827] {scheduler_job.py:181} INFO - Started process (PID=6456) to work on /Users/chowli/.local/share/virtualenvs/marketvol-WbDfdy4N/lib/python3.7/site-packages/airflow/example_dags/example_complex.py
[2021-01-13 17:29:21,829] {scheduler_job.py:629} INFO - Processing file /Users/chowli/.local/share/virtualenvs/marketvol-WbDfdy4N/lib/python3.7/site-packages/airflow/example_dags/example_complex.py for tasks to queue
[2021-01-13 17:29:21,830] {logging_mixin.py:103} INFO - [2021-01-13 17:29:21,829] {dagbag.py:440} INFO - Filling up the DagBag from /Users/chowli/.local/share/virtualenvs/marketvol-WbDfdy4N/lib/python3.7/site-packages/airflow/example_dags/example_complex.py
[2021-01-13 17:29:21,850] {scheduler_job.py:639} INFO - DAG(s) dict_keys(['example_complex']) retrieved from /Users/chowli/.local/share/virtualenvs/marketvol-WbDfdy4N/lib/python3.7/site-packages/airflow/example_dags/example_complex.py
[2021-01-13 17:29:21,852] {logging_mixin.py:103} INFO - [2021-01-13 17:29:21,852] {dag.py:1813} INFO - Sync 1 DAGs
[2021-01-13 17:29:21,871] {logging_mixin.py:103} INFO - [2021-01-13 17:29:21,871] {dag.py:2266} INFO - Setting next_dagrun for example_complex to None
[2021-01-13 17:29:21,890] {scheduler_job.py:189} INFO - Processing /Users/chowli/.local/share/virtualenvs/marketvol-WbDfdy4N/lib/python3.7/site-packages/airflow/example_dags/example_complex.py took 0.067 seconds
