[2021-01-13 17:23:21,047] {scheduler_job.py:181} INFO - Started process (PID=5880) to work on /Users/chowli/.local/share/virtualenvs/marketvol-WbDfdy4N/lib/python3.7/site-packages/airflow/example_dags/example_external_task_marker_dag.py
[2021-01-13 17:23:21,049] {scheduler_job.py:629} INFO - Processing file /Users/chowli/.local/share/virtualenvs/marketvol-WbDfdy4N/lib/python3.7/site-packages/airflow/example_dags/example_external_task_marker_dag.py for tasks to queue
[2021-01-13 17:23:21,051] {logging_mixin.py:103} INFO - [2021-01-13 17:23:21,051] {dagbag.py:440} INFO - Filling up the DagBag from /Users/chowli/.local/share/virtualenvs/marketvol-WbDfdy4N/lib/python3.7/site-packages/airflow/example_dags/example_external_task_marker_dag.py
[2021-01-13 17:23:21,066] {scheduler_job.py:639} INFO - DAG(s) dict_keys(['example_external_task_marker_parent', 'example_external_task_marker_child']) retrieved from /Users/chowli/.local/share/virtualenvs/marketvol-WbDfdy4N/lib/python3.7/site-packages/airflow/example_dags/example_external_task_marker_dag.py
[2021-01-13 17:23:21,068] {logging_mixin.py:103} INFO - [2021-01-13 17:23:21,068] {dag.py:1813} INFO - Sync 2 DAGs
[2021-01-13 17:23:21,089] {logging_mixin.py:103} INFO - [2021-01-13 17:23:21,089] {dag.py:2266} INFO - Setting next_dagrun for example_external_task_marker_child to None
[2021-01-13 17:23:21,091] {logging_mixin.py:103} INFO - [2021-01-13 17:23:21,091] {dag.py:2266} INFO - Setting next_dagrun for example_external_task_marker_parent to None
[2021-01-13 17:23:21,123] {scheduler_job.py:189} INFO - Processing /Users/chowli/.local/share/virtualenvs/marketvol-WbDfdy4N/lib/python3.7/site-packages/airflow/example_dags/example_external_task_marker_dag.py took 0.080 seconds
[2021-01-13 17:23:47,324] {scheduler_job.py:181} INFO - Started process (PID=5939) to work on /Users/chowli/.local/share/virtualenvs/marketvol-WbDfdy4N/lib/python3.7/site-packages/airflow/example_dags/example_external_task_marker_dag.py
[2021-01-13 17:23:47,326] {scheduler_job.py:629} INFO - Processing file /Users/chowli/.local/share/virtualenvs/marketvol-WbDfdy4N/lib/python3.7/site-packages/airflow/example_dags/example_external_task_marker_dag.py for tasks to queue
[2021-01-13 17:23:47,328] {logging_mixin.py:103} INFO - [2021-01-13 17:23:47,327] {dagbag.py:440} INFO - Filling up the DagBag from /Users/chowli/.local/share/virtualenvs/marketvol-WbDfdy4N/lib/python3.7/site-packages/airflow/example_dags/example_external_task_marker_dag.py
[2021-01-13 17:23:47,340] {scheduler_job.py:639} INFO - DAG(s) dict_keys(['example_external_task_marker_parent', 'example_external_task_marker_child']) retrieved from /Users/chowli/.local/share/virtualenvs/marketvol-WbDfdy4N/lib/python3.7/site-packages/airflow/example_dags/example_external_task_marker_dag.py
[2021-01-13 17:23:47,342] {logging_mixin.py:103} INFO - [2021-01-13 17:23:47,342] {dag.py:1813} INFO - Sync 2 DAGs
[2021-01-13 17:23:47,361] {logging_mixin.py:103} INFO - [2021-01-13 17:23:47,361] {dag.py:2266} INFO - Setting next_dagrun for example_external_task_marker_child to None
[2021-01-13 17:23:47,363] {logging_mixin.py:103} INFO - [2021-01-13 17:23:47,362] {dag.py:2266} INFO - Setting next_dagrun for example_external_task_marker_parent to None
[2021-01-13 17:23:47,377] {scheduler_job.py:189} INFO - Processing /Users/chowli/.local/share/virtualenvs/marketvol-WbDfdy4N/lib/python3.7/site-packages/airflow/example_dags/example_external_task_marker_dag.py took 0.057 seconds
[2021-01-13 17:24:12,571] {scheduler_job.py:181} INFO - Started process (PID=6038) to work on /Users/chowli/.local/share/virtualenvs/marketvol-WbDfdy4N/lib/python3.7/site-packages/airflow/example_dags/example_external_task_marker_dag.py
[2021-01-13 17:24:12,573] {scheduler_job.py:629} INFO - Processing file /Users/chowli/.local/share/virtualenvs/marketvol-WbDfdy4N/lib/python3.7/site-packages/airflow/example_dags/example_external_task_marker_dag.py for tasks to queue
[2021-01-13 17:24:12,574] {logging_mixin.py:103} INFO - [2021-01-13 17:24:12,574] {dagbag.py:440} INFO - Filling up the DagBag from /Users/chowli/.local/share/virtualenvs/marketvol-WbDfdy4N/lib/python3.7/site-packages/airflow/example_dags/example_external_task_marker_dag.py
[2021-01-13 17:24:12,591] {scheduler_job.py:639} INFO - DAG(s) dict_keys(['example_external_task_marker_parent', 'example_external_task_marker_child']) retrieved from /Users/chowli/.local/share/virtualenvs/marketvol-WbDfdy4N/lib/python3.7/site-packages/airflow/example_dags/example_external_task_marker_dag.py
[2021-01-13 17:24:12,594] {logging_mixin.py:103} INFO - [2021-01-13 17:24:12,593] {dag.py:1813} INFO - Sync 2 DAGs
[2021-01-13 17:24:12,615] {logging_mixin.py:103} INFO - [2021-01-13 17:24:12,615] {dag.py:2266} INFO - Setting next_dagrun for example_external_task_marker_child to None
[2021-01-13 17:24:12,617] {logging_mixin.py:103} INFO - [2021-01-13 17:24:12,617] {dag.py:2266} INFO - Setting next_dagrun for example_external_task_marker_parent to None
[2021-01-13 17:24:12,647] {scheduler_job.py:189} INFO - Processing /Users/chowli/.local/share/virtualenvs/marketvol-WbDfdy4N/lib/python3.7/site-packages/airflow/example_dags/example_external_task_marker_dag.py took 0.081 seconds
[2021-01-13 17:24:37,803] {scheduler_job.py:181} INFO - Started process (PID=6079) to work on /Users/chowli/.local/share/virtualenvs/marketvol-WbDfdy4N/lib/python3.7/site-packages/airflow/example_dags/example_external_task_marker_dag.py
[2021-01-13 17:24:37,805] {scheduler_job.py:629} INFO - Processing file /Users/chowli/.local/share/virtualenvs/marketvol-WbDfdy4N/lib/python3.7/site-packages/airflow/example_dags/example_external_task_marker_dag.py for tasks to queue
[2021-01-13 17:24:37,806] {logging_mixin.py:103} INFO - [2021-01-13 17:24:37,806] {dagbag.py:440} INFO - Filling up the DagBag from /Users/chowli/.local/share/virtualenvs/marketvol-WbDfdy4N/lib/python3.7/site-packages/airflow/example_dags/example_external_task_marker_dag.py
[2021-01-13 17:24:37,820] {scheduler_job.py:639} INFO - DAG(s) dict_keys(['example_external_task_marker_parent', 'example_external_task_marker_child']) retrieved from /Users/chowli/.local/share/virtualenvs/marketvol-WbDfdy4N/lib/python3.7/site-packages/airflow/example_dags/example_external_task_marker_dag.py
[2021-01-13 17:24:37,822] {logging_mixin.py:103} INFO - [2021-01-13 17:24:37,821] {dag.py:1813} INFO - Sync 2 DAGs
[2021-01-13 17:24:37,841] {logging_mixin.py:103} INFO - [2021-01-13 17:24:37,841] {dag.py:2266} INFO - Setting next_dagrun for example_external_task_marker_child to None
[2021-01-13 17:24:37,843] {logging_mixin.py:103} INFO - [2021-01-13 17:24:37,843] {dag.py:2266} INFO - Setting next_dagrun for example_external_task_marker_parent to None
[2021-01-13 17:24:37,857] {scheduler_job.py:189} INFO - Processing /Users/chowli/.local/share/virtualenvs/marketvol-WbDfdy4N/lib/python3.7/site-packages/airflow/example_dags/example_external_task_marker_dag.py took 0.058 seconds
[2021-01-13 17:25:04,097] {scheduler_job.py:181} INFO - Started process (PID=6107) to work on /Users/chowli/.local/share/virtualenvs/marketvol-WbDfdy4N/lib/python3.7/site-packages/airflow/example_dags/example_external_task_marker_dag.py
[2021-01-13 17:25:04,098] {scheduler_job.py:629} INFO - Processing file /Users/chowli/.local/share/virtualenvs/marketvol-WbDfdy4N/lib/python3.7/site-packages/airflow/example_dags/example_external_task_marker_dag.py for tasks to queue
[2021-01-13 17:25:04,100] {logging_mixin.py:103} INFO - [2021-01-13 17:25:04,099] {dagbag.py:440} INFO - Filling up the DagBag from /Users/chowli/.local/share/virtualenvs/marketvol-WbDfdy4N/lib/python3.7/site-packages/airflow/example_dags/example_external_task_marker_dag.py
[2021-01-13 17:25:04,113] {scheduler_job.py:639} INFO - DAG(s) dict_keys(['example_external_task_marker_parent', 'example_external_task_marker_child']) retrieved from /Users/chowli/.local/share/virtualenvs/marketvol-WbDfdy4N/lib/python3.7/site-packages/airflow/example_dags/example_external_task_marker_dag.py
[2021-01-13 17:25:04,115] {logging_mixin.py:103} INFO - [2021-01-13 17:25:04,115] {dag.py:1813} INFO - Sync 2 DAGs
[2021-01-13 17:25:04,133] {logging_mixin.py:103} INFO - [2021-01-13 17:25:04,133] {dag.py:2266} INFO - Setting next_dagrun for example_external_task_marker_child to None
[2021-01-13 17:25:04,135] {logging_mixin.py:103} INFO - [2021-01-13 17:25:04,134] {dag.py:2266} INFO - Setting next_dagrun for example_external_task_marker_parent to None
[2021-01-13 17:25:04,150] {scheduler_job.py:189} INFO - Processing /Users/chowli/.local/share/virtualenvs/marketvol-WbDfdy4N/lib/python3.7/site-packages/airflow/example_dags/example_external_task_marker_dag.py took 0.057 seconds
[2021-01-13 17:25:29,330] {scheduler_job.py:181} INFO - Started process (PID=6135) to work on /Users/chowli/.local/share/virtualenvs/marketvol-WbDfdy4N/lib/python3.7/site-packages/airflow/example_dags/example_external_task_marker_dag.py
[2021-01-13 17:25:29,332] {scheduler_job.py:629} INFO - Processing file /Users/chowli/.local/share/virtualenvs/marketvol-WbDfdy4N/lib/python3.7/site-packages/airflow/example_dags/example_external_task_marker_dag.py for tasks to queue
[2021-01-13 17:25:29,333] {logging_mixin.py:103} INFO - [2021-01-13 17:25:29,333] {dagbag.py:440} INFO - Filling up the DagBag from /Users/chowli/.local/share/virtualenvs/marketvol-WbDfdy4N/lib/python3.7/site-packages/airflow/example_dags/example_external_task_marker_dag.py
[2021-01-13 17:25:29,343] {scheduler_job.py:639} INFO - DAG(s) dict_keys(['example_external_task_marker_parent', 'example_external_task_marker_child']) retrieved from /Users/chowli/.local/share/virtualenvs/marketvol-WbDfdy4N/lib/python3.7/site-packages/airflow/example_dags/example_external_task_marker_dag.py
[2021-01-13 17:25:29,344] {logging_mixin.py:103} INFO - [2021-01-13 17:25:29,344] {dag.py:1813} INFO - Sync 2 DAGs
[2021-01-13 17:25:29,360] {logging_mixin.py:103} INFO - [2021-01-13 17:25:29,359] {dag.py:2266} INFO - Setting next_dagrun for example_external_task_marker_child to None
[2021-01-13 17:25:29,361] {logging_mixin.py:103} INFO - [2021-01-13 17:25:29,361] {dag.py:2266} INFO - Setting next_dagrun for example_external_task_marker_parent to None
[2021-01-13 17:25:29,374] {scheduler_job.py:189} INFO - Processing /Users/chowli/.local/share/virtualenvs/marketvol-WbDfdy4N/lib/python3.7/site-packages/airflow/example_dags/example_external_task_marker_dag.py took 0.048 seconds
[2021-01-13 17:25:56,656] {scheduler_job.py:181} INFO - Started process (PID=6167) to work on /Users/chowli/.local/share/virtualenvs/marketvol-WbDfdy4N/lib/python3.7/site-packages/airflow/example_dags/example_external_task_marker_dag.py
[2021-01-13 17:25:56,657] {scheduler_job.py:629} INFO - Processing file /Users/chowli/.local/share/virtualenvs/marketvol-WbDfdy4N/lib/python3.7/site-packages/airflow/example_dags/example_external_task_marker_dag.py for tasks to queue
[2021-01-13 17:25:56,667] {logging_mixin.py:103} INFO - [2021-01-13 17:25:56,666] {dagbag.py:440} INFO - Filling up the DagBag from /Users/chowli/.local/share/virtualenvs/marketvol-WbDfdy4N/lib/python3.7/site-packages/airflow/example_dags/example_external_task_marker_dag.py
[2021-01-13 17:25:56,680] {scheduler_job.py:639} INFO - DAG(s) dict_keys(['example_external_task_marker_parent', 'example_external_task_marker_child']) retrieved from /Users/chowli/.local/share/virtualenvs/marketvol-WbDfdy4N/lib/python3.7/site-packages/airflow/example_dags/example_external_task_marker_dag.py
[2021-01-13 17:25:56,682] {logging_mixin.py:103} INFO - [2021-01-13 17:25:56,682] {dag.py:1813} INFO - Sync 2 DAGs
[2021-01-13 17:25:56,701] {logging_mixin.py:103} INFO - [2021-01-13 17:25:56,701] {dag.py:2266} INFO - Setting next_dagrun for example_external_task_marker_child to None
[2021-01-13 17:25:56,703] {logging_mixin.py:103} INFO - [2021-01-13 17:25:56,702] {dag.py:2266} INFO - Setting next_dagrun for example_external_task_marker_parent to None
[2021-01-13 17:25:56,726] {scheduler_job.py:189} INFO - Processing /Users/chowli/.local/share/virtualenvs/marketvol-WbDfdy4N/lib/python3.7/site-packages/airflow/example_dags/example_external_task_marker_dag.py took 0.073 seconds
[2021-01-13 17:26:22,604] {scheduler_job.py:181} INFO - Started process (PID=6203) to work on /Users/chowli/.local/share/virtualenvs/marketvol-WbDfdy4N/lib/python3.7/site-packages/airflow/example_dags/example_external_task_marker_dag.py
[2021-01-13 17:26:22,606] {scheduler_job.py:629} INFO - Processing file /Users/chowli/.local/share/virtualenvs/marketvol-WbDfdy4N/lib/python3.7/site-packages/airflow/example_dags/example_external_task_marker_dag.py for tasks to queue
[2021-01-13 17:26:22,608] {logging_mixin.py:103} INFO - [2021-01-13 17:26:22,608] {dagbag.py:440} INFO - Filling up the DagBag from /Users/chowli/.local/share/virtualenvs/marketvol-WbDfdy4N/lib/python3.7/site-packages/airflow/example_dags/example_external_task_marker_dag.py
[2021-01-13 17:26:22,622] {scheduler_job.py:639} INFO - DAG(s) dict_keys(['example_external_task_marker_parent', 'example_external_task_marker_child']) retrieved from /Users/chowli/.local/share/virtualenvs/marketvol-WbDfdy4N/lib/python3.7/site-packages/airflow/example_dags/example_external_task_marker_dag.py
[2021-01-13 17:26:22,624] {logging_mixin.py:103} INFO - [2021-01-13 17:26:22,623] {dag.py:1813} INFO - Sync 2 DAGs
[2021-01-13 17:26:22,643] {logging_mixin.py:103} INFO - [2021-01-13 17:26:22,642] {dag.py:2266} INFO - Setting next_dagrun for example_external_task_marker_child to None
[2021-01-13 17:26:22,644] {logging_mixin.py:103} INFO - [2021-01-13 17:26:22,644] {dag.py:2266} INFO - Setting next_dagrun for example_external_task_marker_parent to None
[2021-01-13 17:26:22,658] {scheduler_job.py:189} INFO - Processing /Users/chowli/.local/share/virtualenvs/marketvol-WbDfdy4N/lib/python3.7/site-packages/airflow/example_dags/example_external_task_marker_dag.py took 0.058 seconds
[2021-01-13 17:26:48,164] {scheduler_job.py:181} INFO - Started process (PID=6250) to work on /Users/chowli/.local/share/virtualenvs/marketvol-WbDfdy4N/lib/python3.7/site-packages/airflow/example_dags/example_external_task_marker_dag.py
[2021-01-13 17:26:48,167] {scheduler_job.py:629} INFO - Processing file /Users/chowli/.local/share/virtualenvs/marketvol-WbDfdy4N/lib/python3.7/site-packages/airflow/example_dags/example_external_task_marker_dag.py for tasks to queue
[2021-01-13 17:26:48,168] {logging_mixin.py:103} INFO - [2021-01-13 17:26:48,168] {dagbag.py:440} INFO - Filling up the DagBag from /Users/chowli/.local/share/virtualenvs/marketvol-WbDfdy4N/lib/python3.7/site-packages/airflow/example_dags/example_external_task_marker_dag.py
[2021-01-13 17:26:48,180] {scheduler_job.py:639} INFO - DAG(s) dict_keys(['example_external_task_marker_parent', 'example_external_task_marker_child']) retrieved from /Users/chowli/.local/share/virtualenvs/marketvol-WbDfdy4N/lib/python3.7/site-packages/airflow/example_dags/example_external_task_marker_dag.py
[2021-01-13 17:26:48,181] {logging_mixin.py:103} INFO - [2021-01-13 17:26:48,181] {dag.py:1813} INFO - Sync 2 DAGs
[2021-01-13 17:26:48,197] {logging_mixin.py:103} INFO - [2021-01-13 17:26:48,197] {dag.py:2266} INFO - Setting next_dagrun for example_external_task_marker_child to None
[2021-01-13 17:26:48,199] {logging_mixin.py:103} INFO - [2021-01-13 17:26:48,198] {dag.py:2266} INFO - Setting next_dagrun for example_external_task_marker_parent to None
[2021-01-13 17:26:48,219] {scheduler_job.py:189} INFO - Processing /Users/chowli/.local/share/virtualenvs/marketvol-WbDfdy4N/lib/python3.7/site-packages/airflow/example_dags/example_external_task_marker_dag.py took 0.058 seconds
[2021-01-13 17:27:12,383] {scheduler_job.py:181} INFO - Started process (PID=6279) to work on /Users/chowli/.local/share/virtualenvs/marketvol-WbDfdy4N/lib/python3.7/site-packages/airflow/example_dags/example_external_task_marker_dag.py
[2021-01-13 17:27:12,385] {scheduler_job.py:629} INFO - Processing file /Users/chowli/.local/share/virtualenvs/marketvol-WbDfdy4N/lib/python3.7/site-packages/airflow/example_dags/example_external_task_marker_dag.py for tasks to queue
[2021-01-13 17:27:12,386] {logging_mixin.py:103} INFO - [2021-01-13 17:27:12,385] {dagbag.py:440} INFO - Filling up the DagBag from /Users/chowli/.local/share/virtualenvs/marketvol-WbDfdy4N/lib/python3.7/site-packages/airflow/example_dags/example_external_task_marker_dag.py
[2021-01-13 17:27:12,399] {scheduler_job.py:639} INFO - DAG(s) dict_keys(['example_external_task_marker_parent', 'example_external_task_marker_child']) retrieved from /Users/chowli/.local/share/virtualenvs/marketvol-WbDfdy4N/lib/python3.7/site-packages/airflow/example_dags/example_external_task_marker_dag.py
[2021-01-13 17:27:12,401] {logging_mixin.py:103} INFO - [2021-01-13 17:27:12,401] {dag.py:1813} INFO - Sync 2 DAGs
[2021-01-13 17:27:12,420] {logging_mixin.py:103} INFO - [2021-01-13 17:27:12,420] {dag.py:2266} INFO - Setting next_dagrun for example_external_task_marker_child to None
[2021-01-13 17:27:12,421] {logging_mixin.py:103} INFO - [2021-01-13 17:27:12,421] {dag.py:2266} INFO - Setting next_dagrun for example_external_task_marker_parent to None
[2021-01-13 17:27:12,436] {scheduler_job.py:189} INFO - Processing /Users/chowli/.local/share/virtualenvs/marketvol-WbDfdy4N/lib/python3.7/site-packages/airflow/example_dags/example_external_task_marker_dag.py took 0.057 seconds
[2021-01-13 17:27:37,800] {scheduler_job.py:181} INFO - Started process (PID=6318) to work on /Users/chowli/.local/share/virtualenvs/marketvol-WbDfdy4N/lib/python3.7/site-packages/airflow/example_dags/example_external_task_marker_dag.py
[2021-01-13 17:27:37,802] {scheduler_job.py:629} INFO - Processing file /Users/chowli/.local/share/virtualenvs/marketvol-WbDfdy4N/lib/python3.7/site-packages/airflow/example_dags/example_external_task_marker_dag.py for tasks to queue
[2021-01-13 17:27:37,803] {logging_mixin.py:103} INFO - [2021-01-13 17:27:37,803] {dagbag.py:440} INFO - Filling up the DagBag from /Users/chowli/.local/share/virtualenvs/marketvol-WbDfdy4N/lib/python3.7/site-packages/airflow/example_dags/example_external_task_marker_dag.py
[2021-01-13 17:27:37,816] {scheduler_job.py:639} INFO - DAG(s) dict_keys(['example_external_task_marker_parent', 'example_external_task_marker_child']) retrieved from /Users/chowli/.local/share/virtualenvs/marketvol-WbDfdy4N/lib/python3.7/site-packages/airflow/example_dags/example_external_task_marker_dag.py
[2021-01-13 17:27:37,818] {logging_mixin.py:103} INFO - [2021-01-13 17:27:37,817] {dag.py:1813} INFO - Sync 2 DAGs
[2021-01-13 17:27:37,836] {logging_mixin.py:103} INFO - [2021-01-13 17:27:37,835] {dag.py:2266} INFO - Setting next_dagrun for example_external_task_marker_child to None
[2021-01-13 17:27:37,837] {logging_mixin.py:103} INFO - [2021-01-13 17:27:37,837] {dag.py:2266} INFO - Setting next_dagrun for example_external_task_marker_parent to None
[2021-01-13 17:27:37,864] {scheduler_job.py:189} INFO - Processing /Users/chowli/.local/share/virtualenvs/marketvol-WbDfdy4N/lib/python3.7/site-packages/airflow/example_dags/example_external_task_marker_dag.py took 0.068 seconds
[2021-01-13 17:28:03,916] {scheduler_job.py:181} INFO - Started process (PID=6348) to work on /Users/chowli/.local/share/virtualenvs/marketvol-WbDfdy4N/lib/python3.7/site-packages/airflow/example_dags/example_external_task_marker_dag.py
[2021-01-13 17:28:03,918] {scheduler_job.py:629} INFO - Processing file /Users/chowli/.local/share/virtualenvs/marketvol-WbDfdy4N/lib/python3.7/site-packages/airflow/example_dags/example_external_task_marker_dag.py for tasks to queue
[2021-01-13 17:28:03,919] {logging_mixin.py:103} INFO - [2021-01-13 17:28:03,919] {dagbag.py:440} INFO - Filling up the DagBag from /Users/chowli/.local/share/virtualenvs/marketvol-WbDfdy4N/lib/python3.7/site-packages/airflow/example_dags/example_external_task_marker_dag.py
[2021-01-13 17:28:03,934] {scheduler_job.py:639} INFO - DAG(s) dict_keys(['example_external_task_marker_parent', 'example_external_task_marker_child']) retrieved from /Users/chowli/.local/share/virtualenvs/marketvol-WbDfdy4N/lib/python3.7/site-packages/airflow/example_dags/example_external_task_marker_dag.py
[2021-01-13 17:28:03,936] {logging_mixin.py:103} INFO - [2021-01-13 17:28:03,936] {dag.py:1813} INFO - Sync 2 DAGs
[2021-01-13 17:28:03,955] {logging_mixin.py:103} INFO - [2021-01-13 17:28:03,954] {dag.py:2266} INFO - Setting next_dagrun for example_external_task_marker_child to None
[2021-01-13 17:28:03,956] {logging_mixin.py:103} INFO - [2021-01-13 17:28:03,956] {dag.py:2266} INFO - Setting next_dagrun for example_external_task_marker_parent to None
[2021-01-13 17:28:03,971] {scheduler_job.py:189} INFO - Processing /Users/chowli/.local/share/virtualenvs/marketvol-WbDfdy4N/lib/python3.7/site-packages/airflow/example_dags/example_external_task_marker_dag.py took 0.060 seconds
[2021-01-13 17:28:38,256] {scheduler_job.py:181} INFO - Started process (PID=6390) to work on /Users/chowli/.local/share/virtualenvs/marketvol-WbDfdy4N/lib/python3.7/site-packages/airflow/example_dags/example_external_task_marker_dag.py
[2021-01-13 17:28:38,258] {scheduler_job.py:629} INFO - Processing file /Users/chowli/.local/share/virtualenvs/marketvol-WbDfdy4N/lib/python3.7/site-packages/airflow/example_dags/example_external_task_marker_dag.py for tasks to queue
[2021-01-13 17:28:38,260] {logging_mixin.py:103} INFO - [2021-01-13 17:28:38,260] {dagbag.py:440} INFO - Filling up the DagBag from /Users/chowli/.local/share/virtualenvs/marketvol-WbDfdy4N/lib/python3.7/site-packages/airflow/example_dags/example_external_task_marker_dag.py
[2021-01-13 17:28:38,277] {scheduler_job.py:639} INFO - DAG(s) dict_keys(['example_external_task_marker_parent', 'example_external_task_marker_child']) retrieved from /Users/chowli/.local/share/virtualenvs/marketvol-WbDfdy4N/lib/python3.7/site-packages/airflow/example_dags/example_external_task_marker_dag.py
[2021-01-13 17:28:38,279] {logging_mixin.py:103} INFO - [2021-01-13 17:28:38,279] {dag.py:1813} INFO - Sync 2 DAGs
[2021-01-13 17:28:38,300] {logging_mixin.py:103} INFO - [2021-01-13 17:28:38,300] {dag.py:2266} INFO - Setting next_dagrun for example_external_task_marker_child to None
[2021-01-13 17:28:38,302] {logging_mixin.py:103} INFO - [2021-01-13 17:28:38,301] {dag.py:2266} INFO - Setting next_dagrun for example_external_task_marker_parent to None
[2021-01-13 17:28:38,321] {scheduler_job.py:189} INFO - Processing /Users/chowli/.local/share/virtualenvs/marketvol-WbDfdy4N/lib/python3.7/site-packages/airflow/example_dags/example_external_task_marker_dag.py took 0.070 seconds
[2021-01-13 17:29:11,725] {scheduler_job.py:181} INFO - Started process (PID=6444) to work on /Users/chowli/.local/share/virtualenvs/marketvol-WbDfdy4N/lib/python3.7/site-packages/airflow/example_dags/example_external_task_marker_dag.py
[2021-01-13 17:29:11,727] {scheduler_job.py:629} INFO - Processing file /Users/chowli/.local/share/virtualenvs/marketvol-WbDfdy4N/lib/python3.7/site-packages/airflow/example_dags/example_external_task_marker_dag.py for tasks to queue
[2021-01-13 17:29:11,729] {logging_mixin.py:103} INFO - [2021-01-13 17:29:11,728] {dagbag.py:440} INFO - Filling up the DagBag from /Users/chowli/.local/share/virtualenvs/marketvol-WbDfdy4N/lib/python3.7/site-packages/airflow/example_dags/example_external_task_marker_dag.py
[2021-01-13 17:29:11,742] {scheduler_job.py:639} INFO - DAG(s) dict_keys(['example_external_task_marker_parent', 'example_external_task_marker_child']) retrieved from /Users/chowli/.local/share/virtualenvs/marketvol-WbDfdy4N/lib/python3.7/site-packages/airflow/example_dags/example_external_task_marker_dag.py
[2021-01-13 17:29:11,744] {logging_mixin.py:103} INFO - [2021-01-13 17:29:11,744] {dag.py:1813} INFO - Sync 2 DAGs
[2021-01-13 17:29:11,764] {logging_mixin.py:103} INFO - [2021-01-13 17:29:11,764] {dag.py:2266} INFO - Setting next_dagrun for example_external_task_marker_child to None
[2021-01-13 17:29:11,766] {logging_mixin.py:103} INFO - [2021-01-13 17:29:11,765] {dag.py:2266} INFO - Setting next_dagrun for example_external_task_marker_parent to None
[2021-01-13 17:29:11,787] {scheduler_job.py:189} INFO - Processing /Users/chowli/.local/share/virtualenvs/marketvol-WbDfdy4N/lib/python3.7/site-packages/airflow/example_dags/example_external_task_marker_dag.py took 0.066 seconds
