[2021-01-13 17:22:16,847] {scheduler_job.py:181} INFO - Started process (PID=5734) to work on /Users/chowli/.local/share/virtualenvs/marketvol-WbDfdy4N/lib/python3.7/site-packages/airflow/example_dags/example_nested_branch_dag.py
[2021-01-13 17:22:16,849] {scheduler_job.py:629} INFO - Processing file /Users/chowli/.local/share/virtualenvs/marketvol-WbDfdy4N/lib/python3.7/site-packages/airflow/example_dags/example_nested_branch_dag.py for tasks to queue
[2021-01-13 17:22:16,850] {logging_mixin.py:103} INFO - [2021-01-13 17:22:16,850] {dagbag.py:440} INFO - Filling up the DagBag from /Users/chowli/.local/share/virtualenvs/marketvol-WbDfdy4N/lib/python3.7/site-packages/airflow/example_dags/example_nested_branch_dag.py
[2021-01-13 17:22:16,867] {scheduler_job.py:639} INFO - DAG(s) dict_keys(['example_nested_branch_dag']) retrieved from /Users/chowli/.local/share/virtualenvs/marketvol-WbDfdy4N/lib/python3.7/site-packages/airflow/example_dags/example_nested_branch_dag.py
[2021-01-13 17:22:16,869] {logging_mixin.py:103} INFO - [2021-01-13 17:22:16,868] {dag.py:1813} INFO - Sync 1 DAGs
[2021-01-13 17:22:16,896] {logging_mixin.py:103} INFO - [2021-01-13 17:22:16,895] {dag.py:2266} INFO - Setting next_dagrun for example_nested_branch_dag to 2021-01-12 00:00:00+00:00
[2021-01-13 17:22:16,919] {scheduler_job.py:189} INFO - Processing /Users/chowli/.local/share/virtualenvs/marketvol-WbDfdy4N/lib/python3.7/site-packages/airflow/example_dags/example_nested_branch_dag.py took 0.076 seconds
[2021-01-13 17:23:32,147] {scheduler_job.py:181} INFO - Started process (PID=5893) to work on /Users/chowli/.local/share/virtualenvs/marketvol-WbDfdy4N/lib/python3.7/site-packages/airflow/example_dags/example_nested_branch_dag.py
[2021-01-13 17:23:32,149] {scheduler_job.py:629} INFO - Processing file /Users/chowli/.local/share/virtualenvs/marketvol-WbDfdy4N/lib/python3.7/site-packages/airflow/example_dags/example_nested_branch_dag.py for tasks to queue
[2021-01-13 17:23:32,152] {logging_mixin.py:103} INFO - [2021-01-13 17:23:32,151] {dagbag.py:440} INFO - Filling up the DagBag from /Users/chowli/.local/share/virtualenvs/marketvol-WbDfdy4N/lib/python3.7/site-packages/airflow/example_dags/example_nested_branch_dag.py
[2021-01-13 17:23:32,172] {scheduler_job.py:639} INFO - DAG(s) dict_keys(['example_nested_branch_dag']) retrieved from /Users/chowli/.local/share/virtualenvs/marketvol-WbDfdy4N/lib/python3.7/site-packages/airflow/example_dags/example_nested_branch_dag.py
[2021-01-13 17:23:32,174] {logging_mixin.py:103} INFO - [2021-01-13 17:23:32,173] {dag.py:1813} INFO - Sync 1 DAGs
[2021-01-13 17:23:32,206] {logging_mixin.py:103} INFO - [2021-01-13 17:23:32,206] {dag.py:2266} INFO - Setting next_dagrun for example_nested_branch_dag to 2021-01-12 00:00:00+00:00
[2021-01-13 17:23:32,227] {scheduler_job.py:189} INFO - Processing /Users/chowli/.local/share/virtualenvs/marketvol-WbDfdy4N/lib/python3.7/site-packages/airflow/example_dags/example_nested_branch_dag.py took 0.085 seconds
[2021-01-13 17:23:57,415] {scheduler_job.py:181} INFO - Started process (PID=5969) to work on /Users/chowli/.local/share/virtualenvs/marketvol-WbDfdy4N/lib/python3.7/site-packages/airflow/example_dags/example_nested_branch_dag.py
[2021-01-13 17:23:57,417] {scheduler_job.py:629} INFO - Processing file /Users/chowli/.local/share/virtualenvs/marketvol-WbDfdy4N/lib/python3.7/site-packages/airflow/example_dags/example_nested_branch_dag.py for tasks to queue
[2021-01-13 17:23:57,418] {logging_mixin.py:103} INFO - [2021-01-13 17:23:57,418] {dagbag.py:440} INFO - Filling up the DagBag from /Users/chowli/.local/share/virtualenvs/marketvol-WbDfdy4N/lib/python3.7/site-packages/airflow/example_dags/example_nested_branch_dag.py
[2021-01-13 17:23:57,435] {scheduler_job.py:639} INFO - DAG(s) dict_keys(['example_nested_branch_dag']) retrieved from /Users/chowli/.local/share/virtualenvs/marketvol-WbDfdy4N/lib/python3.7/site-packages/airflow/example_dags/example_nested_branch_dag.py
[2021-01-13 17:23:57,436] {logging_mixin.py:103} INFO - [2021-01-13 17:23:57,436] {dag.py:1813} INFO - Sync 1 DAGs
[2021-01-13 17:23:57,462] {logging_mixin.py:103} INFO - [2021-01-13 17:23:57,462] {dag.py:2266} INFO - Setting next_dagrun for example_nested_branch_dag to 2021-01-12 00:00:00+00:00
[2021-01-13 17:23:57,475] {scheduler_job.py:189} INFO - Processing /Users/chowli/.local/share/virtualenvs/marketvol-WbDfdy4N/lib/python3.7/site-packages/airflow/example_dags/example_nested_branch_dag.py took 0.064 seconds
[2021-01-13 17:24:22,671] {scheduler_job.py:181} INFO - Started process (PID=6051) to work on /Users/chowli/.local/share/virtualenvs/marketvol-WbDfdy4N/lib/python3.7/site-packages/airflow/example_dags/example_nested_branch_dag.py
[2021-01-13 17:24:22,672] {scheduler_job.py:629} INFO - Processing file /Users/chowli/.local/share/virtualenvs/marketvol-WbDfdy4N/lib/python3.7/site-packages/airflow/example_dags/example_nested_branch_dag.py for tasks to queue
[2021-01-13 17:24:22,674] {logging_mixin.py:103} INFO - [2021-01-13 17:24:22,673] {dagbag.py:440} INFO - Filling up the DagBag from /Users/chowli/.local/share/virtualenvs/marketvol-WbDfdy4N/lib/python3.7/site-packages/airflow/example_dags/example_nested_branch_dag.py
[2021-01-13 17:24:22,691] {scheduler_job.py:639} INFO - DAG(s) dict_keys(['example_nested_branch_dag']) retrieved from /Users/chowli/.local/share/virtualenvs/marketvol-WbDfdy4N/lib/python3.7/site-packages/airflow/example_dags/example_nested_branch_dag.py
[2021-01-13 17:24:22,693] {logging_mixin.py:103} INFO - [2021-01-13 17:24:22,692] {dag.py:1813} INFO - Sync 1 DAGs
[2021-01-13 17:24:22,719] {logging_mixin.py:103} INFO - [2021-01-13 17:24:22,719] {dag.py:2266} INFO - Setting next_dagrun for example_nested_branch_dag to 2021-01-12 00:00:00+00:00
[2021-01-13 17:24:22,734] {scheduler_job.py:189} INFO - Processing /Users/chowli/.local/share/virtualenvs/marketvol-WbDfdy4N/lib/python3.7/site-packages/airflow/example_dags/example_nested_branch_dag.py took 0.067 seconds
[2021-01-13 17:24:48,958] {scheduler_job.py:181} INFO - Started process (PID=6090) to work on /Users/chowli/.local/share/virtualenvs/marketvol-WbDfdy4N/lib/python3.7/site-packages/airflow/example_dags/example_nested_branch_dag.py
[2021-01-13 17:24:48,959] {scheduler_job.py:629} INFO - Processing file /Users/chowli/.local/share/virtualenvs/marketvol-WbDfdy4N/lib/python3.7/site-packages/airflow/example_dags/example_nested_branch_dag.py for tasks to queue
[2021-01-13 17:24:48,961] {logging_mixin.py:103} INFO - [2021-01-13 17:24:48,960] {dagbag.py:440} INFO - Filling up the DagBag from /Users/chowli/.local/share/virtualenvs/marketvol-WbDfdy4N/lib/python3.7/site-packages/airflow/example_dags/example_nested_branch_dag.py
[2021-01-13 17:24:48,978] {scheduler_job.py:639} INFO - DAG(s) dict_keys(['example_nested_branch_dag']) retrieved from /Users/chowli/.local/share/virtualenvs/marketvol-WbDfdy4N/lib/python3.7/site-packages/airflow/example_dags/example_nested_branch_dag.py
[2021-01-13 17:24:48,979] {logging_mixin.py:103} INFO - [2021-01-13 17:24:48,979] {dag.py:1813} INFO - Sync 1 DAGs
[2021-01-13 17:24:49,005] {logging_mixin.py:103} INFO - [2021-01-13 17:24:49,005] {dag.py:2266} INFO - Setting next_dagrun for example_nested_branch_dag to 2021-01-12 00:00:00+00:00
[2021-01-13 17:24:49,019] {scheduler_job.py:189} INFO - Processing /Users/chowli/.local/share/virtualenvs/marketvol-WbDfdy4N/lib/python3.7/site-packages/airflow/example_dags/example_nested_branch_dag.py took 0.065 seconds
[2021-01-13 17:25:14,197] {scheduler_job.py:181} INFO - Started process (PID=6118) to work on /Users/chowli/.local/share/virtualenvs/marketvol-WbDfdy4N/lib/python3.7/site-packages/airflow/example_dags/example_nested_branch_dag.py
[2021-01-13 17:25:14,199] {scheduler_job.py:629} INFO - Processing file /Users/chowli/.local/share/virtualenvs/marketvol-WbDfdy4N/lib/python3.7/site-packages/airflow/example_dags/example_nested_branch_dag.py for tasks to queue
[2021-01-13 17:25:14,201] {logging_mixin.py:103} INFO - [2021-01-13 17:25:14,200] {dagbag.py:440} INFO - Filling up the DagBag from /Users/chowli/.local/share/virtualenvs/marketvol-WbDfdy4N/lib/python3.7/site-packages/airflow/example_dags/example_nested_branch_dag.py
[2021-01-13 17:25:14,217] {scheduler_job.py:639} INFO - DAG(s) dict_keys(['example_nested_branch_dag']) retrieved from /Users/chowli/.local/share/virtualenvs/marketvol-WbDfdy4N/lib/python3.7/site-packages/airflow/example_dags/example_nested_branch_dag.py
[2021-01-13 17:25:14,219] {logging_mixin.py:103} INFO - [2021-01-13 17:25:14,218] {dag.py:1813} INFO - Sync 1 DAGs
[2021-01-13 17:25:14,245] {logging_mixin.py:103} INFO - [2021-01-13 17:25:14,244] {dag.py:2266} INFO - Setting next_dagrun for example_nested_branch_dag to 2021-01-12 00:00:00+00:00
[2021-01-13 17:25:14,258] {scheduler_job.py:189} INFO - Processing /Users/chowli/.local/share/virtualenvs/marketvol-WbDfdy4N/lib/python3.7/site-packages/airflow/example_dags/example_nested_branch_dag.py took 0.065 seconds
[2021-01-13 17:25:40,485] {scheduler_job.py:181} INFO - Started process (PID=6146) to work on /Users/chowli/.local/share/virtualenvs/marketvol-WbDfdy4N/lib/python3.7/site-packages/airflow/example_dags/example_nested_branch_dag.py
[2021-01-13 17:25:40,487] {scheduler_job.py:629} INFO - Processing file /Users/chowli/.local/share/virtualenvs/marketvol-WbDfdy4N/lib/python3.7/site-packages/airflow/example_dags/example_nested_branch_dag.py for tasks to queue
[2021-01-13 17:25:40,489] {logging_mixin.py:103} INFO - [2021-01-13 17:25:40,489] {dagbag.py:440} INFO - Filling up the DagBag from /Users/chowli/.local/share/virtualenvs/marketvol-WbDfdy4N/lib/python3.7/site-packages/airflow/example_dags/example_nested_branch_dag.py
[2021-01-13 17:25:40,508] {scheduler_job.py:639} INFO - DAG(s) dict_keys(['example_nested_branch_dag']) retrieved from /Users/chowli/.local/share/virtualenvs/marketvol-WbDfdy4N/lib/python3.7/site-packages/airflow/example_dags/example_nested_branch_dag.py
[2021-01-13 17:25:40,510] {logging_mixin.py:103} INFO - [2021-01-13 17:25:40,510] {dag.py:1813} INFO - Sync 1 DAGs
[2021-01-13 17:25:40,545] {logging_mixin.py:103} INFO - [2021-01-13 17:25:40,545] {dag.py:2266} INFO - Setting next_dagrun for example_nested_branch_dag to 2021-01-12 00:00:00+00:00
[2021-01-13 17:25:40,565] {scheduler_job.py:189} INFO - Processing /Users/chowli/.local/share/virtualenvs/marketvol-WbDfdy4N/lib/python3.7/site-packages/airflow/example_dags/example_nested_branch_dag.py took 0.084 seconds
[2021-01-13 17:26:07,561] {scheduler_job.py:181} INFO - Started process (PID=6182) to work on /Users/chowli/.local/share/virtualenvs/marketvol-WbDfdy4N/lib/python3.7/site-packages/airflow/example_dags/example_nested_branch_dag.py
[2021-01-13 17:26:07,562] {scheduler_job.py:629} INFO - Processing file /Users/chowli/.local/share/virtualenvs/marketvol-WbDfdy4N/lib/python3.7/site-packages/airflow/example_dags/example_nested_branch_dag.py for tasks to queue
[2021-01-13 17:26:07,565] {logging_mixin.py:103} INFO - [2021-01-13 17:26:07,564] {dagbag.py:440} INFO - Filling up the DagBag from /Users/chowli/.local/share/virtualenvs/marketvol-WbDfdy4N/lib/python3.7/site-packages/airflow/example_dags/example_nested_branch_dag.py
[2021-01-13 17:26:07,585] {scheduler_job.py:639} INFO - DAG(s) dict_keys(['example_nested_branch_dag']) retrieved from /Users/chowli/.local/share/virtualenvs/marketvol-WbDfdy4N/lib/python3.7/site-packages/airflow/example_dags/example_nested_branch_dag.py
[2021-01-13 17:26:07,587] {logging_mixin.py:103} INFO - [2021-01-13 17:26:07,586] {dag.py:1813} INFO - Sync 1 DAGs
[2021-01-13 17:26:07,619] {logging_mixin.py:103} INFO - [2021-01-13 17:26:07,618] {dag.py:2266} INFO - Setting next_dagrun for example_nested_branch_dag to 2021-01-12 00:00:00+00:00
[2021-01-13 17:26:07,636] {scheduler_job.py:189} INFO - Processing /Users/chowli/.local/share/virtualenvs/marketvol-WbDfdy4N/lib/python3.7/site-packages/airflow/example_dags/example_nested_branch_dag.py took 0.080 seconds
[2021-01-13 17:26:33,012] {scheduler_job.py:181} INFO - Started process (PID=6218) to work on /Users/chowli/.local/share/virtualenvs/marketvol-WbDfdy4N/lib/python3.7/site-packages/airflow/example_dags/example_nested_branch_dag.py
[2021-01-13 17:26:33,014] {scheduler_job.py:629} INFO - Processing file /Users/chowli/.local/share/virtualenvs/marketvol-WbDfdy4N/lib/python3.7/site-packages/airflow/example_dags/example_nested_branch_dag.py for tasks to queue
[2021-01-13 17:26:33,015] {logging_mixin.py:103} INFO - [2021-01-13 17:26:33,014] {dagbag.py:440} INFO - Filling up the DagBag from /Users/chowli/.local/share/virtualenvs/marketvol-WbDfdy4N/lib/python3.7/site-packages/airflow/example_dags/example_nested_branch_dag.py
[2021-01-13 17:26:33,032] {scheduler_job.py:639} INFO - DAG(s) dict_keys(['example_nested_branch_dag']) retrieved from /Users/chowli/.local/share/virtualenvs/marketvol-WbDfdy4N/lib/python3.7/site-packages/airflow/example_dags/example_nested_branch_dag.py
[2021-01-13 17:26:33,033] {logging_mixin.py:103} INFO - [2021-01-13 17:26:33,033] {dag.py:1813} INFO - Sync 1 DAGs
[2021-01-13 17:26:33,059] {logging_mixin.py:103} INFO - [2021-01-13 17:26:33,058] {dag.py:2266} INFO - Setting next_dagrun for example_nested_branch_dag to 2021-01-12 00:00:00+00:00
[2021-01-13 17:26:33,073] {scheduler_job.py:189} INFO - Processing /Users/chowli/.local/share/virtualenvs/marketvol-WbDfdy4N/lib/python3.7/site-packages/airflow/example_dags/example_nested_branch_dag.py took 0.065 seconds
[2021-01-13 17:26:58,269] {scheduler_job.py:181} INFO - Started process (PID=6261) to work on /Users/chowli/.local/share/virtualenvs/marketvol-WbDfdy4N/lib/python3.7/site-packages/airflow/example_dags/example_nested_branch_dag.py
[2021-01-13 17:26:58,270] {scheduler_job.py:629} INFO - Processing file /Users/chowli/.local/share/virtualenvs/marketvol-WbDfdy4N/lib/python3.7/site-packages/airflow/example_dags/example_nested_branch_dag.py for tasks to queue
[2021-01-13 17:26:58,272] {logging_mixin.py:103} INFO - [2021-01-13 17:26:58,271] {dagbag.py:440} INFO - Filling up the DagBag from /Users/chowli/.local/share/virtualenvs/marketvol-WbDfdy4N/lib/python3.7/site-packages/airflow/example_dags/example_nested_branch_dag.py
[2021-01-13 17:26:58,288] {scheduler_job.py:639} INFO - DAG(s) dict_keys(['example_nested_branch_dag']) retrieved from /Users/chowli/.local/share/virtualenvs/marketvol-WbDfdy4N/lib/python3.7/site-packages/airflow/example_dags/example_nested_branch_dag.py
[2021-01-13 17:26:58,290] {logging_mixin.py:103} INFO - [2021-01-13 17:26:58,290] {dag.py:1813} INFO - Sync 1 DAGs
[2021-01-13 17:26:58,316] {logging_mixin.py:103} INFO - [2021-01-13 17:26:58,316] {dag.py:2266} INFO - Setting next_dagrun for example_nested_branch_dag to 2021-01-12 00:00:00+00:00
[2021-01-13 17:26:58,330] {scheduler_job.py:189} INFO - Processing /Users/chowli/.local/share/virtualenvs/marketvol-WbDfdy4N/lib/python3.7/site-packages/airflow/example_dags/example_nested_branch_dag.py took 0.066 seconds
[2021-01-13 17:27:22,765] {scheduler_job.py:181} INFO - Started process (PID=6301) to work on /Users/chowli/.local/share/virtualenvs/marketvol-WbDfdy4N/lib/python3.7/site-packages/airflow/example_dags/example_nested_branch_dag.py
[2021-01-13 17:27:22,768] {scheduler_job.py:629} INFO - Processing file /Users/chowli/.local/share/virtualenvs/marketvol-WbDfdy4N/lib/python3.7/site-packages/airflow/example_dags/example_nested_branch_dag.py for tasks to queue
[2021-01-13 17:27:22,770] {logging_mixin.py:103} INFO - [2021-01-13 17:27:22,769] {dagbag.py:440} INFO - Filling up the DagBag from /Users/chowli/.local/share/virtualenvs/marketvol-WbDfdy4N/lib/python3.7/site-packages/airflow/example_dags/example_nested_branch_dag.py
[2021-01-13 17:27:22,786] {scheduler_job.py:639} INFO - DAG(s) dict_keys(['example_nested_branch_dag']) retrieved from /Users/chowli/.local/share/virtualenvs/marketvol-WbDfdy4N/lib/python3.7/site-packages/airflow/example_dags/example_nested_branch_dag.py
[2021-01-13 17:27:22,787] {logging_mixin.py:103} INFO - [2021-01-13 17:27:22,787] {dag.py:1813} INFO - Sync 1 DAGs
[2021-01-13 17:27:22,813] {logging_mixin.py:103} INFO - [2021-01-13 17:27:22,813] {dag.py:2266} INFO - Setting next_dagrun for example_nested_branch_dag to 2021-01-12 00:00:00+00:00
[2021-01-13 17:27:22,827] {scheduler_job.py:189} INFO - Processing /Users/chowli/.local/share/virtualenvs/marketvol-WbDfdy4N/lib/python3.7/site-packages/airflow/example_dags/example_nested_branch_dag.py took 0.066 seconds
[2021-01-13 17:27:48,755] {scheduler_job.py:181} INFO - Started process (PID=6331) to work on /Users/chowli/.local/share/virtualenvs/marketvol-WbDfdy4N/lib/python3.7/site-packages/airflow/example_dags/example_nested_branch_dag.py
[2021-01-13 17:27:48,757] {scheduler_job.py:629} INFO - Processing file /Users/chowli/.local/share/virtualenvs/marketvol-WbDfdy4N/lib/python3.7/site-packages/airflow/example_dags/example_nested_branch_dag.py for tasks to queue
[2021-01-13 17:27:48,758] {logging_mixin.py:103} INFO - [2021-01-13 17:27:48,758] {dagbag.py:440} INFO - Filling up the DagBag from /Users/chowli/.local/share/virtualenvs/marketvol-WbDfdy4N/lib/python3.7/site-packages/airflow/example_dags/example_nested_branch_dag.py
[2021-01-13 17:27:48,777] {scheduler_job.py:639} INFO - DAG(s) dict_keys(['example_nested_branch_dag']) retrieved from /Users/chowli/.local/share/virtualenvs/marketvol-WbDfdy4N/lib/python3.7/site-packages/airflow/example_dags/example_nested_branch_dag.py
[2021-01-13 17:27:48,779] {logging_mixin.py:103} INFO - [2021-01-13 17:27:48,778] {dag.py:1813} INFO - Sync 1 DAGs
[2021-01-13 17:27:48,811] {logging_mixin.py:103} INFO - [2021-01-13 17:27:48,810] {dag.py:2266} INFO - Setting next_dagrun for example_nested_branch_dag to 2021-01-12 00:00:00+00:00
[2021-01-13 17:27:48,828] {scheduler_job.py:189} INFO - Processing /Users/chowli/.local/share/virtualenvs/marketvol-WbDfdy4N/lib/python3.7/site-packages/airflow/example_dags/example_nested_branch_dag.py took 0.077 seconds
[2021-01-13 17:29:01,674] {scheduler_job.py:181} INFO - Started process (PID=6432) to work on /Users/chowli/.local/share/virtualenvs/marketvol-WbDfdy4N/lib/python3.7/site-packages/airflow/example_dags/example_nested_branch_dag.py
[2021-01-13 17:29:01,676] {scheduler_job.py:629} INFO - Processing file /Users/chowli/.local/share/virtualenvs/marketvol-WbDfdy4N/lib/python3.7/site-packages/airflow/example_dags/example_nested_branch_dag.py for tasks to queue
[2021-01-13 17:29:01,677] {logging_mixin.py:103} INFO - [2021-01-13 17:29:01,677] {dagbag.py:440} INFO - Filling up the DagBag from /Users/chowli/.local/share/virtualenvs/marketvol-WbDfdy4N/lib/python3.7/site-packages/airflow/example_dags/example_nested_branch_dag.py
[2021-01-13 17:29:01,693] {scheduler_job.py:639} INFO - DAG(s) dict_keys(['example_nested_branch_dag']) retrieved from /Users/chowli/.local/share/virtualenvs/marketvol-WbDfdy4N/lib/python3.7/site-packages/airflow/example_dags/example_nested_branch_dag.py
[2021-01-13 17:29:01,694] {logging_mixin.py:103} INFO - [2021-01-13 17:29:01,694] {dag.py:1813} INFO - Sync 1 DAGs
[2021-01-13 17:29:01,718] {logging_mixin.py:103} INFO - [2021-01-13 17:29:01,718] {dag.py:2266} INFO - Setting next_dagrun for example_nested_branch_dag to 2021-01-12 00:00:00+00:00
[2021-01-13 17:29:01,737] {scheduler_job.py:189} INFO - Processing /Users/chowli/.local/share/virtualenvs/marketvol-WbDfdy4N/lib/python3.7/site-packages/airflow/example_dags/example_nested_branch_dag.py took 0.067 seconds
