[2021-01-13 17:22:46,588] {scheduler_job.py:181} INFO - Started process (PID=5804) to work on /Users/chowli/.local/share/virtualenvs/marketvol-WbDfdy4N/lib/python3.7/site-packages/airflow/example_dags/example_branch_operator.py
[2021-01-13 17:22:46,590] {scheduler_job.py:629} INFO - Processing file /Users/chowli/.local/share/virtualenvs/marketvol-WbDfdy4N/lib/python3.7/site-packages/airflow/example_dags/example_branch_operator.py for tasks to queue
[2021-01-13 17:22:46,592] {logging_mixin.py:103} INFO - [2021-01-13 17:22:46,592] {dagbag.py:440} INFO - Filling up the DagBag from /Users/chowli/.local/share/virtualenvs/marketvol-WbDfdy4N/lib/python3.7/site-packages/airflow/example_dags/example_branch_operator.py
[2021-01-13 17:22:46,612] {scheduler_job.py:639} INFO - DAG(s) dict_keys(['example_branch_operator']) retrieved from /Users/chowli/.local/share/virtualenvs/marketvol-WbDfdy4N/lib/python3.7/site-packages/airflow/example_dags/example_branch_operator.py
[2021-01-13 17:22:46,615] {logging_mixin.py:103} INFO - [2021-01-13 17:22:46,614] {dag.py:1813} INFO - Sync 1 DAGs
[2021-01-13 17:22:46,646] {logging_mixin.py:103} INFO - [2021-01-13 17:22:46,645] {dag.py:2266} INFO - Setting next_dagrun for example_branch_operator to 2021-01-12 00:00:00+00:00
[2021-01-13 17:22:46,677] {scheduler_job.py:189} INFO - Processing /Users/chowli/.local/share/virtualenvs/marketvol-WbDfdy4N/lib/python3.7/site-packages/airflow/example_dags/example_branch_operator.py took 0.093 seconds
[2021-01-13 17:23:35,252] {scheduler_job.py:181} INFO - Started process (PID=5896) to work on /Users/chowli/.local/share/virtualenvs/marketvol-WbDfdy4N/lib/python3.7/site-packages/airflow/example_dags/example_branch_operator.py
[2021-01-13 17:23:35,255] {scheduler_job.py:629} INFO - Processing file /Users/chowli/.local/share/virtualenvs/marketvol-WbDfdy4N/lib/python3.7/site-packages/airflow/example_dags/example_branch_operator.py for tasks to queue
[2021-01-13 17:23:35,256] {logging_mixin.py:103} INFO - [2021-01-13 17:23:35,256] {dagbag.py:440} INFO - Filling up the DagBag from /Users/chowli/.local/share/virtualenvs/marketvol-WbDfdy4N/lib/python3.7/site-packages/airflow/example_dags/example_branch_operator.py
[2021-01-13 17:23:35,275] {scheduler_job.py:639} INFO - DAG(s) dict_keys(['example_branch_operator']) retrieved from /Users/chowli/.local/share/virtualenvs/marketvol-WbDfdy4N/lib/python3.7/site-packages/airflow/example_dags/example_branch_operator.py
[2021-01-13 17:23:35,278] {logging_mixin.py:103} INFO - [2021-01-13 17:23:35,277] {dag.py:1813} INFO - Sync 1 DAGs
[2021-01-13 17:23:35,312] {logging_mixin.py:103} INFO - [2021-01-13 17:23:35,311] {dag.py:2266} INFO - Setting next_dagrun for example_branch_operator to 2021-01-12 00:00:00+00:00
[2021-01-13 17:23:35,332] {scheduler_job.py:189} INFO - Processing /Users/chowli/.local/share/virtualenvs/marketvol-WbDfdy4N/lib/python3.7/site-packages/airflow/example_dags/example_branch_operator.py took 0.083 seconds
[2021-01-13 17:24:00,525] {scheduler_job.py:181} INFO - Started process (PID=5989) to work on /Users/chowli/.local/share/virtualenvs/marketvol-WbDfdy4N/lib/python3.7/site-packages/airflow/example_dags/example_branch_operator.py
[2021-01-13 17:24:00,527] {scheduler_job.py:629} INFO - Processing file /Users/chowli/.local/share/virtualenvs/marketvol-WbDfdy4N/lib/python3.7/site-packages/airflow/example_dags/example_branch_operator.py for tasks to queue
[2021-01-13 17:24:00,528] {logging_mixin.py:103} INFO - [2021-01-13 17:24:00,528] {dagbag.py:440} INFO - Filling up the DagBag from /Users/chowli/.local/share/virtualenvs/marketvol-WbDfdy4N/lib/python3.7/site-packages/airflow/example_dags/example_branch_operator.py
[2021-01-13 17:24:00,546] {scheduler_job.py:639} INFO - DAG(s) dict_keys(['example_branch_operator']) retrieved from /Users/chowli/.local/share/virtualenvs/marketvol-WbDfdy4N/lib/python3.7/site-packages/airflow/example_dags/example_branch_operator.py
[2021-01-13 17:24:00,548] {logging_mixin.py:103} INFO - [2021-01-13 17:24:00,548] {dag.py:1813} INFO - Sync 1 DAGs
[2021-01-13 17:24:00,575] {logging_mixin.py:103} INFO - [2021-01-13 17:24:00,574] {dag.py:2266} INFO - Setting next_dagrun for example_branch_operator to 2021-01-12 00:00:00+00:00
[2021-01-13 17:24:00,590] {scheduler_job.py:189} INFO - Processing /Users/chowli/.local/share/virtualenvs/marketvol-WbDfdy4N/lib/python3.7/site-packages/airflow/example_dags/example_branch_operator.py took 0.068 seconds
[2021-01-13 17:24:25,774] {scheduler_job.py:181} INFO - Started process (PID=6057) to work on /Users/chowli/.local/share/virtualenvs/marketvol-WbDfdy4N/lib/python3.7/site-packages/airflow/example_dags/example_branch_operator.py
[2021-01-13 17:24:25,776] {scheduler_job.py:629} INFO - Processing file /Users/chowli/.local/share/virtualenvs/marketvol-WbDfdy4N/lib/python3.7/site-packages/airflow/example_dags/example_branch_operator.py for tasks to queue
[2021-01-13 17:24:25,777] {logging_mixin.py:103} INFO - [2021-01-13 17:24:25,777] {dagbag.py:440} INFO - Filling up the DagBag from /Users/chowli/.local/share/virtualenvs/marketvol-WbDfdy4N/lib/python3.7/site-packages/airflow/example_dags/example_branch_operator.py
[2021-01-13 17:24:25,794] {scheduler_job.py:639} INFO - DAG(s) dict_keys(['example_branch_operator']) retrieved from /Users/chowli/.local/share/virtualenvs/marketvol-WbDfdy4N/lib/python3.7/site-packages/airflow/example_dags/example_branch_operator.py
[2021-01-13 17:24:25,796] {logging_mixin.py:103} INFO - [2021-01-13 17:24:25,796] {dag.py:1813} INFO - Sync 1 DAGs
[2021-01-13 17:24:25,826] {logging_mixin.py:103} INFO - [2021-01-13 17:24:25,825] {dag.py:2266} INFO - Setting next_dagrun for example_branch_operator to 2021-01-12 00:00:00+00:00
[2021-01-13 17:24:25,843] {scheduler_job.py:189} INFO - Processing /Users/chowli/.local/share/virtualenvs/marketvol-WbDfdy4N/lib/python3.7/site-packages/airflow/example_dags/example_branch_operator.py took 0.073 seconds
[2021-01-13 17:24:51,287] {scheduler_job.py:181} INFO - Started process (PID=6093) to work on /Users/chowli/.local/share/virtualenvs/marketvol-WbDfdy4N/lib/python3.7/site-packages/airflow/example_dags/example_branch_operator.py
[2021-01-13 17:24:51,289] {scheduler_job.py:629} INFO - Processing file /Users/chowli/.local/share/virtualenvs/marketvol-WbDfdy4N/lib/python3.7/site-packages/airflow/example_dags/example_branch_operator.py for tasks to queue
[2021-01-13 17:24:51,290] {logging_mixin.py:103} INFO - [2021-01-13 17:24:51,290] {dagbag.py:440} INFO - Filling up the DagBag from /Users/chowli/.local/share/virtualenvs/marketvol-WbDfdy4N/lib/python3.7/site-packages/airflow/example_dags/example_branch_operator.py
[2021-01-13 17:24:51,306] {scheduler_job.py:639} INFO - DAG(s) dict_keys(['example_branch_operator']) retrieved from /Users/chowli/.local/share/virtualenvs/marketvol-WbDfdy4N/lib/python3.7/site-packages/airflow/example_dags/example_branch_operator.py
[2021-01-13 17:24:51,308] {logging_mixin.py:103} INFO - [2021-01-13 17:24:51,308] {dag.py:1813} INFO - Sync 1 DAGs
[2021-01-13 17:24:51,333] {logging_mixin.py:103} INFO - [2021-01-13 17:24:51,333] {dag.py:2266} INFO - Setting next_dagrun for example_branch_operator to 2021-01-12 00:00:00+00:00
[2021-01-13 17:24:51,347] {scheduler_job.py:189} INFO - Processing /Users/chowli/.local/share/virtualenvs/marketvol-WbDfdy4N/lib/python3.7/site-packages/airflow/example_dags/example_branch_operator.py took 0.063 seconds
[2021-01-13 17:25:17,291] {scheduler_job.py:181} INFO - Started process (PID=6121) to work on /Users/chowli/.local/share/virtualenvs/marketvol-WbDfdy4N/lib/python3.7/site-packages/airflow/example_dags/example_branch_operator.py
[2021-01-13 17:25:17,292] {scheduler_job.py:629} INFO - Processing file /Users/chowli/.local/share/virtualenvs/marketvol-WbDfdy4N/lib/python3.7/site-packages/airflow/example_dags/example_branch_operator.py for tasks to queue
[2021-01-13 17:25:17,294] {logging_mixin.py:103} INFO - [2021-01-13 17:25:17,293] {dagbag.py:440} INFO - Filling up the DagBag from /Users/chowli/.local/share/virtualenvs/marketvol-WbDfdy4N/lib/python3.7/site-packages/airflow/example_dags/example_branch_operator.py
[2021-01-13 17:25:17,311] {scheduler_job.py:639} INFO - DAG(s) dict_keys(['example_branch_operator']) retrieved from /Users/chowli/.local/share/virtualenvs/marketvol-WbDfdy4N/lib/python3.7/site-packages/airflow/example_dags/example_branch_operator.py
[2021-01-13 17:25:17,312] {logging_mixin.py:103} INFO - [2021-01-13 17:25:17,312] {dag.py:1813} INFO - Sync 1 DAGs
[2021-01-13 17:25:17,338] {logging_mixin.py:103} INFO - [2021-01-13 17:25:17,338] {dag.py:2266} INFO - Setting next_dagrun for example_branch_operator to 2021-01-12 00:00:00+00:00
[2021-01-13 17:25:17,352] {scheduler_job.py:189} INFO - Processing /Users/chowli/.local/share/virtualenvs/marketvol-WbDfdy4N/lib/python3.7/site-packages/airflow/example_dags/example_branch_operator.py took 0.065 seconds
[2021-01-13 17:25:43,453] {scheduler_job.py:181} INFO - Started process (PID=6149) to work on /Users/chowli/.local/share/virtualenvs/marketvol-WbDfdy4N/lib/python3.7/site-packages/airflow/example_dags/example_branch_operator.py
[2021-01-13 17:25:43,455] {scheduler_job.py:629} INFO - Processing file /Users/chowli/.local/share/virtualenvs/marketvol-WbDfdy4N/lib/python3.7/site-packages/airflow/example_dags/example_branch_operator.py for tasks to queue
[2021-01-13 17:25:43,456] {logging_mixin.py:103} INFO - [2021-01-13 17:25:43,456] {dagbag.py:440} INFO - Filling up the DagBag from /Users/chowli/.local/share/virtualenvs/marketvol-WbDfdy4N/lib/python3.7/site-packages/airflow/example_dags/example_branch_operator.py
[2021-01-13 17:25:43,473] {scheduler_job.py:639} INFO - DAG(s) dict_keys(['example_branch_operator']) retrieved from /Users/chowli/.local/share/virtualenvs/marketvol-WbDfdy4N/lib/python3.7/site-packages/airflow/example_dags/example_branch_operator.py
[2021-01-13 17:25:43,475] {logging_mixin.py:103} INFO - [2021-01-13 17:25:43,474] {dag.py:1813} INFO - Sync 1 DAGs
[2021-01-13 17:25:43,503] {logging_mixin.py:103} INFO - [2021-01-13 17:25:43,502] {dag.py:2266} INFO - Setting next_dagrun for example_branch_operator to 2021-01-12 00:00:00+00:00
[2021-01-13 17:25:43,518] {scheduler_job.py:189} INFO - Processing /Users/chowli/.local/share/virtualenvs/marketvol-WbDfdy4N/lib/python3.7/site-packages/airflow/example_dags/example_branch_operator.py took 0.068 seconds
[2021-01-13 17:26:09,741] {scheduler_job.py:181} INFO - Started process (PID=6185) to work on /Users/chowli/.local/share/virtualenvs/marketvol-WbDfdy4N/lib/python3.7/site-packages/airflow/example_dags/example_branch_operator.py
[2021-01-13 17:26:09,743] {scheduler_job.py:629} INFO - Processing file /Users/chowli/.local/share/virtualenvs/marketvol-WbDfdy4N/lib/python3.7/site-packages/airflow/example_dags/example_branch_operator.py for tasks to queue
[2021-01-13 17:26:09,744] {logging_mixin.py:103} INFO - [2021-01-13 17:26:09,744] {dagbag.py:440} INFO - Filling up the DagBag from /Users/chowli/.local/share/virtualenvs/marketvol-WbDfdy4N/lib/python3.7/site-packages/airflow/example_dags/example_branch_operator.py
[2021-01-13 17:26:09,763] {scheduler_job.py:639} INFO - DAG(s) dict_keys(['example_branch_operator']) retrieved from /Users/chowli/.local/share/virtualenvs/marketvol-WbDfdy4N/lib/python3.7/site-packages/airflow/example_dags/example_branch_operator.py
[2021-01-13 17:26:09,765] {logging_mixin.py:103} INFO - [2021-01-13 17:26:09,765] {dag.py:1813} INFO - Sync 1 DAGs
[2021-01-13 17:26:09,795] {logging_mixin.py:103} INFO - [2021-01-13 17:26:09,795] {dag.py:2266} INFO - Setting next_dagrun for example_branch_operator to 2021-01-12 00:00:00+00:00
[2021-01-13 17:26:09,813] {scheduler_job.py:189} INFO - Processing /Users/chowli/.local/share/virtualenvs/marketvol-WbDfdy4N/lib/python3.7/site-packages/airflow/example_dags/example_branch_operator.py took 0.076 seconds
[2021-01-13 17:26:36,014] {scheduler_job.py:181} INFO - Started process (PID=6221) to work on /Users/chowli/.local/share/virtualenvs/marketvol-WbDfdy4N/lib/python3.7/site-packages/airflow/example_dags/example_branch_operator.py
[2021-01-13 17:26:36,016] {scheduler_job.py:629} INFO - Processing file /Users/chowli/.local/share/virtualenvs/marketvol-WbDfdy4N/lib/python3.7/site-packages/airflow/example_dags/example_branch_operator.py for tasks to queue
[2021-01-13 17:26:36,017] {logging_mixin.py:103} INFO - [2021-01-13 17:26:36,017] {dagbag.py:440} INFO - Filling up the DagBag from /Users/chowli/.local/share/virtualenvs/marketvol-WbDfdy4N/lib/python3.7/site-packages/airflow/example_dags/example_branch_operator.py
[2021-01-13 17:26:36,033] {scheduler_job.py:639} INFO - DAG(s) dict_keys(['example_branch_operator']) retrieved from /Users/chowli/.local/share/virtualenvs/marketvol-WbDfdy4N/lib/python3.7/site-packages/airflow/example_dags/example_branch_operator.py
[2021-01-13 17:26:36,035] {logging_mixin.py:103} INFO - [2021-01-13 17:26:36,035] {dag.py:1813} INFO - Sync 1 DAGs
[2021-01-13 17:26:36,061] {logging_mixin.py:103} INFO - [2021-01-13 17:26:36,061] {dag.py:2266} INFO - Setting next_dagrun for example_branch_operator to 2021-01-12 00:00:00+00:00
[2021-01-13 17:26:36,077] {scheduler_job.py:189} INFO - Processing /Users/chowli/.local/share/virtualenvs/marketvol-WbDfdy4N/lib/python3.7/site-packages/airflow/example_dags/example_branch_operator.py took 0.066 seconds
[2021-01-13 17:27:01,253] {scheduler_job.py:181} INFO - Started process (PID=6266) to work on /Users/chowli/.local/share/virtualenvs/marketvol-WbDfdy4N/lib/python3.7/site-packages/airflow/example_dags/example_branch_operator.py
[2021-01-13 17:27:01,255] {scheduler_job.py:629} INFO - Processing file /Users/chowli/.local/share/virtualenvs/marketvol-WbDfdy4N/lib/python3.7/site-packages/airflow/example_dags/example_branch_operator.py for tasks to queue
[2021-01-13 17:27:01,256] {logging_mixin.py:103} INFO - [2021-01-13 17:27:01,256] {dagbag.py:440} INFO - Filling up the DagBag from /Users/chowli/.local/share/virtualenvs/marketvol-WbDfdy4N/lib/python3.7/site-packages/airflow/example_dags/example_branch_operator.py
[2021-01-13 17:27:01,274] {scheduler_job.py:639} INFO - DAG(s) dict_keys(['example_branch_operator']) retrieved from /Users/chowli/.local/share/virtualenvs/marketvol-WbDfdy4N/lib/python3.7/site-packages/airflow/example_dags/example_branch_operator.py
[2021-01-13 17:27:01,276] {logging_mixin.py:103} INFO - [2021-01-13 17:27:01,275] {dag.py:1813} INFO - Sync 1 DAGs
[2021-01-13 17:27:01,306] {logging_mixin.py:103} INFO - [2021-01-13 17:27:01,306] {dag.py:2266} INFO - Setting next_dagrun for example_branch_operator to 2021-01-12 00:00:00+00:00
[2021-01-13 17:27:01,324] {scheduler_job.py:189} INFO - Processing /Users/chowli/.local/share/virtualenvs/marketvol-WbDfdy4N/lib/python3.7/site-packages/airflow/example_dags/example_branch_operator.py took 0.075 seconds
[2021-01-13 17:27:25,467] {scheduler_job.py:181} INFO - Started process (PID=6304) to work on /Users/chowli/.local/share/virtualenvs/marketvol-WbDfdy4N/lib/python3.7/site-packages/airflow/example_dags/example_branch_operator.py
[2021-01-13 17:27:25,470] {scheduler_job.py:629} INFO - Processing file /Users/chowli/.local/share/virtualenvs/marketvol-WbDfdy4N/lib/python3.7/site-packages/airflow/example_dags/example_branch_operator.py for tasks to queue
[2021-01-13 17:27:25,471] {logging_mixin.py:103} INFO - [2021-01-13 17:27:25,471] {dagbag.py:440} INFO - Filling up the DagBag from /Users/chowli/.local/share/virtualenvs/marketvol-WbDfdy4N/lib/python3.7/site-packages/airflow/example_dags/example_branch_operator.py
[2021-01-13 17:27:25,488] {scheduler_job.py:639} INFO - DAG(s) dict_keys(['example_branch_operator']) retrieved from /Users/chowli/.local/share/virtualenvs/marketvol-WbDfdy4N/lib/python3.7/site-packages/airflow/example_dags/example_branch_operator.py
[2021-01-13 17:27:25,489] {logging_mixin.py:103} INFO - [2021-01-13 17:27:25,489] {dag.py:1813} INFO - Sync 1 DAGs
[2021-01-13 17:27:25,516] {logging_mixin.py:103} INFO - [2021-01-13 17:27:25,515] {dag.py:2266} INFO - Setting next_dagrun for example_branch_operator to 2021-01-12 00:00:00+00:00
[2021-01-13 17:27:25,529] {scheduler_job.py:189} INFO - Processing /Users/chowli/.local/share/virtualenvs/marketvol-WbDfdy4N/lib/python3.7/site-packages/airflow/example_dags/example_branch_operator.py took 0.067 seconds
[2021-01-13 17:27:51,740] {scheduler_job.py:181} INFO - Started process (PID=6334) to work on /Users/chowli/.local/share/virtualenvs/marketvol-WbDfdy4N/lib/python3.7/site-packages/airflow/example_dags/example_branch_operator.py
[2021-01-13 17:27:51,742] {scheduler_job.py:629} INFO - Processing file /Users/chowli/.local/share/virtualenvs/marketvol-WbDfdy4N/lib/python3.7/site-packages/airflow/example_dags/example_branch_operator.py for tasks to queue
[2021-01-13 17:27:51,743] {logging_mixin.py:103} INFO - [2021-01-13 17:27:51,743] {dagbag.py:440} INFO - Filling up the DagBag from /Users/chowli/.local/share/virtualenvs/marketvol-WbDfdy4N/lib/python3.7/site-packages/airflow/example_dags/example_branch_operator.py
[2021-01-13 17:27:51,762] {scheduler_job.py:639} INFO - DAG(s) dict_keys(['example_branch_operator']) retrieved from /Users/chowli/.local/share/virtualenvs/marketvol-WbDfdy4N/lib/python3.7/site-packages/airflow/example_dags/example_branch_operator.py
[2021-01-13 17:27:51,764] {logging_mixin.py:103} INFO - [2021-01-13 17:27:51,764] {dag.py:1813} INFO - Sync 1 DAGs
[2021-01-13 17:27:51,795] {logging_mixin.py:103} INFO - [2021-01-13 17:27:51,794] {dag.py:2266} INFO - Setting next_dagrun for example_branch_operator to 2021-01-12 00:00:00+00:00
[2021-01-13 17:27:51,814] {scheduler_job.py:189} INFO - Processing /Users/chowli/.local/share/virtualenvs/marketvol-WbDfdy4N/lib/python3.7/site-packages/airflow/example_dags/example_branch_operator.py took 0.078 seconds
[2021-01-13 17:29:08,687] {scheduler_job.py:181} INFO - Started process (PID=6441) to work on /Users/chowli/.local/share/virtualenvs/marketvol-WbDfdy4N/lib/python3.7/site-packages/airflow/example_dags/example_branch_operator.py
[2021-01-13 17:29:08,689] {scheduler_job.py:629} INFO - Processing file /Users/chowli/.local/share/virtualenvs/marketvol-WbDfdy4N/lib/python3.7/site-packages/airflow/example_dags/example_branch_operator.py for tasks to queue
[2021-01-13 17:29:08,691] {logging_mixin.py:103} INFO - [2021-01-13 17:29:08,690] {dagbag.py:440} INFO - Filling up the DagBag from /Users/chowli/.local/share/virtualenvs/marketvol-WbDfdy4N/lib/python3.7/site-packages/airflow/example_dags/example_branch_operator.py
[2021-01-13 17:29:08,710] {scheduler_job.py:639} INFO - DAG(s) dict_keys(['example_branch_operator']) retrieved from /Users/chowli/.local/share/virtualenvs/marketvol-WbDfdy4N/lib/python3.7/site-packages/airflow/example_dags/example_branch_operator.py
[2021-01-13 17:29:08,711] {logging_mixin.py:103} INFO - [2021-01-13 17:29:08,711] {dag.py:1813} INFO - Sync 1 DAGs
[2021-01-13 17:29:08,742] {logging_mixin.py:103} INFO - [2021-01-13 17:29:08,742] {dag.py:2266} INFO - Setting next_dagrun for example_branch_operator to 2021-01-12 00:00:00+00:00
[2021-01-13 17:29:08,771] {scheduler_job.py:189} INFO - Processing /Users/chowli/.local/share/virtualenvs/marketvol-WbDfdy4N/lib/python3.7/site-packages/airflow/example_dags/example_branch_operator.py took 0.088 seconds
