[2021-01-13 17:22:11,262] {scheduler_job.py:181} INFO - Started process (PID=5718) to work on /Users/chowli/.local/share/virtualenvs/marketvol-WbDfdy4N/lib/python3.7/site-packages/airflow/example_dags/example_xcom.py
[2021-01-13 17:22:11,263] {scheduler_job.py:629} INFO - Processing file /Users/chowli/.local/share/virtualenvs/marketvol-WbDfdy4N/lib/python3.7/site-packages/airflow/example_dags/example_xcom.py for tasks to queue
[2021-01-13 17:22:11,264] {logging_mixin.py:103} INFO - [2021-01-13 17:22:11,264] {dagbag.py:440} INFO - Filling up the DagBag from /Users/chowli/.local/share/virtualenvs/marketvol-WbDfdy4N/lib/python3.7/site-packages/airflow/example_dags/example_xcom.py
[2021-01-13 17:22:11,277] {scheduler_job.py:639} INFO - DAG(s) dict_keys(['example_xcom']) retrieved from /Users/chowli/.local/share/virtualenvs/marketvol-WbDfdy4N/lib/python3.7/site-packages/airflow/example_dags/example_xcom.py
[2021-01-13 17:22:11,278] {logging_mixin.py:103} INFO - [2021-01-13 17:22:11,278] {dag.py:1813} INFO - Sync 1 DAGs
[2021-01-13 17:22:11,297] {logging_mixin.py:103} INFO - [2021-01-13 17:22:11,297] {dag.py:2266} INFO - Setting next_dagrun for example_xcom to 2021-01-12 00:00:00+00:00
[2021-01-13 17:22:11,310] {scheduler_job.py:189} INFO - Processing /Users/chowli/.local/share/virtualenvs/marketvol-WbDfdy4N/lib/python3.7/site-packages/airflow/example_dags/example_xcom.py took 0.052 seconds
[2021-01-13 17:23:31,230] {scheduler_job.py:181} INFO - Started process (PID=5892) to work on /Users/chowli/.local/share/virtualenvs/marketvol-WbDfdy4N/lib/python3.7/site-packages/airflow/example_dags/example_xcom.py
[2021-01-13 17:23:31,233] {scheduler_job.py:629} INFO - Processing file /Users/chowli/.local/share/virtualenvs/marketvol-WbDfdy4N/lib/python3.7/site-packages/airflow/example_dags/example_xcom.py for tasks to queue
[2021-01-13 17:23:31,235] {logging_mixin.py:103} INFO - [2021-01-13 17:23:31,234] {dagbag.py:440} INFO - Filling up the DagBag from /Users/chowli/.local/share/virtualenvs/marketvol-WbDfdy4N/lib/python3.7/site-packages/airflow/example_dags/example_xcom.py
[2021-01-13 17:23:31,250] {scheduler_job.py:639} INFO - DAG(s) dict_keys(['example_xcom']) retrieved from /Users/chowli/.local/share/virtualenvs/marketvol-WbDfdy4N/lib/python3.7/site-packages/airflow/example_dags/example_xcom.py
[2021-01-13 17:23:31,253] {logging_mixin.py:103} INFO - [2021-01-13 17:23:31,252] {dag.py:1813} INFO - Sync 1 DAGs
[2021-01-13 17:23:31,271] {logging_mixin.py:103} INFO - [2021-01-13 17:23:31,271] {dag.py:2266} INFO - Setting next_dagrun for example_xcom to 2021-01-12 00:00:00+00:00
[2021-01-13 17:23:31,287] {scheduler_job.py:189} INFO - Processing /Users/chowli/.local/share/virtualenvs/marketvol-WbDfdy4N/lib/python3.7/site-packages/airflow/example_dags/example_xcom.py took 0.061 seconds
[2021-01-13 17:23:56,506] {scheduler_job.py:181} INFO - Started process (PID=5968) to work on /Users/chowli/.local/share/virtualenvs/marketvol-WbDfdy4N/lib/python3.7/site-packages/airflow/example_dags/example_xcom.py
[2021-01-13 17:23:56,508] {scheduler_job.py:629} INFO - Processing file /Users/chowli/.local/share/virtualenvs/marketvol-WbDfdy4N/lib/python3.7/site-packages/airflow/example_dags/example_xcom.py for tasks to queue
[2021-01-13 17:23:56,509] {logging_mixin.py:103} INFO - [2021-01-13 17:23:56,509] {dagbag.py:440} INFO - Filling up the DagBag from /Users/chowli/.local/share/virtualenvs/marketvol-WbDfdy4N/lib/python3.7/site-packages/airflow/example_dags/example_xcom.py
[2021-01-13 17:23:56,521] {scheduler_job.py:639} INFO - DAG(s) dict_keys(['example_xcom']) retrieved from /Users/chowli/.local/share/virtualenvs/marketvol-WbDfdy4N/lib/python3.7/site-packages/airflow/example_dags/example_xcom.py
[2021-01-13 17:23:56,522] {logging_mixin.py:103} INFO - [2021-01-13 17:23:56,522] {dag.py:1813} INFO - Sync 1 DAGs
[2021-01-13 17:23:56,538] {logging_mixin.py:103} INFO - [2021-01-13 17:23:56,537] {dag.py:2266} INFO - Setting next_dagrun for example_xcom to 2021-01-12 00:00:00+00:00
[2021-01-13 17:23:56,550] {scheduler_job.py:189} INFO - Processing /Users/chowli/.local/share/virtualenvs/marketvol-WbDfdy4N/lib/python3.7/site-packages/airflow/example_dags/example_xcom.py took 0.048 seconds
[2021-01-13 17:24:22,248] {scheduler_job.py:181} INFO - Started process (PID=6050) to work on /Users/chowli/.local/share/virtualenvs/marketvol-WbDfdy4N/lib/python3.7/site-packages/airflow/example_dags/example_xcom.py
[2021-01-13 17:24:22,250] {scheduler_job.py:629} INFO - Processing file /Users/chowli/.local/share/virtualenvs/marketvol-WbDfdy4N/lib/python3.7/site-packages/airflow/example_dags/example_xcom.py for tasks to queue
[2021-01-13 17:24:22,251] {logging_mixin.py:103} INFO - [2021-01-13 17:24:22,251] {dagbag.py:440} INFO - Filling up the DagBag from /Users/chowli/.local/share/virtualenvs/marketvol-WbDfdy4N/lib/python3.7/site-packages/airflow/example_dags/example_xcom.py
[2021-01-13 17:24:22,265] {scheduler_job.py:639} INFO - DAG(s) dict_keys(['example_xcom']) retrieved from /Users/chowli/.local/share/virtualenvs/marketvol-WbDfdy4N/lib/python3.7/site-packages/airflow/example_dags/example_xcom.py
[2021-01-13 17:24:22,266] {logging_mixin.py:103} INFO - [2021-01-13 17:24:22,266] {dag.py:1813} INFO - Sync 1 DAGs
[2021-01-13 17:24:22,285] {logging_mixin.py:103} INFO - [2021-01-13 17:24:22,285] {dag.py:2266} INFO - Setting next_dagrun for example_xcom to 2021-01-12 00:00:00+00:00
[2021-01-13 17:24:22,299] {scheduler_job.py:189} INFO - Processing /Users/chowli/.local/share/virtualenvs/marketvol-WbDfdy4N/lib/python3.7/site-packages/airflow/example_dags/example_xcom.py took 0.055 seconds
[2021-01-13 17:24:47,908] {scheduler_job.py:181} INFO - Started process (PID=6089) to work on /Users/chowli/.local/share/virtualenvs/marketvol-WbDfdy4N/lib/python3.7/site-packages/airflow/example_dags/example_xcom.py
[2021-01-13 17:24:47,909] {scheduler_job.py:629} INFO - Processing file /Users/chowli/.local/share/virtualenvs/marketvol-WbDfdy4N/lib/python3.7/site-packages/airflow/example_dags/example_xcom.py for tasks to queue
[2021-01-13 17:24:47,911] {logging_mixin.py:103} INFO - [2021-01-13 17:24:47,910] {dagbag.py:440} INFO - Filling up the DagBag from /Users/chowli/.local/share/virtualenvs/marketvol-WbDfdy4N/lib/python3.7/site-packages/airflow/example_dags/example_xcom.py
[2021-01-13 17:24:47,924] {scheduler_job.py:639} INFO - DAG(s) dict_keys(['example_xcom']) retrieved from /Users/chowli/.local/share/virtualenvs/marketvol-WbDfdy4N/lib/python3.7/site-packages/airflow/example_dags/example_xcom.py
[2021-01-13 17:24:47,925] {logging_mixin.py:103} INFO - [2021-01-13 17:24:47,925] {dag.py:1813} INFO - Sync 1 DAGs
[2021-01-13 17:24:47,944] {logging_mixin.py:103} INFO - [2021-01-13 17:24:47,943] {dag.py:2266} INFO - Setting next_dagrun for example_xcom to 2021-01-12 00:00:00+00:00
[2021-01-13 17:24:47,959] {scheduler_job.py:189} INFO - Processing /Users/chowli/.local/share/virtualenvs/marketvol-WbDfdy4N/lib/python3.7/site-packages/airflow/example_dags/example_xcom.py took 0.056 seconds
[2021-01-13 17:25:13,155] {scheduler_job.py:181} INFO - Started process (PID=6117) to work on /Users/chowli/.local/share/virtualenvs/marketvol-WbDfdy4N/lib/python3.7/site-packages/airflow/example_dags/example_xcom.py
[2021-01-13 17:25:13,156] {scheduler_job.py:629} INFO - Processing file /Users/chowli/.local/share/virtualenvs/marketvol-WbDfdy4N/lib/python3.7/site-packages/airflow/example_dags/example_xcom.py for tasks to queue
[2021-01-13 17:25:13,157] {logging_mixin.py:103} INFO - [2021-01-13 17:25:13,157] {dagbag.py:440} INFO - Filling up the DagBag from /Users/chowli/.local/share/virtualenvs/marketvol-WbDfdy4N/lib/python3.7/site-packages/airflow/example_dags/example_xcom.py
[2021-01-13 17:25:13,171] {scheduler_job.py:639} INFO - DAG(s) dict_keys(['example_xcom']) retrieved from /Users/chowli/.local/share/virtualenvs/marketvol-WbDfdy4N/lib/python3.7/site-packages/airflow/example_dags/example_xcom.py
[2021-01-13 17:25:13,173] {logging_mixin.py:103} INFO - [2021-01-13 17:25:13,172] {dag.py:1813} INFO - Sync 1 DAGs
[2021-01-13 17:25:13,191] {logging_mixin.py:103} INFO - [2021-01-13 17:25:13,191] {dag.py:2266} INFO - Setting next_dagrun for example_xcom to 2021-01-12 00:00:00+00:00
[2021-01-13 17:25:13,205] {scheduler_job.py:189} INFO - Processing /Users/chowli/.local/share/virtualenvs/marketvol-WbDfdy4N/lib/python3.7/site-packages/airflow/example_dags/example_xcom.py took 0.054 seconds
[2021-01-13 17:25:39,446] {scheduler_job.py:181} INFO - Started process (PID=6145) to work on /Users/chowli/.local/share/virtualenvs/marketvol-WbDfdy4N/lib/python3.7/site-packages/airflow/example_dags/example_xcom.py
[2021-01-13 17:25:39,448] {scheduler_job.py:629} INFO - Processing file /Users/chowli/.local/share/virtualenvs/marketvol-WbDfdy4N/lib/python3.7/site-packages/airflow/example_dags/example_xcom.py for tasks to queue
[2021-01-13 17:25:39,449] {logging_mixin.py:103} INFO - [2021-01-13 17:25:39,448] {dagbag.py:440} INFO - Filling up the DagBag from /Users/chowli/.local/share/virtualenvs/marketvol-WbDfdy4N/lib/python3.7/site-packages/airflow/example_dags/example_xcom.py
[2021-01-13 17:25:39,463] {scheduler_job.py:639} INFO - DAG(s) dict_keys(['example_xcom']) retrieved from /Users/chowli/.local/share/virtualenvs/marketvol-WbDfdy4N/lib/python3.7/site-packages/airflow/example_dags/example_xcom.py
[2021-01-13 17:25:39,465] {logging_mixin.py:103} INFO - [2021-01-13 17:25:39,464] {dag.py:1813} INFO - Sync 1 DAGs
[2021-01-13 17:25:39,483] {logging_mixin.py:103} INFO - [2021-01-13 17:25:39,482] {dag.py:2266} INFO - Setting next_dagrun for example_xcom to 2021-01-12 00:00:00+00:00
[2021-01-13 17:25:39,498] {scheduler_job.py:189} INFO - Processing /Users/chowli/.local/share/virtualenvs/marketvol-WbDfdy4N/lib/python3.7/site-packages/airflow/example_dags/example_xcom.py took 0.056 seconds
[2021-01-13 17:26:06,525] {scheduler_job.py:181} INFO - Started process (PID=6181) to work on /Users/chowli/.local/share/virtualenvs/marketvol-WbDfdy4N/lib/python3.7/site-packages/airflow/example_dags/example_xcom.py
[2021-01-13 17:26:06,527] {scheduler_job.py:629} INFO - Processing file /Users/chowli/.local/share/virtualenvs/marketvol-WbDfdy4N/lib/python3.7/site-packages/airflow/example_dags/example_xcom.py for tasks to queue
[2021-01-13 17:26:06,528] {logging_mixin.py:103} INFO - [2021-01-13 17:26:06,528] {dagbag.py:440} INFO - Filling up the DagBag from /Users/chowli/.local/share/virtualenvs/marketvol-WbDfdy4N/lib/python3.7/site-packages/airflow/example_dags/example_xcom.py
[2021-01-13 17:26:06,542] {scheduler_job.py:639} INFO - DAG(s) dict_keys(['example_xcom']) retrieved from /Users/chowli/.local/share/virtualenvs/marketvol-WbDfdy4N/lib/python3.7/site-packages/airflow/example_dags/example_xcom.py
[2021-01-13 17:26:06,544] {logging_mixin.py:103} INFO - [2021-01-13 17:26:06,543] {dag.py:1813} INFO - Sync 1 DAGs
[2021-01-13 17:26:06,564] {logging_mixin.py:103} INFO - [2021-01-13 17:26:06,563] {dag.py:2266} INFO - Setting next_dagrun for example_xcom to 2021-01-12 00:00:00+00:00
[2021-01-13 17:26:06,579] {scheduler_job.py:189} INFO - Processing /Users/chowli/.local/share/virtualenvs/marketvol-WbDfdy4N/lib/python3.7/site-packages/airflow/example_dags/example_xcom.py took 0.058 seconds
[2021-01-13 17:26:31,981] {scheduler_job.py:181} INFO - Started process (PID=6217) to work on /Users/chowli/.local/share/virtualenvs/marketvol-WbDfdy4N/lib/python3.7/site-packages/airflow/example_dags/example_xcom.py
[2021-01-13 17:26:31,983] {scheduler_job.py:629} INFO - Processing file /Users/chowli/.local/share/virtualenvs/marketvol-WbDfdy4N/lib/python3.7/site-packages/airflow/example_dags/example_xcom.py for tasks to queue
[2021-01-13 17:26:31,984] {logging_mixin.py:103} INFO - [2021-01-13 17:26:31,984] {dagbag.py:440} INFO - Filling up the DagBag from /Users/chowli/.local/share/virtualenvs/marketvol-WbDfdy4N/lib/python3.7/site-packages/airflow/example_dags/example_xcom.py
[2021-01-13 17:26:31,996] {scheduler_job.py:639} INFO - DAG(s) dict_keys(['example_xcom']) retrieved from /Users/chowli/.local/share/virtualenvs/marketvol-WbDfdy4N/lib/python3.7/site-packages/airflow/example_dags/example_xcom.py
[2021-01-13 17:26:31,998] {logging_mixin.py:103} INFO - [2021-01-13 17:26:31,997] {dag.py:1813} INFO - Sync 1 DAGs
[2021-01-13 17:26:32,016] {logging_mixin.py:103} INFO - [2021-01-13 17:26:32,015] {dag.py:2266} INFO - Setting next_dagrun for example_xcom to 2021-01-12 00:00:00+00:00
[2021-01-13 17:26:32,029] {scheduler_job.py:189} INFO - Processing /Users/chowli/.local/share/virtualenvs/marketvol-WbDfdy4N/lib/python3.7/site-packages/airflow/example_dags/example_xcom.py took 0.052 seconds
[2021-01-13 17:26:57,235] {scheduler_job.py:181} INFO - Started process (PID=6260) to work on /Users/chowli/.local/share/virtualenvs/marketvol-WbDfdy4N/lib/python3.7/site-packages/airflow/example_dags/example_xcom.py
[2021-01-13 17:26:57,237] {scheduler_job.py:629} INFO - Processing file /Users/chowli/.local/share/virtualenvs/marketvol-WbDfdy4N/lib/python3.7/site-packages/airflow/example_dags/example_xcom.py for tasks to queue
[2021-01-13 17:26:57,238] {logging_mixin.py:103} INFO - [2021-01-13 17:26:57,238] {dagbag.py:440} INFO - Filling up the DagBag from /Users/chowli/.local/share/virtualenvs/marketvol-WbDfdy4N/lib/python3.7/site-packages/airflow/example_dags/example_xcom.py
[2021-01-13 17:26:57,252] {scheduler_job.py:639} INFO - DAG(s) dict_keys(['example_xcom']) retrieved from /Users/chowli/.local/share/virtualenvs/marketvol-WbDfdy4N/lib/python3.7/site-packages/airflow/example_dags/example_xcom.py
[2021-01-13 17:26:57,253] {logging_mixin.py:103} INFO - [2021-01-13 17:26:57,253] {dag.py:1813} INFO - Sync 1 DAGs
[2021-01-13 17:26:57,272] {logging_mixin.py:103} INFO - [2021-01-13 17:26:57,271] {dag.py:2266} INFO - Setting next_dagrun for example_xcom to 2021-01-12 00:00:00+00:00
[2021-01-13 17:26:57,285] {scheduler_job.py:189} INFO - Processing /Users/chowli/.local/share/virtualenvs/marketvol-WbDfdy4N/lib/python3.7/site-packages/airflow/example_dags/example_xcom.py took 0.055 seconds
[2021-01-13 17:27:21,724] {scheduler_job.py:181} INFO - Started process (PID=6300) to work on /Users/chowli/.local/share/virtualenvs/marketvol-WbDfdy4N/lib/python3.7/site-packages/airflow/example_dags/example_xcom.py
[2021-01-13 17:27:21,727] {scheduler_job.py:629} INFO - Processing file /Users/chowli/.local/share/virtualenvs/marketvol-WbDfdy4N/lib/python3.7/site-packages/airflow/example_dags/example_xcom.py for tasks to queue
[2021-01-13 17:27:21,728] {logging_mixin.py:103} INFO - [2021-01-13 17:27:21,728] {dagbag.py:440} INFO - Filling up the DagBag from /Users/chowli/.local/share/virtualenvs/marketvol-WbDfdy4N/lib/python3.7/site-packages/airflow/example_dags/example_xcom.py
[2021-01-13 17:27:21,741] {scheduler_job.py:639} INFO - DAG(s) dict_keys(['example_xcom']) retrieved from /Users/chowli/.local/share/virtualenvs/marketvol-WbDfdy4N/lib/python3.7/site-packages/airflow/example_dags/example_xcom.py
[2021-01-13 17:27:21,743] {logging_mixin.py:103} INFO - [2021-01-13 17:27:21,743] {dag.py:1813} INFO - Sync 1 DAGs
[2021-01-13 17:27:21,761] {logging_mixin.py:103} INFO - [2021-01-13 17:27:21,761] {dag.py:2266} INFO - Setting next_dagrun for example_xcom to 2021-01-12 00:00:00+00:00
[2021-01-13 17:27:21,775] {scheduler_job.py:189} INFO - Processing /Users/chowli/.local/share/virtualenvs/marketvol-WbDfdy4N/lib/python3.7/site-packages/airflow/example_dags/example_xcom.py took 0.056 seconds
[2021-01-13 17:27:47,724] {scheduler_job.py:181} INFO - Started process (PID=6330) to work on /Users/chowli/.local/share/virtualenvs/marketvol-WbDfdy4N/lib/python3.7/site-packages/airflow/example_dags/example_xcom.py
[2021-01-13 17:27:47,726] {scheduler_job.py:629} INFO - Processing file /Users/chowli/.local/share/virtualenvs/marketvol-WbDfdy4N/lib/python3.7/site-packages/airflow/example_dags/example_xcom.py for tasks to queue
[2021-01-13 17:27:47,728] {logging_mixin.py:103} INFO - [2021-01-13 17:27:47,727] {dagbag.py:440} INFO - Filling up the DagBag from /Users/chowli/.local/share/virtualenvs/marketvol-WbDfdy4N/lib/python3.7/site-packages/airflow/example_dags/example_xcom.py
[2021-01-13 17:27:47,742] {scheduler_job.py:639} INFO - DAG(s) dict_keys(['example_xcom']) retrieved from /Users/chowli/.local/share/virtualenvs/marketvol-WbDfdy4N/lib/python3.7/site-packages/airflow/example_dags/example_xcom.py
[2021-01-13 17:27:47,744] {logging_mixin.py:103} INFO - [2021-01-13 17:27:47,743] {dag.py:1813} INFO - Sync 1 DAGs
[2021-01-13 17:27:47,764] {logging_mixin.py:103} INFO - [2021-01-13 17:27:47,764] {dag.py:2266} INFO - Setting next_dagrun for example_xcom to 2021-01-12 00:00:00+00:00
[2021-01-13 17:27:47,780] {scheduler_job.py:189} INFO - Processing /Users/chowli/.local/share/virtualenvs/marketvol-WbDfdy4N/lib/python3.7/site-packages/airflow/example_dags/example_xcom.py took 0.060 seconds
[2021-01-13 17:28:14,006] {scheduler_job.py:181} INFO - Started process (PID=6358) to work on /Users/chowli/.local/share/virtualenvs/marketvol-WbDfdy4N/lib/python3.7/site-packages/airflow/example_dags/example_xcom.py
[2021-01-13 17:28:14,008] {scheduler_job.py:629} INFO - Processing file /Users/chowli/.local/share/virtualenvs/marketvol-WbDfdy4N/lib/python3.7/site-packages/airflow/example_dags/example_xcom.py for tasks to queue
[2021-01-13 17:28:14,009] {logging_mixin.py:103} INFO - [2021-01-13 17:28:14,009] {dagbag.py:440} INFO - Filling up the DagBag from /Users/chowli/.local/share/virtualenvs/marketvol-WbDfdy4N/lib/python3.7/site-packages/airflow/example_dags/example_xcom.py
[2021-01-13 17:28:14,023] {scheduler_job.py:639} INFO - DAG(s) dict_keys(['example_xcom']) retrieved from /Users/chowli/.local/share/virtualenvs/marketvol-WbDfdy4N/lib/python3.7/site-packages/airflow/example_dags/example_xcom.py
[2021-01-13 17:28:14,025] {logging_mixin.py:103} INFO - [2021-01-13 17:28:14,024] {dag.py:1813} INFO - Sync 1 DAGs
[2021-01-13 17:28:14,043] {logging_mixin.py:103} INFO - [2021-01-13 17:28:14,043] {dag.py:2266} INFO - Setting next_dagrun for example_xcom to 2021-01-12 00:00:00+00:00
[2021-01-13 17:28:14,057] {scheduler_job.py:189} INFO - Processing /Users/chowli/.local/share/virtualenvs/marketvol-WbDfdy4N/lib/python3.7/site-packages/airflow/example_dags/example_xcom.py took 0.055 seconds
[2021-01-13 17:28:42,053] {scheduler_job.py:181} INFO - Started process (PID=6394) to work on /Users/chowli/.local/share/virtualenvs/marketvol-WbDfdy4N/lib/python3.7/site-packages/airflow/example_dags/example_xcom.py
[2021-01-13 17:28:42,055] {scheduler_job.py:629} INFO - Processing file /Users/chowli/.local/share/virtualenvs/marketvol-WbDfdy4N/lib/python3.7/site-packages/airflow/example_dags/example_xcom.py for tasks to queue
[2021-01-13 17:28:42,056] {logging_mixin.py:103} INFO - [2021-01-13 17:28:42,056] {dagbag.py:440} INFO - Filling up the DagBag from /Users/chowli/.local/share/virtualenvs/marketvol-WbDfdy4N/lib/python3.7/site-packages/airflow/example_dags/example_xcom.py
[2021-01-13 17:28:42,071] {scheduler_job.py:639} INFO - DAG(s) dict_keys(['example_xcom']) retrieved from /Users/chowli/.local/share/virtualenvs/marketvol-WbDfdy4N/lib/python3.7/site-packages/airflow/example_dags/example_xcom.py
[2021-01-13 17:28:42,074] {logging_mixin.py:103} INFO - [2021-01-13 17:28:42,073] {dag.py:1813} INFO - Sync 1 DAGs
[2021-01-13 17:28:42,095] {logging_mixin.py:103} INFO - [2021-01-13 17:28:42,095] {dag.py:2266} INFO - Setting next_dagrun for example_xcom to 2021-01-12 00:00:00+00:00
[2021-01-13 17:28:42,114] {scheduler_job.py:189} INFO - Processing /Users/chowli/.local/share/virtualenvs/marketvol-WbDfdy4N/lib/python3.7/site-packages/airflow/example_dags/example_xcom.py took 0.065 seconds
[2021-01-13 17:29:15,881] {scheduler_job.py:181} INFO - Started process (PID=6449) to work on /Users/chowli/.local/share/virtualenvs/marketvol-WbDfdy4N/lib/python3.7/site-packages/airflow/example_dags/example_xcom.py
[2021-01-13 17:29:15,883] {scheduler_job.py:629} INFO - Processing file /Users/chowli/.local/share/virtualenvs/marketvol-WbDfdy4N/lib/python3.7/site-packages/airflow/example_dags/example_xcom.py for tasks to queue
[2021-01-13 17:29:15,885] {logging_mixin.py:103} INFO - [2021-01-13 17:29:15,884] {dagbag.py:440} INFO - Filling up the DagBag from /Users/chowli/.local/share/virtualenvs/marketvol-WbDfdy4N/lib/python3.7/site-packages/airflow/example_dags/example_xcom.py
[2021-01-13 17:29:15,897] {scheduler_job.py:639} INFO - DAG(s) dict_keys(['example_xcom']) retrieved from /Users/chowli/.local/share/virtualenvs/marketvol-WbDfdy4N/lib/python3.7/site-packages/airflow/example_dags/example_xcom.py
[2021-01-13 17:29:15,899] {logging_mixin.py:103} INFO - [2021-01-13 17:29:15,899] {dag.py:1813} INFO - Sync 1 DAGs
[2021-01-13 17:29:15,917] {logging_mixin.py:103} INFO - [2021-01-13 17:29:15,917] {dag.py:2266} INFO - Setting next_dagrun for example_xcom to 2021-01-12 00:00:00+00:00
[2021-01-13 17:29:15,930] {scheduler_job.py:189} INFO - Processing /Users/chowli/.local/share/virtualenvs/marketvol-WbDfdy4N/lib/python3.7/site-packages/airflow/example_dags/example_xcom.py took 0.053 seconds
