[2021-01-13 17:23:15,032] {scheduler_job.py:181} INFO - Started process (PID=5873) to work on /Users/chowli/.local/share/virtualenvs/marketvol-WbDfdy4N/lib/python3.7/site-packages/airflow/example_dags/example_short_circuit_operator.py
[2021-01-13 17:23:15,033] {scheduler_job.py:629} INFO - Processing file /Users/chowli/.local/share/virtualenvs/marketvol-WbDfdy4N/lib/python3.7/site-packages/airflow/example_dags/example_short_circuit_operator.py for tasks to queue
[2021-01-13 17:23:15,035] {logging_mixin.py:103} INFO - [2021-01-13 17:23:15,034] {dagbag.py:440} INFO - Filling up the DagBag from /Users/chowli/.local/share/virtualenvs/marketvol-WbDfdy4N/lib/python3.7/site-packages/airflow/example_dags/example_short_circuit_operator.py
[2021-01-13 17:23:15,049] {scheduler_job.py:639} INFO - DAG(s) dict_keys(['example_short_circuit_operator']) retrieved from /Users/chowli/.local/share/virtualenvs/marketvol-WbDfdy4N/lib/python3.7/site-packages/airflow/example_dags/example_short_circuit_operator.py
[2021-01-13 17:23:15,051] {logging_mixin.py:103} INFO - [2021-01-13 17:23:15,051] {dag.py:1813} INFO - Sync 1 DAGs
[2021-01-13 17:23:15,071] {logging_mixin.py:103} INFO - [2021-01-13 17:23:15,071] {dag.py:2266} INFO - Setting next_dagrun for example_short_circuit_operator to 2021-01-12 00:00:00+00:00
[2021-01-13 17:23:15,088] {scheduler_job.py:189} INFO - Processing /Users/chowli/.local/share/virtualenvs/marketvol-WbDfdy4N/lib/python3.7/site-packages/airflow/example_dags/example_short_circuit_operator.py took 0.060 seconds
[2021-01-13 17:23:41,387] {scheduler_job.py:181} INFO - Started process (PID=5903) to work on /Users/chowli/.local/share/virtualenvs/marketvol-WbDfdy4N/lib/python3.7/site-packages/airflow/example_dags/example_short_circuit_operator.py
[2021-01-13 17:23:41,390] {scheduler_job.py:629} INFO - Processing file /Users/chowli/.local/share/virtualenvs/marketvol-WbDfdy4N/lib/python3.7/site-packages/airflow/example_dags/example_short_circuit_operator.py for tasks to queue
[2021-01-13 17:23:41,393] {logging_mixin.py:103} INFO - [2021-01-13 17:23:41,392] {dagbag.py:440} INFO - Filling up the DagBag from /Users/chowli/.local/share/virtualenvs/marketvol-WbDfdy4N/lib/python3.7/site-packages/airflow/example_dags/example_short_circuit_operator.py
[2021-01-13 17:23:41,420] {scheduler_job.py:639} INFO - DAG(s) dict_keys(['example_short_circuit_operator']) retrieved from /Users/chowli/.local/share/virtualenvs/marketvol-WbDfdy4N/lib/python3.7/site-packages/airflow/example_dags/example_short_circuit_operator.py
[2021-01-13 17:23:41,423] {logging_mixin.py:103} INFO - [2021-01-13 17:23:41,423] {dag.py:1813} INFO - Sync 1 DAGs
[2021-01-13 17:23:41,457] {logging_mixin.py:103} INFO - [2021-01-13 17:23:41,457] {dag.py:2266} INFO - Setting next_dagrun for example_short_circuit_operator to 2021-01-12 00:00:00+00:00
[2021-01-13 17:23:41,479] {scheduler_job.py:189} INFO - Processing /Users/chowli/.local/share/virtualenvs/marketvol-WbDfdy4N/lib/python3.7/site-packages/airflow/example_dags/example_short_circuit_operator.py took 0.102 seconds
[2021-01-13 17:24:07,207] {scheduler_job.py:181} INFO - Started process (PID=6030) to work on /Users/chowli/.local/share/virtualenvs/marketvol-WbDfdy4N/lib/python3.7/site-packages/airflow/example_dags/example_short_circuit_operator.py
[2021-01-13 17:24:07,208] {scheduler_job.py:629} INFO - Processing file /Users/chowli/.local/share/virtualenvs/marketvol-WbDfdy4N/lib/python3.7/site-packages/airflow/example_dags/example_short_circuit_operator.py for tasks to queue
[2021-01-13 17:24:07,210] {logging_mixin.py:103} INFO - [2021-01-13 17:24:07,210] {dagbag.py:440} INFO - Filling up the DagBag from /Users/chowli/.local/share/virtualenvs/marketvol-WbDfdy4N/lib/python3.7/site-packages/airflow/example_dags/example_short_circuit_operator.py
[2021-01-13 17:24:07,224] {scheduler_job.py:639} INFO - DAG(s) dict_keys(['example_short_circuit_operator']) retrieved from /Users/chowli/.local/share/virtualenvs/marketvol-WbDfdy4N/lib/python3.7/site-packages/airflow/example_dags/example_short_circuit_operator.py
[2021-01-13 17:24:07,226] {logging_mixin.py:103} INFO - [2021-01-13 17:24:07,225] {dag.py:1813} INFO - Sync 1 DAGs
[2021-01-13 17:24:07,245] {logging_mixin.py:103} INFO - [2021-01-13 17:24:07,244] {dag.py:2266} INFO - Setting next_dagrun for example_short_circuit_operator to 2021-01-12 00:00:00+00:00
[2021-01-13 17:24:07,259] {scheduler_job.py:189} INFO - Processing /Users/chowli/.local/share/virtualenvs/marketvol-WbDfdy4N/lib/python3.7/site-packages/airflow/example_dags/example_short_circuit_operator.py took 0.057 seconds
[2021-01-13 17:24:32,764] {scheduler_job.py:181} INFO - Started process (PID=6073) to work on /Users/chowli/.local/share/virtualenvs/marketvol-WbDfdy4N/lib/python3.7/site-packages/airflow/example_dags/example_short_circuit_operator.py
[2021-01-13 17:24:32,765] {scheduler_job.py:629} INFO - Processing file /Users/chowli/.local/share/virtualenvs/marketvol-WbDfdy4N/lib/python3.7/site-packages/airflow/example_dags/example_short_circuit_operator.py for tasks to queue
[2021-01-13 17:24:32,767] {logging_mixin.py:103} INFO - [2021-01-13 17:24:32,766] {dagbag.py:440} INFO - Filling up the DagBag from /Users/chowli/.local/share/virtualenvs/marketvol-WbDfdy4N/lib/python3.7/site-packages/airflow/example_dags/example_short_circuit_operator.py
[2021-01-13 17:24:32,780] {scheduler_job.py:639} INFO - DAG(s) dict_keys(['example_short_circuit_operator']) retrieved from /Users/chowli/.local/share/virtualenvs/marketvol-WbDfdy4N/lib/python3.7/site-packages/airflow/example_dags/example_short_circuit_operator.py
[2021-01-13 17:24:32,782] {logging_mixin.py:103} INFO - [2021-01-13 17:24:32,782] {dag.py:1813} INFO - Sync 1 DAGs
[2021-01-13 17:24:32,800] {logging_mixin.py:103} INFO - [2021-01-13 17:24:32,800] {dag.py:2266} INFO - Setting next_dagrun for example_short_circuit_operator to 2021-01-12 00:00:00+00:00
[2021-01-13 17:24:32,814] {scheduler_job.py:189} INFO - Processing /Users/chowli/.local/share/virtualenvs/marketvol-WbDfdy4N/lib/python3.7/site-packages/airflow/example_dags/example_short_circuit_operator.py took 0.053 seconds
[2021-01-13 17:24:58,003] {scheduler_job.py:181} INFO - Started process (PID=6101) to work on /Users/chowli/.local/share/virtualenvs/marketvol-WbDfdy4N/lib/python3.7/site-packages/airflow/example_dags/example_short_circuit_operator.py
[2021-01-13 17:24:58,004] {scheduler_job.py:629} INFO - Processing file /Users/chowli/.local/share/virtualenvs/marketvol-WbDfdy4N/lib/python3.7/site-packages/airflow/example_dags/example_short_circuit_operator.py for tasks to queue
[2021-01-13 17:24:58,006] {logging_mixin.py:103} INFO - [2021-01-13 17:24:58,005] {dagbag.py:440} INFO - Filling up the DagBag from /Users/chowli/.local/share/virtualenvs/marketvol-WbDfdy4N/lib/python3.7/site-packages/airflow/example_dags/example_short_circuit_operator.py
[2021-01-13 17:24:58,017] {scheduler_job.py:639} INFO - DAG(s) dict_keys(['example_short_circuit_operator']) retrieved from /Users/chowli/.local/share/virtualenvs/marketvol-WbDfdy4N/lib/python3.7/site-packages/airflow/example_dags/example_short_circuit_operator.py
[2021-01-13 17:24:58,019] {logging_mixin.py:103} INFO - [2021-01-13 17:24:58,019] {dag.py:1813} INFO - Sync 1 DAGs
[2021-01-13 17:24:58,036] {logging_mixin.py:103} INFO - [2021-01-13 17:24:58,036] {dag.py:2266} INFO - Setting next_dagrun for example_short_circuit_operator to 2021-01-12 00:00:00+00:00
[2021-01-13 17:24:58,052] {scheduler_job.py:189} INFO - Processing /Users/chowli/.local/share/virtualenvs/marketvol-WbDfdy4N/lib/python3.7/site-packages/airflow/example_dags/example_short_circuit_operator.py took 0.052 seconds
[2021-01-13 17:25:23,248] {scheduler_job.py:181} INFO - Started process (PID=6128) to work on /Users/chowli/.local/share/virtualenvs/marketvol-WbDfdy4N/lib/python3.7/site-packages/airflow/example_dags/example_short_circuit_operator.py
[2021-01-13 17:25:23,251] {scheduler_job.py:629} INFO - Processing file /Users/chowli/.local/share/virtualenvs/marketvol-WbDfdy4N/lib/python3.7/site-packages/airflow/example_dags/example_short_circuit_operator.py for tasks to queue
[2021-01-13 17:25:23,252] {logging_mixin.py:103} INFO - [2021-01-13 17:25:23,252] {dagbag.py:440} INFO - Filling up the DagBag from /Users/chowli/.local/share/virtualenvs/marketvol-WbDfdy4N/lib/python3.7/site-packages/airflow/example_dags/example_short_circuit_operator.py
[2021-01-13 17:25:23,266] {scheduler_job.py:639} INFO - DAG(s) dict_keys(['example_short_circuit_operator']) retrieved from /Users/chowli/.local/share/virtualenvs/marketvol-WbDfdy4N/lib/python3.7/site-packages/airflow/example_dags/example_short_circuit_operator.py
[2021-01-13 17:25:23,268] {logging_mixin.py:103} INFO - [2021-01-13 17:25:23,267] {dag.py:1813} INFO - Sync 1 DAGs
[2021-01-13 17:25:23,287] {logging_mixin.py:103} INFO - [2021-01-13 17:25:23,286] {dag.py:2266} INFO - Setting next_dagrun for example_short_circuit_operator to 2021-01-12 00:00:00+00:00
[2021-01-13 17:25:23,302] {scheduler_job.py:189} INFO - Processing /Users/chowli/.local/share/virtualenvs/marketvol-WbDfdy4N/lib/python3.7/site-packages/airflow/example_dags/example_short_circuit_operator.py took 0.057 seconds
[2021-01-13 17:25:50,579] {scheduler_job.py:181} INFO - Started process (PID=6157) to work on /Users/chowli/.local/share/virtualenvs/marketvol-WbDfdy4N/lib/python3.7/site-packages/airflow/example_dags/example_short_circuit_operator.py
[2021-01-13 17:25:50,581] {scheduler_job.py:629} INFO - Processing file /Users/chowli/.local/share/virtualenvs/marketvol-WbDfdy4N/lib/python3.7/site-packages/airflow/example_dags/example_short_circuit_operator.py for tasks to queue
[2021-01-13 17:25:50,583] {logging_mixin.py:103} INFO - [2021-01-13 17:25:50,582] {dagbag.py:440} INFO - Filling up the DagBag from /Users/chowli/.local/share/virtualenvs/marketvol-WbDfdy4N/lib/python3.7/site-packages/airflow/example_dags/example_short_circuit_operator.py
[2021-01-13 17:25:50,600] {scheduler_job.py:639} INFO - DAG(s) dict_keys(['example_short_circuit_operator']) retrieved from /Users/chowli/.local/share/virtualenvs/marketvol-WbDfdy4N/lib/python3.7/site-packages/airflow/example_dags/example_short_circuit_operator.py
[2021-01-13 17:25:50,601] {logging_mixin.py:103} INFO - [2021-01-13 17:25:50,601] {dag.py:1813} INFO - Sync 1 DAGs
[2021-01-13 17:25:50,624] {logging_mixin.py:103} INFO - [2021-01-13 17:25:50,623] {dag.py:2266} INFO - Setting next_dagrun for example_short_circuit_operator to 2021-01-12 00:00:00+00:00
[2021-01-13 17:25:50,643] {scheduler_job.py:189} INFO - Processing /Users/chowli/.local/share/virtualenvs/marketvol-WbDfdy4N/lib/python3.7/site-packages/airflow/example_dags/example_short_circuit_operator.py took 0.069 seconds
[2021-01-13 17:26:16,860] {scheduler_job.py:181} INFO - Started process (PID=6194) to work on /Users/chowli/.local/share/virtualenvs/marketvol-WbDfdy4N/lib/python3.7/site-packages/airflow/example_dags/example_short_circuit_operator.py
[2021-01-13 17:26:16,862] {scheduler_job.py:629} INFO - Processing file /Users/chowli/.local/share/virtualenvs/marketvol-WbDfdy4N/lib/python3.7/site-packages/airflow/example_dags/example_short_circuit_operator.py for tasks to queue
[2021-01-13 17:26:16,863] {logging_mixin.py:103} INFO - [2021-01-13 17:26:16,863] {dagbag.py:440} INFO - Filling up the DagBag from /Users/chowli/.local/share/virtualenvs/marketvol-WbDfdy4N/lib/python3.7/site-packages/airflow/example_dags/example_short_circuit_operator.py
[2021-01-13 17:26:16,876] {scheduler_job.py:639} INFO - DAG(s) dict_keys(['example_short_circuit_operator']) retrieved from /Users/chowli/.local/share/virtualenvs/marketvol-WbDfdy4N/lib/python3.7/site-packages/airflow/example_dags/example_short_circuit_operator.py
[2021-01-13 17:26:16,878] {logging_mixin.py:103} INFO - [2021-01-13 17:26:16,877] {dag.py:1813} INFO - Sync 1 DAGs
[2021-01-13 17:26:16,896] {logging_mixin.py:103} INFO - [2021-01-13 17:26:16,896] {dag.py:2266} INFO - Setting next_dagrun for example_short_circuit_operator to 2021-01-12 00:00:00+00:00
[2021-01-13 17:26:16,912] {scheduler_job.py:189} INFO - Processing /Users/chowli/.local/share/virtualenvs/marketvol-WbDfdy4N/lib/python3.7/site-packages/airflow/example_dags/example_short_circuit_operator.py took 0.054 seconds
[2021-01-13 17:26:42,093] {scheduler_job.py:181} INFO - Started process (PID=6228) to work on /Users/chowli/.local/share/virtualenvs/marketvol-WbDfdy4N/lib/python3.7/site-packages/airflow/example_dags/example_short_circuit_operator.py
[2021-01-13 17:26:42,094] {scheduler_job.py:629} INFO - Processing file /Users/chowli/.local/share/virtualenvs/marketvol-WbDfdy4N/lib/python3.7/site-packages/airflow/example_dags/example_short_circuit_operator.py for tasks to queue
[2021-01-13 17:26:42,096] {logging_mixin.py:103} INFO - [2021-01-13 17:26:42,095] {dagbag.py:440} INFO - Filling up the DagBag from /Users/chowli/.local/share/virtualenvs/marketvol-WbDfdy4N/lib/python3.7/site-packages/airflow/example_dags/example_short_circuit_operator.py
[2021-01-13 17:26:42,109] {scheduler_job.py:639} INFO - DAG(s) dict_keys(['example_short_circuit_operator']) retrieved from /Users/chowli/.local/share/virtualenvs/marketvol-WbDfdy4N/lib/python3.7/site-packages/airflow/example_dags/example_short_circuit_operator.py
[2021-01-13 17:26:42,111] {logging_mixin.py:103} INFO - [2021-01-13 17:26:42,111] {dag.py:1813} INFO - Sync 1 DAGs
[2021-01-13 17:26:42,129] {logging_mixin.py:103} INFO - [2021-01-13 17:26:42,128] {dag.py:2266} INFO - Setting next_dagrun for example_short_circuit_operator to 2021-01-12 00:00:00+00:00
[2021-01-13 17:26:42,144] {scheduler_job.py:189} INFO - Processing /Users/chowli/.local/share/virtualenvs/marketvol-WbDfdy4N/lib/python3.7/site-packages/airflow/example_dags/example_short_circuit_operator.py took 0.055 seconds
[2021-01-13 17:27:06,683] {scheduler_job.py:181} INFO - Started process (PID=6273) to work on /Users/chowli/.local/share/virtualenvs/marketvol-WbDfdy4N/lib/python3.7/site-packages/airflow/example_dags/example_short_circuit_operator.py
[2021-01-13 17:27:06,685] {scheduler_job.py:629} INFO - Processing file /Users/chowli/.local/share/virtualenvs/marketvol-WbDfdy4N/lib/python3.7/site-packages/airflow/example_dags/example_short_circuit_operator.py for tasks to queue
[2021-01-13 17:27:06,686] {logging_mixin.py:103} INFO - [2021-01-13 17:27:06,686] {dagbag.py:440} INFO - Filling up the DagBag from /Users/chowli/.local/share/virtualenvs/marketvol-WbDfdy4N/lib/python3.7/site-packages/airflow/example_dags/example_short_circuit_operator.py
[2021-01-13 17:27:06,700] {scheduler_job.py:639} INFO - DAG(s) dict_keys(['example_short_circuit_operator']) retrieved from /Users/chowli/.local/share/virtualenvs/marketvol-WbDfdy4N/lib/python3.7/site-packages/airflow/example_dags/example_short_circuit_operator.py
[2021-01-13 17:27:06,702] {logging_mixin.py:103} INFO - [2021-01-13 17:27:06,702] {dag.py:1813} INFO - Sync 1 DAGs
[2021-01-13 17:27:06,721] {logging_mixin.py:103} INFO - [2021-01-13 17:27:06,720] {dag.py:2266} INFO - Setting next_dagrun for example_short_circuit_operator to 2021-01-12 00:00:00+00:00
[2021-01-13 17:27:06,735] {scheduler_job.py:189} INFO - Processing /Users/chowli/.local/share/virtualenvs/marketvol-WbDfdy4N/lib/python3.7/site-packages/airflow/example_dags/example_short_circuit_operator.py took 0.056 seconds
[2021-01-13 17:27:32,573] {scheduler_job.py:181} INFO - Started process (PID=6312) to work on /Users/chowli/.local/share/virtualenvs/marketvol-WbDfdy4N/lib/python3.7/site-packages/airflow/example_dags/example_short_circuit_operator.py
[2021-01-13 17:27:32,575] {scheduler_job.py:629} INFO - Processing file /Users/chowli/.local/share/virtualenvs/marketvol-WbDfdy4N/lib/python3.7/site-packages/airflow/example_dags/example_short_circuit_operator.py for tasks to queue
[2021-01-13 17:27:32,576] {logging_mixin.py:103} INFO - [2021-01-13 17:27:32,576] {dagbag.py:440} INFO - Filling up the DagBag from /Users/chowli/.local/share/virtualenvs/marketvol-WbDfdy4N/lib/python3.7/site-packages/airflow/example_dags/example_short_circuit_operator.py
[2021-01-13 17:27:32,589] {scheduler_job.py:639} INFO - DAG(s) dict_keys(['example_short_circuit_operator']) retrieved from /Users/chowli/.local/share/virtualenvs/marketvol-WbDfdy4N/lib/python3.7/site-packages/airflow/example_dags/example_short_circuit_operator.py
[2021-01-13 17:27:32,590] {logging_mixin.py:103} INFO - [2021-01-13 17:27:32,590] {dag.py:1813} INFO - Sync 1 DAGs
[2021-01-13 17:27:32,608] {logging_mixin.py:103} INFO - [2021-01-13 17:27:32,607] {dag.py:2266} INFO - Setting next_dagrun for example_short_circuit_operator to 2021-01-12 00:00:00+00:00
[2021-01-13 17:27:32,623] {scheduler_job.py:189} INFO - Processing /Users/chowli/.local/share/virtualenvs/marketvol-WbDfdy4N/lib/python3.7/site-packages/airflow/example_dags/example_short_circuit_operator.py took 0.054 seconds
[2021-01-13 17:27:57,838] {scheduler_job.py:181} INFO - Started process (PID=6341) to work on /Users/chowli/.local/share/virtualenvs/marketvol-WbDfdy4N/lib/python3.7/site-packages/airflow/example_dags/example_short_circuit_operator.py
[2021-01-13 17:27:57,840] {scheduler_job.py:629} INFO - Processing file /Users/chowli/.local/share/virtualenvs/marketvol-WbDfdy4N/lib/python3.7/site-packages/airflow/example_dags/example_short_circuit_operator.py for tasks to queue
[2021-01-13 17:27:57,842] {logging_mixin.py:103} INFO - [2021-01-13 17:27:57,842] {dagbag.py:440} INFO - Filling up the DagBag from /Users/chowli/.local/share/virtualenvs/marketvol-WbDfdy4N/lib/python3.7/site-packages/airflow/example_dags/example_short_circuit_operator.py
[2021-01-13 17:27:57,859] {scheduler_job.py:639} INFO - DAG(s) dict_keys(['example_short_circuit_operator']) retrieved from /Users/chowli/.local/share/virtualenvs/marketvol-WbDfdy4N/lib/python3.7/site-packages/airflow/example_dags/example_short_circuit_operator.py
[2021-01-13 17:27:57,861] {logging_mixin.py:103} INFO - [2021-01-13 17:27:57,861] {dag.py:1813} INFO - Sync 1 DAGs
[2021-01-13 17:27:57,884] {logging_mixin.py:103} INFO - [2021-01-13 17:27:57,884] {dag.py:2266} INFO - Setting next_dagrun for example_short_circuit_operator to 2021-01-12 00:00:00+00:00
[2021-01-13 17:27:57,902] {scheduler_job.py:189} INFO - Processing /Users/chowli/.local/share/virtualenvs/marketvol-WbDfdy4N/lib/python3.7/site-packages/airflow/example_dags/example_short_circuit_operator.py took 0.068 seconds
[2021-01-13 17:28:45,491] {scheduler_job.py:181} INFO - Started process (PID=6397) to work on /Users/chowli/.local/share/virtualenvs/marketvol-WbDfdy4N/lib/python3.7/site-packages/airflow/example_dags/example_short_circuit_operator.py
[2021-01-13 17:28:45,493] {scheduler_job.py:629} INFO - Processing file /Users/chowli/.local/share/virtualenvs/marketvol-WbDfdy4N/lib/python3.7/site-packages/airflow/example_dags/example_short_circuit_operator.py for tasks to queue
[2021-01-13 17:28:45,495] {logging_mixin.py:103} INFO - [2021-01-13 17:28:45,495] {dagbag.py:440} INFO - Filling up the DagBag from /Users/chowli/.local/share/virtualenvs/marketvol-WbDfdy4N/lib/python3.7/site-packages/airflow/example_dags/example_short_circuit_operator.py
[2021-01-13 17:28:45,512] {scheduler_job.py:639} INFO - DAG(s) dict_keys(['example_short_circuit_operator']) retrieved from /Users/chowli/.local/share/virtualenvs/marketvol-WbDfdy4N/lib/python3.7/site-packages/airflow/example_dags/example_short_circuit_operator.py
[2021-01-13 17:28:45,514] {logging_mixin.py:103} INFO - [2021-01-13 17:28:45,513] {dag.py:1813} INFO - Sync 1 DAGs
[2021-01-13 17:28:45,533] {logging_mixin.py:103} INFO - [2021-01-13 17:28:45,533] {dag.py:2266} INFO - Setting next_dagrun for example_short_circuit_operator to 2021-01-12 00:00:00+00:00
[2021-01-13 17:28:45,549] {scheduler_job.py:189} INFO - Processing /Users/chowli/.local/share/virtualenvs/marketvol-WbDfdy4N/lib/python3.7/site-packages/airflow/example_dags/example_short_circuit_operator.py took 0.062 seconds
[2021-01-13 17:29:18,859] {scheduler_job.py:181} INFO - Started process (PID=6452) to work on /Users/chowli/.local/share/virtualenvs/marketvol-WbDfdy4N/lib/python3.7/site-packages/airflow/example_dags/example_short_circuit_operator.py
[2021-01-13 17:29:18,860] {scheduler_job.py:629} INFO - Processing file /Users/chowli/.local/share/virtualenvs/marketvol-WbDfdy4N/lib/python3.7/site-packages/airflow/example_dags/example_short_circuit_operator.py for tasks to queue
[2021-01-13 17:29:18,863] {logging_mixin.py:103} INFO - [2021-01-13 17:29:18,862] {dagbag.py:440} INFO - Filling up the DagBag from /Users/chowli/.local/share/virtualenvs/marketvol-WbDfdy4N/lib/python3.7/site-packages/airflow/example_dags/example_short_circuit_operator.py
[2021-01-13 17:29:18,879] {scheduler_job.py:639} INFO - DAG(s) dict_keys(['example_short_circuit_operator']) retrieved from /Users/chowli/.local/share/virtualenvs/marketvol-WbDfdy4N/lib/python3.7/site-packages/airflow/example_dags/example_short_circuit_operator.py
[2021-01-13 17:29:18,881] {logging_mixin.py:103} INFO - [2021-01-13 17:29:18,880] {dag.py:1813} INFO - Sync 1 DAGs
[2021-01-13 17:29:18,901] {logging_mixin.py:103} INFO - [2021-01-13 17:29:18,901] {dag.py:2266} INFO - Setting next_dagrun for example_short_circuit_operator to 2021-01-12 00:00:00+00:00
[2021-01-13 17:29:18,919] {scheduler_job.py:189} INFO - Processing /Users/chowli/.local/share/virtualenvs/marketvol-WbDfdy4N/lib/python3.7/site-packages/airflow/example_dags/example_short_circuit_operator.py took 0.064 seconds
