[2021-01-13 17:23:22,031] {scheduler_job.py:181} INFO - Started process (PID=5881) to work on /Users/chowli/.local/share/virtualenvs/marketvol-WbDfdy4N/lib/python3.7/site-packages/airflow/example_dags/example_latest_only.py
[2021-01-13 17:23:22,033] {scheduler_job.py:629} INFO - Processing file /Users/chowli/.local/share/virtualenvs/marketvol-WbDfdy4N/lib/python3.7/site-packages/airflow/example_dags/example_latest_only.py for tasks to queue
[2021-01-13 17:23:22,035] {logging_mixin.py:103} INFO - [2021-01-13 17:23:22,034] {dagbag.py:440} INFO - Filling up the DagBag from /Users/chowli/.local/share/virtualenvs/marketvol-WbDfdy4N/lib/python3.7/site-packages/airflow/example_dags/example_latest_only.py
[2021-01-13 17:23:22,054] {scheduler_job.py:639} INFO - DAG(s) dict_keys(['latest_only']) retrieved from /Users/chowli/.local/share/virtualenvs/marketvol-WbDfdy4N/lib/python3.7/site-packages/airflow/example_dags/example_latest_only.py
[2021-01-13 17:23:22,056] {logging_mixin.py:103} INFO - [2021-01-13 17:23:22,056] {dag.py:1813} INFO - Sync 1 DAGs
[2021-01-13 17:23:22,077] {logging_mixin.py:103} INFO - [2021-01-13 17:23:22,076] {dag.py:2266} INFO - Setting next_dagrun for latest_only to 2021-01-12 00:00:00+00:00
[2021-01-13 17:23:22,092] {scheduler_job.py:189} INFO - Processing /Users/chowli/.local/share/virtualenvs/marketvol-WbDfdy4N/lib/python3.7/site-packages/airflow/example_dags/example_latest_only.py took 0.065 seconds
[2021-01-13 17:23:48,365] {scheduler_job.py:181} INFO - Started process (PID=5940) to work on /Users/chowli/.local/share/virtualenvs/marketvol-WbDfdy4N/lib/python3.7/site-packages/airflow/example_dags/example_latest_only.py
[2021-01-13 17:23:48,367] {scheduler_job.py:629} INFO - Processing file /Users/chowli/.local/share/virtualenvs/marketvol-WbDfdy4N/lib/python3.7/site-packages/airflow/example_dags/example_latest_only.py for tasks to queue
[2021-01-13 17:23:48,368] {logging_mixin.py:103} INFO - [2021-01-13 17:23:48,368] {dagbag.py:440} INFO - Filling up the DagBag from /Users/chowli/.local/share/virtualenvs/marketvol-WbDfdy4N/lib/python3.7/site-packages/airflow/example_dags/example_latest_only.py
[2021-01-13 17:23:48,380] {scheduler_job.py:639} INFO - DAG(s) dict_keys(['latest_only']) retrieved from /Users/chowli/.local/share/virtualenvs/marketvol-WbDfdy4N/lib/python3.7/site-packages/airflow/example_dags/example_latest_only.py
[2021-01-13 17:23:48,381] {logging_mixin.py:103} INFO - [2021-01-13 17:23:48,381] {dag.py:1813} INFO - Sync 1 DAGs
[2021-01-13 17:23:48,400] {logging_mixin.py:103} INFO - [2021-01-13 17:23:48,399] {dag.py:2266} INFO - Setting next_dagrun for latest_only to 2021-01-12 00:00:00+00:00
[2021-01-13 17:23:48,414] {scheduler_job.py:189} INFO - Processing /Users/chowli/.local/share/virtualenvs/marketvol-WbDfdy4N/lib/python3.7/site-packages/airflow/example_dags/example_latest_only.py took 0.053 seconds
[2021-01-13 17:24:13,619] {scheduler_job.py:181} INFO - Started process (PID=6040) to work on /Users/chowli/.local/share/virtualenvs/marketvol-WbDfdy4N/lib/python3.7/site-packages/airflow/example_dags/example_latest_only.py
[2021-01-13 17:24:13,622] {scheduler_job.py:629} INFO - Processing file /Users/chowli/.local/share/virtualenvs/marketvol-WbDfdy4N/lib/python3.7/site-packages/airflow/example_dags/example_latest_only.py for tasks to queue
[2021-01-13 17:24:13,624] {logging_mixin.py:103} INFO - [2021-01-13 17:24:13,623] {dagbag.py:440} INFO - Filling up the DagBag from /Users/chowli/.local/share/virtualenvs/marketvol-WbDfdy4N/lib/python3.7/site-packages/airflow/example_dags/example_latest_only.py
[2021-01-13 17:24:13,638] {scheduler_job.py:639} INFO - DAG(s) dict_keys(['latest_only']) retrieved from /Users/chowli/.local/share/virtualenvs/marketvol-WbDfdy4N/lib/python3.7/site-packages/airflow/example_dags/example_latest_only.py
[2021-01-13 17:24:13,641] {logging_mixin.py:103} INFO - [2021-01-13 17:24:13,640] {dag.py:1813} INFO - Sync 1 DAGs
[2021-01-13 17:24:13,665] {logging_mixin.py:103} INFO - [2021-01-13 17:24:13,665] {dag.py:2266} INFO - Setting next_dagrun for latest_only to 2021-01-12 00:00:00+00:00
[2021-01-13 17:24:13,686] {scheduler_job.py:189} INFO - Processing /Users/chowli/.local/share/virtualenvs/marketvol-WbDfdy4N/lib/python3.7/site-packages/airflow/example_dags/example_latest_only.py took 0.071 seconds
[2021-01-13 17:24:38,855] {scheduler_job.py:181} INFO - Started process (PID=6080) to work on /Users/chowli/.local/share/virtualenvs/marketvol-WbDfdy4N/lib/python3.7/site-packages/airflow/example_dags/example_latest_only.py
[2021-01-13 17:24:38,856] {scheduler_job.py:629} INFO - Processing file /Users/chowli/.local/share/virtualenvs/marketvol-WbDfdy4N/lib/python3.7/site-packages/airflow/example_dags/example_latest_only.py for tasks to queue
[2021-01-13 17:24:38,858] {logging_mixin.py:103} INFO - [2021-01-13 17:24:38,857] {dagbag.py:440} INFO - Filling up the DagBag from /Users/chowli/.local/share/virtualenvs/marketvol-WbDfdy4N/lib/python3.7/site-packages/airflow/example_dags/example_latest_only.py
[2021-01-13 17:24:38,870] {scheduler_job.py:639} INFO - DAG(s) dict_keys(['latest_only']) retrieved from /Users/chowli/.local/share/virtualenvs/marketvol-WbDfdy4N/lib/python3.7/site-packages/airflow/example_dags/example_latest_only.py
[2021-01-13 17:24:38,871] {logging_mixin.py:103} INFO - [2021-01-13 17:24:38,871] {dag.py:1813} INFO - Sync 1 DAGs
[2021-01-13 17:24:38,889] {logging_mixin.py:103} INFO - [2021-01-13 17:24:38,888] {dag.py:2266} INFO - Setting next_dagrun for latest_only to 2021-01-12 00:00:00+00:00
[2021-01-13 17:24:38,902] {scheduler_job.py:189} INFO - Processing /Users/chowli/.local/share/virtualenvs/marketvol-WbDfdy4N/lib/python3.7/site-packages/airflow/example_dags/example_latest_only.py took 0.051 seconds
[2021-01-13 17:25:05,130] {scheduler_job.py:181} INFO - Started process (PID=6108) to work on /Users/chowli/.local/share/virtualenvs/marketvol-WbDfdy4N/lib/python3.7/site-packages/airflow/example_dags/example_latest_only.py
[2021-01-13 17:25:05,131] {scheduler_job.py:629} INFO - Processing file /Users/chowli/.local/share/virtualenvs/marketvol-WbDfdy4N/lib/python3.7/site-packages/airflow/example_dags/example_latest_only.py for tasks to queue
[2021-01-13 17:25:05,133] {logging_mixin.py:103} INFO - [2021-01-13 17:25:05,132] {dagbag.py:440} INFO - Filling up the DagBag from /Users/chowli/.local/share/virtualenvs/marketvol-WbDfdy4N/lib/python3.7/site-packages/airflow/example_dags/example_latest_only.py
[2021-01-13 17:25:05,145] {scheduler_job.py:639} INFO - DAG(s) dict_keys(['latest_only']) retrieved from /Users/chowli/.local/share/virtualenvs/marketvol-WbDfdy4N/lib/python3.7/site-packages/airflow/example_dags/example_latest_only.py
[2021-01-13 17:25:05,146] {logging_mixin.py:103} INFO - [2021-01-13 17:25:05,146] {dag.py:1813} INFO - Sync 1 DAGs
[2021-01-13 17:25:05,164] {logging_mixin.py:103} INFO - [2021-01-13 17:25:05,164] {dag.py:2266} INFO - Setting next_dagrun for latest_only to 2021-01-12 00:00:00+00:00
[2021-01-13 17:25:05,178] {scheduler_job.py:189} INFO - Processing /Users/chowli/.local/share/virtualenvs/marketvol-WbDfdy4N/lib/python3.7/site-packages/airflow/example_dags/example_latest_only.py took 0.052 seconds
[2021-01-13 17:25:30,365] {scheduler_job.py:181} INFO - Started process (PID=6136) to work on /Users/chowli/.local/share/virtualenvs/marketvol-WbDfdy4N/lib/python3.7/site-packages/airflow/example_dags/example_latest_only.py
[2021-01-13 17:25:30,367] {scheduler_job.py:629} INFO - Processing file /Users/chowli/.local/share/virtualenvs/marketvol-WbDfdy4N/lib/python3.7/site-packages/airflow/example_dags/example_latest_only.py for tasks to queue
[2021-01-13 17:25:30,369] {logging_mixin.py:103} INFO - [2021-01-13 17:25:30,368] {dagbag.py:440} INFO - Filling up the DagBag from /Users/chowli/.local/share/virtualenvs/marketvol-WbDfdy4N/lib/python3.7/site-packages/airflow/example_dags/example_latest_only.py
[2021-01-13 17:25:30,380] {scheduler_job.py:639} INFO - DAG(s) dict_keys(['latest_only']) retrieved from /Users/chowli/.local/share/virtualenvs/marketvol-WbDfdy4N/lib/python3.7/site-packages/airflow/example_dags/example_latest_only.py
[2021-01-13 17:25:30,382] {logging_mixin.py:103} INFO - [2021-01-13 17:25:30,382] {dag.py:1813} INFO - Sync 1 DAGs
[2021-01-13 17:25:30,400] {logging_mixin.py:103} INFO - [2021-01-13 17:25:30,400] {dag.py:2266} INFO - Setting next_dagrun for latest_only to 2021-01-12 00:00:00+00:00
[2021-01-13 17:25:30,414] {scheduler_job.py:189} INFO - Processing /Users/chowli/.local/share/virtualenvs/marketvol-WbDfdy4N/lib/python3.7/site-packages/airflow/example_dags/example_latest_only.py took 0.054 seconds
[2021-01-13 17:25:57,685] {scheduler_job.py:181} INFO - Started process (PID=6172) to work on /Users/chowli/.local/share/virtualenvs/marketvol-WbDfdy4N/lib/python3.7/site-packages/airflow/example_dags/example_latest_only.py
[2021-01-13 17:25:57,686] {scheduler_job.py:629} INFO - Processing file /Users/chowli/.local/share/virtualenvs/marketvol-WbDfdy4N/lib/python3.7/site-packages/airflow/example_dags/example_latest_only.py for tasks to queue
[2021-01-13 17:25:57,687] {logging_mixin.py:103} INFO - [2021-01-13 17:25:57,687] {dagbag.py:440} INFO - Filling up the DagBag from /Users/chowli/.local/share/virtualenvs/marketvol-WbDfdy4N/lib/python3.7/site-packages/airflow/example_dags/example_latest_only.py
[2021-01-13 17:25:57,697] {scheduler_job.py:639} INFO - DAG(s) dict_keys(['latest_only']) retrieved from /Users/chowli/.local/share/virtualenvs/marketvol-WbDfdy4N/lib/python3.7/site-packages/airflow/example_dags/example_latest_only.py
[2021-01-13 17:25:57,698] {logging_mixin.py:103} INFO - [2021-01-13 17:25:57,698] {dag.py:1813} INFO - Sync 1 DAGs
[2021-01-13 17:25:57,714] {logging_mixin.py:103} INFO - [2021-01-13 17:25:57,713] {dag.py:2266} INFO - Setting next_dagrun for latest_only to 2021-01-12 00:00:00+00:00
[2021-01-13 17:25:57,728] {scheduler_job.py:189} INFO - Processing /Users/chowli/.local/share/virtualenvs/marketvol-WbDfdy4N/lib/python3.7/site-packages/airflow/example_dags/example_latest_only.py took 0.046 seconds
[2021-01-13 17:26:23,635] {scheduler_job.py:181} INFO - Started process (PID=6205) to work on /Users/chowli/.local/share/virtualenvs/marketvol-WbDfdy4N/lib/python3.7/site-packages/airflow/example_dags/example_latest_only.py
[2021-01-13 17:26:23,637] {scheduler_job.py:629} INFO - Processing file /Users/chowli/.local/share/virtualenvs/marketvol-WbDfdy4N/lib/python3.7/site-packages/airflow/example_dags/example_latest_only.py for tasks to queue
[2021-01-13 17:26:23,638] {logging_mixin.py:103} INFO - [2021-01-13 17:26:23,638] {dagbag.py:440} INFO - Filling up the DagBag from /Users/chowli/.local/share/virtualenvs/marketvol-WbDfdy4N/lib/python3.7/site-packages/airflow/example_dags/example_latest_only.py
[2021-01-13 17:26:23,651] {scheduler_job.py:639} INFO - DAG(s) dict_keys(['latest_only']) retrieved from /Users/chowli/.local/share/virtualenvs/marketvol-WbDfdy4N/lib/python3.7/site-packages/airflow/example_dags/example_latest_only.py
[2021-01-13 17:26:23,652] {logging_mixin.py:103} INFO - [2021-01-13 17:26:23,652] {dag.py:1813} INFO - Sync 1 DAGs
[2021-01-13 17:26:23,670] {logging_mixin.py:103} INFO - [2021-01-13 17:26:23,670] {dag.py:2266} INFO - Setting next_dagrun for latest_only to 2021-01-12 00:00:00+00:00
[2021-01-13 17:26:23,683] {scheduler_job.py:189} INFO - Processing /Users/chowli/.local/share/virtualenvs/marketvol-WbDfdy4N/lib/python3.7/site-packages/airflow/example_dags/example_latest_only.py took 0.053 seconds
[2021-01-13 17:26:49,074] {scheduler_job.py:181} INFO - Started process (PID=6251) to work on /Users/chowli/.local/share/virtualenvs/marketvol-WbDfdy4N/lib/python3.7/site-packages/airflow/example_dags/example_latest_only.py
[2021-01-13 17:26:49,075] {scheduler_job.py:629} INFO - Processing file /Users/chowli/.local/share/virtualenvs/marketvol-WbDfdy4N/lib/python3.7/site-packages/airflow/example_dags/example_latest_only.py for tasks to queue
[2021-01-13 17:26:49,077] {logging_mixin.py:103} INFO - [2021-01-13 17:26:49,076] {dagbag.py:440} INFO - Filling up the DagBag from /Users/chowli/.local/share/virtualenvs/marketvol-WbDfdy4N/lib/python3.7/site-packages/airflow/example_dags/example_latest_only.py
[2021-01-13 17:26:49,089] {scheduler_job.py:639} INFO - DAG(s) dict_keys(['latest_only']) retrieved from /Users/chowli/.local/share/virtualenvs/marketvol-WbDfdy4N/lib/python3.7/site-packages/airflow/example_dags/example_latest_only.py
[2021-01-13 17:26:49,090] {logging_mixin.py:103} INFO - [2021-01-13 17:26:49,090] {dag.py:1813} INFO - Sync 1 DAGs
[2021-01-13 17:26:49,109] {logging_mixin.py:103} INFO - [2021-01-13 17:26:49,109] {dag.py:2266} INFO - Setting next_dagrun for latest_only to 2021-01-12 00:00:00+00:00
[2021-01-13 17:26:49,123] {scheduler_job.py:189} INFO - Processing /Users/chowli/.local/share/virtualenvs/marketvol-WbDfdy4N/lib/python3.7/site-packages/airflow/example_dags/example_latest_only.py took 0.053 seconds
[2021-01-13 17:27:13,416] {scheduler_job.py:181} INFO - Started process (PID=6281) to work on /Users/chowli/.local/share/virtualenvs/marketvol-WbDfdy4N/lib/python3.7/site-packages/airflow/example_dags/example_latest_only.py
[2021-01-13 17:27:13,417] {scheduler_job.py:629} INFO - Processing file /Users/chowli/.local/share/virtualenvs/marketvol-WbDfdy4N/lib/python3.7/site-packages/airflow/example_dags/example_latest_only.py for tasks to queue
[2021-01-13 17:27:13,419] {logging_mixin.py:103} INFO - [2021-01-13 17:27:13,418] {dagbag.py:440} INFO - Filling up the DagBag from /Users/chowli/.local/share/virtualenvs/marketvol-WbDfdy4N/lib/python3.7/site-packages/airflow/example_dags/example_latest_only.py
[2021-01-13 17:27:13,431] {scheduler_job.py:639} INFO - DAG(s) dict_keys(['latest_only']) retrieved from /Users/chowli/.local/share/virtualenvs/marketvol-WbDfdy4N/lib/python3.7/site-packages/airflow/example_dags/example_latest_only.py
[2021-01-13 17:27:13,433] {logging_mixin.py:103} INFO - [2021-01-13 17:27:13,432] {dag.py:1813} INFO - Sync 1 DAGs
[2021-01-13 17:27:13,451] {logging_mixin.py:103} INFO - [2021-01-13 17:27:13,450] {dag.py:2266} INFO - Setting next_dagrun for latest_only to 2021-01-12 00:00:00+00:00
[2021-01-13 17:27:13,466] {scheduler_job.py:189} INFO - Processing /Users/chowli/.local/share/virtualenvs/marketvol-WbDfdy4N/lib/python3.7/site-packages/airflow/example_dags/example_latest_only.py took 0.054 seconds
[2021-01-13 17:27:38,834] {scheduler_job.py:181} INFO - Started process (PID=6319) to work on /Users/chowli/.local/share/virtualenvs/marketvol-WbDfdy4N/lib/python3.7/site-packages/airflow/example_dags/example_latest_only.py
[2021-01-13 17:27:38,835] {scheduler_job.py:629} INFO - Processing file /Users/chowli/.local/share/virtualenvs/marketvol-WbDfdy4N/lib/python3.7/site-packages/airflow/example_dags/example_latest_only.py for tasks to queue
[2021-01-13 17:27:38,837] {logging_mixin.py:103} INFO - [2021-01-13 17:27:38,836] {dagbag.py:440} INFO - Filling up the DagBag from /Users/chowli/.local/share/virtualenvs/marketvol-WbDfdy4N/lib/python3.7/site-packages/airflow/example_dags/example_latest_only.py
[2021-01-13 17:27:38,849] {scheduler_job.py:639} INFO - DAG(s) dict_keys(['latest_only']) retrieved from /Users/chowli/.local/share/virtualenvs/marketvol-WbDfdy4N/lib/python3.7/site-packages/airflow/example_dags/example_latest_only.py
[2021-01-13 17:27:38,851] {logging_mixin.py:103} INFO - [2021-01-13 17:27:38,850] {dag.py:1813} INFO - Sync 1 DAGs
[2021-01-13 17:27:38,871] {logging_mixin.py:103} INFO - [2021-01-13 17:27:38,870] {dag.py:2266} INFO - Setting next_dagrun for latest_only to 2021-01-12 00:00:00+00:00
[2021-01-13 17:27:38,886] {scheduler_job.py:189} INFO - Processing /Users/chowli/.local/share/virtualenvs/marketvol-WbDfdy4N/lib/python3.7/site-packages/airflow/example_dags/example_latest_only.py took 0.056 seconds
[2021-01-13 17:28:04,818] {scheduler_job.py:181} INFO - Started process (PID=6349) to work on /Users/chowli/.local/share/virtualenvs/marketvol-WbDfdy4N/lib/python3.7/site-packages/airflow/example_dags/example_latest_only.py
[2021-01-13 17:28:04,819] {scheduler_job.py:629} INFO - Processing file /Users/chowli/.local/share/virtualenvs/marketvol-WbDfdy4N/lib/python3.7/site-packages/airflow/example_dags/example_latest_only.py for tasks to queue
[2021-01-13 17:28:04,821] {logging_mixin.py:103} INFO - [2021-01-13 17:28:04,820] {dagbag.py:440} INFO - Filling up the DagBag from /Users/chowli/.local/share/virtualenvs/marketvol-WbDfdy4N/lib/python3.7/site-packages/airflow/example_dags/example_latest_only.py
[2021-01-13 17:28:04,830] {scheduler_job.py:639} INFO - DAG(s) dict_keys(['latest_only']) retrieved from /Users/chowli/.local/share/virtualenvs/marketvol-WbDfdy4N/lib/python3.7/site-packages/airflow/example_dags/example_latest_only.py
[2021-01-13 17:28:04,832] {logging_mixin.py:103} INFO - [2021-01-13 17:28:04,831] {dag.py:1813} INFO - Sync 1 DAGs
[2021-01-13 17:28:04,848] {logging_mixin.py:103} INFO - [2021-01-13 17:28:04,848] {dag.py:2266} INFO - Setting next_dagrun for latest_only to 2021-01-12 00:00:00+00:00
[2021-01-13 17:28:04,861] {scheduler_job.py:189} INFO - Processing /Users/chowli/.local/share/virtualenvs/marketvol-WbDfdy4N/lib/python3.7/site-packages/airflow/example_dags/example_latest_only.py took 0.047 seconds
[2021-01-13 17:28:47,215] {scheduler_job.py:181} INFO - Started process (PID=6399) to work on /Users/chowli/.local/share/virtualenvs/marketvol-WbDfdy4N/lib/python3.7/site-packages/airflow/example_dags/example_latest_only.py
[2021-01-13 17:28:47,217] {scheduler_job.py:629} INFO - Processing file /Users/chowli/.local/share/virtualenvs/marketvol-WbDfdy4N/lib/python3.7/site-packages/airflow/example_dags/example_latest_only.py for tasks to queue
[2021-01-13 17:28:47,218] {logging_mixin.py:103} INFO - [2021-01-13 17:28:47,218] {dagbag.py:440} INFO - Filling up the DagBag from /Users/chowli/.local/share/virtualenvs/marketvol-WbDfdy4N/lib/python3.7/site-packages/airflow/example_dags/example_latest_only.py
[2021-01-13 17:28:47,230] {scheduler_job.py:639} INFO - DAG(s) dict_keys(['latest_only']) retrieved from /Users/chowli/.local/share/virtualenvs/marketvol-WbDfdy4N/lib/python3.7/site-packages/airflow/example_dags/example_latest_only.py
[2021-01-13 17:28:47,232] {logging_mixin.py:103} INFO - [2021-01-13 17:28:47,231] {dag.py:1813} INFO - Sync 1 DAGs
[2021-01-13 17:28:47,250] {logging_mixin.py:103} INFO - [2021-01-13 17:28:47,249] {dag.py:2266} INFO - Setting next_dagrun for latest_only to 2021-01-12 00:00:00+00:00
[2021-01-13 17:28:47,264] {scheduler_job.py:189} INFO - Processing /Users/chowli/.local/share/virtualenvs/marketvol-WbDfdy4N/lib/python3.7/site-packages/airflow/example_dags/example_latest_only.py took 0.053 seconds
[2021-01-13 17:29:20,925] {scheduler_job.py:181} INFO - Started process (PID=6455) to work on /Users/chowli/.local/share/virtualenvs/marketvol-WbDfdy4N/lib/python3.7/site-packages/airflow/example_dags/example_latest_only.py
[2021-01-13 17:29:20,927] {scheduler_job.py:629} INFO - Processing file /Users/chowli/.local/share/virtualenvs/marketvol-WbDfdy4N/lib/python3.7/site-packages/airflow/example_dags/example_latest_only.py for tasks to queue
[2021-01-13 17:29:20,928] {logging_mixin.py:103} INFO - [2021-01-13 17:29:20,928] {dagbag.py:440} INFO - Filling up the DagBag from /Users/chowli/.local/share/virtualenvs/marketvol-WbDfdy4N/lib/python3.7/site-packages/airflow/example_dags/example_latest_only.py
[2021-01-13 17:29:20,940] {scheduler_job.py:639} INFO - DAG(s) dict_keys(['latest_only']) retrieved from /Users/chowli/.local/share/virtualenvs/marketvol-WbDfdy4N/lib/python3.7/site-packages/airflow/example_dags/example_latest_only.py
[2021-01-13 17:29:20,942] {logging_mixin.py:103} INFO - [2021-01-13 17:29:20,942] {dag.py:1813} INFO - Sync 1 DAGs
[2021-01-13 17:29:20,961] {logging_mixin.py:103} INFO - [2021-01-13 17:29:20,960] {dag.py:2266} INFO - Setting next_dagrun for latest_only to 2021-01-12 00:00:00+00:00
[2021-01-13 17:29:20,975] {scheduler_job.py:189} INFO - Processing /Users/chowli/.local/share/virtualenvs/marketvol-WbDfdy4N/lib/python3.7/site-packages/airflow/example_dags/example_latest_only.py took 0.054 seconds
