[2021-01-13 17:23:26,160] {scheduler_job.py:181} INFO - Started process (PID=5886) to work on /Users/chowli/.local/share/virtualenvs/marketvol-WbDfdy4N/lib/python3.7/site-packages/airflow/example_dags/example_xcomargs.py
[2021-01-13 17:23:26,162] {scheduler_job.py:629} INFO - Processing file /Users/chowli/.local/share/virtualenvs/marketvol-WbDfdy4N/lib/python3.7/site-packages/airflow/example_dags/example_xcomargs.py for tasks to queue
[2021-01-13 17:23:26,164] {logging_mixin.py:103} INFO - [2021-01-13 17:23:26,163] {dagbag.py:440} INFO - Filling up the DagBag from /Users/chowli/.local/share/virtualenvs/marketvol-WbDfdy4N/lib/python3.7/site-packages/airflow/example_dags/example_xcomargs.py
[2021-01-13 17:23:26,182] {scheduler_job.py:639} INFO - DAG(s) dict_keys(['example_xcom_args', 'example_xcom_args_with_operators']) retrieved from /Users/chowli/.local/share/virtualenvs/marketvol-WbDfdy4N/lib/python3.7/site-packages/airflow/example_dags/example_xcomargs.py
[2021-01-13 17:23:26,184] {logging_mixin.py:103} INFO - [2021-01-13 17:23:26,184] {dag.py:1813} INFO - Sync 2 DAGs
[2021-01-13 17:23:26,210] {logging_mixin.py:103} INFO - [2021-01-13 17:23:26,210] {dag.py:2266} INFO - Setting next_dagrun for example_xcom_args to None
[2021-01-13 17:23:26,213] {logging_mixin.py:103} INFO - [2021-01-13 17:23:26,212] {dag.py:2266} INFO - Setting next_dagrun for example_xcom_args_with_operators to None
[2021-01-13 17:23:26,242] {scheduler_job.py:189} INFO - Processing /Users/chowli/.local/share/virtualenvs/marketvol-WbDfdy4N/lib/python3.7/site-packages/airflow/example_dags/example_xcomargs.py took 0.086 seconds
[2021-01-13 17:23:52,170] {scheduler_job.py:181} INFO - Started process (PID=5945) to work on /Users/chowli/.local/share/virtualenvs/marketvol-WbDfdy4N/lib/python3.7/site-packages/airflow/example_dags/example_xcomargs.py
[2021-01-13 17:23:52,174] {scheduler_job.py:629} INFO - Processing file /Users/chowli/.local/share/virtualenvs/marketvol-WbDfdy4N/lib/python3.7/site-packages/airflow/example_dags/example_xcomargs.py for tasks to queue
[2021-01-13 17:23:52,176] {logging_mixin.py:103} INFO - [2021-01-13 17:23:52,175] {dagbag.py:440} INFO - Filling up the DagBag from /Users/chowli/.local/share/virtualenvs/marketvol-WbDfdy4N/lib/python3.7/site-packages/airflow/example_dags/example_xcomargs.py
[2021-01-13 17:23:52,197] {scheduler_job.py:639} INFO - DAG(s) dict_keys(['example_xcom_args', 'example_xcom_args_with_operators']) retrieved from /Users/chowli/.local/share/virtualenvs/marketvol-WbDfdy4N/lib/python3.7/site-packages/airflow/example_dags/example_xcomargs.py
[2021-01-13 17:23:52,199] {logging_mixin.py:103} INFO - [2021-01-13 17:23:52,199] {dag.py:1813} INFO - Sync 2 DAGs
[2021-01-13 17:23:52,222] {logging_mixin.py:103} INFO - [2021-01-13 17:23:52,221] {dag.py:2266} INFO - Setting next_dagrun for example_xcom_args to None
[2021-01-13 17:23:52,223] {logging_mixin.py:103} INFO - [2021-01-13 17:23:52,223] {dag.py:2266} INFO - Setting next_dagrun for example_xcom_args_with_operators to None
[2021-01-13 17:23:52,241] {scheduler_job.py:189} INFO - Processing /Users/chowli/.local/share/virtualenvs/marketvol-WbDfdy4N/lib/python3.7/site-packages/airflow/example_dags/example_xcomargs.py took 0.077 seconds
[2021-01-13 17:24:17,612] {scheduler_job.py:181} INFO - Started process (PID=6044) to work on /Users/chowli/.local/share/virtualenvs/marketvol-WbDfdy4N/lib/python3.7/site-packages/airflow/example_dags/example_xcomargs.py
[2021-01-13 17:24:17,614] {scheduler_job.py:629} INFO - Processing file /Users/chowli/.local/share/virtualenvs/marketvol-WbDfdy4N/lib/python3.7/site-packages/airflow/example_dags/example_xcomargs.py for tasks to queue
[2021-01-13 17:24:17,615] {logging_mixin.py:103} INFO - [2021-01-13 17:24:17,615] {dagbag.py:440} INFO - Filling up the DagBag from /Users/chowli/.local/share/virtualenvs/marketvol-WbDfdy4N/lib/python3.7/site-packages/airflow/example_dags/example_xcomargs.py
[2021-01-13 17:24:17,634] {scheduler_job.py:639} INFO - DAG(s) dict_keys(['example_xcom_args', 'example_xcom_args_with_operators']) retrieved from /Users/chowli/.local/share/virtualenvs/marketvol-WbDfdy4N/lib/python3.7/site-packages/airflow/example_dags/example_xcomargs.py
[2021-01-13 17:24:17,636] {logging_mixin.py:103} INFO - [2021-01-13 17:24:17,636] {dag.py:1813} INFO - Sync 2 DAGs
[2021-01-13 17:24:17,659] {logging_mixin.py:103} INFO - [2021-01-13 17:24:17,658] {dag.py:2266} INFO - Setting next_dagrun for example_xcom_args to None
[2021-01-13 17:24:17,660] {logging_mixin.py:103} INFO - [2021-01-13 17:24:17,660] {dag.py:2266} INFO - Setting next_dagrun for example_xcom_args_with_operators to None
[2021-01-13 17:24:17,686] {scheduler_job.py:189} INFO - Processing /Users/chowli/.local/share/virtualenvs/marketvol-WbDfdy4N/lib/python3.7/site-packages/airflow/example_dags/example_xcomargs.py took 0.078 seconds
[2021-01-13 17:24:42,863] {scheduler_job.py:181} INFO - Started process (PID=6084) to work on /Users/chowli/.local/share/virtualenvs/marketvol-WbDfdy4N/lib/python3.7/site-packages/airflow/example_dags/example_xcomargs.py
[2021-01-13 17:24:42,864] {scheduler_job.py:629} INFO - Processing file /Users/chowli/.local/share/virtualenvs/marketvol-WbDfdy4N/lib/python3.7/site-packages/airflow/example_dags/example_xcomargs.py for tasks to queue
[2021-01-13 17:24:42,865] {logging_mixin.py:103} INFO - [2021-01-13 17:24:42,865] {dagbag.py:440} INFO - Filling up the DagBag from /Users/chowli/.local/share/virtualenvs/marketvol-WbDfdy4N/lib/python3.7/site-packages/airflow/example_dags/example_xcomargs.py
[2021-01-13 17:24:42,880] {scheduler_job.py:639} INFO - DAG(s) dict_keys(['example_xcom_args', 'example_xcom_args_with_operators']) retrieved from /Users/chowli/.local/share/virtualenvs/marketvol-WbDfdy4N/lib/python3.7/site-packages/airflow/example_dags/example_xcomargs.py
[2021-01-13 17:24:42,882] {logging_mixin.py:103} INFO - [2021-01-13 17:24:42,882] {dag.py:1813} INFO - Sync 2 DAGs
[2021-01-13 17:24:42,902] {logging_mixin.py:103} INFO - [2021-01-13 17:24:42,901] {dag.py:2266} INFO - Setting next_dagrun for example_xcom_args to None
[2021-01-13 17:24:42,903] {logging_mixin.py:103} INFO - [2021-01-13 17:24:42,903] {dag.py:2266} INFO - Setting next_dagrun for example_xcom_args_with_operators to None
[2021-01-13 17:24:42,917] {scheduler_job.py:189} INFO - Processing /Users/chowli/.local/share/virtualenvs/marketvol-WbDfdy4N/lib/python3.7/site-packages/airflow/example_dags/example_xcomargs.py took 0.059 seconds
[2021-01-13 17:25:08,098] {scheduler_job.py:181} INFO - Started process (PID=6112) to work on /Users/chowli/.local/share/virtualenvs/marketvol-WbDfdy4N/lib/python3.7/site-packages/airflow/example_dags/example_xcomargs.py
[2021-01-13 17:25:08,100] {scheduler_job.py:629} INFO - Processing file /Users/chowli/.local/share/virtualenvs/marketvol-WbDfdy4N/lib/python3.7/site-packages/airflow/example_dags/example_xcomargs.py for tasks to queue
[2021-01-13 17:25:08,101] {logging_mixin.py:103} INFO - [2021-01-13 17:25:08,101] {dagbag.py:440} INFO - Filling up the DagBag from /Users/chowli/.local/share/virtualenvs/marketvol-WbDfdy4N/lib/python3.7/site-packages/airflow/example_dags/example_xcomargs.py
[2021-01-13 17:25:08,117] {scheduler_job.py:639} INFO - DAG(s) dict_keys(['example_xcom_args', 'example_xcom_args_with_operators']) retrieved from /Users/chowli/.local/share/virtualenvs/marketvol-WbDfdy4N/lib/python3.7/site-packages/airflow/example_dags/example_xcomargs.py
[2021-01-13 17:25:08,118] {logging_mixin.py:103} INFO - [2021-01-13 17:25:08,118] {dag.py:1813} INFO - Sync 2 DAGs
[2021-01-13 17:25:08,137] {logging_mixin.py:103} INFO - [2021-01-13 17:25:08,137] {dag.py:2266} INFO - Setting next_dagrun for example_xcom_args to None
[2021-01-13 17:25:08,139] {logging_mixin.py:103} INFO - [2021-01-13 17:25:08,139] {dag.py:2266} INFO - Setting next_dagrun for example_xcom_args_with_operators to None
[2021-01-13 17:25:08,161] {scheduler_job.py:189} INFO - Processing /Users/chowli/.local/share/virtualenvs/marketvol-WbDfdy4N/lib/python3.7/site-packages/airflow/example_dags/example_xcomargs.py took 0.066 seconds
[2021-01-13 17:25:34,390] {scheduler_job.py:181} INFO - Started process (PID=6140) to work on /Users/chowli/.local/share/virtualenvs/marketvol-WbDfdy4N/lib/python3.7/site-packages/airflow/example_dags/example_xcomargs.py
[2021-01-13 17:25:34,392] {scheduler_job.py:629} INFO - Processing file /Users/chowli/.local/share/virtualenvs/marketvol-WbDfdy4N/lib/python3.7/site-packages/airflow/example_dags/example_xcomargs.py for tasks to queue
[2021-01-13 17:25:34,393] {logging_mixin.py:103} INFO - [2021-01-13 17:25:34,393] {dagbag.py:440} INFO - Filling up the DagBag from /Users/chowli/.local/share/virtualenvs/marketvol-WbDfdy4N/lib/python3.7/site-packages/airflow/example_dags/example_xcomargs.py
[2021-01-13 17:25:34,410] {scheduler_job.py:639} INFO - DAG(s) dict_keys(['example_xcom_args', 'example_xcom_args_with_operators']) retrieved from /Users/chowli/.local/share/virtualenvs/marketvol-WbDfdy4N/lib/python3.7/site-packages/airflow/example_dags/example_xcomargs.py
[2021-01-13 17:25:34,412] {logging_mixin.py:103} INFO - [2021-01-13 17:25:34,412] {dag.py:1813} INFO - Sync 2 DAGs
[2021-01-13 17:25:34,435] {logging_mixin.py:103} INFO - [2021-01-13 17:25:34,434] {dag.py:2266} INFO - Setting next_dagrun for example_xcom_args to None
[2021-01-13 17:25:34,436] {logging_mixin.py:103} INFO - [2021-01-13 17:25:34,436] {dag.py:2266} INFO - Setting next_dagrun for example_xcom_args_with_operators to None
[2021-01-13 17:25:34,455] {scheduler_job.py:189} INFO - Processing /Users/chowli/.local/share/virtualenvs/marketvol-WbDfdy4N/lib/python3.7/site-packages/airflow/example_dags/example_xcomargs.py took 0.068 seconds
[2021-01-13 17:26:01,698] {scheduler_job.py:181} INFO - Started process (PID=6176) to work on /Users/chowli/.local/share/virtualenvs/marketvol-WbDfdy4N/lib/python3.7/site-packages/airflow/example_dags/example_xcomargs.py
[2021-01-13 17:26:01,700] {scheduler_job.py:629} INFO - Processing file /Users/chowli/.local/share/virtualenvs/marketvol-WbDfdy4N/lib/python3.7/site-packages/airflow/example_dags/example_xcomargs.py for tasks to queue
[2021-01-13 17:26:01,701] {logging_mixin.py:103} INFO - [2021-01-13 17:26:01,701] {dagbag.py:440} INFO - Filling up the DagBag from /Users/chowli/.local/share/virtualenvs/marketvol-WbDfdy4N/lib/python3.7/site-packages/airflow/example_dags/example_xcomargs.py
[2021-01-13 17:26:01,718] {scheduler_job.py:639} INFO - DAG(s) dict_keys(['example_xcom_args', 'example_xcom_args_with_operators']) retrieved from /Users/chowli/.local/share/virtualenvs/marketvol-WbDfdy4N/lib/python3.7/site-packages/airflow/example_dags/example_xcomargs.py
[2021-01-13 17:26:01,720] {logging_mixin.py:103} INFO - [2021-01-13 17:26:01,720] {dag.py:1813} INFO - Sync 2 DAGs
[2021-01-13 17:26:01,740] {logging_mixin.py:103} INFO - [2021-01-13 17:26:01,739] {dag.py:2266} INFO - Setting next_dagrun for example_xcom_args to None
[2021-01-13 17:26:01,741] {logging_mixin.py:103} INFO - [2021-01-13 17:26:01,741] {dag.py:2266} INFO - Setting next_dagrun for example_xcom_args_with_operators to None
[2021-01-13 17:26:01,768] {scheduler_job.py:189} INFO - Processing /Users/chowli/.local/share/virtualenvs/marketvol-WbDfdy4N/lib/python3.7/site-packages/airflow/example_dags/example_xcomargs.py took 0.074 seconds
[2021-01-13 17:26:26,950] {scheduler_job.py:181} INFO - Started process (PID=6211) to work on /Users/chowli/.local/share/virtualenvs/marketvol-WbDfdy4N/lib/python3.7/site-packages/airflow/example_dags/example_xcomargs.py
[2021-01-13 17:26:26,952] {scheduler_job.py:629} INFO - Processing file /Users/chowli/.local/share/virtualenvs/marketvol-WbDfdy4N/lib/python3.7/site-packages/airflow/example_dags/example_xcomargs.py for tasks to queue
[2021-01-13 17:26:26,953] {logging_mixin.py:103} INFO - [2021-01-13 17:26:26,952] {dagbag.py:440} INFO - Filling up the DagBag from /Users/chowli/.local/share/virtualenvs/marketvol-WbDfdy4N/lib/python3.7/site-packages/airflow/example_dags/example_xcomargs.py
[2021-01-13 17:26:26,968] {scheduler_job.py:639} INFO - DAG(s) dict_keys(['example_xcom_args', 'example_xcom_args_with_operators']) retrieved from /Users/chowli/.local/share/virtualenvs/marketvol-WbDfdy4N/lib/python3.7/site-packages/airflow/example_dags/example_xcomargs.py
[2021-01-13 17:26:26,970] {logging_mixin.py:103} INFO - [2021-01-13 17:26:26,969] {dag.py:1813} INFO - Sync 2 DAGs
[2021-01-13 17:26:26,988] {logging_mixin.py:103} INFO - [2021-01-13 17:26:26,988] {dag.py:2266} INFO - Setting next_dagrun for example_xcom_args to None
[2021-01-13 17:26:26,990] {logging_mixin.py:103} INFO - [2021-01-13 17:26:26,989] {dag.py:2266} INFO - Setting next_dagrun for example_xcom_args_with_operators to None
[2021-01-13 17:26:27,005] {scheduler_job.py:189} INFO - Processing /Users/chowli/.local/share/virtualenvs/marketvol-WbDfdy4N/lib/python3.7/site-packages/airflow/example_dags/example_xcomargs.py took 0.059 seconds
[2021-01-13 17:26:52,684] {scheduler_job.py:181} INFO - Started process (PID=6255) to work on /Users/chowli/.local/share/virtualenvs/marketvol-WbDfdy4N/lib/python3.7/site-packages/airflow/example_dags/example_xcomargs.py
[2021-01-13 17:26:52,686] {scheduler_job.py:629} INFO - Processing file /Users/chowli/.local/share/virtualenvs/marketvol-WbDfdy4N/lib/python3.7/site-packages/airflow/example_dags/example_xcomargs.py for tasks to queue
[2021-01-13 17:26:52,688] {logging_mixin.py:103} INFO - [2021-01-13 17:26:52,687] {dagbag.py:440} INFO - Filling up the DagBag from /Users/chowli/.local/share/virtualenvs/marketvol-WbDfdy4N/lib/python3.7/site-packages/airflow/example_dags/example_xcomargs.py
[2021-01-13 17:26:52,703] {scheduler_job.py:639} INFO - DAG(s) dict_keys(['example_xcom_args', 'example_xcom_args_with_operators']) retrieved from /Users/chowli/.local/share/virtualenvs/marketvol-WbDfdy4N/lib/python3.7/site-packages/airflow/example_dags/example_xcomargs.py
[2021-01-13 17:26:52,704] {logging_mixin.py:103} INFO - [2021-01-13 17:26:52,704] {dag.py:1813} INFO - Sync 2 DAGs
[2021-01-13 17:26:52,722] {logging_mixin.py:103} INFO - [2021-01-13 17:26:52,722] {dag.py:2266} INFO - Setting next_dagrun for example_xcom_args to None
[2021-01-13 17:26:52,724] {logging_mixin.py:103} INFO - [2021-01-13 17:26:52,723] {dag.py:2266} INFO - Setting next_dagrun for example_xcom_args_with_operators to None
[2021-01-13 17:26:52,750] {scheduler_job.py:189} INFO - Processing /Users/chowli/.local/share/virtualenvs/marketvol-WbDfdy4N/lib/python3.7/site-packages/airflow/example_dags/example_xcomargs.py took 0.070 seconds
[2021-01-13 17:27:17,437] {scheduler_job.py:181} INFO - Started process (PID=6295) to work on /Users/chowli/.local/share/virtualenvs/marketvol-WbDfdy4N/lib/python3.7/site-packages/airflow/example_dags/example_xcomargs.py
[2021-01-13 17:27:17,440] {scheduler_job.py:629} INFO - Processing file /Users/chowli/.local/share/virtualenvs/marketvol-WbDfdy4N/lib/python3.7/site-packages/airflow/example_dags/example_xcomargs.py for tasks to queue
[2021-01-13 17:27:17,442] {logging_mixin.py:103} INFO - [2021-01-13 17:27:17,441] {dagbag.py:440} INFO - Filling up the DagBag from /Users/chowli/.local/share/virtualenvs/marketvol-WbDfdy4N/lib/python3.7/site-packages/airflow/example_dags/example_xcomargs.py
[2021-01-13 17:27:17,459] {scheduler_job.py:639} INFO - DAG(s) dict_keys(['example_xcom_args', 'example_xcom_args_with_operators']) retrieved from /Users/chowli/.local/share/virtualenvs/marketvol-WbDfdy4N/lib/python3.7/site-packages/airflow/example_dags/example_xcomargs.py
[2021-01-13 17:27:17,460] {logging_mixin.py:103} INFO - [2021-01-13 17:27:17,460] {dag.py:1813} INFO - Sync 2 DAGs
[2021-01-13 17:27:17,481] {logging_mixin.py:103} INFO - [2021-01-13 17:27:17,481] {dag.py:2266} INFO - Setting next_dagrun for example_xcom_args to None
[2021-01-13 17:27:17,483] {logging_mixin.py:103} INFO - [2021-01-13 17:27:17,483] {dag.py:2266} INFO - Setting next_dagrun for example_xcom_args_with_operators to None
[2021-01-13 17:27:17,500] {scheduler_job.py:189} INFO - Processing /Users/chowli/.local/share/virtualenvs/marketvol-WbDfdy4N/lib/python3.7/site-packages/airflow/example_dags/example_xcomargs.py took 0.067 seconds
[2021-01-13 17:27:42,673] {scheduler_job.py:181} INFO - Started process (PID=6325) to work on /Users/chowli/.local/share/virtualenvs/marketvol-WbDfdy4N/lib/python3.7/site-packages/airflow/example_dags/example_xcomargs.py
[2021-01-13 17:27:42,674] {scheduler_job.py:629} INFO - Processing file /Users/chowli/.local/share/virtualenvs/marketvol-WbDfdy4N/lib/python3.7/site-packages/airflow/example_dags/example_xcomargs.py for tasks to queue
[2021-01-13 17:27:42,676] {logging_mixin.py:103} INFO - [2021-01-13 17:27:42,675] {dagbag.py:440} INFO - Filling up the DagBag from /Users/chowli/.local/share/virtualenvs/marketvol-WbDfdy4N/lib/python3.7/site-packages/airflow/example_dags/example_xcomargs.py
[2021-01-13 17:27:42,687] {scheduler_job.py:639} INFO - DAG(s) dict_keys(['example_xcom_args', 'example_xcom_args_with_operators']) retrieved from /Users/chowli/.local/share/virtualenvs/marketvol-WbDfdy4N/lib/python3.7/site-packages/airflow/example_dags/example_xcomargs.py
[2021-01-13 17:27:42,689] {logging_mixin.py:103} INFO - [2021-01-13 17:27:42,688] {dag.py:1813} INFO - Sync 2 DAGs
[2021-01-13 17:27:42,704] {logging_mixin.py:103} INFO - [2021-01-13 17:27:42,703] {dag.py:2266} INFO - Setting next_dagrun for example_xcom_args to None
[2021-01-13 17:27:42,705] {logging_mixin.py:103} INFO - [2021-01-13 17:27:42,704] {dag.py:2266} INFO - Setting next_dagrun for example_xcom_args_with_operators to None
[2021-01-13 17:27:42,729] {scheduler_job.py:189} INFO - Processing /Users/chowli/.local/share/virtualenvs/marketvol-WbDfdy4N/lib/python3.7/site-packages/airflow/example_dags/example_xcomargs.py took 0.059 seconds
[2021-01-13 17:28:08,961] {scheduler_job.py:181} INFO - Started process (PID=6353) to work on /Users/chowli/.local/share/virtualenvs/marketvol-WbDfdy4N/lib/python3.7/site-packages/airflow/example_dags/example_xcomargs.py
[2021-01-13 17:28:08,963] {scheduler_job.py:629} INFO - Processing file /Users/chowli/.local/share/virtualenvs/marketvol-WbDfdy4N/lib/python3.7/site-packages/airflow/example_dags/example_xcomargs.py for tasks to queue
[2021-01-13 17:28:08,965] {logging_mixin.py:103} INFO - [2021-01-13 17:28:08,964] {dagbag.py:440} INFO - Filling up the DagBag from /Users/chowli/.local/share/virtualenvs/marketvol-WbDfdy4N/lib/python3.7/site-packages/airflow/example_dags/example_xcomargs.py
[2021-01-13 17:28:08,982] {scheduler_job.py:639} INFO - DAG(s) dict_keys(['example_xcom_args', 'example_xcom_args_with_operators']) retrieved from /Users/chowli/.local/share/virtualenvs/marketvol-WbDfdy4N/lib/python3.7/site-packages/airflow/example_dags/example_xcomargs.py
[2021-01-13 17:28:08,985] {logging_mixin.py:103} INFO - [2021-01-13 17:28:08,984] {dag.py:1813} INFO - Sync 2 DAGs
[2021-01-13 17:28:09,005] {logging_mixin.py:103} INFO - [2021-01-13 17:28:09,004] {dag.py:2266} INFO - Setting next_dagrun for example_xcom_args to None
[2021-01-13 17:28:09,007] {logging_mixin.py:103} INFO - [2021-01-13 17:28:09,006] {dag.py:2266} INFO - Setting next_dagrun for example_xcom_args_with_operators to None
[2021-01-13 17:28:09,024] {scheduler_job.py:189} INFO - Processing /Users/chowli/.local/share/virtualenvs/marketvol-WbDfdy4N/lib/python3.7/site-packages/airflow/example_dags/example_xcomargs.py took 0.067 seconds
[2021-01-13 17:28:43,204] {scheduler_job.py:181} INFO - Started process (PID=6395) to work on /Users/chowli/.local/share/virtualenvs/marketvol-WbDfdy4N/lib/python3.7/site-packages/airflow/example_dags/example_xcomargs.py
[2021-01-13 17:28:43,205] {scheduler_job.py:629} INFO - Processing file /Users/chowli/.local/share/virtualenvs/marketvol-WbDfdy4N/lib/python3.7/site-packages/airflow/example_dags/example_xcomargs.py for tasks to queue
[2021-01-13 17:28:43,206] {logging_mixin.py:103} INFO - [2021-01-13 17:28:43,206] {dagbag.py:440} INFO - Filling up the DagBag from /Users/chowli/.local/share/virtualenvs/marketvol-WbDfdy4N/lib/python3.7/site-packages/airflow/example_dags/example_xcomargs.py
[2021-01-13 17:28:43,222] {scheduler_job.py:639} INFO - DAG(s) dict_keys(['example_xcom_args', 'example_xcom_args_with_operators']) retrieved from /Users/chowli/.local/share/virtualenvs/marketvol-WbDfdy4N/lib/python3.7/site-packages/airflow/example_dags/example_xcomargs.py
[2021-01-13 17:28:43,224] {logging_mixin.py:103} INFO - [2021-01-13 17:28:43,224] {dag.py:1813} INFO - Sync 2 DAGs
[2021-01-13 17:28:43,244] {logging_mixin.py:103} INFO - [2021-01-13 17:28:43,244] {dag.py:2266} INFO - Setting next_dagrun for example_xcom_args to None
[2021-01-13 17:28:43,246] {logging_mixin.py:103} INFO - [2021-01-13 17:28:43,245] {dag.py:2266} INFO - Setting next_dagrun for example_xcom_args_with_operators to None
[2021-01-13 17:28:43,276] {scheduler_job.py:189} INFO - Processing /Users/chowli/.local/share/virtualenvs/marketvol-WbDfdy4N/lib/python3.7/site-packages/airflow/example_dags/example_xcomargs.py took 0.076 seconds
[2021-01-13 17:29:16,774] {scheduler_job.py:181} INFO - Started process (PID=6450) to work on /Users/chowli/.local/share/virtualenvs/marketvol-WbDfdy4N/lib/python3.7/site-packages/airflow/example_dags/example_xcomargs.py
[2021-01-13 17:29:16,776] {scheduler_job.py:629} INFO - Processing file /Users/chowli/.local/share/virtualenvs/marketvol-WbDfdy4N/lib/python3.7/site-packages/airflow/example_dags/example_xcomargs.py for tasks to queue
[2021-01-13 17:29:16,777] {logging_mixin.py:103} INFO - [2021-01-13 17:29:16,777] {dagbag.py:440} INFO - Filling up the DagBag from /Users/chowli/.local/share/virtualenvs/marketvol-WbDfdy4N/lib/python3.7/site-packages/airflow/example_dags/example_xcomargs.py
[2021-01-13 17:29:16,797] {scheduler_job.py:639} INFO - DAG(s) dict_keys(['example_xcom_args', 'example_xcom_args_with_operators']) retrieved from /Users/chowli/.local/share/virtualenvs/marketvol-WbDfdy4N/lib/python3.7/site-packages/airflow/example_dags/example_xcomargs.py
[2021-01-13 17:29:16,799] {logging_mixin.py:103} INFO - [2021-01-13 17:29:16,799] {dag.py:1813} INFO - Sync 2 DAGs
[2021-01-13 17:29:16,825] {logging_mixin.py:103} INFO - [2021-01-13 17:29:16,824] {dag.py:2266} INFO - Setting next_dagrun for example_xcom_args to None
[2021-01-13 17:29:16,827] {logging_mixin.py:103} INFO - [2021-01-13 17:29:16,826] {dag.py:2266} INFO - Setting next_dagrun for example_xcom_args_with_operators to None
[2021-01-13 17:29:16,857] {scheduler_job.py:189} INFO - Processing /Users/chowli/.local/share/virtualenvs/marketvol-WbDfdy4N/lib/python3.7/site-packages/airflow/example_dags/example_xcomargs.py took 0.087 seconds
