[2021-01-13 17:23:09,997] {scheduler_job.py:181} INFO - Started process (PID=5860) to work on /Users/chowli/.local/share/virtualenvs/marketvol-WbDfdy4N/lib/python3.7/site-packages/airflow/example_dags/example_latest_only_with_trigger.py
[2021-01-13 17:23:09,999] {scheduler_job.py:629} INFO - Processing file /Users/chowli/.local/share/virtualenvs/marketvol-WbDfdy4N/lib/python3.7/site-packages/airflow/example_dags/example_latest_only_with_trigger.py for tasks to queue
[2021-01-13 17:23:10,000] {logging_mixin.py:103} INFO - [2021-01-13 17:23:10,000] {dagbag.py:440} INFO - Filling up the DagBag from /Users/chowli/.local/share/virtualenvs/marketvol-WbDfdy4N/lib/python3.7/site-packages/airflow/example_dags/example_latest_only_with_trigger.py
[2021-01-13 17:23:10,013] {scheduler_job.py:639} INFO - DAG(s) dict_keys(['latest_only_with_trigger']) retrieved from /Users/chowli/.local/share/virtualenvs/marketvol-WbDfdy4N/lib/python3.7/site-packages/airflow/example_dags/example_latest_only_with_trigger.py
[2021-01-13 17:23:10,015] {logging_mixin.py:103} INFO - [2021-01-13 17:23:10,014] {dag.py:1813} INFO - Sync 1 DAGs
[2021-01-13 17:23:10,033] {logging_mixin.py:103} INFO - [2021-01-13 17:23:10,032] {dag.py:2266} INFO - Setting next_dagrun for latest_only_with_trigger to 2021-01-12 00:00:00+00:00
[2021-01-13 17:23:10,047] {scheduler_job.py:189} INFO - Processing /Users/chowli/.local/share/virtualenvs/marketvol-WbDfdy4N/lib/python3.7/site-packages/airflow/example_dags/example_latest_only_with_trigger.py took 0.054 seconds
[2021-01-13 17:23:38,282] {scheduler_job.py:181} INFO - Started process (PID=5900) to work on /Users/chowli/.local/share/virtualenvs/marketvol-WbDfdy4N/lib/python3.7/site-packages/airflow/example_dags/example_latest_only_with_trigger.py
[2021-01-13 17:23:38,284] {scheduler_job.py:629} INFO - Processing file /Users/chowli/.local/share/virtualenvs/marketvol-WbDfdy4N/lib/python3.7/site-packages/airflow/example_dags/example_latest_only_with_trigger.py for tasks to queue
[2021-01-13 17:23:38,286] {logging_mixin.py:103} INFO - [2021-01-13 17:23:38,285] {dagbag.py:440} INFO - Filling up the DagBag from /Users/chowli/.local/share/virtualenvs/marketvol-WbDfdy4N/lib/python3.7/site-packages/airflow/example_dags/example_latest_only_with_trigger.py
[2021-01-13 17:23:38,300] {scheduler_job.py:639} INFO - DAG(s) dict_keys(['latest_only_with_trigger']) retrieved from /Users/chowli/.local/share/virtualenvs/marketvol-WbDfdy4N/lib/python3.7/site-packages/airflow/example_dags/example_latest_only_with_trigger.py
[2021-01-13 17:23:38,301] {logging_mixin.py:103} INFO - [2021-01-13 17:23:38,301] {dag.py:1813} INFO - Sync 1 DAGs
[2021-01-13 17:23:38,322] {logging_mixin.py:103} INFO - [2021-01-13 17:23:38,321] {dag.py:2266} INFO - Setting next_dagrun for latest_only_with_trigger to 2021-01-12 00:00:00+00:00
[2021-01-13 17:23:38,338] {scheduler_job.py:189} INFO - Processing /Users/chowli/.local/share/virtualenvs/marketvol-WbDfdy4N/lib/python3.7/site-packages/airflow/example_dags/example_latest_only_with_trigger.py took 0.061 seconds
[2021-01-13 17:24:04,545] {scheduler_job.py:181} INFO - Started process (PID=6010) to work on /Users/chowli/.local/share/virtualenvs/marketvol-WbDfdy4N/lib/python3.7/site-packages/airflow/example_dags/example_latest_only_with_trigger.py
[2021-01-13 17:24:04,546] {scheduler_job.py:629} INFO - Processing file /Users/chowli/.local/share/virtualenvs/marketvol-WbDfdy4N/lib/python3.7/site-packages/airflow/example_dags/example_latest_only_with_trigger.py for tasks to queue
[2021-01-13 17:24:04,548] {logging_mixin.py:103} INFO - [2021-01-13 17:24:04,547] {dagbag.py:440} INFO - Filling up the DagBag from /Users/chowli/.local/share/virtualenvs/marketvol-WbDfdy4N/lib/python3.7/site-packages/airflow/example_dags/example_latest_only_with_trigger.py
[2021-01-13 17:24:04,560] {scheduler_job.py:639} INFO - DAG(s) dict_keys(['latest_only_with_trigger']) retrieved from /Users/chowli/.local/share/virtualenvs/marketvol-WbDfdy4N/lib/python3.7/site-packages/airflow/example_dags/example_latest_only_with_trigger.py
[2021-01-13 17:24:04,562] {logging_mixin.py:103} INFO - [2021-01-13 17:24:04,562] {dag.py:1813} INFO - Sync 1 DAGs
[2021-01-13 17:24:04,581] {logging_mixin.py:103} INFO - [2021-01-13 17:24:04,580] {dag.py:2266} INFO - Setting next_dagrun for latest_only_with_trigger to 2021-01-12 00:00:00+00:00
[2021-01-13 17:24:04,595] {scheduler_job.py:189} INFO - Processing /Users/chowli/.local/share/virtualenvs/marketvol-WbDfdy4N/lib/python3.7/site-packages/airflow/example_dags/example_latest_only_with_trigger.py took 0.054 seconds
[2021-01-13 17:24:29,796] {scheduler_job.py:181} INFO - Started process (PID=6062) to work on /Users/chowli/.local/share/virtualenvs/marketvol-WbDfdy4N/lib/python3.7/site-packages/airflow/example_dags/example_latest_only_with_trigger.py
[2021-01-13 17:24:29,797] {scheduler_job.py:629} INFO - Processing file /Users/chowli/.local/share/virtualenvs/marketvol-WbDfdy4N/lib/python3.7/site-packages/airflow/example_dags/example_latest_only_with_trigger.py for tasks to queue
[2021-01-13 17:24:29,798] {logging_mixin.py:103} INFO - [2021-01-13 17:24:29,798] {dagbag.py:440} INFO - Filling up the DagBag from /Users/chowli/.local/share/virtualenvs/marketvol-WbDfdy4N/lib/python3.7/site-packages/airflow/example_dags/example_latest_only_with_trigger.py
[2021-01-13 17:24:29,811] {scheduler_job.py:639} INFO - DAG(s) dict_keys(['latest_only_with_trigger']) retrieved from /Users/chowli/.local/share/virtualenvs/marketvol-WbDfdy4N/lib/python3.7/site-packages/airflow/example_dags/example_latest_only_with_trigger.py
[2021-01-13 17:24:29,812] {logging_mixin.py:103} INFO - [2021-01-13 17:24:29,812] {dag.py:1813} INFO - Sync 1 DAGs
[2021-01-13 17:24:29,829] {logging_mixin.py:103} INFO - [2021-01-13 17:24:29,829] {dag.py:2266} INFO - Setting next_dagrun for latest_only_with_trigger to 2021-01-12 00:00:00+00:00
[2021-01-13 17:24:29,843] {scheduler_job.py:189} INFO - Processing /Users/chowli/.local/share/virtualenvs/marketvol-WbDfdy4N/lib/python3.7/site-packages/airflow/example_dags/example_latest_only_with_trigger.py took 0.051 seconds
[2021-01-13 17:24:55,040] {scheduler_job.py:181} INFO - Started process (PID=6097) to work on /Users/chowli/.local/share/virtualenvs/marketvol-WbDfdy4N/lib/python3.7/site-packages/airflow/example_dags/example_latest_only_with_trigger.py
[2021-01-13 17:24:55,042] {scheduler_job.py:629} INFO - Processing file /Users/chowli/.local/share/virtualenvs/marketvol-WbDfdy4N/lib/python3.7/site-packages/airflow/example_dags/example_latest_only_with_trigger.py for tasks to queue
[2021-01-13 17:24:55,043] {logging_mixin.py:103} INFO - [2021-01-13 17:24:55,043] {dagbag.py:440} INFO - Filling up the DagBag from /Users/chowli/.local/share/virtualenvs/marketvol-WbDfdy4N/lib/python3.7/site-packages/airflow/example_dags/example_latest_only_with_trigger.py
[2021-01-13 17:24:55,058] {scheduler_job.py:639} INFO - DAG(s) dict_keys(['latest_only_with_trigger']) retrieved from /Users/chowli/.local/share/virtualenvs/marketvol-WbDfdy4N/lib/python3.7/site-packages/airflow/example_dags/example_latest_only_with_trigger.py
[2021-01-13 17:24:55,059] {logging_mixin.py:103} INFO - [2021-01-13 17:24:55,059] {dag.py:1813} INFO - Sync 1 DAGs
[2021-01-13 17:24:55,078] {logging_mixin.py:103} INFO - [2021-01-13 17:24:55,077] {dag.py:2266} INFO - Setting next_dagrun for latest_only_with_trigger to 2021-01-12 00:00:00+00:00
[2021-01-13 17:24:55,093] {scheduler_job.py:189} INFO - Processing /Users/chowli/.local/share/virtualenvs/marketvol-WbDfdy4N/lib/python3.7/site-packages/airflow/example_dags/example_latest_only_with_trigger.py took 0.056 seconds
[2021-01-13 17:25:21,307] {scheduler_job.py:181} INFO - Started process (PID=6125) to work on /Users/chowli/.local/share/virtualenvs/marketvol-WbDfdy4N/lib/python3.7/site-packages/airflow/example_dags/example_latest_only_with_trigger.py
[2021-01-13 17:25:21,309] {scheduler_job.py:629} INFO - Processing file /Users/chowli/.local/share/virtualenvs/marketvol-WbDfdy4N/lib/python3.7/site-packages/airflow/example_dags/example_latest_only_with_trigger.py for tasks to queue
[2021-01-13 17:25:21,310] {logging_mixin.py:103} INFO - [2021-01-13 17:25:21,310] {dagbag.py:440} INFO - Filling up the DagBag from /Users/chowli/.local/share/virtualenvs/marketvol-WbDfdy4N/lib/python3.7/site-packages/airflow/example_dags/example_latest_only_with_trigger.py
[2021-01-13 17:25:21,323] {scheduler_job.py:639} INFO - DAG(s) dict_keys(['latest_only_with_trigger']) retrieved from /Users/chowli/.local/share/virtualenvs/marketvol-WbDfdy4N/lib/python3.7/site-packages/airflow/example_dags/example_latest_only_with_trigger.py
[2021-01-13 17:25:21,325] {logging_mixin.py:103} INFO - [2021-01-13 17:25:21,324] {dag.py:1813} INFO - Sync 1 DAGs
[2021-01-13 17:25:21,343] {logging_mixin.py:103} INFO - [2021-01-13 17:25:21,343] {dag.py:2266} INFO - Setting next_dagrun for latest_only_with_trigger to 2021-01-12 00:00:00+00:00
[2021-01-13 17:25:21,357] {scheduler_job.py:189} INFO - Processing /Users/chowli/.local/share/virtualenvs/marketvol-WbDfdy4N/lib/python3.7/site-packages/airflow/example_dags/example_latest_only_with_trigger.py took 0.054 seconds
[2021-01-13 17:25:47,600] {scheduler_job.py:181} INFO - Started process (PID=6154) to work on /Users/chowli/.local/share/virtualenvs/marketvol-WbDfdy4N/lib/python3.7/site-packages/airflow/example_dags/example_latest_only_with_trigger.py
[2021-01-13 17:25:47,602] {scheduler_job.py:629} INFO - Processing file /Users/chowli/.local/share/virtualenvs/marketvol-WbDfdy4N/lib/python3.7/site-packages/airflow/example_dags/example_latest_only_with_trigger.py for tasks to queue
[2021-01-13 17:25:47,605] {logging_mixin.py:103} INFO - [2021-01-13 17:25:47,604] {dagbag.py:440} INFO - Filling up the DagBag from /Users/chowli/.local/share/virtualenvs/marketvol-WbDfdy4N/lib/python3.7/site-packages/airflow/example_dags/example_latest_only_with_trigger.py
[2021-01-13 17:25:47,620] {scheduler_job.py:639} INFO - DAG(s) dict_keys(['latest_only_with_trigger']) retrieved from /Users/chowli/.local/share/virtualenvs/marketvol-WbDfdy4N/lib/python3.7/site-packages/airflow/example_dags/example_latest_only_with_trigger.py
[2021-01-13 17:25:47,623] {logging_mixin.py:103} INFO - [2021-01-13 17:25:47,622] {dag.py:1813} INFO - Sync 1 DAGs
[2021-01-13 17:25:47,648] {logging_mixin.py:103} INFO - [2021-01-13 17:25:47,648] {dag.py:2266} INFO - Setting next_dagrun for latest_only_with_trigger to 2021-01-12 00:00:00+00:00
[2021-01-13 17:25:47,672] {scheduler_job.py:189} INFO - Processing /Users/chowli/.local/share/virtualenvs/marketvol-WbDfdy4N/lib/python3.7/site-packages/airflow/example_dags/example_latest_only_with_trigger.py took 0.077 seconds
[2021-01-13 17:26:13,750] {scheduler_job.py:181} INFO - Started process (PID=6190) to work on /Users/chowli/.local/share/virtualenvs/marketvol-WbDfdy4N/lib/python3.7/site-packages/airflow/example_dags/example_latest_only_with_trigger.py
[2021-01-13 17:26:13,751] {scheduler_job.py:629} INFO - Processing file /Users/chowli/.local/share/virtualenvs/marketvol-WbDfdy4N/lib/python3.7/site-packages/airflow/example_dags/example_latest_only_with_trigger.py for tasks to queue
[2021-01-13 17:26:13,753] {logging_mixin.py:103} INFO - [2021-01-13 17:26:13,752] {dagbag.py:440} INFO - Filling up the DagBag from /Users/chowli/.local/share/virtualenvs/marketvol-WbDfdy4N/lib/python3.7/site-packages/airflow/example_dags/example_latest_only_with_trigger.py
[2021-01-13 17:26:13,768] {scheduler_job.py:639} INFO - DAG(s) dict_keys(['latest_only_with_trigger']) retrieved from /Users/chowli/.local/share/virtualenvs/marketvol-WbDfdy4N/lib/python3.7/site-packages/airflow/example_dags/example_latest_only_with_trigger.py
[2021-01-13 17:26:13,771] {logging_mixin.py:103} INFO - [2021-01-13 17:26:13,770] {dag.py:1813} INFO - Sync 1 DAGs
[2021-01-13 17:26:13,792] {logging_mixin.py:103} INFO - [2021-01-13 17:26:13,791] {dag.py:2266} INFO - Setting next_dagrun for latest_only_with_trigger to 2021-01-12 00:00:00+00:00
[2021-01-13 17:26:13,810] {scheduler_job.py:189} INFO - Processing /Users/chowli/.local/share/virtualenvs/marketvol-WbDfdy4N/lib/python3.7/site-packages/airflow/example_dags/example_latest_only_with_trigger.py took 0.064 seconds
[2021-01-13 17:26:38,981] {scheduler_job.py:181} INFO - Started process (PID=6225) to work on /Users/chowli/.local/share/virtualenvs/marketvol-WbDfdy4N/lib/python3.7/site-packages/airflow/example_dags/example_latest_only_with_trigger.py
[2021-01-13 17:26:38,983] {scheduler_job.py:629} INFO - Processing file /Users/chowli/.local/share/virtualenvs/marketvol-WbDfdy4N/lib/python3.7/site-packages/airflow/example_dags/example_latest_only_with_trigger.py for tasks to queue
[2021-01-13 17:26:38,984] {logging_mixin.py:103} INFO - [2021-01-13 17:26:38,984] {dagbag.py:440} INFO - Filling up the DagBag from /Users/chowli/.local/share/virtualenvs/marketvol-WbDfdy4N/lib/python3.7/site-packages/airflow/example_dags/example_latest_only_with_trigger.py
[2021-01-13 17:26:38,997] {scheduler_job.py:639} INFO - DAG(s) dict_keys(['latest_only_with_trigger']) retrieved from /Users/chowli/.local/share/virtualenvs/marketvol-WbDfdy4N/lib/python3.7/site-packages/airflow/example_dags/example_latest_only_with_trigger.py
[2021-01-13 17:26:38,999] {logging_mixin.py:103} INFO - [2021-01-13 17:26:38,998] {dag.py:1813} INFO - Sync 1 DAGs
[2021-01-13 17:26:39,018] {logging_mixin.py:103} INFO - [2021-01-13 17:26:39,017] {dag.py:2266} INFO - Setting next_dagrun for latest_only_with_trigger to 2021-01-12 00:00:00+00:00
[2021-01-13 17:26:39,032] {scheduler_job.py:189} INFO - Processing /Users/chowli/.local/share/virtualenvs/marketvol-WbDfdy4N/lib/python3.7/site-packages/airflow/example_dags/example_latest_only_with_trigger.py took 0.055 seconds
[2021-01-13 17:27:04,259] {scheduler_job.py:181} INFO - Started process (PID=6270) to work on /Users/chowli/.local/share/virtualenvs/marketvol-WbDfdy4N/lib/python3.7/site-packages/airflow/example_dags/example_latest_only_with_trigger.py
[2021-01-13 17:27:04,261] {scheduler_job.py:629} INFO - Processing file /Users/chowli/.local/share/virtualenvs/marketvol-WbDfdy4N/lib/python3.7/site-packages/airflow/example_dags/example_latest_only_with_trigger.py for tasks to queue
[2021-01-13 17:27:04,262] {logging_mixin.py:103} INFO - [2021-01-13 17:27:04,262] {dagbag.py:440} INFO - Filling up the DagBag from /Users/chowli/.local/share/virtualenvs/marketvol-WbDfdy4N/lib/python3.7/site-packages/airflow/example_dags/example_latest_only_with_trigger.py
[2021-01-13 17:27:04,273] {scheduler_job.py:639} INFO - DAG(s) dict_keys(['latest_only_with_trigger']) retrieved from /Users/chowli/.local/share/virtualenvs/marketvol-WbDfdy4N/lib/python3.7/site-packages/airflow/example_dags/example_latest_only_with_trigger.py
[2021-01-13 17:27:04,275] {logging_mixin.py:103} INFO - [2021-01-13 17:27:04,275] {dag.py:1813} INFO - Sync 1 DAGs
[2021-01-13 17:27:04,292] {logging_mixin.py:103} INFO - [2021-01-13 17:27:04,291] {dag.py:2266} INFO - Setting next_dagrun for latest_only_with_trigger to 2021-01-12 00:00:00+00:00
[2021-01-13 17:27:04,306] {scheduler_job.py:189} INFO - Processing /Users/chowli/.local/share/virtualenvs/marketvol-WbDfdy4N/lib/python3.7/site-packages/airflow/example_dags/example_latest_only_with_trigger.py took 0.050 seconds
[2021-01-13 17:27:29,467] {scheduler_job.py:181} INFO - Started process (PID=6308) to work on /Users/chowli/.local/share/virtualenvs/marketvol-WbDfdy4N/lib/python3.7/site-packages/airflow/example_dags/example_latest_only_with_trigger.py
[2021-01-13 17:27:29,469] {scheduler_job.py:629} INFO - Processing file /Users/chowli/.local/share/virtualenvs/marketvol-WbDfdy4N/lib/python3.7/site-packages/airflow/example_dags/example_latest_only_with_trigger.py for tasks to queue
[2021-01-13 17:27:29,471] {logging_mixin.py:103} INFO - [2021-01-13 17:27:29,470] {dagbag.py:440} INFO - Filling up the DagBag from /Users/chowli/.local/share/virtualenvs/marketvol-WbDfdy4N/lib/python3.7/site-packages/airflow/example_dags/example_latest_only_with_trigger.py
[2021-01-13 17:27:29,483] {scheduler_job.py:639} INFO - DAG(s) dict_keys(['latest_only_with_trigger']) retrieved from /Users/chowli/.local/share/virtualenvs/marketvol-WbDfdy4N/lib/python3.7/site-packages/airflow/example_dags/example_latest_only_with_trigger.py
[2021-01-13 17:27:29,485] {logging_mixin.py:103} INFO - [2021-01-13 17:27:29,485] {dag.py:1813} INFO - Sync 1 DAGs
[2021-01-13 17:27:29,505] {logging_mixin.py:103} INFO - [2021-01-13 17:27:29,505] {dag.py:2266} INFO - Setting next_dagrun for latest_only_with_trigger to 2021-01-12 00:00:00+00:00
[2021-01-13 17:27:29,521] {scheduler_job.py:189} INFO - Processing /Users/chowli/.local/share/virtualenvs/marketvol-WbDfdy4N/lib/python3.7/site-packages/airflow/example_dags/example_latest_only_with_trigger.py took 0.059 seconds
[2021-01-13 17:27:54,718] {scheduler_job.py:181} INFO - Started process (PID=6338) to work on /Users/chowli/.local/share/virtualenvs/marketvol-WbDfdy4N/lib/python3.7/site-packages/airflow/example_dags/example_latest_only_with_trigger.py
[2021-01-13 17:27:54,719] {scheduler_job.py:629} INFO - Processing file /Users/chowli/.local/share/virtualenvs/marketvol-WbDfdy4N/lib/python3.7/site-packages/airflow/example_dags/example_latest_only_with_trigger.py for tasks to queue
[2021-01-13 17:27:54,720] {logging_mixin.py:103} INFO - [2021-01-13 17:27:54,720] {dagbag.py:440} INFO - Filling up the DagBag from /Users/chowli/.local/share/virtualenvs/marketvol-WbDfdy4N/lib/python3.7/site-packages/airflow/example_dags/example_latest_only_with_trigger.py
[2021-01-13 17:27:54,736] {scheduler_job.py:639} INFO - DAG(s) dict_keys(['latest_only_with_trigger']) retrieved from /Users/chowli/.local/share/virtualenvs/marketvol-WbDfdy4N/lib/python3.7/site-packages/airflow/example_dags/example_latest_only_with_trigger.py
[2021-01-13 17:27:54,738] {logging_mixin.py:103} INFO - [2021-01-13 17:27:54,738] {dag.py:1813} INFO - Sync 1 DAGs
[2021-01-13 17:27:54,762] {logging_mixin.py:103} INFO - [2021-01-13 17:27:54,761] {dag.py:2266} INFO - Setting next_dagrun for latest_only_with_trigger to 2021-01-12 00:00:00+00:00
[2021-01-13 17:27:54,780] {scheduler_job.py:189} INFO - Processing /Users/chowli/.local/share/virtualenvs/marketvol-WbDfdy4N/lib/python3.7/site-packages/airflow/example_dags/example_latest_only_with_trigger.py took 0.067 seconds
[2021-01-13 17:28:44,343] {scheduler_job.py:181} INFO - Started process (PID=6396) to work on /Users/chowli/.local/share/virtualenvs/marketvol-WbDfdy4N/lib/python3.7/site-packages/airflow/example_dags/example_latest_only_with_trigger.py
[2021-01-13 17:28:44,345] {scheduler_job.py:629} INFO - Processing file /Users/chowli/.local/share/virtualenvs/marketvol-WbDfdy4N/lib/python3.7/site-packages/airflow/example_dags/example_latest_only_with_trigger.py for tasks to queue
[2021-01-13 17:28:44,348] {logging_mixin.py:103} INFO - [2021-01-13 17:28:44,347] {dagbag.py:440} INFO - Filling up the DagBag from /Users/chowli/.local/share/virtualenvs/marketvol-WbDfdy4N/lib/python3.7/site-packages/airflow/example_dags/example_latest_only_with_trigger.py
[2021-01-13 17:28:44,362] {scheduler_job.py:639} INFO - DAG(s) dict_keys(['latest_only_with_trigger']) retrieved from /Users/chowli/.local/share/virtualenvs/marketvol-WbDfdy4N/lib/python3.7/site-packages/airflow/example_dags/example_latest_only_with_trigger.py
[2021-01-13 17:28:44,365] {logging_mixin.py:103} INFO - [2021-01-13 17:28:44,365] {dag.py:1813} INFO - Sync 1 DAGs
[2021-01-13 17:28:44,388] {logging_mixin.py:103} INFO - [2021-01-13 17:28:44,388] {dag.py:2266} INFO - Setting next_dagrun for latest_only_with_trigger to 2021-01-12 00:00:00+00:00
[2021-01-13 17:28:44,409] {scheduler_job.py:189} INFO - Processing /Users/chowli/.local/share/virtualenvs/marketvol-WbDfdy4N/lib/python3.7/site-packages/airflow/example_dags/example_latest_only_with_trigger.py took 0.070 seconds
[2021-01-13 17:29:17,835] {scheduler_job.py:181} INFO - Started process (PID=6451) to work on /Users/chowli/.local/share/virtualenvs/marketvol-WbDfdy4N/lib/python3.7/site-packages/airflow/example_dags/example_latest_only_with_trigger.py
[2021-01-13 17:29:17,837] {scheduler_job.py:629} INFO - Processing file /Users/chowli/.local/share/virtualenvs/marketvol-WbDfdy4N/lib/python3.7/site-packages/airflow/example_dags/example_latest_only_with_trigger.py for tasks to queue
[2021-01-13 17:29:17,838] {logging_mixin.py:103} INFO - [2021-01-13 17:29:17,838] {dagbag.py:440} INFO - Filling up the DagBag from /Users/chowli/.local/share/virtualenvs/marketvol-WbDfdy4N/lib/python3.7/site-packages/airflow/example_dags/example_latest_only_with_trigger.py
[2021-01-13 17:29:17,854] {scheduler_job.py:639} INFO - DAG(s) dict_keys(['latest_only_with_trigger']) retrieved from /Users/chowli/.local/share/virtualenvs/marketvol-WbDfdy4N/lib/python3.7/site-packages/airflow/example_dags/example_latest_only_with_trigger.py
[2021-01-13 17:29:17,856] {logging_mixin.py:103} INFO - [2021-01-13 17:29:17,855] {dag.py:1813} INFO - Sync 1 DAGs
[2021-01-13 17:29:17,877] {logging_mixin.py:103} INFO - [2021-01-13 17:29:17,877] {dag.py:2266} INFO - Setting next_dagrun for latest_only_with_trigger to 2021-01-12 00:00:00+00:00
[2021-01-13 17:29:17,896] {scheduler_job.py:189} INFO - Processing /Users/chowli/.local/share/virtualenvs/marketvol-WbDfdy4N/lib/python3.7/site-packages/airflow/example_dags/example_latest_only_with_trigger.py took 0.066 seconds
