[2021-01-13 17:23:06,041] {scheduler_job.py:181} INFO - Started process (PID=5851) to work on /Users/chowli/.local/share/virtualenvs/marketvol-WbDfdy4N/lib/python3.7/site-packages/airflow/example_dags/example_python_operator.py
[2021-01-13 17:23:06,042] {scheduler_job.py:629} INFO - Processing file /Users/chowli/.local/share/virtualenvs/marketvol-WbDfdy4N/lib/python3.7/site-packages/airflow/example_dags/example_python_operator.py for tasks to queue
[2021-01-13 17:23:06,043] {logging_mixin.py:103} INFO - [2021-01-13 17:23:06,043] {dagbag.py:440} INFO - Filling up the DagBag from /Users/chowli/.local/share/virtualenvs/marketvol-WbDfdy4N/lib/python3.7/site-packages/airflow/example_dags/example_python_operator.py
[2021-01-13 17:23:06,056] {scheduler_job.py:639} INFO - DAG(s) dict_keys(['example_python_operator']) retrieved from /Users/chowli/.local/share/virtualenvs/marketvol-WbDfdy4N/lib/python3.7/site-packages/airflow/example_dags/example_python_operator.py
[2021-01-13 17:23:06,058] {logging_mixin.py:103} INFO - [2021-01-13 17:23:06,058] {dag.py:1813} INFO - Sync 1 DAGs
[2021-01-13 17:23:06,074] {logging_mixin.py:103} INFO - [2021-01-13 17:23:06,074] {dag.py:2266} INFO - Setting next_dagrun for example_python_operator to None
[2021-01-13 17:23:06,095] {scheduler_job.py:189} INFO - Processing /Users/chowli/.local/share/virtualenvs/marketvol-WbDfdy4N/lib/python3.7/site-packages/airflow/example_dags/example_python_operator.py took 0.057 seconds
[2021-01-13 17:23:37,235] {scheduler_job.py:181} INFO - Started process (PID=5899) to work on /Users/chowli/.local/share/virtualenvs/marketvol-WbDfdy4N/lib/python3.7/site-packages/airflow/example_dags/example_python_operator.py
[2021-01-13 17:23:37,238] {scheduler_job.py:629} INFO - Processing file /Users/chowli/.local/share/virtualenvs/marketvol-WbDfdy4N/lib/python3.7/site-packages/airflow/example_dags/example_python_operator.py for tasks to queue
[2021-01-13 17:23:37,239] {logging_mixin.py:103} INFO - [2021-01-13 17:23:37,239] {dagbag.py:440} INFO - Filling up the DagBag from /Users/chowli/.local/share/virtualenvs/marketvol-WbDfdy4N/lib/python3.7/site-packages/airflow/example_dags/example_python_operator.py
[2021-01-13 17:23:37,254] {scheduler_job.py:639} INFO - DAG(s) dict_keys(['example_python_operator']) retrieved from /Users/chowli/.local/share/virtualenvs/marketvol-WbDfdy4N/lib/python3.7/site-packages/airflow/example_dags/example_python_operator.py
[2021-01-13 17:23:37,256] {logging_mixin.py:103} INFO - [2021-01-13 17:23:37,255] {dag.py:1813} INFO - Sync 1 DAGs
[2021-01-13 17:23:37,275] {logging_mixin.py:103} INFO - [2021-01-13 17:23:37,275] {dag.py:2266} INFO - Setting next_dagrun for example_python_operator to None
[2021-01-13 17:23:37,292] {scheduler_job.py:189} INFO - Processing /Users/chowli/.local/share/virtualenvs/marketvol-WbDfdy4N/lib/python3.7/site-packages/airflow/example_dags/example_python_operator.py took 0.060 seconds
[2021-01-13 17:24:03,514] {scheduler_job.py:181} INFO - Started process (PID=6009) to work on /Users/chowli/.local/share/virtualenvs/marketvol-WbDfdy4N/lib/python3.7/site-packages/airflow/example_dags/example_python_operator.py
[2021-01-13 17:24:03,515] {scheduler_job.py:629} INFO - Processing file /Users/chowli/.local/share/virtualenvs/marketvol-WbDfdy4N/lib/python3.7/site-packages/airflow/example_dags/example_python_operator.py for tasks to queue
[2021-01-13 17:24:03,517] {logging_mixin.py:103} INFO - [2021-01-13 17:24:03,516] {dagbag.py:440} INFO - Filling up the DagBag from /Users/chowli/.local/share/virtualenvs/marketvol-WbDfdy4N/lib/python3.7/site-packages/airflow/example_dags/example_python_operator.py
[2021-01-13 17:24:03,531] {scheduler_job.py:639} INFO - DAG(s) dict_keys(['example_python_operator']) retrieved from /Users/chowli/.local/share/virtualenvs/marketvol-WbDfdy4N/lib/python3.7/site-packages/airflow/example_dags/example_python_operator.py
[2021-01-13 17:24:03,533] {logging_mixin.py:103} INFO - [2021-01-13 17:24:03,532] {dag.py:1813} INFO - Sync 1 DAGs
[2021-01-13 17:24:03,552] {logging_mixin.py:103} INFO - [2021-01-13 17:24:03,552] {dag.py:2266} INFO - Setting next_dagrun for example_python_operator to None
[2021-01-13 17:24:03,569] {scheduler_job.py:189} INFO - Processing /Users/chowli/.local/share/virtualenvs/marketvol-WbDfdy4N/lib/python3.7/site-packages/airflow/example_dags/example_python_operator.py took 0.059 seconds
[2021-01-13 17:24:28,759] {scheduler_job.py:181} INFO - Started process (PID=6061) to work on /Users/chowli/.local/share/virtualenvs/marketvol-WbDfdy4N/lib/python3.7/site-packages/airflow/example_dags/example_python_operator.py
[2021-01-13 17:24:28,761] {scheduler_job.py:629} INFO - Processing file /Users/chowli/.local/share/virtualenvs/marketvol-WbDfdy4N/lib/python3.7/site-packages/airflow/example_dags/example_python_operator.py for tasks to queue
[2021-01-13 17:24:28,763] {logging_mixin.py:103} INFO - [2021-01-13 17:24:28,763] {dagbag.py:440} INFO - Filling up the DagBag from /Users/chowli/.local/share/virtualenvs/marketvol-WbDfdy4N/lib/python3.7/site-packages/airflow/example_dags/example_python_operator.py
[2021-01-13 17:24:28,783] {scheduler_job.py:639} INFO - DAG(s) dict_keys(['example_python_operator']) retrieved from /Users/chowli/.local/share/virtualenvs/marketvol-WbDfdy4N/lib/python3.7/site-packages/airflow/example_dags/example_python_operator.py
[2021-01-13 17:24:28,785] {logging_mixin.py:103} INFO - [2021-01-13 17:24:28,785] {dag.py:1813} INFO - Sync 1 DAGs
[2021-01-13 17:24:28,808] {logging_mixin.py:103} INFO - [2021-01-13 17:24:28,808] {dag.py:2266} INFO - Setting next_dagrun for example_python_operator to None
[2021-01-13 17:24:28,829] {scheduler_job.py:189} INFO - Processing /Users/chowli/.local/share/virtualenvs/marketvol-WbDfdy4N/lib/python3.7/site-packages/airflow/example_dags/example_python_operator.py took 0.075 seconds
[2021-01-13 17:24:54,006] {scheduler_job.py:181} INFO - Started process (PID=6096) to work on /Users/chowli/.local/share/virtualenvs/marketvol-WbDfdy4N/lib/python3.7/site-packages/airflow/example_dags/example_python_operator.py
[2021-01-13 17:24:54,008] {scheduler_job.py:629} INFO - Processing file /Users/chowli/.local/share/virtualenvs/marketvol-WbDfdy4N/lib/python3.7/site-packages/airflow/example_dags/example_python_operator.py for tasks to queue
[2021-01-13 17:24:54,009] {logging_mixin.py:103} INFO - [2021-01-13 17:24:54,009] {dagbag.py:440} INFO - Filling up the DagBag from /Users/chowli/.local/share/virtualenvs/marketvol-WbDfdy4N/lib/python3.7/site-packages/airflow/example_dags/example_python_operator.py
[2021-01-13 17:24:54,023] {scheduler_job.py:639} INFO - DAG(s) dict_keys(['example_python_operator']) retrieved from /Users/chowli/.local/share/virtualenvs/marketvol-WbDfdy4N/lib/python3.7/site-packages/airflow/example_dags/example_python_operator.py
[2021-01-13 17:24:54,024] {logging_mixin.py:103} INFO - [2021-01-13 17:24:54,024] {dag.py:1813} INFO - Sync 1 DAGs
[2021-01-13 17:24:54,043] {logging_mixin.py:103} INFO - [2021-01-13 17:24:54,043] {dag.py:2266} INFO - Setting next_dagrun for example_python_operator to None
[2021-01-13 17:24:54,060] {scheduler_job.py:189} INFO - Processing /Users/chowli/.local/share/virtualenvs/marketvol-WbDfdy4N/lib/python3.7/site-packages/airflow/example_dags/example_python_operator.py took 0.057 seconds
[2021-01-13 17:25:20,274] {scheduler_job.py:181} INFO - Started process (PID=6124) to work on /Users/chowli/.local/share/virtualenvs/marketvol-WbDfdy4N/lib/python3.7/site-packages/airflow/example_dags/example_python_operator.py
[2021-01-13 17:25:20,276] {scheduler_job.py:629} INFO - Processing file /Users/chowli/.local/share/virtualenvs/marketvol-WbDfdy4N/lib/python3.7/site-packages/airflow/example_dags/example_python_operator.py for tasks to queue
[2021-01-13 17:25:20,277] {logging_mixin.py:103} INFO - [2021-01-13 17:25:20,277] {dagbag.py:440} INFO - Filling up the DagBag from /Users/chowli/.local/share/virtualenvs/marketvol-WbDfdy4N/lib/python3.7/site-packages/airflow/example_dags/example_python_operator.py
[2021-01-13 17:25:20,291] {scheduler_job.py:639} INFO - DAG(s) dict_keys(['example_python_operator']) retrieved from /Users/chowli/.local/share/virtualenvs/marketvol-WbDfdy4N/lib/python3.7/site-packages/airflow/example_dags/example_python_operator.py
[2021-01-13 17:25:20,293] {logging_mixin.py:103} INFO - [2021-01-13 17:25:20,292] {dag.py:1813} INFO - Sync 1 DAGs
[2021-01-13 17:25:20,310] {logging_mixin.py:103} INFO - [2021-01-13 17:25:20,310] {dag.py:2266} INFO - Setting next_dagrun for example_python_operator to None
[2021-01-13 17:25:20,324] {scheduler_job.py:189} INFO - Processing /Users/chowli/.local/share/virtualenvs/marketvol-WbDfdy4N/lib/python3.7/site-packages/airflow/example_dags/example_python_operator.py took 0.054 seconds
[2021-01-13 17:25:46,564] {scheduler_job.py:181} INFO - Started process (PID=6152) to work on /Users/chowli/.local/share/virtualenvs/marketvol-WbDfdy4N/lib/python3.7/site-packages/airflow/example_dags/example_python_operator.py
[2021-01-13 17:25:46,566] {scheduler_job.py:629} INFO - Processing file /Users/chowli/.local/share/virtualenvs/marketvol-WbDfdy4N/lib/python3.7/site-packages/airflow/example_dags/example_python_operator.py for tasks to queue
[2021-01-13 17:25:46,569] {logging_mixin.py:103} INFO - [2021-01-13 17:25:46,568] {dagbag.py:440} INFO - Filling up the DagBag from /Users/chowli/.local/share/virtualenvs/marketvol-WbDfdy4N/lib/python3.7/site-packages/airflow/example_dags/example_python_operator.py
[2021-01-13 17:25:46,584] {scheduler_job.py:639} INFO - DAG(s) dict_keys(['example_python_operator']) retrieved from /Users/chowli/.local/share/virtualenvs/marketvol-WbDfdy4N/lib/python3.7/site-packages/airflow/example_dags/example_python_operator.py
[2021-01-13 17:25:46,586] {logging_mixin.py:103} INFO - [2021-01-13 17:25:46,586] {dag.py:1813} INFO - Sync 1 DAGs
[2021-01-13 17:25:46,608] {logging_mixin.py:103} INFO - [2021-01-13 17:25:46,607] {dag.py:2266} INFO - Setting next_dagrun for example_python_operator to None
[2021-01-13 17:25:46,625] {scheduler_job.py:189} INFO - Processing /Users/chowli/.local/share/virtualenvs/marketvol-WbDfdy4N/lib/python3.7/site-packages/airflow/example_dags/example_python_operator.py took 0.066 seconds
[2021-01-13 17:26:12,845] {scheduler_job.py:181} INFO - Started process (PID=6189) to work on /Users/chowli/.local/share/virtualenvs/marketvol-WbDfdy4N/lib/python3.7/site-packages/airflow/example_dags/example_python_operator.py
[2021-01-13 17:26:12,847] {scheduler_job.py:629} INFO - Processing file /Users/chowli/.local/share/virtualenvs/marketvol-WbDfdy4N/lib/python3.7/site-packages/airflow/example_dags/example_python_operator.py for tasks to queue
[2021-01-13 17:26:12,849] {logging_mixin.py:103} INFO - [2021-01-13 17:26:12,848] {dagbag.py:440} INFO - Filling up the DagBag from /Users/chowli/.local/share/virtualenvs/marketvol-WbDfdy4N/lib/python3.7/site-packages/airflow/example_dags/example_python_operator.py
[2021-01-13 17:26:12,864] {scheduler_job.py:639} INFO - DAG(s) dict_keys(['example_python_operator']) retrieved from /Users/chowli/.local/share/virtualenvs/marketvol-WbDfdy4N/lib/python3.7/site-packages/airflow/example_dags/example_python_operator.py
[2021-01-13 17:26:12,866] {logging_mixin.py:103} INFO - [2021-01-13 17:26:12,865] {dag.py:1813} INFO - Sync 1 DAGs
[2021-01-13 17:26:12,884] {logging_mixin.py:103} INFO - [2021-01-13 17:26:12,884] {dag.py:2266} INFO - Setting next_dagrun for example_python_operator to None
[2021-01-13 17:26:12,899] {scheduler_job.py:189} INFO - Processing /Users/chowli/.local/share/virtualenvs/marketvol-WbDfdy4N/lib/python3.7/site-packages/airflow/example_dags/example_python_operator.py took 0.058 seconds
[2021-01-13 17:26:38,674] {scheduler_job.py:181} INFO - Started process (PID=6224) to work on /Users/chowli/.local/share/virtualenvs/marketvol-WbDfdy4N/lib/python3.7/site-packages/airflow/example_dags/example_python_operator.py
[2021-01-13 17:26:38,675] {scheduler_job.py:629} INFO - Processing file /Users/chowli/.local/share/virtualenvs/marketvol-WbDfdy4N/lib/python3.7/site-packages/airflow/example_dags/example_python_operator.py for tasks to queue
[2021-01-13 17:26:38,676] {logging_mixin.py:103} INFO - [2021-01-13 17:26:38,676] {dagbag.py:440} INFO - Filling up the DagBag from /Users/chowli/.local/share/virtualenvs/marketvol-WbDfdy4N/lib/python3.7/site-packages/airflow/example_dags/example_python_operator.py
[2021-01-13 17:26:38,692] {scheduler_job.py:639} INFO - DAG(s) dict_keys(['example_python_operator']) retrieved from /Users/chowli/.local/share/virtualenvs/marketvol-WbDfdy4N/lib/python3.7/site-packages/airflow/example_dags/example_python_operator.py
[2021-01-13 17:26:38,693] {logging_mixin.py:103} INFO - [2021-01-13 17:26:38,693] {dag.py:1813} INFO - Sync 1 DAGs
[2021-01-13 17:26:38,711] {logging_mixin.py:103} INFO - [2021-01-13 17:26:38,711] {dag.py:2266} INFO - Setting next_dagrun for example_python_operator to None
[2021-01-13 17:26:38,726] {scheduler_job.py:189} INFO - Processing /Users/chowli/.local/share/virtualenvs/marketvol-WbDfdy4N/lib/python3.7/site-packages/airflow/example_dags/example_python_operator.py took 0.056 seconds
[2021-01-13 17:27:04,045] {scheduler_job.py:181} INFO - Started process (PID=6269) to work on /Users/chowli/.local/share/virtualenvs/marketvol-WbDfdy4N/lib/python3.7/site-packages/airflow/example_dags/example_python_operator.py
[2021-01-13 17:27:04,047] {scheduler_job.py:629} INFO - Processing file /Users/chowli/.local/share/virtualenvs/marketvol-WbDfdy4N/lib/python3.7/site-packages/airflow/example_dags/example_python_operator.py for tasks to queue
[2021-01-13 17:27:04,048] {logging_mixin.py:103} INFO - [2021-01-13 17:27:04,048] {dagbag.py:440} INFO - Filling up the DagBag from /Users/chowli/.local/share/virtualenvs/marketvol-WbDfdy4N/lib/python3.7/site-packages/airflow/example_dags/example_python_operator.py
[2021-01-13 17:27:04,066] {scheduler_job.py:639} INFO - DAG(s) dict_keys(['example_python_operator']) retrieved from /Users/chowli/.local/share/virtualenvs/marketvol-WbDfdy4N/lib/python3.7/site-packages/airflow/example_dags/example_python_operator.py
[2021-01-13 17:27:04,070] {logging_mixin.py:103} INFO - [2021-01-13 17:27:04,069] {dag.py:1813} INFO - Sync 1 DAGs
[2021-01-13 17:27:04,094] {logging_mixin.py:103} INFO - [2021-01-13 17:27:04,093] {dag.py:2266} INFO - Setting next_dagrun for example_python_operator to None
[2021-01-13 17:27:04,110] {scheduler_job.py:189} INFO - Processing /Users/chowli/.local/share/virtualenvs/marketvol-WbDfdy4N/lib/python3.7/site-packages/airflow/example_dags/example_python_operator.py took 0.069 seconds
[2021-01-13 17:27:28,568] {scheduler_job.py:181} INFO - Started process (PID=6307) to work on /Users/chowli/.local/share/virtualenvs/marketvol-WbDfdy4N/lib/python3.7/site-packages/airflow/example_dags/example_python_operator.py
[2021-01-13 17:27:28,571] {scheduler_job.py:629} INFO - Processing file /Users/chowli/.local/share/virtualenvs/marketvol-WbDfdy4N/lib/python3.7/site-packages/airflow/example_dags/example_python_operator.py for tasks to queue
[2021-01-13 17:27:28,573] {logging_mixin.py:103} INFO - [2021-01-13 17:27:28,572] {dagbag.py:440} INFO - Filling up the DagBag from /Users/chowli/.local/share/virtualenvs/marketvol-WbDfdy4N/lib/python3.7/site-packages/airflow/example_dags/example_python_operator.py
[2021-01-13 17:27:28,587] {scheduler_job.py:639} INFO - DAG(s) dict_keys(['example_python_operator']) retrieved from /Users/chowli/.local/share/virtualenvs/marketvol-WbDfdy4N/lib/python3.7/site-packages/airflow/example_dags/example_python_operator.py
[2021-01-13 17:27:28,588] {logging_mixin.py:103} INFO - [2021-01-13 17:27:28,588] {dag.py:1813} INFO - Sync 1 DAGs
[2021-01-13 17:27:28,607] {logging_mixin.py:103} INFO - [2021-01-13 17:27:28,606] {dag.py:2266} INFO - Setting next_dagrun for example_python_operator to None
[2021-01-13 17:27:28,623] {scheduler_job.py:189} INFO - Processing /Users/chowli/.local/share/virtualenvs/marketvol-WbDfdy4N/lib/python3.7/site-packages/airflow/example_dags/example_python_operator.py took 0.058 seconds
[2021-01-13 17:27:53,925] {scheduler_job.py:181} INFO - Started process (PID=6337) to work on /Users/chowli/.local/share/virtualenvs/marketvol-WbDfdy4N/lib/python3.7/site-packages/airflow/example_dags/example_python_operator.py
[2021-01-13 17:27:53,927] {scheduler_job.py:629} INFO - Processing file /Users/chowli/.local/share/virtualenvs/marketvol-WbDfdy4N/lib/python3.7/site-packages/airflow/example_dags/example_python_operator.py for tasks to queue
[2021-01-13 17:27:53,928] {logging_mixin.py:103} INFO - [2021-01-13 17:27:53,928] {dagbag.py:440} INFO - Filling up the DagBag from /Users/chowli/.local/share/virtualenvs/marketvol-WbDfdy4N/lib/python3.7/site-packages/airflow/example_dags/example_python_operator.py
[2021-01-13 17:27:53,943] {scheduler_job.py:639} INFO - DAG(s) dict_keys(['example_python_operator']) retrieved from /Users/chowli/.local/share/virtualenvs/marketvol-WbDfdy4N/lib/python3.7/site-packages/airflow/example_dags/example_python_operator.py
[2021-01-13 17:27:53,944] {logging_mixin.py:103} INFO - [2021-01-13 17:27:53,944] {dag.py:1813} INFO - Sync 1 DAGs
[2021-01-13 17:27:53,962] {logging_mixin.py:103} INFO - [2021-01-13 17:27:53,962] {dag.py:2266} INFO - Setting next_dagrun for example_python_operator to None
[2021-01-13 17:27:53,977] {scheduler_job.py:189} INFO - Processing /Users/chowli/.local/share/virtualenvs/marketvol-WbDfdy4N/lib/python3.7/site-packages/airflow/example_dags/example_python_operator.py took 0.056 seconds
[2021-01-13 17:28:46,629] {scheduler_job.py:181} INFO - Started process (PID=6398) to work on /Users/chowli/.local/share/virtualenvs/marketvol-WbDfdy4N/lib/python3.7/site-packages/airflow/example_dags/example_python_operator.py
[2021-01-13 17:28:46,630] {scheduler_job.py:629} INFO - Processing file /Users/chowli/.local/share/virtualenvs/marketvol-WbDfdy4N/lib/python3.7/site-packages/airflow/example_dags/example_python_operator.py for tasks to queue
[2021-01-13 17:28:46,632] {logging_mixin.py:103} INFO - [2021-01-13 17:28:46,631] {dagbag.py:440} INFO - Filling up the DagBag from /Users/chowli/.local/share/virtualenvs/marketvol-WbDfdy4N/lib/python3.7/site-packages/airflow/example_dags/example_python_operator.py
[2021-01-13 17:28:46,645] {scheduler_job.py:639} INFO - DAG(s) dict_keys(['example_python_operator']) retrieved from /Users/chowli/.local/share/virtualenvs/marketvol-WbDfdy4N/lib/python3.7/site-packages/airflow/example_dags/example_python_operator.py
[2021-01-13 17:28:46,647] {logging_mixin.py:103} INFO - [2021-01-13 17:28:46,647] {dag.py:1813} INFO - Sync 1 DAGs
[2021-01-13 17:28:46,665] {logging_mixin.py:103} INFO - [2021-01-13 17:28:46,665] {dag.py:2266} INFO - Setting next_dagrun for example_python_operator to None
[2021-01-13 17:28:46,691] {scheduler_job.py:189} INFO - Processing /Users/chowli/.local/share/virtualenvs/marketvol-WbDfdy4N/lib/python3.7/site-packages/airflow/example_dags/example_python_operator.py took 0.066 seconds
[2021-01-13 17:29:19,892] {scheduler_job.py:181} INFO - Started process (PID=6454) to work on /Users/chowli/.local/share/virtualenvs/marketvol-WbDfdy4N/lib/python3.7/site-packages/airflow/example_dags/example_python_operator.py
[2021-01-13 17:29:19,894] {scheduler_job.py:629} INFO - Processing file /Users/chowli/.local/share/virtualenvs/marketvol-WbDfdy4N/lib/python3.7/site-packages/airflow/example_dags/example_python_operator.py for tasks to queue
[2021-01-13 17:29:19,896] {logging_mixin.py:103} INFO - [2021-01-13 17:29:19,895] {dagbag.py:440} INFO - Filling up the DagBag from /Users/chowli/.local/share/virtualenvs/marketvol-WbDfdy4N/lib/python3.7/site-packages/airflow/example_dags/example_python_operator.py
[2021-01-13 17:29:19,910] {scheduler_job.py:639} INFO - DAG(s) dict_keys(['example_python_operator']) retrieved from /Users/chowli/.local/share/virtualenvs/marketvol-WbDfdy4N/lib/python3.7/site-packages/airflow/example_dags/example_python_operator.py
[2021-01-13 17:29:19,911] {logging_mixin.py:103} INFO - [2021-01-13 17:29:19,911] {dag.py:1813} INFO - Sync 1 DAGs
[2021-01-13 17:29:19,930] {logging_mixin.py:103} INFO - [2021-01-13 17:29:19,930] {dag.py:2266} INFO - Setting next_dagrun for example_python_operator to None
[2021-01-13 17:29:19,945] {scheduler_job.py:189} INFO - Processing /Users/chowli/.local/share/virtualenvs/marketvol-WbDfdy4N/lib/python3.7/site-packages/airflow/example_dags/example_python_operator.py took 0.057 seconds
