[2021-01-13 17:23:00,441] {scheduler_job.py:181} INFO - Started process (PID=5837) to work on /Users/chowli/.local/share/virtualenvs/marketvol-WbDfdy4N/lib/python3.7/site-packages/airflow/example_dags/example_kubernetes_executor_config.py
[2021-01-13 17:23:00,442] {scheduler_job.py:629} INFO - Processing file /Users/chowli/.local/share/virtualenvs/marketvol-WbDfdy4N/lib/python3.7/site-packages/airflow/example_dags/example_kubernetes_executor_config.py for tasks to queue
[2021-01-13 17:23:00,444] {logging_mixin.py:103} INFO - [2021-01-13 17:23:00,443] {dagbag.py:440} INFO - Filling up the DagBag from /Users/chowli/.local/share/virtualenvs/marketvol-WbDfdy4N/lib/python3.7/site-packages/airflow/example_dags/example_kubernetes_executor_config.py
[2021-01-13 17:23:00,453] {logging_mixin.py:103} INFO - [2021-01-13 17:23:00,452] {example_kubernetes_executor_config.py:174} WARNING - Could not import DAGs in example_kubernetes_executor_config.py: No module named 'kubernetes'
[2021-01-13 17:23:00,453] {logging_mixin.py:103} INFO - [2021-01-13 17:23:00,453] {example_kubernetes_executor_config.py:175} WARNING - Install kubernetes dependencies with: pip install apache-airflow['cncf.kubernetes']
[2021-01-13 17:23:00,454] {scheduler_job.py:641} WARNING - No viable dags retrieved from /Users/chowli/.local/share/virtualenvs/marketvol-WbDfdy4N/lib/python3.7/site-packages/airflow/example_dags/example_kubernetes_executor_config.py
[2021-01-13 17:23:00,461] {scheduler_job.py:189} INFO - Processing /Users/chowli/.local/share/virtualenvs/marketvol-WbDfdy4N/lib/python3.7/site-packages/airflow/example_dags/example_kubernetes_executor_config.py took 0.023 seconds
[2021-01-13 17:23:37,130] {scheduler_job.py:181} INFO - Started process (PID=5898) to work on /Users/chowli/.local/share/virtualenvs/marketvol-WbDfdy4N/lib/python3.7/site-packages/airflow/example_dags/example_kubernetes_executor_config.py
[2021-01-13 17:23:37,132] {scheduler_job.py:629} INFO - Processing file /Users/chowli/.local/share/virtualenvs/marketvol-WbDfdy4N/lib/python3.7/site-packages/airflow/example_dags/example_kubernetes_executor_config.py for tasks to queue
[2021-01-13 17:23:37,135] {logging_mixin.py:103} INFO - [2021-01-13 17:23:37,134] {dagbag.py:440} INFO - Filling up the DagBag from /Users/chowli/.local/share/virtualenvs/marketvol-WbDfdy4N/lib/python3.7/site-packages/airflow/example_dags/example_kubernetes_executor_config.py
[2021-01-13 17:23:37,144] {logging_mixin.py:103} INFO - [2021-01-13 17:23:37,144] {example_kubernetes_executor_config.py:174} WARNING - Could not import DAGs in example_kubernetes_executor_config.py: No module named 'kubernetes'
[2021-01-13 17:23:37,145] {logging_mixin.py:103} INFO - [2021-01-13 17:23:37,145] {example_kubernetes_executor_config.py:175} WARNING - Install kubernetes dependencies with: pip install apache-airflow['cncf.kubernetes']
[2021-01-13 17:23:37,146] {scheduler_job.py:641} WARNING - No viable dags retrieved from /Users/chowli/.local/share/virtualenvs/marketvol-WbDfdy4N/lib/python3.7/site-packages/airflow/example_dags/example_kubernetes_executor_config.py
[2021-01-13 17:23:37,155] {scheduler_job.py:189} INFO - Processing /Users/chowli/.local/share/virtualenvs/marketvol-WbDfdy4N/lib/python3.7/site-packages/airflow/example_dags/example_kubernetes_executor_config.py took 0.028 seconds
[2021-01-13 17:24:02,470] {scheduler_job.py:181} INFO - Started process (PID=6008) to work on /Users/chowli/.local/share/virtualenvs/marketvol-WbDfdy4N/lib/python3.7/site-packages/airflow/example_dags/example_kubernetes_executor_config.py
[2021-01-13 17:24:02,472] {scheduler_job.py:629} INFO - Processing file /Users/chowli/.local/share/virtualenvs/marketvol-WbDfdy4N/lib/python3.7/site-packages/airflow/example_dags/example_kubernetes_executor_config.py for tasks to queue
[2021-01-13 17:24:02,473] {logging_mixin.py:103} INFO - [2021-01-13 17:24:02,473] {dagbag.py:440} INFO - Filling up the DagBag from /Users/chowli/.local/share/virtualenvs/marketvol-WbDfdy4N/lib/python3.7/site-packages/airflow/example_dags/example_kubernetes_executor_config.py
[2021-01-13 17:24:02,482] {logging_mixin.py:103} INFO - [2021-01-13 17:24:02,482] {example_kubernetes_executor_config.py:174} WARNING - Could not import DAGs in example_kubernetes_executor_config.py: No module named 'kubernetes'
[2021-01-13 17:24:02,483] {logging_mixin.py:103} INFO - [2021-01-13 17:24:02,483] {example_kubernetes_executor_config.py:175} WARNING - Install kubernetes dependencies with: pip install apache-airflow['cncf.kubernetes']
[2021-01-13 17:24:02,484] {scheduler_job.py:641} WARNING - No viable dags retrieved from /Users/chowli/.local/share/virtualenvs/marketvol-WbDfdy4N/lib/python3.7/site-packages/airflow/example_dags/example_kubernetes_executor_config.py
[2021-01-13 17:24:02,491] {scheduler_job.py:189} INFO - Processing /Users/chowli/.local/share/virtualenvs/marketvol-WbDfdy4N/lib/python3.7/site-packages/airflow/example_dags/example_kubernetes_executor_config.py took 0.024 seconds
[2021-01-13 17:24:27,706] {scheduler_job.py:181} INFO - Started process (PID=6060) to work on /Users/chowli/.local/share/virtualenvs/marketvol-WbDfdy4N/lib/python3.7/site-packages/airflow/example_dags/example_kubernetes_executor_config.py
[2021-01-13 17:24:27,707] {scheduler_job.py:629} INFO - Processing file /Users/chowli/.local/share/virtualenvs/marketvol-WbDfdy4N/lib/python3.7/site-packages/airflow/example_dags/example_kubernetes_executor_config.py for tasks to queue
[2021-01-13 17:24:27,708] {logging_mixin.py:103} INFO - [2021-01-13 17:24:27,708] {dagbag.py:440} INFO - Filling up the DagBag from /Users/chowli/.local/share/virtualenvs/marketvol-WbDfdy4N/lib/python3.7/site-packages/airflow/example_dags/example_kubernetes_executor_config.py
[2021-01-13 17:24:27,716] {logging_mixin.py:103} INFO - [2021-01-13 17:24:27,716] {example_kubernetes_executor_config.py:174} WARNING - Could not import DAGs in example_kubernetes_executor_config.py: No module named 'kubernetes'
[2021-01-13 17:24:27,716] {logging_mixin.py:103} INFO - [2021-01-13 17:24:27,716] {example_kubernetes_executor_config.py:175} WARNING - Install kubernetes dependencies with: pip install apache-airflow['cncf.kubernetes']
[2021-01-13 17:24:27,717] {scheduler_job.py:641} WARNING - No viable dags retrieved from /Users/chowli/.local/share/virtualenvs/marketvol-WbDfdy4N/lib/python3.7/site-packages/airflow/example_dags/example_kubernetes_executor_config.py
[2021-01-13 17:24:27,735] {scheduler_job.py:189} INFO - Processing /Users/chowli/.local/share/virtualenvs/marketvol-WbDfdy4N/lib/python3.7/site-packages/airflow/example_dags/example_kubernetes_executor_config.py took 0.032 seconds
[2021-01-13 17:24:52,965] {scheduler_job.py:181} INFO - Started process (PID=6095) to work on /Users/chowli/.local/share/virtualenvs/marketvol-WbDfdy4N/lib/python3.7/site-packages/airflow/example_dags/example_kubernetes_executor_config.py
[2021-01-13 17:24:52,967] {scheduler_job.py:629} INFO - Processing file /Users/chowli/.local/share/virtualenvs/marketvol-WbDfdy4N/lib/python3.7/site-packages/airflow/example_dags/example_kubernetes_executor_config.py for tasks to queue
[2021-01-13 17:24:52,968] {logging_mixin.py:103} INFO - [2021-01-13 17:24:52,968] {dagbag.py:440} INFO - Filling up the DagBag from /Users/chowli/.local/share/virtualenvs/marketvol-WbDfdy4N/lib/python3.7/site-packages/airflow/example_dags/example_kubernetes_executor_config.py
[2021-01-13 17:24:52,978] {logging_mixin.py:103} INFO - [2021-01-13 17:24:52,977] {example_kubernetes_executor_config.py:174} WARNING - Could not import DAGs in example_kubernetes_executor_config.py: No module named 'kubernetes'
[2021-01-13 17:24:52,978] {logging_mixin.py:103} INFO - [2021-01-13 17:24:52,978] {example_kubernetes_executor_config.py:175} WARNING - Install kubernetes dependencies with: pip install apache-airflow['cncf.kubernetes']
[2021-01-13 17:24:52,979] {scheduler_job.py:641} WARNING - No viable dags retrieved from /Users/chowli/.local/share/virtualenvs/marketvol-WbDfdy4N/lib/python3.7/site-packages/airflow/example_dags/example_kubernetes_executor_config.py
[2021-01-13 17:24:52,988] {scheduler_job.py:189} INFO - Processing /Users/chowli/.local/share/virtualenvs/marketvol-WbDfdy4N/lib/python3.7/site-packages/airflow/example_dags/example_kubernetes_executor_config.py took 0.027 seconds
[2021-01-13 17:25:19,239] {scheduler_job.py:181} INFO - Started process (PID=6123) to work on /Users/chowli/.local/share/virtualenvs/marketvol-WbDfdy4N/lib/python3.7/site-packages/airflow/example_dags/example_kubernetes_executor_config.py
[2021-01-13 17:25:19,241] {scheduler_job.py:629} INFO - Processing file /Users/chowli/.local/share/virtualenvs/marketvol-WbDfdy4N/lib/python3.7/site-packages/airflow/example_dags/example_kubernetes_executor_config.py for tasks to queue
[2021-01-13 17:25:19,242] {logging_mixin.py:103} INFO - [2021-01-13 17:25:19,241] {dagbag.py:440} INFO - Filling up the DagBag from /Users/chowli/.local/share/virtualenvs/marketvol-WbDfdy4N/lib/python3.7/site-packages/airflow/example_dags/example_kubernetes_executor_config.py
[2021-01-13 17:25:19,251] {logging_mixin.py:103} INFO - [2021-01-13 17:25:19,250] {example_kubernetes_executor_config.py:174} WARNING - Could not import DAGs in example_kubernetes_executor_config.py: No module named 'kubernetes'
[2021-01-13 17:25:19,252] {logging_mixin.py:103} INFO - [2021-01-13 17:25:19,251] {example_kubernetes_executor_config.py:175} WARNING - Install kubernetes dependencies with: pip install apache-airflow['cncf.kubernetes']
[2021-01-13 17:25:19,252] {scheduler_job.py:641} WARNING - No viable dags retrieved from /Users/chowli/.local/share/virtualenvs/marketvol-WbDfdy4N/lib/python3.7/site-packages/airflow/example_dags/example_kubernetes_executor_config.py
[2021-01-13 17:25:19,259] {scheduler_job.py:189} INFO - Processing /Users/chowli/.local/share/virtualenvs/marketvol-WbDfdy4N/lib/python3.7/site-packages/airflow/example_dags/example_kubernetes_executor_config.py took 0.023 seconds
[2021-01-13 17:25:45,527] {scheduler_job.py:181} INFO - Started process (PID=6151) to work on /Users/chowli/.local/share/virtualenvs/marketvol-WbDfdy4N/lib/python3.7/site-packages/airflow/example_dags/example_kubernetes_executor_config.py
[2021-01-13 17:25:45,529] {scheduler_job.py:629} INFO - Processing file /Users/chowli/.local/share/virtualenvs/marketvol-WbDfdy4N/lib/python3.7/site-packages/airflow/example_dags/example_kubernetes_executor_config.py for tasks to queue
[2021-01-13 17:25:45,530] {logging_mixin.py:103} INFO - [2021-01-13 17:25:45,530] {dagbag.py:440} INFO - Filling up the DagBag from /Users/chowli/.local/share/virtualenvs/marketvol-WbDfdy4N/lib/python3.7/site-packages/airflow/example_dags/example_kubernetes_executor_config.py
[2021-01-13 17:25:45,540] {logging_mixin.py:103} INFO - [2021-01-13 17:25:45,539] {example_kubernetes_executor_config.py:174} WARNING - Could not import DAGs in example_kubernetes_executor_config.py: No module named 'kubernetes'
[2021-01-13 17:25:45,541] {logging_mixin.py:103} INFO - [2021-01-13 17:25:45,540] {example_kubernetes_executor_config.py:175} WARNING - Install kubernetes dependencies with: pip install apache-airflow['cncf.kubernetes']
[2021-01-13 17:25:45,542] {scheduler_job.py:641} WARNING - No viable dags retrieved from /Users/chowli/.local/share/virtualenvs/marketvol-WbDfdy4N/lib/python3.7/site-packages/airflow/example_dags/example_kubernetes_executor_config.py
[2021-01-13 17:25:45,550] {scheduler_job.py:189} INFO - Processing /Users/chowli/.local/share/virtualenvs/marketvol-WbDfdy4N/lib/python3.7/site-packages/airflow/example_dags/example_kubernetes_executor_config.py took 0.027 seconds
[2021-01-13 17:26:11,809] {scheduler_job.py:181} INFO - Started process (PID=6187) to work on /Users/chowli/.local/share/virtualenvs/marketvol-WbDfdy4N/lib/python3.7/site-packages/airflow/example_dags/example_kubernetes_executor_config.py
[2021-01-13 17:26:11,811] {scheduler_job.py:629} INFO - Processing file /Users/chowli/.local/share/virtualenvs/marketvol-WbDfdy4N/lib/python3.7/site-packages/airflow/example_dags/example_kubernetes_executor_config.py for tasks to queue
[2021-01-13 17:26:11,812] {logging_mixin.py:103} INFO - [2021-01-13 17:26:11,812] {dagbag.py:440} INFO - Filling up the DagBag from /Users/chowli/.local/share/virtualenvs/marketvol-WbDfdy4N/lib/python3.7/site-packages/airflow/example_dags/example_kubernetes_executor_config.py
[2021-01-13 17:26:11,820] {logging_mixin.py:103} INFO - [2021-01-13 17:26:11,820] {example_kubernetes_executor_config.py:174} WARNING - Could not import DAGs in example_kubernetes_executor_config.py: No module named 'kubernetes'
[2021-01-13 17:26:11,821] {logging_mixin.py:103} INFO - [2021-01-13 17:26:11,821] {example_kubernetes_executor_config.py:175} WARNING - Install kubernetes dependencies with: pip install apache-airflow['cncf.kubernetes']
[2021-01-13 17:26:11,821] {scheduler_job.py:641} WARNING - No viable dags retrieved from /Users/chowli/.local/share/virtualenvs/marketvol-WbDfdy4N/lib/python3.7/site-packages/airflow/example_dags/example_kubernetes_executor_config.py
[2021-01-13 17:26:11,829] {scheduler_job.py:189} INFO - Processing /Users/chowli/.local/share/virtualenvs/marketvol-WbDfdy4N/lib/python3.7/site-packages/airflow/example_dags/example_kubernetes_executor_config.py took 0.024 seconds
[2021-01-13 17:26:37,644] {scheduler_job.py:181} INFO - Started process (PID=6223) to work on /Users/chowli/.local/share/virtualenvs/marketvol-WbDfdy4N/lib/python3.7/site-packages/airflow/example_dags/example_kubernetes_executor_config.py
[2021-01-13 17:26:37,645] {scheduler_job.py:629} INFO - Processing file /Users/chowli/.local/share/virtualenvs/marketvol-WbDfdy4N/lib/python3.7/site-packages/airflow/example_dags/example_kubernetes_executor_config.py for tasks to queue
[2021-01-13 17:26:37,647] {logging_mixin.py:103} INFO - [2021-01-13 17:26:37,646] {dagbag.py:440} INFO - Filling up the DagBag from /Users/chowli/.local/share/virtualenvs/marketvol-WbDfdy4N/lib/python3.7/site-packages/airflow/example_dags/example_kubernetes_executor_config.py
[2021-01-13 17:26:37,656] {logging_mixin.py:103} INFO - [2021-01-13 17:26:37,655] {example_kubernetes_executor_config.py:174} WARNING - Could not import DAGs in example_kubernetes_executor_config.py: No module named 'kubernetes'
[2021-01-13 17:26:37,656] {logging_mixin.py:103} INFO - [2021-01-13 17:26:37,656] {example_kubernetes_executor_config.py:175} WARNING - Install kubernetes dependencies with: pip install apache-airflow['cncf.kubernetes']
[2021-01-13 17:26:37,657] {scheduler_job.py:641} WARNING - No viable dags retrieved from /Users/chowli/.local/share/virtualenvs/marketvol-WbDfdy4N/lib/python3.7/site-packages/airflow/example_dags/example_kubernetes_executor_config.py
[2021-01-13 17:26:37,665] {scheduler_job.py:189} INFO - Processing /Users/chowli/.local/share/virtualenvs/marketvol-WbDfdy4N/lib/python3.7/site-packages/airflow/example_dags/example_kubernetes_executor_config.py took 0.025 seconds
[2021-01-13 17:27:03,317] {scheduler_job.py:181} INFO - Started process (PID=6268) to work on /Users/chowli/.local/share/virtualenvs/marketvol-WbDfdy4N/lib/python3.7/site-packages/airflow/example_dags/example_kubernetes_executor_config.py
[2021-01-13 17:27:03,318] {scheduler_job.py:629} INFO - Processing file /Users/chowli/.local/share/virtualenvs/marketvol-WbDfdy4N/lib/python3.7/site-packages/airflow/example_dags/example_kubernetes_executor_config.py for tasks to queue
[2021-01-13 17:27:03,320] {logging_mixin.py:103} INFO - [2021-01-13 17:27:03,319] {dagbag.py:440} INFO - Filling up the DagBag from /Users/chowli/.local/share/virtualenvs/marketvol-WbDfdy4N/lib/python3.7/site-packages/airflow/example_dags/example_kubernetes_executor_config.py
[2021-01-13 17:27:03,329] {logging_mixin.py:103} INFO - [2021-01-13 17:27:03,329] {example_kubernetes_executor_config.py:174} WARNING - Could not import DAGs in example_kubernetes_executor_config.py: No module named 'kubernetes'
[2021-01-13 17:27:03,330] {logging_mixin.py:103} INFO - [2021-01-13 17:27:03,330] {example_kubernetes_executor_config.py:175} WARNING - Install kubernetes dependencies with: pip install apache-airflow['cncf.kubernetes']
[2021-01-13 17:27:03,331] {scheduler_job.py:641} WARNING - No viable dags retrieved from /Users/chowli/.local/share/virtualenvs/marketvol-WbDfdy4N/lib/python3.7/site-packages/airflow/example_dags/example_kubernetes_executor_config.py
[2021-01-13 17:27:03,338] {scheduler_job.py:189} INFO - Processing /Users/chowli/.local/share/virtualenvs/marketvol-WbDfdy4N/lib/python3.7/site-packages/airflow/example_dags/example_kubernetes_executor_config.py took 0.025 seconds
[2021-01-13 17:27:27,534] {scheduler_job.py:181} INFO - Started process (PID=6306) to work on /Users/chowli/.local/share/virtualenvs/marketvol-WbDfdy4N/lib/python3.7/site-packages/airflow/example_dags/example_kubernetes_executor_config.py
[2021-01-13 17:27:27,537] {scheduler_job.py:629} INFO - Processing file /Users/chowli/.local/share/virtualenvs/marketvol-WbDfdy4N/lib/python3.7/site-packages/airflow/example_dags/example_kubernetes_executor_config.py for tasks to queue
[2021-01-13 17:27:27,539] {logging_mixin.py:103} INFO - [2021-01-13 17:27:27,538] {dagbag.py:440} INFO - Filling up the DagBag from /Users/chowli/.local/share/virtualenvs/marketvol-WbDfdy4N/lib/python3.7/site-packages/airflow/example_dags/example_kubernetes_executor_config.py
[2021-01-13 17:27:27,548] {logging_mixin.py:103} INFO - [2021-01-13 17:27:27,547] {example_kubernetes_executor_config.py:174} WARNING - Could not import DAGs in example_kubernetes_executor_config.py: No module named 'kubernetes'
[2021-01-13 17:27:27,548] {logging_mixin.py:103} INFO - [2021-01-13 17:27:27,548] {example_kubernetes_executor_config.py:175} WARNING - Install kubernetes dependencies with: pip install apache-airflow['cncf.kubernetes']
[2021-01-13 17:27:27,549] {scheduler_job.py:641} WARNING - No viable dags retrieved from /Users/chowli/.local/share/virtualenvs/marketvol-WbDfdy4N/lib/python3.7/site-packages/airflow/example_dags/example_kubernetes_executor_config.py
[2021-01-13 17:27:27,557] {scheduler_job.py:189} INFO - Processing /Users/chowli/.local/share/virtualenvs/marketvol-WbDfdy4N/lib/python3.7/site-packages/airflow/example_dags/example_kubernetes_executor_config.py took 0.026 seconds
[2021-01-13 17:27:52,891] {scheduler_job.py:181} INFO - Started process (PID=6336) to work on /Users/chowli/.local/share/virtualenvs/marketvol-WbDfdy4N/lib/python3.7/site-packages/airflow/example_dags/example_kubernetes_executor_config.py
[2021-01-13 17:27:52,894] {scheduler_job.py:629} INFO - Processing file /Users/chowli/.local/share/virtualenvs/marketvol-WbDfdy4N/lib/python3.7/site-packages/airflow/example_dags/example_kubernetes_executor_config.py for tasks to queue
[2021-01-13 17:27:52,896] {logging_mixin.py:103} INFO - [2021-01-13 17:27:52,895] {dagbag.py:440} INFO - Filling up the DagBag from /Users/chowli/.local/share/virtualenvs/marketvol-WbDfdy4N/lib/python3.7/site-packages/airflow/example_dags/example_kubernetes_executor_config.py
[2021-01-13 17:27:52,905] {logging_mixin.py:103} INFO - [2021-01-13 17:27:52,905] {example_kubernetes_executor_config.py:174} WARNING - Could not import DAGs in example_kubernetes_executor_config.py: No module named 'kubernetes'
[2021-01-13 17:27:52,906] {logging_mixin.py:103} INFO - [2021-01-13 17:27:52,906] {example_kubernetes_executor_config.py:175} WARNING - Install kubernetes dependencies with: pip install apache-airflow['cncf.kubernetes']
[2021-01-13 17:27:52,907] {scheduler_job.py:641} WARNING - No viable dags retrieved from /Users/chowli/.local/share/virtualenvs/marketvol-WbDfdy4N/lib/python3.7/site-packages/airflow/example_dags/example_kubernetes_executor_config.py
[2021-01-13 17:27:52,916] {scheduler_job.py:189} INFO - Processing /Users/chowli/.local/share/virtualenvs/marketvol-WbDfdy4N/lib/python3.7/site-packages/airflow/example_dags/example_kubernetes_executor_config.py took 0.029 seconds
[2021-01-13 17:29:09,729] {scheduler_job.py:181} INFO - Started process (PID=6442) to work on /Users/chowli/.local/share/virtualenvs/marketvol-WbDfdy4N/lib/python3.7/site-packages/airflow/example_dags/example_kubernetes_executor_config.py
[2021-01-13 17:29:09,731] {scheduler_job.py:629} INFO - Processing file /Users/chowli/.local/share/virtualenvs/marketvol-WbDfdy4N/lib/python3.7/site-packages/airflow/example_dags/example_kubernetes_executor_config.py for tasks to queue
[2021-01-13 17:29:09,733] {logging_mixin.py:103} INFO - [2021-01-13 17:29:09,732] {dagbag.py:440} INFO - Filling up the DagBag from /Users/chowli/.local/share/virtualenvs/marketvol-WbDfdy4N/lib/python3.7/site-packages/airflow/example_dags/example_kubernetes_executor_config.py
[2021-01-13 17:29:09,742] {logging_mixin.py:103} INFO - [2021-01-13 17:29:09,741] {example_kubernetes_executor_config.py:174} WARNING - Could not import DAGs in example_kubernetes_executor_config.py: No module named 'kubernetes'
[2021-01-13 17:29:09,743] {logging_mixin.py:103} INFO - [2021-01-13 17:29:09,742] {example_kubernetes_executor_config.py:175} WARNING - Install kubernetes dependencies with: pip install apache-airflow['cncf.kubernetes']
[2021-01-13 17:29:09,744] {scheduler_job.py:641} WARNING - No viable dags retrieved from /Users/chowli/.local/share/virtualenvs/marketvol-WbDfdy4N/lib/python3.7/site-packages/airflow/example_dags/example_kubernetes_executor_config.py
[2021-01-13 17:29:09,753] {scheduler_job.py:189} INFO - Processing /Users/chowli/.local/share/virtualenvs/marketvol-WbDfdy4N/lib/python3.7/site-packages/airflow/example_dags/example_kubernetes_executor_config.py took 0.029 seconds
