[2021-01-13 17:23:16,967] {scheduler_job.py:181} INFO - Started process (PID=5876) to work on /Users/chowli/.local/share/virtualenvs/marketvol-WbDfdy4N/lib/python3.7/site-packages/airflow/example_dags/example_dag_decorator.py
[2021-01-13 17:23:16,969] {scheduler_job.py:629} INFO - Processing file /Users/chowli/.local/share/virtualenvs/marketvol-WbDfdy4N/lib/python3.7/site-packages/airflow/example_dags/example_dag_decorator.py for tasks to queue
[2021-01-13 17:23:16,972] {logging_mixin.py:103} INFO - [2021-01-13 17:23:16,971] {dagbag.py:440} INFO - Filling up the DagBag from /Users/chowli/.local/share/virtualenvs/marketvol-WbDfdy4N/lib/python3.7/site-packages/airflow/example_dags/example_dag_decorator.py
[2021-01-13 17:23:16,993] {scheduler_job.py:639} INFO - DAG(s) dict_keys(['example_dag_decorator']) retrieved from /Users/chowli/.local/share/virtualenvs/marketvol-WbDfdy4N/lib/python3.7/site-packages/airflow/example_dags/example_dag_decorator.py
[2021-01-13 17:23:16,995] {logging_mixin.py:103} INFO - [2021-01-13 17:23:16,995] {dag.py:1813} INFO - Sync 1 DAGs
[2021-01-13 17:23:17,022] {logging_mixin.py:103} INFO - [2021-01-13 17:23:17,022] {dag.py:2266} INFO - Setting next_dagrun for example_dag_decorator to None
[2021-01-13 17:23:17,047] {scheduler_job.py:189} INFO - Processing /Users/chowli/.local/share/virtualenvs/marketvol-WbDfdy4N/lib/python3.7/site-packages/airflow/example_dags/example_dag_decorator.py took 0.087 seconds
[2021-01-13 17:23:43,325] {scheduler_job.py:181} INFO - Started process (PID=5911) to work on /Users/chowli/.local/share/virtualenvs/marketvol-WbDfdy4N/lib/python3.7/site-packages/airflow/example_dags/example_dag_decorator.py
[2021-01-13 17:23:43,327] {scheduler_job.py:629} INFO - Processing file /Users/chowli/.local/share/virtualenvs/marketvol-WbDfdy4N/lib/python3.7/site-packages/airflow/example_dags/example_dag_decorator.py for tasks to queue
[2021-01-13 17:23:43,328] {logging_mixin.py:103} INFO - [2021-01-13 17:23:43,328] {dagbag.py:440} INFO - Filling up the DagBag from /Users/chowli/.local/share/virtualenvs/marketvol-WbDfdy4N/lib/python3.7/site-packages/airflow/example_dags/example_dag_decorator.py
[2021-01-13 17:23:43,345] {scheduler_job.py:639} INFO - DAG(s) dict_keys(['example_dag_decorator']) retrieved from /Users/chowli/.local/share/virtualenvs/marketvol-WbDfdy4N/lib/python3.7/site-packages/airflow/example_dags/example_dag_decorator.py
[2021-01-13 17:23:43,347] {logging_mixin.py:103} INFO - [2021-01-13 17:23:43,347] {dag.py:1813} INFO - Sync 1 DAGs
[2021-01-13 17:23:43,365] {logging_mixin.py:103} INFO - [2021-01-13 17:23:43,365] {dag.py:2266} INFO - Setting next_dagrun for example_dag_decorator to None
[2021-01-13 17:23:43,373] {scheduler_job.py:189} INFO - Processing /Users/chowli/.local/share/virtualenvs/marketvol-WbDfdy4N/lib/python3.7/site-packages/airflow/example_dags/example_dag_decorator.py took 0.052 seconds
[2021-01-13 17:24:08,560] {scheduler_job.py:181} INFO - Started process (PID=6032) to work on /Users/chowli/.local/share/virtualenvs/marketvol-WbDfdy4N/lib/python3.7/site-packages/airflow/example_dags/example_dag_decorator.py
[2021-01-13 17:24:08,562] {scheduler_job.py:629} INFO - Processing file /Users/chowli/.local/share/virtualenvs/marketvol-WbDfdy4N/lib/python3.7/site-packages/airflow/example_dags/example_dag_decorator.py for tasks to queue
[2021-01-13 17:24:08,563] {logging_mixin.py:103} INFO - [2021-01-13 17:24:08,563] {dagbag.py:440} INFO - Filling up the DagBag from /Users/chowli/.local/share/virtualenvs/marketvol-WbDfdy4N/lib/python3.7/site-packages/airflow/example_dags/example_dag_decorator.py
[2021-01-13 17:24:08,578] {scheduler_job.py:639} INFO - DAG(s) dict_keys(['example_dag_decorator']) retrieved from /Users/chowli/.local/share/virtualenvs/marketvol-WbDfdy4N/lib/python3.7/site-packages/airflow/example_dags/example_dag_decorator.py
[2021-01-13 17:24:08,579] {logging_mixin.py:103} INFO - [2021-01-13 17:24:08,579] {dag.py:1813} INFO - Sync 1 DAGs
[2021-01-13 17:24:08,594] {logging_mixin.py:103} INFO - [2021-01-13 17:24:08,594] {dag.py:2266} INFO - Setting next_dagrun for example_dag_decorator to None
[2021-01-13 17:24:08,609] {scheduler_job.py:189} INFO - Processing /Users/chowli/.local/share/virtualenvs/marketvol-WbDfdy4N/lib/python3.7/site-packages/airflow/example_dags/example_dag_decorator.py took 0.052 seconds
[2021-01-13 17:24:34,831] {scheduler_job.py:181} INFO - Started process (PID=6075) to work on /Users/chowli/.local/share/virtualenvs/marketvol-WbDfdy4N/lib/python3.7/site-packages/airflow/example_dags/example_dag_decorator.py
[2021-01-13 17:24:34,833] {scheduler_job.py:629} INFO - Processing file /Users/chowli/.local/share/virtualenvs/marketvol-WbDfdy4N/lib/python3.7/site-packages/airflow/example_dags/example_dag_decorator.py for tasks to queue
[2021-01-13 17:24:34,834] {logging_mixin.py:103} INFO - [2021-01-13 17:24:34,834] {dagbag.py:440} INFO - Filling up the DagBag from /Users/chowli/.local/share/virtualenvs/marketvol-WbDfdy4N/lib/python3.7/site-packages/airflow/example_dags/example_dag_decorator.py
[2021-01-13 17:24:34,851] {scheduler_job.py:639} INFO - DAG(s) dict_keys(['example_dag_decorator']) retrieved from /Users/chowli/.local/share/virtualenvs/marketvol-WbDfdy4N/lib/python3.7/site-packages/airflow/example_dags/example_dag_decorator.py
[2021-01-13 17:24:34,853] {logging_mixin.py:103} INFO - [2021-01-13 17:24:34,853] {dag.py:1813} INFO - Sync 1 DAGs
[2021-01-13 17:24:34,872] {logging_mixin.py:103} INFO - [2021-01-13 17:24:34,871] {dag.py:2266} INFO - Setting next_dagrun for example_dag_decorator to None
[2021-01-13 17:24:34,880] {scheduler_job.py:189} INFO - Processing /Users/chowli/.local/share/virtualenvs/marketvol-WbDfdy4N/lib/python3.7/site-packages/airflow/example_dags/example_dag_decorator.py took 0.052 seconds
[2021-01-13 17:25:00,082] {scheduler_job.py:181} INFO - Started process (PID=6103) to work on /Users/chowli/.local/share/virtualenvs/marketvol-WbDfdy4N/lib/python3.7/site-packages/airflow/example_dags/example_dag_decorator.py
[2021-01-13 17:25:00,084] {scheduler_job.py:629} INFO - Processing file /Users/chowli/.local/share/virtualenvs/marketvol-WbDfdy4N/lib/python3.7/site-packages/airflow/example_dags/example_dag_decorator.py for tasks to queue
[2021-01-13 17:25:00,085] {logging_mixin.py:103} INFO - [2021-01-13 17:25:00,085] {dagbag.py:440} INFO - Filling up the DagBag from /Users/chowli/.local/share/virtualenvs/marketvol-WbDfdy4N/lib/python3.7/site-packages/airflow/example_dags/example_dag_decorator.py
[2021-01-13 17:25:00,102] {scheduler_job.py:639} INFO - DAG(s) dict_keys(['example_dag_decorator']) retrieved from /Users/chowli/.local/share/virtualenvs/marketvol-WbDfdy4N/lib/python3.7/site-packages/airflow/example_dags/example_dag_decorator.py
[2021-01-13 17:25:00,104] {logging_mixin.py:103} INFO - [2021-01-13 17:25:00,103] {dag.py:1813} INFO - Sync 1 DAGs
[2021-01-13 17:25:00,120] {logging_mixin.py:103} INFO - [2021-01-13 17:25:00,120] {dag.py:2266} INFO - Setting next_dagrun for example_dag_decorator to None
[2021-01-13 17:25:00,144] {scheduler_job.py:189} INFO - Processing /Users/chowli/.local/share/virtualenvs/marketvol-WbDfdy4N/lib/python3.7/site-packages/airflow/example_dags/example_dag_decorator.py took 0.065 seconds
[2021-01-13 17:25:25,323] {scheduler_job.py:181} INFO - Started process (PID=6130) to work on /Users/chowli/.local/share/virtualenvs/marketvol-WbDfdy4N/lib/python3.7/site-packages/airflow/example_dags/example_dag_decorator.py
[2021-01-13 17:25:25,325] {scheduler_job.py:629} INFO - Processing file /Users/chowli/.local/share/virtualenvs/marketvol-WbDfdy4N/lib/python3.7/site-packages/airflow/example_dags/example_dag_decorator.py for tasks to queue
[2021-01-13 17:25:25,327] {logging_mixin.py:103} INFO - [2021-01-13 17:25:25,326] {dagbag.py:440} INFO - Filling up the DagBag from /Users/chowli/.local/share/virtualenvs/marketvol-WbDfdy4N/lib/python3.7/site-packages/airflow/example_dags/example_dag_decorator.py
[2021-01-13 17:25:25,342] {scheduler_job.py:639} INFO - DAG(s) dict_keys(['example_dag_decorator']) retrieved from /Users/chowli/.local/share/virtualenvs/marketvol-WbDfdy4N/lib/python3.7/site-packages/airflow/example_dags/example_dag_decorator.py
[2021-01-13 17:25:25,344] {logging_mixin.py:103} INFO - [2021-01-13 17:25:25,344] {dag.py:1813} INFO - Sync 1 DAGs
[2021-01-13 17:25:25,362] {logging_mixin.py:103} INFO - [2021-01-13 17:25:25,361] {dag.py:2266} INFO - Setting next_dagrun for example_dag_decorator to None
[2021-01-13 17:25:25,370] {scheduler_job.py:189} INFO - Processing /Users/chowli/.local/share/virtualenvs/marketvol-WbDfdy4N/lib/python3.7/site-packages/airflow/example_dags/example_dag_decorator.py took 0.050 seconds
[2021-01-13 17:25:52,527] {scheduler_job.py:181} INFO - Started process (PID=6159) to work on /Users/chowli/.local/share/virtualenvs/marketvol-WbDfdy4N/lib/python3.7/site-packages/airflow/example_dags/example_dag_decorator.py
[2021-01-13 17:25:52,529] {scheduler_job.py:629} INFO - Processing file /Users/chowli/.local/share/virtualenvs/marketvol-WbDfdy4N/lib/python3.7/site-packages/airflow/example_dags/example_dag_decorator.py for tasks to queue
[2021-01-13 17:25:52,530] {logging_mixin.py:103} INFO - [2021-01-13 17:25:52,530] {dagbag.py:440} INFO - Filling up the DagBag from /Users/chowli/.local/share/virtualenvs/marketvol-WbDfdy4N/lib/python3.7/site-packages/airflow/example_dags/example_dag_decorator.py
[2021-01-13 17:25:52,546] {scheduler_job.py:639} INFO - DAG(s) dict_keys(['example_dag_decorator']) retrieved from /Users/chowli/.local/share/virtualenvs/marketvol-WbDfdy4N/lib/python3.7/site-packages/airflow/example_dags/example_dag_decorator.py
[2021-01-13 17:25:52,548] {logging_mixin.py:103} INFO - [2021-01-13 17:25:52,547] {dag.py:1813} INFO - Sync 1 DAGs
[2021-01-13 17:25:52,567] {logging_mixin.py:103} INFO - [2021-01-13 17:25:52,567] {dag.py:2266} INFO - Setting next_dagrun for example_dag_decorator to None
[2021-01-13 17:25:52,593] {scheduler_job.py:189} INFO - Processing /Users/chowli/.local/share/virtualenvs/marketvol-WbDfdy4N/lib/python3.7/site-packages/airflow/example_dags/example_dag_decorator.py took 0.069 seconds
[2021-01-13 17:26:18,790] {scheduler_job.py:181} INFO - Started process (PID=6199) to work on /Users/chowli/.local/share/virtualenvs/marketvol-WbDfdy4N/lib/python3.7/site-packages/airflow/example_dags/example_dag_decorator.py
[2021-01-13 17:26:18,792] {scheduler_job.py:629} INFO - Processing file /Users/chowli/.local/share/virtualenvs/marketvol-WbDfdy4N/lib/python3.7/site-packages/airflow/example_dags/example_dag_decorator.py for tasks to queue
[2021-01-13 17:26:18,794] {logging_mixin.py:103} INFO - [2021-01-13 17:26:18,793] {dagbag.py:440} INFO - Filling up the DagBag from /Users/chowli/.local/share/virtualenvs/marketvol-WbDfdy4N/lib/python3.7/site-packages/airflow/example_dags/example_dag_decorator.py
[2021-01-13 17:26:18,810] {scheduler_job.py:639} INFO - DAG(s) dict_keys(['example_dag_decorator']) retrieved from /Users/chowli/.local/share/virtualenvs/marketvol-WbDfdy4N/lib/python3.7/site-packages/airflow/example_dags/example_dag_decorator.py
[2021-01-13 17:26:18,812] {logging_mixin.py:103} INFO - [2021-01-13 17:26:18,812] {dag.py:1813} INFO - Sync 1 DAGs
[2021-01-13 17:26:18,834] {logging_mixin.py:103} INFO - [2021-01-13 17:26:18,834] {dag.py:2266} INFO - Setting next_dagrun for example_dag_decorator to None
[2021-01-13 17:26:18,844] {scheduler_job.py:189} INFO - Processing /Users/chowli/.local/share/virtualenvs/marketvol-WbDfdy4N/lib/python3.7/site-packages/airflow/example_dags/example_dag_decorator.py took 0.058 seconds
[2021-01-13 17:26:44,037] {scheduler_job.py:181} INFO - Started process (PID=6238) to work on /Users/chowli/.local/share/virtualenvs/marketvol-WbDfdy4N/lib/python3.7/site-packages/airflow/example_dags/example_dag_decorator.py
[2021-01-13 17:26:44,039] {scheduler_job.py:629} INFO - Processing file /Users/chowli/.local/share/virtualenvs/marketvol-WbDfdy4N/lib/python3.7/site-packages/airflow/example_dags/example_dag_decorator.py for tasks to queue
[2021-01-13 17:26:44,040] {logging_mixin.py:103} INFO - [2021-01-13 17:26:44,040] {dagbag.py:440} INFO - Filling up the DagBag from /Users/chowli/.local/share/virtualenvs/marketvol-WbDfdy4N/lib/python3.7/site-packages/airflow/example_dags/example_dag_decorator.py
[2021-01-13 17:26:44,056] {scheduler_job.py:639} INFO - DAG(s) dict_keys(['example_dag_decorator']) retrieved from /Users/chowli/.local/share/virtualenvs/marketvol-WbDfdy4N/lib/python3.7/site-packages/airflow/example_dags/example_dag_decorator.py
[2021-01-13 17:26:44,057] {logging_mixin.py:103} INFO - [2021-01-13 17:26:44,057] {dag.py:1813} INFO - Sync 1 DAGs
[2021-01-13 17:26:44,073] {logging_mixin.py:103} INFO - [2021-01-13 17:26:44,073] {dag.py:2266} INFO - Setting next_dagrun for example_dag_decorator to None
[2021-01-13 17:26:44,089] {scheduler_job.py:189} INFO - Processing /Users/chowli/.local/share/virtualenvs/marketvol-WbDfdy4N/lib/python3.7/site-packages/airflow/example_dags/example_dag_decorator.py took 0.056 seconds
[2021-01-13 17:27:08,754] {scheduler_job.py:181} INFO - Started process (PID=6275) to work on /Users/chowli/.local/share/virtualenvs/marketvol-WbDfdy4N/lib/python3.7/site-packages/airflow/example_dags/example_dag_decorator.py
[2021-01-13 17:27:08,756] {scheduler_job.py:629} INFO - Processing file /Users/chowli/.local/share/virtualenvs/marketvol-WbDfdy4N/lib/python3.7/site-packages/airflow/example_dags/example_dag_decorator.py for tasks to queue
[2021-01-13 17:27:08,757] {logging_mixin.py:103} INFO - [2021-01-13 17:27:08,757] {dagbag.py:440} INFO - Filling up the DagBag from /Users/chowli/.local/share/virtualenvs/marketvol-WbDfdy4N/lib/python3.7/site-packages/airflow/example_dags/example_dag_decorator.py
[2021-01-13 17:27:08,774] {scheduler_job.py:639} INFO - DAG(s) dict_keys(['example_dag_decorator']) retrieved from /Users/chowli/.local/share/virtualenvs/marketvol-WbDfdy4N/lib/python3.7/site-packages/airflow/example_dags/example_dag_decorator.py
[2021-01-13 17:27:08,775] {logging_mixin.py:103} INFO - [2021-01-13 17:27:08,775] {dag.py:1813} INFO - Sync 1 DAGs
[2021-01-13 17:27:08,793] {logging_mixin.py:103} INFO - [2021-01-13 17:27:08,792] {dag.py:2266} INFO - Setting next_dagrun for example_dag_decorator to None
[2021-01-13 17:27:08,800] {scheduler_job.py:189} INFO - Processing /Users/chowli/.local/share/virtualenvs/marketvol-WbDfdy4N/lib/python3.7/site-packages/airflow/example_dags/example_dag_decorator.py took 0.050 seconds
[2021-01-13 17:27:34,522] {scheduler_job.py:181} INFO - Started process (PID=6314) to work on /Users/chowli/.local/share/virtualenvs/marketvol-WbDfdy4N/lib/python3.7/site-packages/airflow/example_dags/example_dag_decorator.py
[2021-01-13 17:27:34,524] {scheduler_job.py:629} INFO - Processing file /Users/chowli/.local/share/virtualenvs/marketvol-WbDfdy4N/lib/python3.7/site-packages/airflow/example_dags/example_dag_decorator.py for tasks to queue
[2021-01-13 17:27:34,525] {logging_mixin.py:103} INFO - [2021-01-13 17:27:34,525] {dagbag.py:440} INFO - Filling up the DagBag from /Users/chowli/.local/share/virtualenvs/marketvol-WbDfdy4N/lib/python3.7/site-packages/airflow/example_dags/example_dag_decorator.py
[2021-01-13 17:27:34,541] {scheduler_job.py:639} INFO - DAG(s) dict_keys(['example_dag_decorator']) retrieved from /Users/chowli/.local/share/virtualenvs/marketvol-WbDfdy4N/lib/python3.7/site-packages/airflow/example_dags/example_dag_decorator.py
[2021-01-13 17:27:34,543] {logging_mixin.py:103} INFO - [2021-01-13 17:27:34,543] {dag.py:1813} INFO - Sync 1 DAGs
[2021-01-13 17:27:34,563] {logging_mixin.py:103} INFO - [2021-01-13 17:27:34,562] {dag.py:2266} INFO - Setting next_dagrun for example_dag_decorator to None
[2021-01-13 17:27:34,581] {scheduler_job.py:189} INFO - Processing /Users/chowli/.local/share/virtualenvs/marketvol-WbDfdy4N/lib/python3.7/site-packages/airflow/example_dags/example_dag_decorator.py took 0.063 seconds
[2021-01-13 17:27:59,761] {scheduler_job.py:181} INFO - Started process (PID=6343) to work on /Users/chowli/.local/share/virtualenvs/marketvol-WbDfdy4N/lib/python3.7/site-packages/airflow/example_dags/example_dag_decorator.py
[2021-01-13 17:27:59,764] {scheduler_job.py:629} INFO - Processing file /Users/chowli/.local/share/virtualenvs/marketvol-WbDfdy4N/lib/python3.7/site-packages/airflow/example_dags/example_dag_decorator.py for tasks to queue
[2021-01-13 17:27:59,766] {logging_mixin.py:103} INFO - [2021-01-13 17:27:59,765] {dagbag.py:440} INFO - Filling up the DagBag from /Users/chowli/.local/share/virtualenvs/marketvol-WbDfdy4N/lib/python3.7/site-packages/airflow/example_dags/example_dag_decorator.py
[2021-01-13 17:27:59,786] {scheduler_job.py:639} INFO - DAG(s) dict_keys(['example_dag_decorator']) retrieved from /Users/chowli/.local/share/virtualenvs/marketvol-WbDfdy4N/lib/python3.7/site-packages/airflow/example_dags/example_dag_decorator.py
[2021-01-13 17:27:59,788] {logging_mixin.py:103} INFO - [2021-01-13 17:27:59,787] {dag.py:1813} INFO - Sync 1 DAGs
[2021-01-13 17:27:59,811] {logging_mixin.py:103} INFO - [2021-01-13 17:27:59,810] {dag.py:2266} INFO - Setting next_dagrun for example_dag_decorator to None
[2021-01-13 17:27:59,823] {scheduler_job.py:189} INFO - Processing /Users/chowli/.local/share/virtualenvs/marketvol-WbDfdy4N/lib/python3.7/site-packages/airflow/example_dags/example_dag_decorator.py took 0.065 seconds
[2021-01-13 17:28:40,547] {scheduler_job.py:181} INFO - Started process (PID=6392) to work on /Users/chowli/.local/share/virtualenvs/marketvol-WbDfdy4N/lib/python3.7/site-packages/airflow/example_dags/example_dag_decorator.py
[2021-01-13 17:28:40,550] {scheduler_job.py:629} INFO - Processing file /Users/chowli/.local/share/virtualenvs/marketvol-WbDfdy4N/lib/python3.7/site-packages/airflow/example_dags/example_dag_decorator.py for tasks to queue
[2021-01-13 17:28:40,554] {logging_mixin.py:103} INFO - [2021-01-13 17:28:40,553] {dagbag.py:440} INFO - Filling up the DagBag from /Users/chowli/.local/share/virtualenvs/marketvol-WbDfdy4N/lib/python3.7/site-packages/airflow/example_dags/example_dag_decorator.py
[2021-01-13 17:28:40,579] {scheduler_job.py:639} INFO - DAG(s) dict_keys(['example_dag_decorator']) retrieved from /Users/chowli/.local/share/virtualenvs/marketvol-WbDfdy4N/lib/python3.7/site-packages/airflow/example_dags/example_dag_decorator.py
[2021-01-13 17:28:40,582] {logging_mixin.py:103} INFO - [2021-01-13 17:28:40,581] {dag.py:1813} INFO - Sync 1 DAGs
[2021-01-13 17:28:40,605] {logging_mixin.py:103} INFO - [2021-01-13 17:28:40,604] {dag.py:2266} INFO - Setting next_dagrun for example_dag_decorator to None
[2021-01-13 17:28:40,631] {scheduler_job.py:189} INFO - Processing /Users/chowli/.local/share/virtualenvs/marketvol-WbDfdy4N/lib/python3.7/site-packages/airflow/example_dags/example_dag_decorator.py took 0.090 seconds
[2021-01-13 17:29:13,814] {scheduler_job.py:181} INFO - Started process (PID=6446) to work on /Users/chowli/.local/share/virtualenvs/marketvol-WbDfdy4N/lib/python3.7/site-packages/airflow/example_dags/example_dag_decorator.py
[2021-01-13 17:29:13,816] {scheduler_job.py:629} INFO - Processing file /Users/chowli/.local/share/virtualenvs/marketvol-WbDfdy4N/lib/python3.7/site-packages/airflow/example_dags/example_dag_decorator.py for tasks to queue
[2021-01-13 17:29:13,817] {logging_mixin.py:103} INFO - [2021-01-13 17:29:13,817] {dagbag.py:440} INFO - Filling up the DagBag from /Users/chowli/.local/share/virtualenvs/marketvol-WbDfdy4N/lib/python3.7/site-packages/airflow/example_dags/example_dag_decorator.py
[2021-01-13 17:29:13,834] {scheduler_job.py:639} INFO - DAG(s) dict_keys(['example_dag_decorator']) retrieved from /Users/chowli/.local/share/virtualenvs/marketvol-WbDfdy4N/lib/python3.7/site-packages/airflow/example_dags/example_dag_decorator.py
[2021-01-13 17:29:13,836] {logging_mixin.py:103} INFO - [2021-01-13 17:29:13,836] {dag.py:1813} INFO - Sync 1 DAGs
[2021-01-13 17:29:13,855] {logging_mixin.py:103} INFO - [2021-01-13 17:29:13,855] {dag.py:2266} INFO - Setting next_dagrun for example_dag_decorator to None
[2021-01-13 17:29:13,881] {scheduler_job.py:189} INFO - Processing /Users/chowli/.local/share/virtualenvs/marketvol-WbDfdy4N/lib/python3.7/site-packages/airflow/example_dags/example_dag_decorator.py took 0.071 seconds
