[2021-01-13 17:23:27,078] {scheduler_job.py:181} INFO - Started process (PID=5887) to work on /Users/chowli/.local/share/virtualenvs/marketvol-WbDfdy4N/lib/python3.7/site-packages/airflow/example_dags/tutorial_etl_dag.py
[2021-01-13 17:23:27,086] {scheduler_job.py:629} INFO - Processing file /Users/chowli/.local/share/virtualenvs/marketvol-WbDfdy4N/lib/python3.7/site-packages/airflow/example_dags/tutorial_etl_dag.py for tasks to queue
[2021-01-13 17:23:27,087] {logging_mixin.py:103} INFO - [2021-01-13 17:23:27,087] {dagbag.py:440} INFO - Filling up the DagBag from /Users/chowli/.local/share/virtualenvs/marketvol-WbDfdy4N/lib/python3.7/site-packages/airflow/example_dags/tutorial_etl_dag.py
[2021-01-13 17:23:27,106] {scheduler_job.py:639} INFO - DAG(s) dict_keys(['tutorial_etl_dag']) retrieved from /Users/chowli/.local/share/virtualenvs/marketvol-WbDfdy4N/lib/python3.7/site-packages/airflow/example_dags/tutorial_etl_dag.py
[2021-01-13 17:23:27,109] {logging_mixin.py:103} INFO - [2021-01-13 17:23:27,108] {dag.py:1813} INFO - Sync 1 DAGs
[2021-01-13 17:23:27,136] {logging_mixin.py:103} INFO - [2021-01-13 17:23:27,135] {dag.py:2266} INFO - Setting next_dagrun for tutorial_etl_dag to None
[2021-01-13 17:23:27,156] {scheduler_job.py:189} INFO - Processing /Users/chowli/.local/share/virtualenvs/marketvol-WbDfdy4N/lib/python3.7/site-packages/airflow/example_dags/tutorial_etl_dag.py took 0.082 seconds
[2021-01-13 17:23:52,373] {scheduler_job.py:181} INFO - Started process (PID=5954) to work on /Users/chowli/.local/share/virtualenvs/marketvol-WbDfdy4N/lib/python3.7/site-packages/airflow/example_dags/tutorial_etl_dag.py
[2021-01-13 17:23:52,374] {scheduler_job.py:629} INFO - Processing file /Users/chowli/.local/share/virtualenvs/marketvol-WbDfdy4N/lib/python3.7/site-packages/airflow/example_dags/tutorial_etl_dag.py for tasks to queue
[2021-01-13 17:23:52,375] {logging_mixin.py:103} INFO - [2021-01-13 17:23:52,375] {dagbag.py:440} INFO - Filling up the DagBag from /Users/chowli/.local/share/virtualenvs/marketvol-WbDfdy4N/lib/python3.7/site-packages/airflow/example_dags/tutorial_etl_dag.py
[2021-01-13 17:23:52,388] {scheduler_job.py:639} INFO - DAG(s) dict_keys(['tutorial_etl_dag']) retrieved from /Users/chowli/.local/share/virtualenvs/marketvol-WbDfdy4N/lib/python3.7/site-packages/airflow/example_dags/tutorial_etl_dag.py
[2021-01-13 17:23:52,390] {logging_mixin.py:103} INFO - [2021-01-13 17:23:52,390] {dag.py:1813} INFO - Sync 1 DAGs
[2021-01-13 17:23:52,408] {logging_mixin.py:103} INFO - [2021-01-13 17:23:52,408] {dag.py:2266} INFO - Setting next_dagrun for tutorial_etl_dag to None
[2021-01-13 17:23:52,422] {scheduler_job.py:189} INFO - Processing /Users/chowli/.local/share/virtualenvs/marketvol-WbDfdy4N/lib/python3.7/site-packages/airflow/example_dags/tutorial_etl_dag.py took 0.053 seconds
[2021-01-13 17:24:18,664] {scheduler_job.py:181} INFO - Started process (PID=6045) to work on /Users/chowli/.local/share/virtualenvs/marketvol-WbDfdy4N/lib/python3.7/site-packages/airflow/example_dags/tutorial_etl_dag.py
[2021-01-13 17:24:18,666] {scheduler_job.py:629} INFO - Processing file /Users/chowli/.local/share/virtualenvs/marketvol-WbDfdy4N/lib/python3.7/site-packages/airflow/example_dags/tutorial_etl_dag.py for tasks to queue
[2021-01-13 17:24:18,667] {logging_mixin.py:103} INFO - [2021-01-13 17:24:18,667] {dagbag.py:440} INFO - Filling up the DagBag from /Users/chowli/.local/share/virtualenvs/marketvol-WbDfdy4N/lib/python3.7/site-packages/airflow/example_dags/tutorial_etl_dag.py
[2021-01-13 17:24:18,681] {scheduler_job.py:639} INFO - DAG(s) dict_keys(['tutorial_etl_dag']) retrieved from /Users/chowli/.local/share/virtualenvs/marketvol-WbDfdy4N/lib/python3.7/site-packages/airflow/example_dags/tutorial_etl_dag.py
[2021-01-13 17:24:18,682] {logging_mixin.py:103} INFO - [2021-01-13 17:24:18,682] {dag.py:1813} INFO - Sync 1 DAGs
[2021-01-13 17:24:18,700] {logging_mixin.py:103} INFO - [2021-01-13 17:24:18,700] {dag.py:2266} INFO - Setting next_dagrun for tutorial_etl_dag to None
[2021-01-13 17:24:18,715] {scheduler_job.py:189} INFO - Processing /Users/chowli/.local/share/virtualenvs/marketvol-WbDfdy4N/lib/python3.7/site-packages/airflow/example_dags/tutorial_etl_dag.py took 0.054 seconds
[2021-01-13 17:24:43,905] {scheduler_job.py:181} INFO - Started process (PID=6085) to work on /Users/chowli/.local/share/virtualenvs/marketvol-WbDfdy4N/lib/python3.7/site-packages/airflow/example_dags/tutorial_etl_dag.py
[2021-01-13 17:24:43,906] {scheduler_job.py:629} INFO - Processing file /Users/chowli/.local/share/virtualenvs/marketvol-WbDfdy4N/lib/python3.7/site-packages/airflow/example_dags/tutorial_etl_dag.py for tasks to queue
[2021-01-13 17:24:43,908] {logging_mixin.py:103} INFO - [2021-01-13 17:24:43,907] {dagbag.py:440} INFO - Filling up the DagBag from /Users/chowli/.local/share/virtualenvs/marketvol-WbDfdy4N/lib/python3.7/site-packages/airflow/example_dags/tutorial_etl_dag.py
[2021-01-13 17:24:43,922] {scheduler_job.py:639} INFO - DAG(s) dict_keys(['tutorial_etl_dag']) retrieved from /Users/chowli/.local/share/virtualenvs/marketvol-WbDfdy4N/lib/python3.7/site-packages/airflow/example_dags/tutorial_etl_dag.py
[2021-01-13 17:24:43,923] {logging_mixin.py:103} INFO - [2021-01-13 17:24:43,923] {dag.py:1813} INFO - Sync 1 DAGs
[2021-01-13 17:24:43,942] {logging_mixin.py:103} INFO - [2021-01-13 17:24:43,941] {dag.py:2266} INFO - Setting next_dagrun for tutorial_etl_dag to None
[2021-01-13 17:24:43,956] {scheduler_job.py:189} INFO - Processing /Users/chowli/.local/share/virtualenvs/marketvol-WbDfdy4N/lib/python3.7/site-packages/airflow/example_dags/tutorial_etl_dag.py took 0.055 seconds
[2021-01-13 17:25:09,148] {scheduler_job.py:181} INFO - Started process (PID=6113) to work on /Users/chowli/.local/share/virtualenvs/marketvol-WbDfdy4N/lib/python3.7/site-packages/airflow/example_dags/tutorial_etl_dag.py
[2021-01-13 17:25:09,149] {scheduler_job.py:629} INFO - Processing file /Users/chowli/.local/share/virtualenvs/marketvol-WbDfdy4N/lib/python3.7/site-packages/airflow/example_dags/tutorial_etl_dag.py for tasks to queue
[2021-01-13 17:25:09,151] {logging_mixin.py:103} INFO - [2021-01-13 17:25:09,150] {dagbag.py:440} INFO - Filling up the DagBag from /Users/chowli/.local/share/virtualenvs/marketvol-WbDfdy4N/lib/python3.7/site-packages/airflow/example_dags/tutorial_etl_dag.py
[2021-01-13 17:25:09,164] {scheduler_job.py:639} INFO - DAG(s) dict_keys(['tutorial_etl_dag']) retrieved from /Users/chowli/.local/share/virtualenvs/marketvol-WbDfdy4N/lib/python3.7/site-packages/airflow/example_dags/tutorial_etl_dag.py
[2021-01-13 17:25:09,166] {logging_mixin.py:103} INFO - [2021-01-13 17:25:09,166] {dag.py:1813} INFO - Sync 1 DAGs
[2021-01-13 17:25:09,186] {logging_mixin.py:103} INFO - [2021-01-13 17:25:09,185] {dag.py:2266} INFO - Setting next_dagrun for tutorial_etl_dag to None
[2021-01-13 17:25:09,200] {scheduler_job.py:189} INFO - Processing /Users/chowli/.local/share/virtualenvs/marketvol-WbDfdy4N/lib/python3.7/site-packages/airflow/example_dags/tutorial_etl_dag.py took 0.057 seconds
[2021-01-13 17:25:35,440] {scheduler_job.py:181} INFO - Started process (PID=6141) to work on /Users/chowli/.local/share/virtualenvs/marketvol-WbDfdy4N/lib/python3.7/site-packages/airflow/example_dags/tutorial_etl_dag.py
[2021-01-13 17:25:35,444] {scheduler_job.py:629} INFO - Processing file /Users/chowli/.local/share/virtualenvs/marketvol-WbDfdy4N/lib/python3.7/site-packages/airflow/example_dags/tutorial_etl_dag.py for tasks to queue
[2021-01-13 17:25:35,445] {logging_mixin.py:103} INFO - [2021-01-13 17:25:35,445] {dagbag.py:440} INFO - Filling up the DagBag from /Users/chowli/.local/share/virtualenvs/marketvol-WbDfdy4N/lib/python3.7/site-packages/airflow/example_dags/tutorial_etl_dag.py
[2021-01-13 17:25:35,478] {scheduler_job.py:639} INFO - DAG(s) dict_keys(['tutorial_etl_dag']) retrieved from /Users/chowli/.local/share/virtualenvs/marketvol-WbDfdy4N/lib/python3.7/site-packages/airflow/example_dags/tutorial_etl_dag.py
[2021-01-13 17:25:35,490] {logging_mixin.py:103} INFO - [2021-01-13 17:25:35,488] {dag.py:1813} INFO - Sync 1 DAGs
[2021-01-13 17:25:35,529] {logging_mixin.py:103} INFO - [2021-01-13 17:25:35,528] {dag.py:2266} INFO - Setting next_dagrun for tutorial_etl_dag to None
[2021-01-13 17:25:35,550] {scheduler_job.py:189} INFO - Processing /Users/chowli/.local/share/virtualenvs/marketvol-WbDfdy4N/lib/python3.7/site-packages/airflow/example_dags/tutorial_etl_dag.py took 0.115 seconds
[2021-01-13 17:26:02,727] {scheduler_job.py:181} INFO - Started process (PID=6177) to work on /Users/chowli/.local/share/virtualenvs/marketvol-WbDfdy4N/lib/python3.7/site-packages/airflow/example_dags/tutorial_etl_dag.py
[2021-01-13 17:26:02,728] {scheduler_job.py:629} INFO - Processing file /Users/chowli/.local/share/virtualenvs/marketvol-WbDfdy4N/lib/python3.7/site-packages/airflow/example_dags/tutorial_etl_dag.py for tasks to queue
[2021-01-13 17:26:02,730] {logging_mixin.py:103} INFO - [2021-01-13 17:26:02,729] {dagbag.py:440} INFO - Filling up the DagBag from /Users/chowli/.local/share/virtualenvs/marketvol-WbDfdy4N/lib/python3.7/site-packages/airflow/example_dags/tutorial_etl_dag.py
[2021-01-13 17:26:02,743] {scheduler_job.py:639} INFO - DAG(s) dict_keys(['tutorial_etl_dag']) retrieved from /Users/chowli/.local/share/virtualenvs/marketvol-WbDfdy4N/lib/python3.7/site-packages/airflow/example_dags/tutorial_etl_dag.py
[2021-01-13 17:26:02,744] {logging_mixin.py:103} INFO - [2021-01-13 17:26:02,744] {dag.py:1813} INFO - Sync 1 DAGs
[2021-01-13 17:26:02,762] {logging_mixin.py:103} INFO - [2021-01-13 17:26:02,761] {dag.py:2266} INFO - Setting next_dagrun for tutorial_etl_dag to None
[2021-01-13 17:26:02,776] {scheduler_job.py:189} INFO - Processing /Users/chowli/.local/share/virtualenvs/marketvol-WbDfdy4N/lib/python3.7/site-packages/airflow/example_dags/tutorial_etl_dag.py took 0.052 seconds
[2021-01-13 17:26:27,981] {scheduler_job.py:181} INFO - Started process (PID=6212) to work on /Users/chowli/.local/share/virtualenvs/marketvol-WbDfdy4N/lib/python3.7/site-packages/airflow/example_dags/tutorial_etl_dag.py
[2021-01-13 17:26:27,982] {scheduler_job.py:629} INFO - Processing file /Users/chowli/.local/share/virtualenvs/marketvol-WbDfdy4N/lib/python3.7/site-packages/airflow/example_dags/tutorial_etl_dag.py for tasks to queue
[2021-01-13 17:26:27,984] {logging_mixin.py:103} INFO - [2021-01-13 17:26:27,983] {dagbag.py:440} INFO - Filling up the DagBag from /Users/chowli/.local/share/virtualenvs/marketvol-WbDfdy4N/lib/python3.7/site-packages/airflow/example_dags/tutorial_etl_dag.py
[2021-01-13 17:26:28,001] {scheduler_job.py:639} INFO - DAG(s) dict_keys(['tutorial_etl_dag']) retrieved from /Users/chowli/.local/share/virtualenvs/marketvol-WbDfdy4N/lib/python3.7/site-packages/airflow/example_dags/tutorial_etl_dag.py
[2021-01-13 17:26:28,003] {logging_mixin.py:103} INFO - [2021-01-13 17:26:28,003] {dag.py:1813} INFO - Sync 1 DAGs
[2021-01-13 17:26:28,024] {logging_mixin.py:103} INFO - [2021-01-13 17:26:28,023] {dag.py:2266} INFO - Setting next_dagrun for tutorial_etl_dag to None
[2021-01-13 17:26:28,042] {scheduler_job.py:189} INFO - Processing /Users/chowli/.local/share/virtualenvs/marketvol-WbDfdy4N/lib/python3.7/site-packages/airflow/example_dags/tutorial_etl_dag.py took 0.065 seconds
[2021-01-13 17:26:53,718] {scheduler_job.py:181} INFO - Started process (PID=6256) to work on /Users/chowli/.local/share/virtualenvs/marketvol-WbDfdy4N/lib/python3.7/site-packages/airflow/example_dags/tutorial_etl_dag.py
[2021-01-13 17:26:53,719] {scheduler_job.py:629} INFO - Processing file /Users/chowli/.local/share/virtualenvs/marketvol-WbDfdy4N/lib/python3.7/site-packages/airflow/example_dags/tutorial_etl_dag.py for tasks to queue
[2021-01-13 17:26:53,721] {logging_mixin.py:103} INFO - [2021-01-13 17:26:53,720] {dagbag.py:440} INFO - Filling up the DagBag from /Users/chowli/.local/share/virtualenvs/marketvol-WbDfdy4N/lib/python3.7/site-packages/airflow/example_dags/tutorial_etl_dag.py
[2021-01-13 17:26:53,734] {scheduler_job.py:639} INFO - DAG(s) dict_keys(['tutorial_etl_dag']) retrieved from /Users/chowli/.local/share/virtualenvs/marketvol-WbDfdy4N/lib/python3.7/site-packages/airflow/example_dags/tutorial_etl_dag.py
[2021-01-13 17:26:53,736] {logging_mixin.py:103} INFO - [2021-01-13 17:26:53,735] {dag.py:1813} INFO - Sync 1 DAGs
[2021-01-13 17:26:53,753] {logging_mixin.py:103} INFO - [2021-01-13 17:26:53,753] {dag.py:2266} INFO - Setting next_dagrun for tutorial_etl_dag to None
[2021-01-13 17:26:53,767] {scheduler_job.py:189} INFO - Processing /Users/chowli/.local/share/virtualenvs/marketvol-WbDfdy4N/lib/python3.7/site-packages/airflow/example_dags/tutorial_etl_dag.py took 0.053 seconds
[2021-01-13 17:27:18,474] {scheduler_job.py:181} INFO - Started process (PID=6296) to work on /Users/chowli/.local/share/virtualenvs/marketvol-WbDfdy4N/lib/python3.7/site-packages/airflow/example_dags/tutorial_etl_dag.py
[2021-01-13 17:27:18,477] {scheduler_job.py:629} INFO - Processing file /Users/chowli/.local/share/virtualenvs/marketvol-WbDfdy4N/lib/python3.7/site-packages/airflow/example_dags/tutorial_etl_dag.py for tasks to queue
[2021-01-13 17:27:18,479] {logging_mixin.py:103} INFO - [2021-01-13 17:27:18,478] {dagbag.py:440} INFO - Filling up the DagBag from /Users/chowli/.local/share/virtualenvs/marketvol-WbDfdy4N/lib/python3.7/site-packages/airflow/example_dags/tutorial_etl_dag.py
[2021-01-13 17:27:18,492] {scheduler_job.py:639} INFO - DAG(s) dict_keys(['tutorial_etl_dag']) retrieved from /Users/chowli/.local/share/virtualenvs/marketvol-WbDfdy4N/lib/python3.7/site-packages/airflow/example_dags/tutorial_etl_dag.py
[2021-01-13 17:27:18,494] {logging_mixin.py:103} INFO - [2021-01-13 17:27:18,494] {dag.py:1813} INFO - Sync 1 DAGs
[2021-01-13 17:27:18,514] {logging_mixin.py:103} INFO - [2021-01-13 17:27:18,514] {dag.py:2266} INFO - Setting next_dagrun for tutorial_etl_dag to None
[2021-01-13 17:27:18,530] {scheduler_job.py:189} INFO - Processing /Users/chowli/.local/share/virtualenvs/marketvol-WbDfdy4N/lib/python3.7/site-packages/airflow/example_dags/tutorial_etl_dag.py took 0.060 seconds
[2021-01-13 17:27:43,702] {scheduler_job.py:181} INFO - Started process (PID=6326) to work on /Users/chowli/.local/share/virtualenvs/marketvol-WbDfdy4N/lib/python3.7/site-packages/airflow/example_dags/tutorial_etl_dag.py
[2021-01-13 17:27:43,703] {scheduler_job.py:629} INFO - Processing file /Users/chowli/.local/share/virtualenvs/marketvol-WbDfdy4N/lib/python3.7/site-packages/airflow/example_dags/tutorial_etl_dag.py for tasks to queue
[2021-01-13 17:27:43,704] {logging_mixin.py:103} INFO - [2021-01-13 17:27:43,704] {dagbag.py:440} INFO - Filling up the DagBag from /Users/chowli/.local/share/virtualenvs/marketvol-WbDfdy4N/lib/python3.7/site-packages/airflow/example_dags/tutorial_etl_dag.py
[2021-01-13 17:27:43,714] {scheduler_job.py:639} INFO - DAG(s) dict_keys(['tutorial_etl_dag']) retrieved from /Users/chowli/.local/share/virtualenvs/marketvol-WbDfdy4N/lib/python3.7/site-packages/airflow/example_dags/tutorial_etl_dag.py
[2021-01-13 17:27:43,715] {logging_mixin.py:103} INFO - [2021-01-13 17:27:43,715] {dag.py:1813} INFO - Sync 1 DAGs
[2021-01-13 17:27:43,730] {logging_mixin.py:103} INFO - [2021-01-13 17:27:43,730] {dag.py:2266} INFO - Setting next_dagrun for tutorial_etl_dag to None
[2021-01-13 17:27:43,741] {scheduler_job.py:189} INFO - Processing /Users/chowli/.local/share/virtualenvs/marketvol-WbDfdy4N/lib/python3.7/site-packages/airflow/example_dags/tutorial_etl_dag.py took 0.043 seconds
[2021-01-13 17:28:09,857] {scheduler_job.py:181} INFO - Started process (PID=6354) to work on /Users/chowli/.local/share/virtualenvs/marketvol-WbDfdy4N/lib/python3.7/site-packages/airflow/example_dags/tutorial_etl_dag.py
[2021-01-13 17:28:09,859] {scheduler_job.py:629} INFO - Processing file /Users/chowli/.local/share/virtualenvs/marketvol-WbDfdy4N/lib/python3.7/site-packages/airflow/example_dags/tutorial_etl_dag.py for tasks to queue
[2021-01-13 17:28:09,861] {logging_mixin.py:103} INFO - [2021-01-13 17:28:09,860] {dagbag.py:440} INFO - Filling up the DagBag from /Users/chowli/.local/share/virtualenvs/marketvol-WbDfdy4N/lib/python3.7/site-packages/airflow/example_dags/tutorial_etl_dag.py
[2021-01-13 17:28:09,875] {scheduler_job.py:639} INFO - DAG(s) dict_keys(['tutorial_etl_dag']) retrieved from /Users/chowli/.local/share/virtualenvs/marketvol-WbDfdy4N/lib/python3.7/site-packages/airflow/example_dags/tutorial_etl_dag.py
[2021-01-13 17:28:09,877] {logging_mixin.py:103} INFO - [2021-01-13 17:28:09,876] {dag.py:1813} INFO - Sync 1 DAGs
[2021-01-13 17:28:09,897] {logging_mixin.py:103} INFO - [2021-01-13 17:28:09,897] {dag.py:2266} INFO - Setting next_dagrun for tutorial_etl_dag to None
[2021-01-13 17:28:09,912] {scheduler_job.py:189} INFO - Processing /Users/chowli/.local/share/virtualenvs/marketvol-WbDfdy4N/lib/python3.7/site-packages/airflow/example_dags/tutorial_etl_dag.py took 0.058 seconds
[2021-01-13 17:28:49,504] {scheduler_job.py:181} INFO - Started process (PID=6401) to work on /Users/chowli/.local/share/virtualenvs/marketvol-WbDfdy4N/lib/python3.7/site-packages/airflow/example_dags/tutorial_etl_dag.py
[2021-01-13 17:28:49,506] {scheduler_job.py:629} INFO - Processing file /Users/chowli/.local/share/virtualenvs/marketvol-WbDfdy4N/lib/python3.7/site-packages/airflow/example_dags/tutorial_etl_dag.py for tasks to queue
[2021-01-13 17:28:49,507] {logging_mixin.py:103} INFO - [2021-01-13 17:28:49,507] {dagbag.py:440} INFO - Filling up the DagBag from /Users/chowli/.local/share/virtualenvs/marketvol-WbDfdy4N/lib/python3.7/site-packages/airflow/example_dags/tutorial_etl_dag.py
[2021-01-13 17:28:49,523] {scheduler_job.py:639} INFO - DAG(s) dict_keys(['tutorial_etl_dag']) retrieved from /Users/chowli/.local/share/virtualenvs/marketvol-WbDfdy4N/lib/python3.7/site-packages/airflow/example_dags/tutorial_etl_dag.py
[2021-01-13 17:28:49,525] {logging_mixin.py:103} INFO - [2021-01-13 17:28:49,525] {dag.py:1813} INFO - Sync 1 DAGs
[2021-01-13 17:28:49,547] {logging_mixin.py:103} INFO - [2021-01-13 17:28:49,546] {dag.py:2266} INFO - Setting next_dagrun for tutorial_etl_dag to None
[2021-01-13 17:28:49,565] {scheduler_job.py:189} INFO - Processing /Users/chowli/.local/share/virtualenvs/marketvol-WbDfdy4N/lib/python3.7/site-packages/airflow/example_dags/tutorial_etl_dag.py took 0.065 seconds
[2021-01-13 17:29:22,877] {scheduler_job.py:181} INFO - Started process (PID=6457) to work on /Users/chowli/.local/share/virtualenvs/marketvol-WbDfdy4N/lib/python3.7/site-packages/airflow/example_dags/tutorial_etl_dag.py
[2021-01-13 17:29:22,879] {scheduler_job.py:629} INFO - Processing file /Users/chowli/.local/share/virtualenvs/marketvol-WbDfdy4N/lib/python3.7/site-packages/airflow/example_dags/tutorial_etl_dag.py for tasks to queue
[2021-01-13 17:29:22,880] {logging_mixin.py:103} INFO - [2021-01-13 17:29:22,880] {dagbag.py:440} INFO - Filling up the DagBag from /Users/chowli/.local/share/virtualenvs/marketvol-WbDfdy4N/lib/python3.7/site-packages/airflow/example_dags/tutorial_etl_dag.py
[2021-01-13 17:29:22,893] {scheduler_job.py:639} INFO - DAG(s) dict_keys(['tutorial_etl_dag']) retrieved from /Users/chowli/.local/share/virtualenvs/marketvol-WbDfdy4N/lib/python3.7/site-packages/airflow/example_dags/tutorial_etl_dag.py
[2021-01-13 17:29:22,894] {logging_mixin.py:103} INFO - [2021-01-13 17:29:22,894] {dag.py:1813} INFO - Sync 1 DAGs
[2021-01-13 17:29:22,912] {logging_mixin.py:103} INFO - [2021-01-13 17:29:22,912] {dag.py:2266} INFO - Setting next_dagrun for tutorial_etl_dag to None
[2021-01-13 17:29:22,926] {scheduler_job.py:189} INFO - Processing /Users/chowli/.local/share/virtualenvs/marketvol-WbDfdy4N/lib/python3.7/site-packages/airflow/example_dags/tutorial_etl_dag.py took 0.053 seconds
