[2021-01-13 17:23:25,129] {scheduler_job.py:181} INFO - Started process (PID=5885) to work on /Users/chowli/.local/share/virtualenvs/marketvol-WbDfdy4N/lib/python3.7/site-packages/airflow/example_dags/tutorial_taskflow_api_etl.py
[2021-01-13 17:23:25,130] {scheduler_job.py:629} INFO - Processing file /Users/chowli/.local/share/virtualenvs/marketvol-WbDfdy4N/lib/python3.7/site-packages/airflow/example_dags/tutorial_taskflow_api_etl.py for tasks to queue
[2021-01-13 17:23:25,132] {logging_mixin.py:103} INFO - [2021-01-13 17:23:25,132] {dagbag.py:440} INFO - Filling up the DagBag from /Users/chowli/.local/share/virtualenvs/marketvol-WbDfdy4N/lib/python3.7/site-packages/airflow/example_dags/tutorial_taskflow_api_etl.py
[2021-01-13 17:23:25,146] {scheduler_job.py:639} INFO - DAG(s) dict_keys(['tutorial_taskflow_api_etl']) retrieved from /Users/chowli/.local/share/virtualenvs/marketvol-WbDfdy4N/lib/python3.7/site-packages/airflow/example_dags/tutorial_taskflow_api_etl.py
[2021-01-13 17:23:25,148] {logging_mixin.py:103} INFO - [2021-01-13 17:23:25,147] {dag.py:1813} INFO - Sync 1 DAGs
[2021-01-13 17:23:25,166] {logging_mixin.py:103} INFO - [2021-01-13 17:23:25,166] {dag.py:2266} INFO - Setting next_dagrun for tutorial_taskflow_api_etl to None
[2021-01-13 17:23:25,191] {scheduler_job.py:189} INFO - Processing /Users/chowli/.local/share/virtualenvs/marketvol-WbDfdy4N/lib/python3.7/site-packages/airflow/example_dags/tutorial_taskflow_api_etl.py took 0.065 seconds
[2021-01-13 17:23:51,131] {scheduler_job.py:181} INFO - Started process (PID=5944) to work on /Users/chowli/.local/share/virtualenvs/marketvol-WbDfdy4N/lib/python3.7/site-packages/airflow/example_dags/tutorial_taskflow_api_etl.py
[2021-01-13 17:23:51,132] {scheduler_job.py:629} INFO - Processing file /Users/chowli/.local/share/virtualenvs/marketvol-WbDfdy4N/lib/python3.7/site-packages/airflow/example_dags/tutorial_taskflow_api_etl.py for tasks to queue
[2021-01-13 17:23:51,133] {logging_mixin.py:103} INFO - [2021-01-13 17:23:51,133] {dagbag.py:440} INFO - Filling up the DagBag from /Users/chowli/.local/share/virtualenvs/marketvol-WbDfdy4N/lib/python3.7/site-packages/airflow/example_dags/tutorial_taskflow_api_etl.py
[2021-01-13 17:23:51,146] {scheduler_job.py:639} INFO - DAG(s) dict_keys(['tutorial_taskflow_api_etl']) retrieved from /Users/chowli/.local/share/virtualenvs/marketvol-WbDfdy4N/lib/python3.7/site-packages/airflow/example_dags/tutorial_taskflow_api_etl.py
[2021-01-13 17:23:51,148] {logging_mixin.py:103} INFO - [2021-01-13 17:23:51,147] {dag.py:1813} INFO - Sync 1 DAGs
[2021-01-13 17:23:51,164] {logging_mixin.py:103} INFO - [2021-01-13 17:23:51,164] {dag.py:2266} INFO - Setting next_dagrun for tutorial_taskflow_api_etl to None
[2021-01-13 17:23:51,171] {scheduler_job.py:189} INFO - Processing /Users/chowli/.local/share/virtualenvs/marketvol-WbDfdy4N/lib/python3.7/site-packages/airflow/example_dags/tutorial_taskflow_api_etl.py took 0.044 seconds
[2021-01-13 17:24:16,734] {scheduler_job.py:181} INFO - Started process (PID=6043) to work on /Users/chowli/.local/share/virtualenvs/marketvol-WbDfdy4N/lib/python3.7/site-packages/airflow/example_dags/tutorial_taskflow_api_etl.py
[2021-01-13 17:24:16,736] {scheduler_job.py:629} INFO - Processing file /Users/chowli/.local/share/virtualenvs/marketvol-WbDfdy4N/lib/python3.7/site-packages/airflow/example_dags/tutorial_taskflow_api_etl.py for tasks to queue
[2021-01-13 17:24:16,737] {logging_mixin.py:103} INFO - [2021-01-13 17:24:16,737] {dagbag.py:440} INFO - Filling up the DagBag from /Users/chowli/.local/share/virtualenvs/marketvol-WbDfdy4N/lib/python3.7/site-packages/airflow/example_dags/tutorial_taskflow_api_etl.py
[2021-01-13 17:24:16,751] {scheduler_job.py:639} INFO - DAG(s) dict_keys(['tutorial_taskflow_api_etl']) retrieved from /Users/chowli/.local/share/virtualenvs/marketvol-WbDfdy4N/lib/python3.7/site-packages/airflow/example_dags/tutorial_taskflow_api_etl.py
[2021-01-13 17:24:16,753] {logging_mixin.py:103} INFO - [2021-01-13 17:24:16,753] {dag.py:1813} INFO - Sync 1 DAGs
[2021-01-13 17:24:16,771] {logging_mixin.py:103} INFO - [2021-01-13 17:24:16,771] {dag.py:2266} INFO - Setting next_dagrun for tutorial_taskflow_api_etl to None
[2021-01-13 17:24:16,796] {scheduler_job.py:189} INFO - Processing /Users/chowli/.local/share/virtualenvs/marketvol-WbDfdy4N/lib/python3.7/site-packages/airflow/example_dags/tutorial_taskflow_api_etl.py took 0.066 seconds
[2021-01-13 17:24:41,956] {scheduler_job.py:181} INFO - Started process (PID=6083) to work on /Users/chowli/.local/share/virtualenvs/marketvol-WbDfdy4N/lib/python3.7/site-packages/airflow/example_dags/tutorial_taskflow_api_etl.py
[2021-01-13 17:24:41,957] {scheduler_job.py:629} INFO - Processing file /Users/chowli/.local/share/virtualenvs/marketvol-WbDfdy4N/lib/python3.7/site-packages/airflow/example_dags/tutorial_taskflow_api_etl.py for tasks to queue
[2021-01-13 17:24:41,959] {logging_mixin.py:103} INFO - [2021-01-13 17:24:41,958] {dagbag.py:440} INFO - Filling up the DagBag from /Users/chowli/.local/share/virtualenvs/marketvol-WbDfdy4N/lib/python3.7/site-packages/airflow/example_dags/tutorial_taskflow_api_etl.py
[2021-01-13 17:24:41,973] {scheduler_job.py:639} INFO - DAG(s) dict_keys(['tutorial_taskflow_api_etl']) retrieved from /Users/chowli/.local/share/virtualenvs/marketvol-WbDfdy4N/lib/python3.7/site-packages/airflow/example_dags/tutorial_taskflow_api_etl.py
[2021-01-13 17:24:41,975] {logging_mixin.py:103} INFO - [2021-01-13 17:24:41,975] {dag.py:1813} INFO - Sync 1 DAGs
[2021-01-13 17:24:41,993] {logging_mixin.py:103} INFO - [2021-01-13 17:24:41,993] {dag.py:2266} INFO - Setting next_dagrun for tutorial_taskflow_api_etl to None
[2021-01-13 17:24:42,002] {scheduler_job.py:189} INFO - Processing /Users/chowli/.local/share/virtualenvs/marketvol-WbDfdy4N/lib/python3.7/site-packages/airflow/example_dags/tutorial_taskflow_api_etl.py took 0.050 seconds
[2021-01-13 17:25:07,364] {scheduler_job.py:181} INFO - Started process (PID=6111) to work on /Users/chowli/.local/share/virtualenvs/marketvol-WbDfdy4N/lib/python3.7/site-packages/airflow/example_dags/tutorial_taskflow_api_etl.py
[2021-01-13 17:25:07,366] {scheduler_job.py:629} INFO - Processing file /Users/chowli/.local/share/virtualenvs/marketvol-WbDfdy4N/lib/python3.7/site-packages/airflow/example_dags/tutorial_taskflow_api_etl.py for tasks to queue
[2021-01-13 17:25:07,367] {logging_mixin.py:103} INFO - [2021-01-13 17:25:07,367] {dagbag.py:440} INFO - Filling up the DagBag from /Users/chowli/.local/share/virtualenvs/marketvol-WbDfdy4N/lib/python3.7/site-packages/airflow/example_dags/tutorial_taskflow_api_etl.py
[2021-01-13 17:25:07,382] {scheduler_job.py:639} INFO - DAG(s) dict_keys(['tutorial_taskflow_api_etl']) retrieved from /Users/chowli/.local/share/virtualenvs/marketvol-WbDfdy4N/lib/python3.7/site-packages/airflow/example_dags/tutorial_taskflow_api_etl.py
[2021-01-13 17:25:07,384] {logging_mixin.py:103} INFO - [2021-01-13 17:25:07,383] {dag.py:1813} INFO - Sync 1 DAGs
[2021-01-13 17:25:07,402] {logging_mixin.py:103} INFO - [2021-01-13 17:25:07,402] {dag.py:2266} INFO - Setting next_dagrun for tutorial_taskflow_api_etl to None
[2021-01-13 17:25:07,426] {scheduler_job.py:189} INFO - Processing /Users/chowli/.local/share/virtualenvs/marketvol-WbDfdy4N/lib/python3.7/site-packages/airflow/example_dags/tutorial_taskflow_api_etl.py took 0.066 seconds
[2021-01-13 17:25:33,344] {scheduler_job.py:181} INFO - Started process (PID=6139) to work on /Users/chowli/.local/share/virtualenvs/marketvol-WbDfdy4N/lib/python3.7/site-packages/airflow/example_dags/tutorial_taskflow_api_etl.py
[2021-01-13 17:25:33,346] {scheduler_job.py:629} INFO - Processing file /Users/chowli/.local/share/virtualenvs/marketvol-WbDfdy4N/lib/python3.7/site-packages/airflow/example_dags/tutorial_taskflow_api_etl.py for tasks to queue
[2021-01-13 17:25:33,349] {logging_mixin.py:103} INFO - [2021-01-13 17:25:33,348] {dagbag.py:440} INFO - Filling up the DagBag from /Users/chowli/.local/share/virtualenvs/marketvol-WbDfdy4N/lib/python3.7/site-packages/airflow/example_dags/tutorial_taskflow_api_etl.py
[2021-01-13 17:25:33,365] {scheduler_job.py:639} INFO - DAG(s) dict_keys(['tutorial_taskflow_api_etl']) retrieved from /Users/chowli/.local/share/virtualenvs/marketvol-WbDfdy4N/lib/python3.7/site-packages/airflow/example_dags/tutorial_taskflow_api_etl.py
[2021-01-13 17:25:33,368] {logging_mixin.py:103} INFO - [2021-01-13 17:25:33,367] {dag.py:1813} INFO - Sync 1 DAGs
[2021-01-13 17:25:33,391] {logging_mixin.py:103} INFO - [2021-01-13 17:25:33,390] {dag.py:2266} INFO - Setting next_dagrun for tutorial_taskflow_api_etl to None
[2021-01-13 17:25:33,402] {scheduler_job.py:189} INFO - Processing /Users/chowli/.local/share/virtualenvs/marketvol-WbDfdy4N/lib/python3.7/site-packages/airflow/example_dags/tutorial_taskflow_api_etl.py took 0.062 seconds
[2021-01-13 17:26:00,666] {scheduler_job.py:181} INFO - Started process (PID=6175) to work on /Users/chowli/.local/share/virtualenvs/marketvol-WbDfdy4N/lib/python3.7/site-packages/airflow/example_dags/tutorial_taskflow_api_etl.py
[2021-01-13 17:26:00,668] {scheduler_job.py:629} INFO - Processing file /Users/chowli/.local/share/virtualenvs/marketvol-WbDfdy4N/lib/python3.7/site-packages/airflow/example_dags/tutorial_taskflow_api_etl.py for tasks to queue
[2021-01-13 17:26:00,669] {logging_mixin.py:103} INFO - [2021-01-13 17:26:00,668] {dagbag.py:440} INFO - Filling up the DagBag from /Users/chowli/.local/share/virtualenvs/marketvol-WbDfdy4N/lib/python3.7/site-packages/airflow/example_dags/tutorial_taskflow_api_etl.py
[2021-01-13 17:26:00,681] {scheduler_job.py:639} INFO - DAG(s) dict_keys(['tutorial_taskflow_api_etl']) retrieved from /Users/chowli/.local/share/virtualenvs/marketvol-WbDfdy4N/lib/python3.7/site-packages/airflow/example_dags/tutorial_taskflow_api_etl.py
[2021-01-13 17:26:00,682] {logging_mixin.py:103} INFO - [2021-01-13 17:26:00,682] {dag.py:1813} INFO - Sync 1 DAGs
[2021-01-13 17:26:00,698] {logging_mixin.py:103} INFO - [2021-01-13 17:26:00,698] {dag.py:2266} INFO - Setting next_dagrun for tutorial_taskflow_api_etl to None
[2021-01-13 17:26:00,721] {scheduler_job.py:189} INFO - Processing /Users/chowli/.local/share/virtualenvs/marketvol-WbDfdy4N/lib/python3.7/site-packages/airflow/example_dags/tutorial_taskflow_api_etl.py took 0.059 seconds
[2021-01-13 17:26:25,918] {scheduler_job.py:181} INFO - Started process (PID=6209) to work on /Users/chowli/.local/share/virtualenvs/marketvol-WbDfdy4N/lib/python3.7/site-packages/airflow/example_dags/tutorial_taskflow_api_etl.py
[2021-01-13 17:26:25,919] {scheduler_job.py:629} INFO - Processing file /Users/chowli/.local/share/virtualenvs/marketvol-WbDfdy4N/lib/python3.7/site-packages/airflow/example_dags/tutorial_taskflow_api_etl.py for tasks to queue
[2021-01-13 17:26:25,920] {logging_mixin.py:103} INFO - [2021-01-13 17:26:25,920] {dagbag.py:440} INFO - Filling up the DagBag from /Users/chowli/.local/share/virtualenvs/marketvol-WbDfdy4N/lib/python3.7/site-packages/airflow/example_dags/tutorial_taskflow_api_etl.py
[2021-01-13 17:26:25,935] {scheduler_job.py:639} INFO - DAG(s) dict_keys(['tutorial_taskflow_api_etl']) retrieved from /Users/chowli/.local/share/virtualenvs/marketvol-WbDfdy4N/lib/python3.7/site-packages/airflow/example_dags/tutorial_taskflow_api_etl.py
[2021-01-13 17:26:25,936] {logging_mixin.py:103} INFO - [2021-01-13 17:26:25,936] {dag.py:1813} INFO - Sync 1 DAGs
[2021-01-13 17:26:25,954] {logging_mixin.py:103} INFO - [2021-01-13 17:26:25,953] {dag.py:2266} INFO - Setting next_dagrun for tutorial_taskflow_api_etl to None
[2021-01-13 17:26:25,963] {scheduler_job.py:189} INFO - Processing /Users/chowli/.local/share/virtualenvs/marketvol-WbDfdy4N/lib/python3.7/site-packages/airflow/example_dags/tutorial_taskflow_api_etl.py took 0.049 seconds
[2021-01-13 17:26:51,643] {scheduler_job.py:181} INFO - Started process (PID=6254) to work on /Users/chowli/.local/share/virtualenvs/marketvol-WbDfdy4N/lib/python3.7/site-packages/airflow/example_dags/tutorial_taskflow_api_etl.py
[2021-01-13 17:26:51,644] {scheduler_job.py:629} INFO - Processing file /Users/chowli/.local/share/virtualenvs/marketvol-WbDfdy4N/lib/python3.7/site-packages/airflow/example_dags/tutorial_taskflow_api_etl.py for tasks to queue
[2021-01-13 17:26:51,646] {logging_mixin.py:103} INFO - [2021-01-13 17:26:51,645] {dagbag.py:440} INFO - Filling up the DagBag from /Users/chowli/.local/share/virtualenvs/marketvol-WbDfdy4N/lib/python3.7/site-packages/airflow/example_dags/tutorial_taskflow_api_etl.py
[2021-01-13 17:26:51,659] {scheduler_job.py:639} INFO - DAG(s) dict_keys(['tutorial_taskflow_api_etl']) retrieved from /Users/chowli/.local/share/virtualenvs/marketvol-WbDfdy4N/lib/python3.7/site-packages/airflow/example_dags/tutorial_taskflow_api_etl.py
[2021-01-13 17:26:51,661] {logging_mixin.py:103} INFO - [2021-01-13 17:26:51,661] {dag.py:1813} INFO - Sync 1 DAGs
[2021-01-13 17:26:51,679] {logging_mixin.py:103} INFO - [2021-01-13 17:26:51,678] {dag.py:2266} INFO - Setting next_dagrun for tutorial_taskflow_api_etl to None
[2021-01-13 17:26:51,702] {scheduler_job.py:189} INFO - Processing /Users/chowli/.local/share/virtualenvs/marketvol-WbDfdy4N/lib/python3.7/site-packages/airflow/example_dags/tutorial_taskflow_api_etl.py took 0.063 seconds
[2021-01-13 17:27:16,404] {scheduler_job.py:181} INFO - Started process (PID=6294) to work on /Users/chowli/.local/share/virtualenvs/marketvol-WbDfdy4N/lib/python3.7/site-packages/airflow/example_dags/tutorial_taskflow_api_etl.py
[2021-01-13 17:27:16,407] {scheduler_job.py:629} INFO - Processing file /Users/chowli/.local/share/virtualenvs/marketvol-WbDfdy4N/lib/python3.7/site-packages/airflow/example_dags/tutorial_taskflow_api_etl.py for tasks to queue
[2021-01-13 17:27:16,408] {logging_mixin.py:103} INFO - [2021-01-13 17:27:16,408] {dagbag.py:440} INFO - Filling up the DagBag from /Users/chowli/.local/share/virtualenvs/marketvol-WbDfdy4N/lib/python3.7/site-packages/airflow/example_dags/tutorial_taskflow_api_etl.py
[2021-01-13 17:27:16,423] {scheduler_job.py:639} INFO - DAG(s) dict_keys(['tutorial_taskflow_api_etl']) retrieved from /Users/chowli/.local/share/virtualenvs/marketvol-WbDfdy4N/lib/python3.7/site-packages/airflow/example_dags/tutorial_taskflow_api_etl.py
[2021-01-13 17:27:16,424] {logging_mixin.py:103} INFO - [2021-01-13 17:27:16,424] {dag.py:1813} INFO - Sync 1 DAGs
[2021-01-13 17:27:16,442] {logging_mixin.py:103} INFO - [2021-01-13 17:27:16,442] {dag.py:2266} INFO - Setting next_dagrun for tutorial_taskflow_api_etl to None
[2021-01-13 17:27:16,451] {scheduler_job.py:189} INFO - Processing /Users/chowli/.local/share/virtualenvs/marketvol-WbDfdy4N/lib/python3.7/site-packages/airflow/example_dags/tutorial_taskflow_api_etl.py took 0.051 seconds
[2021-01-13 17:27:41,641] {scheduler_job.py:181} INFO - Started process (PID=6324) to work on /Users/chowli/.local/share/virtualenvs/marketvol-WbDfdy4N/lib/python3.7/site-packages/airflow/example_dags/tutorial_taskflow_api_etl.py
[2021-01-13 17:27:41,642] {scheduler_job.py:629} INFO - Processing file /Users/chowli/.local/share/virtualenvs/marketvol-WbDfdy4N/lib/python3.7/site-packages/airflow/example_dags/tutorial_taskflow_api_etl.py for tasks to queue
[2021-01-13 17:27:41,644] {logging_mixin.py:103} INFO - [2021-01-13 17:27:41,643] {dagbag.py:440} INFO - Filling up the DagBag from /Users/chowli/.local/share/virtualenvs/marketvol-WbDfdy4N/lib/python3.7/site-packages/airflow/example_dags/tutorial_taskflow_api_etl.py
[2021-01-13 17:27:41,654] {scheduler_job.py:639} INFO - DAG(s) dict_keys(['tutorial_taskflow_api_etl']) retrieved from /Users/chowli/.local/share/virtualenvs/marketvol-WbDfdy4N/lib/python3.7/site-packages/airflow/example_dags/tutorial_taskflow_api_etl.py
[2021-01-13 17:27:41,655] {logging_mixin.py:103} INFO - [2021-01-13 17:27:41,655] {dag.py:1813} INFO - Sync 1 DAGs
[2021-01-13 17:27:41,669] {logging_mixin.py:103} INFO - [2021-01-13 17:27:41,669] {dag.py:2266} INFO - Setting next_dagrun for tutorial_taskflow_api_etl to None
[2021-01-13 17:27:41,690] {scheduler_job.py:189} INFO - Processing /Users/chowli/.local/share/virtualenvs/marketvol-WbDfdy4N/lib/python3.7/site-packages/airflow/example_dags/tutorial_taskflow_api_etl.py took 0.052 seconds
[2021-01-13 17:28:07,925] {scheduler_job.py:181} INFO - Started process (PID=6352) to work on /Users/chowli/.local/share/virtualenvs/marketvol-WbDfdy4N/lib/python3.7/site-packages/airflow/example_dags/tutorial_taskflow_api_etl.py
[2021-01-13 17:28:07,927] {scheduler_job.py:629} INFO - Processing file /Users/chowli/.local/share/virtualenvs/marketvol-WbDfdy4N/lib/python3.7/site-packages/airflow/example_dags/tutorial_taskflow_api_etl.py for tasks to queue
[2021-01-13 17:28:07,930] {logging_mixin.py:103} INFO - [2021-01-13 17:28:07,929] {dagbag.py:440} INFO - Filling up the DagBag from /Users/chowli/.local/share/virtualenvs/marketvol-WbDfdy4N/lib/python3.7/site-packages/airflow/example_dags/tutorial_taskflow_api_etl.py
[2021-01-13 17:28:07,946] {scheduler_job.py:639} INFO - DAG(s) dict_keys(['tutorial_taskflow_api_etl']) retrieved from /Users/chowli/.local/share/virtualenvs/marketvol-WbDfdy4N/lib/python3.7/site-packages/airflow/example_dags/tutorial_taskflow_api_etl.py
[2021-01-13 17:28:07,948] {logging_mixin.py:103} INFO - [2021-01-13 17:28:07,948] {dag.py:1813} INFO - Sync 1 DAGs
[2021-01-13 17:28:07,969] {logging_mixin.py:103} INFO - [2021-01-13 17:28:07,969] {dag.py:2266} INFO - Setting next_dagrun for tutorial_taskflow_api_etl to None
[2021-01-13 17:28:07,981] {scheduler_job.py:189} INFO - Processing /Users/chowli/.local/share/virtualenvs/marketvol-WbDfdy4N/lib/python3.7/site-packages/airflow/example_dags/tutorial_taskflow_api_etl.py took 0.060 seconds
[2021-01-13 17:29:07,727] {scheduler_job.py:181} INFO - Started process (PID=6440) to work on /Users/chowli/.local/share/virtualenvs/marketvol-WbDfdy4N/lib/python3.7/site-packages/airflow/example_dags/tutorial_taskflow_api_etl.py
[2021-01-13 17:29:07,729] {scheduler_job.py:629} INFO - Processing file /Users/chowli/.local/share/virtualenvs/marketvol-WbDfdy4N/lib/python3.7/site-packages/airflow/example_dags/tutorial_taskflow_api_etl.py for tasks to queue
[2021-01-13 17:29:07,730] {logging_mixin.py:103} INFO - [2021-01-13 17:29:07,730] {dagbag.py:440} INFO - Filling up the DagBag from /Users/chowli/.local/share/virtualenvs/marketvol-WbDfdy4N/lib/python3.7/site-packages/airflow/example_dags/tutorial_taskflow_api_etl.py
[2021-01-13 17:29:07,743] {scheduler_job.py:639} INFO - DAG(s) dict_keys(['tutorial_taskflow_api_etl']) retrieved from /Users/chowli/.local/share/virtualenvs/marketvol-WbDfdy4N/lib/python3.7/site-packages/airflow/example_dags/tutorial_taskflow_api_etl.py
[2021-01-13 17:29:07,744] {logging_mixin.py:103} INFO - [2021-01-13 17:29:07,744] {dag.py:1813} INFO - Sync 1 DAGs
[2021-01-13 17:29:07,760] {logging_mixin.py:103} INFO - [2021-01-13 17:29:07,760] {dag.py:2266} INFO - Setting next_dagrun for tutorial_taskflow_api_etl to None
[2021-01-13 17:29:07,783] {scheduler_job.py:189} INFO - Processing /Users/chowli/.local/share/virtualenvs/marketvol-WbDfdy4N/lib/python3.7/site-packages/airflow/example_dags/tutorial_taskflow_api_etl.py took 0.059 seconds
