[2021-01-19 09:10:36,566] {{taskinstance.py:655}} INFO - Dependencies all met for <TaskInstance: MarketVol.apple_price_analyzer 2021-01-18T18:00:00+00:00 [queued]>
[2021-01-19 09:10:36,577] {{taskinstance.py:655}} INFO - Dependencies all met for <TaskInstance: MarketVol.apple_price_analyzer 2021-01-18T18:00:00+00:00 [queued]>
[2021-01-19 09:10:36,578] {{taskinstance.py:866}} INFO - 
--------------------------------------------------------------------------------
[2021-01-19 09:10:36,579] {{taskinstance.py:867}} INFO - Starting attempt 1 of 1
[2021-01-19 09:10:36,580] {{taskinstance.py:868}} INFO - 
--------------------------------------------------------------------------------
[2021-01-19 09:10:36,592] {{taskinstance.py:887}} INFO - Executing <Task(BashOperator): apple_price_analyzer> on 2021-01-18T18:00:00+00:00
[2021-01-19 09:10:36,596] {{standard_task_runner.py:53}} INFO - Started process 461 to run task
[2021-01-19 09:10:36,648] {{logging_mixin.py:112}} INFO - Running %s on host %s <TaskInstance: MarketVol.apple_price_analyzer 2021-01-18T18:00:00+00:00 [running]> f2939e9d42e5
[2021-01-19 09:10:36,664] {{bash_operator.py:82}} INFO - Tmp dir root location: 
 /tmp
[2021-01-19 09:10:36,666] {{bash_operator.py:105}} INFO - Temporary script location: /tmp/airflowtmp13fmqhec/apple_price_analyzer8vubwwdy
[2021-01-19 09:10:36,667] {{bash_operator.py:115}} INFO - Running command: python /usr/local/airflow/script/analyze.py --symbol AAPL
[2021-01-19 09:10:36,676] {{bash_operator.py:122}} INFO - Output:
[2021-01-19 09:10:37,096] {{bash_operator.py:126}} INFO - /usr/local/airflow/tmp/data/2021-01-19
[2021-01-19 09:10:37,098] {{bash_operator.py:126}} INFO - Empty DataFrame
[2021-01-19 09:10:37,100] {{bash_operator.py:126}} INFO - Columns: [Date, Open, High, Low, Close, Adj Close, Volume]
[2021-01-19 09:10:37,102] {{bash_operator.py:126}} INFO - Index: []
[2021-01-19 09:10:37,173] {{bash_operator.py:130}} INFO - Command exited with return code 0
[2021-01-19 09:10:37,182] {{taskinstance.py:1048}} INFO - Marking task as SUCCESS.dag_id=MarketVol, task_id=apple_price_analyzer, execution_date=20210118T180000, start_date=20210119T091036, end_date=20210119T091037
[2021-01-19 09:10:46,555] {{logging_mixin.py:112}} INFO - [2021-01-19 09:10:46,554] {{local_task_job.py:103}} INFO - Task exited with return code 0
