[2021-01-14 22:54:17,288] {taskinstance.py:826} INFO - Dependencies all met for <TaskInstance: MarketVol.tesla_price_analyzer 2021-01-15T06:54:09.421064+00:00 [queued]>
[2021-01-14 22:54:17,295] {taskinstance.py:826} INFO - Dependencies all met for <TaskInstance: MarketVol.tesla_price_analyzer 2021-01-15T06:54:09.421064+00:00 [queued]>
[2021-01-14 22:54:17,295] {taskinstance.py:1017} INFO - 
--------------------------------------------------------------------------------
[2021-01-14 22:54:17,295] {taskinstance.py:1018} INFO - Starting attempt 1 of 1
[2021-01-14 22:54:17,295] {taskinstance.py:1019} INFO - 
--------------------------------------------------------------------------------
[2021-01-14 22:54:17,301] {taskinstance.py:1038} INFO - Executing <Task(BashOperator): tesla_price_analyzer> on 2021-01-15T06:54:09.421064+00:00
[2021-01-14 22:54:17,303] {standard_task_runner.py:51} INFO - Started process 73807 to run task
[2021-01-14 22:54:17,310] {standard_task_runner.py:75} INFO - Running: ['airflow', 'tasks', 'run', 'MarketVol', 'tesla_price_analyzer', '2021-01-15T06:54:09.421064+00:00', '--job-id', '161', '--pool', 'default_pool', '--raw', '--subdir', 'DAGS_FOLDER/stock_dags.py', '--cfg-path', '/var/folders/hy/5f75_vt15hb_bfkv9vvnx5sw0000gn/T/tmpg0m5a89n']
[2021-01-14 22:54:17,311] {standard_task_runner.py:76} INFO - Job 161: Subtask tesla_price_analyzer
[2021-01-14 22:54:17,343] {logging_mixin.py:103} INFO - Running <TaskInstance: MarketVol.tesla_price_analyzer 2021-01-15T06:54:09.421064+00:00 [running]> on host 1.0.0.0.0.0.0.0.0.0.0.0.0.0.0.0.0.0.0.0.0.0.0.0.0.0.0.0.0.0.0.0.ip6.arpa
[2021-01-14 22:54:17,363] {taskinstance.py:1232} INFO - Exporting the following env vars:
AIRFLOW_CTX_DAG_OWNER=airflow
AIRFLOW_CTX_DAG_ID=MarketVol
AIRFLOW_CTX_TASK_ID=tesla_price_analyzer
AIRFLOW_CTX_EXECUTION_DATE=2021-01-15T06:54:09.421064+00:00
AIRFLOW_CTX_DAG_RUN_ID=manual__2021-01-15T06:54:09.421064+00:00
[2021-01-14 22:54:17,364] {bash.py:135} INFO - Tmp dir root location: 
 /var/folders/hy/5f75_vt15hb_bfkv9vvnx5sw0000gn/T
[2021-01-14 22:54:17,365] {bash.py:158} INFO - Running command: python /Users/chowli/Documents/Springboard_DE/Projects/mini-projects/Airflow/marketvol/airflow/script/analyze.py --symbol TSLA
[2021-01-14 22:54:17,372] {bash.py:169} INFO - Output:
[2021-01-14 22:54:17,825] {bash.py:173} INFO -                     Datetime        Open  ...   Adj Close   Volume
[2021-01-14 22:54:17,826] {bash.py:173} INFO - 0  2021-01-14 09:30:00-05:00  845.440002  ...  845.599976  1157427
[2021-01-14 22:54:17,826] {bash.py:173} INFO - 1  2021-01-14 09:31:00-05:00  845.500000  ...  845.801880   173700
[2021-01-14 22:54:17,827] {bash.py:173} INFO - 2  2021-01-14 09:32:00-05:00  845.700012  ...  844.289978   169970
[2021-01-14 22:54:17,827] {bash.py:173} INFO - 3  2021-01-14 09:33:00-05:00  844.219971  ...  841.510925   158013
[2021-01-14 22:54:17,827] {bash.py:173} INFO - 4  2021-01-14 09:34:00-05:00  841.380127  ...  842.729980   149317
[2021-01-14 22:54:17,828] {bash.py:173} INFO - 
[2021-01-14 22:54:17,828] {bash.py:173} INFO - [5 rows x 7 columns]
[2021-01-14 22:54:17,877] {bash.py:177} INFO - Command exited with return code 0
[2021-01-14 22:54:17,896] {taskinstance.py:1142} INFO - Marking task as SUCCESS. dag_id=MarketVol, task_id=tesla_price_analyzer, execution_date=20210115T065409, start_date=20210115T065417, end_date=20210115T065417
[2021-01-14 22:54:17,939] {taskinstance.py:1195} INFO - 0 downstream tasks scheduled from follow-on schedule check
[2021-01-14 22:54:17,950] {local_task_job.py:118} INFO - Task exited with return code 0
