[2021-01-21 06:22:27,616] {{taskinstance.py:655}} INFO - Dependencies all met for <TaskInstance: MarketVol.download_telsa_price 2021-01-20T02:30:00+00:00 [queued]>
[2021-01-21 06:22:27,629] {{taskinstance.py:655}} INFO - Dependencies all met for <TaskInstance: MarketVol.download_telsa_price 2021-01-20T02:30:00+00:00 [queued]>
[2021-01-21 06:22:27,630] {{taskinstance.py:866}} INFO - 
--------------------------------------------------------------------------------
[2021-01-21 06:22:27,630] {{taskinstance.py:867}} INFO - Starting attempt 1 of 4
[2021-01-21 06:22:27,631] {{taskinstance.py:868}} INFO - 
--------------------------------------------------------------------------------
[2021-01-21 06:22:27,640] {{taskinstance.py:887}} INFO - Executing <Task(PythonOperator): download_telsa_price> on 2021-01-20T02:30:00+00:00
[2021-01-21 06:22:27,643] {{standard_task_runner.py:53}} INFO - Started process 237 to run task
[2021-01-21 06:22:27,696] {{logging_mixin.py:112}} INFO - Running %s on host %s <TaskInstance: MarketVol.download_telsa_price 2021-01-20T02:30:00+00:00 [running]> 99b7c767768b
[2021-01-21 06:22:27,713] {{logging_mixin.py:112}} INFO - 2021-01-21
[2021-01-21 06:22:27,714] {{logging_mixin.py:112}} INFO - 2021-01-22
[2021-01-21 06:22:27,902] {{logging_mixin.py:112}} INFO - [*********************100%***********************]  1 of 1 completed
[2021-01-21 06:22:27,903] {{logging_mixin.py:112}} INFO - 
[2021-01-21 06:22:27,904] {{logging_mixin.py:112}} INFO - 
1 Failed download:
[2021-01-21 06:22:27,904] {{logging_mixin.py:112}} INFO - - TSLA: No data found for this date range, symbol may be delisted
[2021-01-21 06:22:27,911] {{python_operator.py:114}} INFO - Done. Returned value was: None
[2021-01-21 06:22:27,916] {{taskinstance.py:1048}} INFO - Marking task as SUCCESS.dag_id=MarketVol, task_id=download_telsa_price, execution_date=20210120T023000, start_date=20210121T062227, end_date=20210121T062227
[2021-01-21 06:22:37,607] {{logging_mixin.py:112}} INFO - [2021-01-21 06:22:37,607] {{local_task_job.py:103}} INFO - Task exited with return code 0
