[2021-01-11 22:00:09,743] {taskinstance.py:826} INFO - Dependencies all met for <TaskInstance: MarketVol.apple_price_analyzer 2021-01-12T05:00:00+00:00 [queued]>
[2021-01-11 22:00:09,749] {taskinstance.py:826} INFO - Dependencies all met for <TaskInstance: MarketVol.apple_price_analyzer 2021-01-12T05:00:00+00:00 [queued]>
[2021-01-11 22:00:09,749] {taskinstance.py:1017} INFO - 
--------------------------------------------------------------------------------
[2021-01-11 22:00:09,749] {taskinstance.py:1018} INFO - Starting attempt 1 of 1
[2021-01-11 22:00:09,749] {taskinstance.py:1019} INFO - 
--------------------------------------------------------------------------------
[2021-01-11 22:00:09,755] {taskinstance.py:1038} INFO - Executing <Task(BashOperator): apple_price_analyzer> on 2021-01-12T05:00:00+00:00
[2021-01-11 22:00:09,757] {standard_task_runner.py:51} INFO - Started process 71481 to run task
[2021-01-11 22:00:09,764] {standard_task_runner.py:75} INFO - Running: ['airflow', 'tasks', 'run', 'MarketVol', 'apple_price_analyzer', '2021-01-12T05:00:00+00:00', '--job-id', '61', '--pool', 'default_pool', '--raw', '--subdir', 'DAGS_FOLDER/stock_dags.py', '--cfg-path', '/var/folders/hy/5f75_vt15hb_bfkv9vvnx5sw0000gn/T/tmpxznkkbjn']
[2021-01-11 22:00:09,765] {standard_task_runner.py:76} INFO - Job 61: Subtask apple_price_analyzer
[2021-01-11 22:00:09,798] {logging_mixin.py:103} INFO - Running <TaskInstance: MarketVol.apple_price_analyzer 2021-01-12T05:00:00+00:00 [running]> on host Chow-MBP.local
[2021-01-11 22:00:09,825] {taskinstance.py:1232} INFO - Exporting the following env vars:
AIRFLOW_CTX_DAG_OWNER=airflow
AIRFLOW_CTX_DAG_ID=MarketVol
AIRFLOW_CTX_TASK_ID=apple_price_analyzer
AIRFLOW_CTX_EXECUTION_DATE=2021-01-12T05:00:00+00:00
AIRFLOW_CTX_DAG_RUN_ID=scheduled__2021-01-12T05:00:00+00:00
[2021-01-11 22:00:09,826] {bash.py:135} INFO - Tmp dir root location: 
 /var/folders/hy/5f75_vt15hb_bfkv9vvnx5sw0000gn/T
[2021-01-11 22:00:09,826] {bash.py:158} INFO - Running command: python /Users/chowli/Documents/Springboard_DE/Projects/mini-projects/Airflow/marketvol/airflow/script/analyze.py --symbol AAPL
[2021-01-11 22:00:09,832] {bash.py:169} INFO - Output:
[2021-01-11 22:00:10,260] {bash.py:173} INFO -                     Datetime        Open  ...   Adj Close   Volume
[2021-01-11 22:00:10,261] {bash.py:173} INFO - 0  2021-01-11 09:30:00-05:00  129.190002  ...  128.909897  6021983
[2021-01-11 22:00:10,261] {bash.py:173} INFO - 1  2021-01-11 09:31:00-05:00  128.909897  ...  128.955002   823462
[2021-01-11 22:00:10,261] {bash.py:173} INFO - 2  2021-01-11 09:32:00-05:00  128.960007  ...  129.320007   825602
[2021-01-11 22:00:10,262] {bash.py:173} INFO - 3  2021-01-11 09:33:00-05:00  129.320007  ...  129.174698   772298
[2021-01-11 22:00:10,262] {bash.py:173} INFO - 4  2021-01-11 09:34:00-05:00  128.839905  ...  128.729996   638774
[2021-01-11 22:00:10,262] {bash.py:173} INFO - 
[2021-01-11 22:00:10,262] {bash.py:173} INFO - [5 rows x 7 columns]
[2021-01-11 22:00:10,306] {bash.py:177} INFO - Command exited with return code 0
[2021-01-11 22:00:10,328] {taskinstance.py:1142} INFO - Marking task as SUCCESS. dag_id=MarketVol, task_id=apple_price_analyzer, execution_date=20210112T050000, start_date=20210112T060009, end_date=20210112T060010
[2021-01-11 22:00:10,343] {taskinstance.py:1195} INFO - 0 downstream tasks scheduled from follow-on schedule check
[2021-01-11 22:00:10,366] {local_task_job.py:118} INFO - Task exited with return code 0
