[2021-01-19 09:07:57,224] {{taskinstance.py:655}} INFO - Dependencies all met for <TaskInstance: MarketVol.download_telsa_price 2021-01-18T12:00:00+00:00 [queued]>
[2021-01-19 09:07:57,234] {{taskinstance.py:655}} INFO - Dependencies all met for <TaskInstance: MarketVol.download_telsa_price 2021-01-18T12:00:00+00:00 [queued]>
[2021-01-19 09:07:57,235] {{taskinstance.py:866}} INFO - 
--------------------------------------------------------------------------------
[2021-01-19 09:07:57,236] {{taskinstance.py:867}} INFO - Starting attempt 1 of 4
[2021-01-19 09:07:57,237] {{taskinstance.py:868}} INFO - 
--------------------------------------------------------------------------------
[2021-01-19 09:07:57,248] {{taskinstance.py:887}} INFO - Executing <Task(PythonOperator): download_telsa_price> on 2021-01-18T12:00:00+00:00
[2021-01-19 09:07:57,252] {{standard_task_runner.py:53}} INFO - Started process 302 to run task
[2021-01-19 09:07:57,304] {{logging_mixin.py:112}} INFO - Running %s on host %s <TaskInstance: MarketVol.download_telsa_price 2021-01-18T12:00:00+00:00 [running]> f2939e9d42e5
[2021-01-19 09:07:57,320] {{logging_mixin.py:112}} INFO - 2021-01-19
[2021-01-19 09:07:57,321] {{logging_mixin.py:112}} INFO - 2021-01-20
[2021-01-19 09:07:57,445] {{logging_mixin.py:112}} INFO - [*********************100%***********************]  1 of 1 completed
[2021-01-19 09:07:57,446] {{logging_mixin.py:112}} INFO - 
[2021-01-19 09:07:57,447] {{logging_mixin.py:112}} INFO - 
1 Failed download:
[2021-01-19 09:07:57,449] {{logging_mixin.py:112}} INFO - - TSLA: No data found for this date range, symbol may be delisted
[2021-01-19 09:07:57,457] {{python_operator.py:114}} INFO - Done. Returned value was: None
[2021-01-19 09:07:57,463] {{taskinstance.py:1048}} INFO - Marking task as SUCCESS.dag_id=MarketVol, task_id=download_telsa_price, execution_date=20210118T120000, start_date=20210119T090757, end_date=20210119T090757
[2021-01-19 09:08:07,214] {{logging_mixin.py:112}} INFO - [2021-01-19 09:08:07,214] {{local_task_job.py:103}} INFO - Task exited with return code 0
