[2021-01-20 02:30:57,813] {{taskinstance.py:655}} INFO - Dependencies all met for <TaskInstance: MarketVol.apple_price_analyzer 2021-01-19T02:30:00+00:00 [queued]>
[2021-01-20 02:30:57,825] {{taskinstance.py:655}} INFO - Dependencies all met for <TaskInstance: MarketVol.apple_price_analyzer 2021-01-19T02:30:00+00:00 [queued]>
[2021-01-20 02:30:57,826] {{taskinstance.py:866}} INFO - 
--------------------------------------------------------------------------------
[2021-01-20 02:30:57,827] {{taskinstance.py:867}} INFO - Starting attempt 1 of 1
[2021-01-20 02:30:57,828] {{taskinstance.py:868}} INFO - 
--------------------------------------------------------------------------------
[2021-01-20 02:30:57,836] {{taskinstance.py:887}} INFO - Executing <Task(BashOperator): apple_price_analyzer> on 2021-01-19T02:30:00+00:00
[2021-01-20 02:30:57,839] {{standard_task_runner.py:53}} INFO - Started process 353 to run task
[2021-01-20 02:30:57,886] {{logging_mixin.py:112}} INFO - Running %s on host %s <TaskInstance: MarketVol.apple_price_analyzer 2021-01-19T02:30:00+00:00 [running]> 6a522c83f2b5
[2021-01-20 02:30:57,900] {{bash_operator.py:82}} INFO - Tmp dir root location: 
 /tmp
[2021-01-20 02:30:57,902] {{bash_operator.py:105}} INFO - Temporary script location: /tmp/airflowtmpd920is4b/apple_price_analyzeravevy_ob
[2021-01-20 02:30:57,903] {{bash_operator.py:115}} INFO - Running command: python /usr/local/airflow/script/analyze.py --symbol AAPL
[2021-01-20 02:30:57,910] {{bash_operator.py:122}} INFO - Output:
[2021-01-20 02:30:58,270] {{bash_operator.py:126}} INFO - /usr/local/airflow/tmp/data/2021-01-20
[2021-01-20 02:30:58,271] {{bash_operator.py:126}} INFO - Empty DataFrame
[2021-01-20 02:30:58,272] {{bash_operator.py:126}} INFO - Columns: [Date, Open, High, Low, Close, Adj Close, Volume]
[2021-01-20 02:30:58,273] {{bash_operator.py:126}} INFO - Index: []
[2021-01-20 02:30:58,320] {{bash_operator.py:130}} INFO - Command exited with return code 0
[2021-01-20 02:30:58,329] {{taskinstance.py:1048}} INFO - Marking task as SUCCESS.dag_id=MarketVol, task_id=apple_price_analyzer, execution_date=20210119T023000, start_date=20210120T023057, end_date=20210120T023058
[2021-01-20 02:31:07,807] {{logging_mixin.py:112}} INFO - [2021-01-20 02:31:07,807] {{local_task_job.py:103}} INFO - Task exited with return code 0
