[2021-01-11 18:29:36,313] {taskinstance.py:826} INFO - Dependencies all met for <TaskInstance: MarketVol.download_apple_price 2021-01-12T02:29:30.142154+00:00 [queued]>
[2021-01-11 18:29:36,321] {taskinstance.py:826} INFO - Dependencies all met for <TaskInstance: MarketVol.download_apple_price 2021-01-12T02:29:30.142154+00:00 [queued]>
[2021-01-11 18:29:36,321] {taskinstance.py:1017} INFO - 
--------------------------------------------------------------------------------
[2021-01-11 18:29:36,322] {taskinstance.py:1018} INFO - Starting attempt 1 of 4
[2021-01-11 18:29:36,322] {taskinstance.py:1019} INFO - 
--------------------------------------------------------------------------------
[2021-01-11 18:29:36,330] {taskinstance.py:1038} INFO - Executing <Task(PythonOperator): download_apple_price> on 2021-01-12T02:29:30.142154+00:00
[2021-01-11 18:29:36,333] {standard_task_runner.py:51} INFO - Started process 56500 to run task
[2021-01-11 18:29:36,342] {standard_task_runner.py:75} INFO - Running: ['airflow', 'tasks', 'run', 'MarketVol', 'download_apple_price', '2021-01-12T02:29:30.142154+00:00', '--job-id', '34', '--pool', 'default_pool', '--raw', '--subdir', 'DAGS_FOLDER/stock_dags.py', '--cfg-path', '/var/folders/hy/5f75_vt15hb_bfkv9vvnx5sw0000gn/T/tmpsi44jyw_']
[2021-01-11 18:29:36,344] {standard_task_runner.py:76} INFO - Job 34: Subtask download_apple_price
[2021-01-11 18:29:36,413] {logging_mixin.py:103} INFO - Running <TaskInstance: MarketVol.download_apple_price 2021-01-12T02:29:30.142154+00:00 [running]> on host 1.0.0.0.0.0.0.0.0.0.0.0.0.0.0.0.0.0.0.0.0.0.0.0.0.0.0.0.0.0.0.0.ip6.arpa
[2021-01-11 18:29:36,460] {taskinstance.py:1232} INFO - Exporting the following env vars:
AIRFLOW_CTX_DAG_OWNER=airflow
AIRFLOW_CTX_DAG_ID=MarketVol
AIRFLOW_CTX_TASK_ID=download_apple_price
AIRFLOW_CTX_EXECUTION_DATE=2021-01-12T02:29:30.142154+00:00
AIRFLOW_CTX_DAG_RUN_ID=manual__2021-01-12T02:29:30.142154+00:00
[2021-01-11 18:29:36,461] {logging_mixin.py:103} INFO - 2021-01-11
[2021-01-11 18:29:36,462] {logging_mixin.py:103} INFO - 2021-01-12
[2021-01-11 18:29:36,704] {logging_mixin.py:103} INFO - [*********************100%***********************]  1 of 1 completed
[2021-01-11 18:29:36,705] {logging_mixin.py:103} INFO - 
[2021-01-11 18:29:36,721] {python.py:118} INFO - Done. Returned value was: None
[2021-01-11 18:29:36,726] {taskinstance.py:1142} INFO - Marking task as SUCCESS. dag_id=MarketVol, task_id=download_apple_price, execution_date=20210112T022930, start_date=20210112T022936, end_date=20210112T022936
[2021-01-11 18:29:36,744] {taskinstance.py:1195} INFO - 1 downstream tasks scheduled from follow-on schedule check
[2021-01-11 18:29:36,787] {local_task_job.py:118} INFO - Task exited with return code 0
