[2021-01-21 06:23:06,662] {{taskinstance.py:655}} INFO - Dependencies all met for <TaskInstance: MarketVol.apple_price_analyzer 2021-01-20T02:30:00+00:00 [queued]>
[2021-01-21 06:23:06,679] {{taskinstance.py:655}} INFO - Dependencies all met for <TaskInstance: MarketVol.apple_price_analyzer 2021-01-20T02:30:00+00:00 [queued]>
[2021-01-21 06:23:06,680] {{taskinstance.py:866}} INFO - 
--------------------------------------------------------------------------------
[2021-01-21 06:23:06,681] {{taskinstance.py:867}} INFO - Starting attempt 1 of 1
[2021-01-21 06:23:06,682] {{taskinstance.py:868}} INFO - 
--------------------------------------------------------------------------------
[2021-01-21 06:23:06,693] {{taskinstance.py:887}} INFO - Executing <Task(BashOperator): apple_price_analyzer> on 2021-01-20T02:30:00+00:00
[2021-01-21 06:23:06,697] {{standard_task_runner.py:53}} INFO - Started process 271 to run task
[2021-01-21 06:23:06,750] {{logging_mixin.py:112}} INFO - Running %s on host %s <TaskInstance: MarketVol.apple_price_analyzer 2021-01-20T02:30:00+00:00 [running]> 99b7c767768b
[2021-01-21 06:23:06,767] {{bash_operator.py:82}} INFO - Tmp dir root location: 
 /tmp
[2021-01-21 06:23:06,769] {{bash_operator.py:105}} INFO - Temporary script location: /tmp/airflowtmptwffxn_d/apple_price_analyzermj_pk9j2
[2021-01-21 06:23:06,769] {{bash_operator.py:115}} INFO - Running command: python /usr/local/airflow/script/stock_analyzer.py --symbol AAPL
[2021-01-21 06:23:06,778] {{bash_operator.py:122}} INFO - Output:
[2021-01-21 06:23:07,242] {{bash_operator.py:126}} INFO - /usr/local/airflow/tmp/data/2021-01-21
[2021-01-21 06:23:07,243] {{bash_operator.py:126}} INFO - Empty DataFrame
[2021-01-21 06:23:07,243] {{bash_operator.py:126}} INFO - Columns: [Date, Open, High, Low, Close, Adj Close, Volume]
[2021-01-21 06:23:07,244] {{bash_operator.py:126}} INFO - Index: []
[2021-01-21 06:23:07,295] {{bash_operator.py:130}} INFO - Command exited with return code 0
[2021-01-21 06:23:07,302] {{taskinstance.py:1048}} INFO - Marking task as SUCCESS.dag_id=MarketVol, task_id=apple_price_analyzer, execution_date=20210120T023000, start_date=20210121T062306, end_date=20210121T062307
[2021-01-21 06:23:16,646] {{logging_mixin.py:112}} INFO - [2021-01-21 06:23:16,646] {{local_task_job.py:103}} INFO - Task exited with return code 0
