[2021-01-11 18:31:59,838] {taskinstance.py:826} INFO - Dependencies all met for <TaskInstance: MarketVol.tesla_price_analyzer 2021-01-12T02:31:51.218996+00:00 [queued]>
[2021-01-11 18:31:59,844] {taskinstance.py:826} INFO - Dependencies all met for <TaskInstance: MarketVol.tesla_price_analyzer 2021-01-12T02:31:51.218996+00:00 [queued]>
[2021-01-11 18:31:59,844] {taskinstance.py:1017} INFO - 
--------------------------------------------------------------------------------
[2021-01-11 18:31:59,844] {taskinstance.py:1018} INFO - Starting attempt 1 of 1
[2021-01-11 18:31:59,844] {taskinstance.py:1019} INFO - 
--------------------------------------------------------------------------------
[2021-01-11 18:31:59,851] {taskinstance.py:1038} INFO - Executing <Task(BashOperator): tesla_price_analyzer> on 2021-01-12T02:31:51.218996+00:00
[2021-01-11 18:31:59,854] {standard_task_runner.py:51} INFO - Started process 56780 to run task
[2021-01-11 18:31:59,860] {standard_task_runner.py:75} INFO - Running: ['airflow', 'tasks', 'run', 'MarketVol', 'tesla_price_analyzer', '2021-01-12T02:31:51.218996+00:00', '--job-id', '45', '--pool', 'default_pool', '--raw', '--subdir', 'DAGS_FOLDER/stock_dags.py', '--cfg-path', '/var/folders/hy/5f75_vt15hb_bfkv9vvnx5sw0000gn/T/tmp9fra2h70']
[2021-01-11 18:31:59,862] {standard_task_runner.py:76} INFO - Job 45: Subtask tesla_price_analyzer
[2021-01-11 18:31:59,892] {logging_mixin.py:103} INFO - Running <TaskInstance: MarketVol.tesla_price_analyzer 2021-01-12T02:31:51.218996+00:00 [running]> on host 1.0.0.0.0.0.0.0.0.0.0.0.0.0.0.0.0.0.0.0.0.0.0.0.0.0.0.0.0.0.0.0.ip6.arpa
[2021-01-11 18:31:59,918] {taskinstance.py:1232} INFO - Exporting the following env vars:
AIRFLOW_CTX_DAG_OWNER=airflow
AIRFLOW_CTX_DAG_ID=MarketVol
AIRFLOW_CTX_TASK_ID=tesla_price_analyzer
AIRFLOW_CTX_EXECUTION_DATE=2021-01-12T02:31:51.218996+00:00
AIRFLOW_CTX_DAG_RUN_ID=manual__2021-01-12T02:31:51.218996+00:00
[2021-01-11 18:31:59,919] {bash.py:135} INFO - Tmp dir root location: 
 /var/folders/hy/5f75_vt15hb_bfkv9vvnx5sw0000gn/T
[2021-01-11 18:31:59,920] {bash.py:158} INFO - Running command: python /Users/chowli/Documents/Springboard_DE/Projects/mini-projects/Airflow/marketvol/airflow/script/analyze.py --symbol TSLA
[2021-01-11 18:31:59,926] {bash.py:169} INFO - Output:
[2021-01-11 18:32:00,366] {bash.py:173} INFO -                     Datetime        Open  ...   Adj Close   Volume
[2021-01-11 18:32:00,366] {bash.py:173} INFO - 0  2021-01-11 09:30:00-05:00  849.400024  ...  843.239990  3987618
[2021-01-11 18:32:00,366] {bash.py:173} INFO - 1  2021-01-11 09:31:00-05:00  843.424988  ...  850.027710   510600
[2021-01-11 18:32:00,367] {bash.py:173} INFO - 2  2021-01-11 09:32:00-05:00  849.700012  ...  848.580017   364848
[2021-01-11 18:32:00,367] {bash.py:173} INFO - 3  2021-01-11 09:33:00-05:00  848.000000  ...  846.549988   511072
[2021-01-11 18:32:00,367] {bash.py:173} INFO - 4  2021-01-11 09:34:00-05:00  846.940002  ...  847.304199   281454
[2021-01-11 18:32:00,368] {bash.py:173} INFO - 
[2021-01-11 18:32:00,368] {bash.py:173} INFO - [5 rows x 7 columns]
[2021-01-11 18:32:00,411] {bash.py:177} INFO - Command exited with return code 0
[2021-01-11 18:32:00,432] {taskinstance.py:1142} INFO - Marking task as SUCCESS. dag_id=MarketVol, task_id=tesla_price_analyzer, execution_date=20210112T023151, start_date=20210112T023159, end_date=20210112T023200
[2021-01-11 18:32:00,445] {taskinstance.py:1195} INFO - 0 downstream tasks scheduled from follow-on schedule check
[2021-01-11 18:32:00,471] {local_task_job.py:118} INFO - Task exited with return code 0
