[2021-01-14 22:54:13,675] {taskinstance.py:826} INFO - Dependencies all met for <TaskInstance: MarketVol.download_telsa_price 2021-01-15T06:54:09.421064+00:00 [queued]>
[2021-01-14 22:54:13,681] {taskinstance.py:826} INFO - Dependencies all met for <TaskInstance: MarketVol.download_telsa_price 2021-01-15T06:54:09.421064+00:00 [queued]>
[2021-01-14 22:54:13,681] {taskinstance.py:1017} INFO - 
--------------------------------------------------------------------------------
[2021-01-14 22:54:13,681] {taskinstance.py:1018} INFO - Starting attempt 1 of 4
[2021-01-14 22:54:13,682] {taskinstance.py:1019} INFO - 
--------------------------------------------------------------------------------
[2021-01-14 22:54:13,688] {taskinstance.py:1038} INFO - Executing <Task(PythonOperator): download_telsa_price> on 2021-01-15T06:54:09.421064+00:00
[2021-01-14 22:54:13,690] {standard_task_runner.py:51} INFO - Started process 73798 to run task
[2021-01-14 22:54:13,696] {standard_task_runner.py:75} INFO - Running: ['airflow', 'tasks', 'run', 'MarketVol', 'download_telsa_price', '2021-01-15T06:54:09.421064+00:00', '--job-id', '159', '--pool', 'default_pool', '--raw', '--subdir', 'DAGS_FOLDER/stock_dags.py', '--cfg-path', '/var/folders/hy/5f75_vt15hb_bfkv9vvnx5sw0000gn/T/tmpa967bd7_']
[2021-01-14 22:54:13,698] {standard_task_runner.py:76} INFO - Job 159: Subtask download_telsa_price
[2021-01-14 22:54:13,728] {logging_mixin.py:103} INFO - Running <TaskInstance: MarketVol.download_telsa_price 2021-01-15T06:54:09.421064+00:00 [running]> on host 1.0.0.0.0.0.0.0.0.0.0.0.0.0.0.0.0.0.0.0.0.0.0.0.0.0.0.0.0.0.0.0.ip6.arpa
[2021-01-14 22:54:13,748] {taskinstance.py:1232} INFO - Exporting the following env vars:
AIRFLOW_CTX_DAG_OWNER=airflow
AIRFLOW_CTX_DAG_ID=MarketVol
AIRFLOW_CTX_TASK_ID=download_telsa_price
AIRFLOW_CTX_EXECUTION_DATE=2021-01-15T06:54:09.421064+00:00
AIRFLOW_CTX_DAG_RUN_ID=manual__2021-01-15T06:54:09.421064+00:00
[2021-01-14 22:54:13,749] {logging_mixin.py:103} INFO - 2021-01-14
[2021-01-14 22:54:13,750] {logging_mixin.py:103} INFO - 2021-01-15
[2021-01-14 22:54:13,982] {logging_mixin.py:103} INFO - [*********************100%***********************]  1 of 1 completed
[2021-01-14 22:54:13,983] {logging_mixin.py:103} INFO - 
[2021-01-14 22:54:13,998] {python.py:118} INFO - Done. Returned value was: None
[2021-01-14 22:54:14,001] {taskinstance.py:1142} INFO - Marking task as SUCCESS. dag_id=MarketVol, task_id=download_telsa_price, execution_date=20210115T065409, start_date=20210115T065413, end_date=20210115T065414
[2021-01-14 22:54:14,017] {taskinstance.py:1195} INFO - 1 downstream tasks scheduled from follow-on schedule check
[2021-01-14 22:54:14,041] {local_task_job.py:118} INFO - Task exited with return code 0
