[2021-01-14 22:50:34,953] {scheduler_job.py:181} INFO - Started process (PID=73389) to work on /Users/chowli/.local/share/virtualenvs/marketvol-WbDfdy4N/lib/python3.7/site-packages/airflow/example_dags/subdags/subdag.py
[2021-01-14 22:50:34,955] {scheduler_job.py:629} INFO - Processing file /Users/chowli/.local/share/virtualenvs/marketvol-WbDfdy4N/lib/python3.7/site-packages/airflow/example_dags/subdags/subdag.py for tasks to queue
[2021-01-14 22:50:34,956] {logging_mixin.py:103} INFO - [2021-01-14 22:50:34,956] {dagbag.py:440} INFO - Filling up the DagBag from /Users/chowli/.local/share/virtualenvs/marketvol-WbDfdy4N/lib/python3.7/site-packages/airflow/example_dags/subdags/subdag.py
[2021-01-14 22:50:34,961] {scheduler_job.py:641} WARNING - No viable dags retrieved from /Users/chowli/.local/share/virtualenvs/marketvol-WbDfdy4N/lib/python3.7/site-packages/airflow/example_dags/subdags/subdag.py
[2021-01-14 22:50:34,968] {scheduler_job.py:189} INFO - Processing /Users/chowli/.local/share/virtualenvs/marketvol-WbDfdy4N/lib/python3.7/site-packages/airflow/example_dags/subdags/subdag.py took 0.019 seconds
[2021-01-14 22:51:01,235] {scheduler_job.py:181} INFO - Started process (PID=73418) to work on /Users/chowli/.local/share/virtualenvs/marketvol-WbDfdy4N/lib/python3.7/site-packages/airflow/example_dags/subdags/subdag.py
[2021-01-14 22:51:01,237] {scheduler_job.py:629} INFO - Processing file /Users/chowli/.local/share/virtualenvs/marketvol-WbDfdy4N/lib/python3.7/site-packages/airflow/example_dags/subdags/subdag.py for tasks to queue
[2021-01-14 22:51:01,238] {logging_mixin.py:103} INFO - [2021-01-14 22:51:01,238] {dagbag.py:440} INFO - Filling up the DagBag from /Users/chowli/.local/share/virtualenvs/marketvol-WbDfdy4N/lib/python3.7/site-packages/airflow/example_dags/subdags/subdag.py
[2021-01-14 22:51:01,243] {scheduler_job.py:641} WARNING - No viable dags retrieved from /Users/chowli/.local/share/virtualenvs/marketvol-WbDfdy4N/lib/python3.7/site-packages/airflow/example_dags/subdags/subdag.py
[2021-01-14 22:51:01,251] {scheduler_job.py:189} INFO - Processing /Users/chowli/.local/share/virtualenvs/marketvol-WbDfdy4N/lib/python3.7/site-packages/airflow/example_dags/subdags/subdag.py took 0.020 seconds
[2021-01-14 22:51:26,463] {scheduler_job.py:181} INFO - Started process (PID=73452) to work on /Users/chowli/.local/share/virtualenvs/marketvol-WbDfdy4N/lib/python3.7/site-packages/airflow/example_dags/subdags/subdag.py
[2021-01-14 22:51:26,465] {scheduler_job.py:629} INFO - Processing file /Users/chowli/.local/share/virtualenvs/marketvol-WbDfdy4N/lib/python3.7/site-packages/airflow/example_dags/subdags/subdag.py for tasks to queue
[2021-01-14 22:51:26,466] {logging_mixin.py:103} INFO - [2021-01-14 22:51:26,466] {dagbag.py:440} INFO - Filling up the DagBag from /Users/chowli/.local/share/virtualenvs/marketvol-WbDfdy4N/lib/python3.7/site-packages/airflow/example_dags/subdags/subdag.py
[2021-01-14 22:51:26,471] {scheduler_job.py:641} WARNING - No viable dags retrieved from /Users/chowli/.local/share/virtualenvs/marketvol-WbDfdy4N/lib/python3.7/site-packages/airflow/example_dags/subdags/subdag.py
[2021-01-14 22:51:26,481] {scheduler_job.py:189} INFO - Processing /Users/chowli/.local/share/virtualenvs/marketvol-WbDfdy4N/lib/python3.7/site-packages/airflow/example_dags/subdags/subdag.py took 0.022 seconds
[2021-01-14 22:51:51,715] {scheduler_job.py:181} INFO - Started process (PID=73483) to work on /Users/chowli/.local/share/virtualenvs/marketvol-WbDfdy4N/lib/python3.7/site-packages/airflow/example_dags/subdags/subdag.py
[2021-01-14 22:51:51,716] {scheduler_job.py:629} INFO - Processing file /Users/chowli/.local/share/virtualenvs/marketvol-WbDfdy4N/lib/python3.7/site-packages/airflow/example_dags/subdags/subdag.py for tasks to queue
[2021-01-14 22:51:51,718] {logging_mixin.py:103} INFO - [2021-01-14 22:51:51,717] {dagbag.py:440} INFO - Filling up the DagBag from /Users/chowli/.local/share/virtualenvs/marketvol-WbDfdy4N/lib/python3.7/site-packages/airflow/example_dags/subdags/subdag.py
[2021-01-14 22:51:51,722] {scheduler_job.py:641} WARNING - No viable dags retrieved from /Users/chowli/.local/share/virtualenvs/marketvol-WbDfdy4N/lib/python3.7/site-packages/airflow/example_dags/subdags/subdag.py
[2021-01-14 22:51:51,730] {scheduler_job.py:189} INFO - Processing /Users/chowli/.local/share/virtualenvs/marketvol-WbDfdy4N/lib/python3.7/site-packages/airflow/example_dags/subdags/subdag.py took 0.019 seconds
[2021-01-14 22:52:17,479] {scheduler_job.py:181} INFO - Started process (PID=73514) to work on /Users/chowli/.local/share/virtualenvs/marketvol-WbDfdy4N/lib/python3.7/site-packages/airflow/example_dags/subdags/subdag.py
[2021-01-14 22:52:17,481] {scheduler_job.py:629} INFO - Processing file /Users/chowli/.local/share/virtualenvs/marketvol-WbDfdy4N/lib/python3.7/site-packages/airflow/example_dags/subdags/subdag.py for tasks to queue
[2021-01-14 22:52:17,482] {logging_mixin.py:103} INFO - [2021-01-14 22:52:17,482] {dagbag.py:440} INFO - Filling up the DagBag from /Users/chowli/.local/share/virtualenvs/marketvol-WbDfdy4N/lib/python3.7/site-packages/airflow/example_dags/subdags/subdag.py
[2021-01-14 22:52:17,486] {scheduler_job.py:641} WARNING - No viable dags retrieved from /Users/chowli/.local/share/virtualenvs/marketvol-WbDfdy4N/lib/python3.7/site-packages/airflow/example_dags/subdags/subdag.py
[2021-01-14 22:52:17,495] {scheduler_job.py:189} INFO - Processing /Users/chowli/.local/share/virtualenvs/marketvol-WbDfdy4N/lib/python3.7/site-packages/airflow/example_dags/subdags/subdag.py took 0.020 seconds
[2021-01-14 22:52:43,245] {scheduler_job.py:181} INFO - Started process (PID=73558) to work on /Users/chowli/.local/share/virtualenvs/marketvol-WbDfdy4N/lib/python3.7/site-packages/airflow/example_dags/subdags/subdag.py
[2021-01-14 22:52:43,247] {scheduler_job.py:629} INFO - Processing file /Users/chowli/.local/share/virtualenvs/marketvol-WbDfdy4N/lib/python3.7/site-packages/airflow/example_dags/subdags/subdag.py for tasks to queue
[2021-01-14 22:52:43,252] {logging_mixin.py:103} INFO - [2021-01-14 22:52:43,252] {dagbag.py:440} INFO - Filling up the DagBag from /Users/chowli/.local/share/virtualenvs/marketvol-WbDfdy4N/lib/python3.7/site-packages/airflow/example_dags/subdags/subdag.py
[2021-01-14 22:52:43,258] {scheduler_job.py:641} WARNING - No viable dags retrieved from /Users/chowli/.local/share/virtualenvs/marketvol-WbDfdy4N/lib/python3.7/site-packages/airflow/example_dags/subdags/subdag.py
[2021-01-14 22:52:43,266] {scheduler_job.py:189} INFO - Processing /Users/chowli/.local/share/virtualenvs/marketvol-WbDfdy4N/lib/python3.7/site-packages/airflow/example_dags/subdags/subdag.py took 0.025 seconds
[2021-01-14 22:53:16,938] {scheduler_job.py:181} INFO - Started process (PID=73645) to work on /Users/chowli/.local/share/virtualenvs/marketvol-WbDfdy4N/lib/python3.7/site-packages/airflow/example_dags/subdags/subdag.py
[2021-01-14 22:53:16,940] {scheduler_job.py:629} INFO - Processing file /Users/chowli/.local/share/virtualenvs/marketvol-WbDfdy4N/lib/python3.7/site-packages/airflow/example_dags/subdags/subdag.py for tasks to queue
[2021-01-14 22:53:16,941] {logging_mixin.py:103} INFO - [2021-01-14 22:53:16,941] {dagbag.py:440} INFO - Filling up the DagBag from /Users/chowli/.local/share/virtualenvs/marketvol-WbDfdy4N/lib/python3.7/site-packages/airflow/example_dags/subdags/subdag.py
[2021-01-14 22:53:16,945] {scheduler_job.py:641} WARNING - No viable dags retrieved from /Users/chowli/.local/share/virtualenvs/marketvol-WbDfdy4N/lib/python3.7/site-packages/airflow/example_dags/subdags/subdag.py
[2021-01-14 22:53:16,953] {scheduler_job.py:189} INFO - Processing /Users/chowli/.local/share/virtualenvs/marketvol-WbDfdy4N/lib/python3.7/site-packages/airflow/example_dags/subdags/subdag.py took 0.019 seconds
[2021-01-14 22:53:44,675] {scheduler_job.py:181} INFO - Started process (PID=73748) to work on /Users/chowli/.local/share/virtualenvs/marketvol-WbDfdy4N/lib/python3.7/site-packages/airflow/example_dags/subdags/subdag.py
[2021-01-14 22:53:44,676] {scheduler_job.py:629} INFO - Processing file /Users/chowli/.local/share/virtualenvs/marketvol-WbDfdy4N/lib/python3.7/site-packages/airflow/example_dags/subdags/subdag.py for tasks to queue
[2021-01-14 22:53:44,678] {logging_mixin.py:103} INFO - [2021-01-14 22:53:44,677] {dagbag.py:440} INFO - Filling up the DagBag from /Users/chowli/.local/share/virtualenvs/marketvol-WbDfdy4N/lib/python3.7/site-packages/airflow/example_dags/subdags/subdag.py
[2021-01-14 22:53:44,682] {scheduler_job.py:641} WARNING - No viable dags retrieved from /Users/chowli/.local/share/virtualenvs/marketvol-WbDfdy4N/lib/python3.7/site-packages/airflow/example_dags/subdags/subdag.py
[2021-01-14 22:53:44,689] {scheduler_job.py:189} INFO - Processing /Users/chowli/.local/share/virtualenvs/marketvol-WbDfdy4N/lib/python3.7/site-packages/airflow/example_dags/subdags/subdag.py took 0.018 seconds
[2021-01-14 22:54:12,303] {scheduler_job.py:181} INFO - Started process (PID=73793) to work on /Users/chowli/.local/share/virtualenvs/marketvol-WbDfdy4N/lib/python3.7/site-packages/airflow/example_dags/subdags/subdag.py
[2021-01-14 22:54:12,305] {scheduler_job.py:629} INFO - Processing file /Users/chowli/.local/share/virtualenvs/marketvol-WbDfdy4N/lib/python3.7/site-packages/airflow/example_dags/subdags/subdag.py for tasks to queue
[2021-01-14 22:54:12,307] {logging_mixin.py:103} INFO - [2021-01-14 22:54:12,306] {dagbag.py:440} INFO - Filling up the DagBag from /Users/chowli/.local/share/virtualenvs/marketvol-WbDfdy4N/lib/python3.7/site-packages/airflow/example_dags/subdags/subdag.py
[2021-01-14 22:54:12,311] {scheduler_job.py:641} WARNING - No viable dags retrieved from /Users/chowli/.local/share/virtualenvs/marketvol-WbDfdy4N/lib/python3.7/site-packages/airflow/example_dags/subdags/subdag.py
[2021-01-14 22:54:12,318] {scheduler_job.py:189} INFO - Processing /Users/chowli/.local/share/virtualenvs/marketvol-WbDfdy4N/lib/python3.7/site-packages/airflow/example_dags/subdags/subdag.py took 0.019 seconds
