[2021-01-19 09:06:55,301] {{taskinstance.py:655}} INFO - Dependencies all met for <TaskInstance: MarketVol.download_apple_price 2021-01-18T00:00:00+00:00 [queued]>
[2021-01-19 09:06:55,316] {{taskinstance.py:655}} INFO - Dependencies all met for <TaskInstance: MarketVol.download_apple_price 2021-01-18T00:00:00+00:00 [queued]>
[2021-01-19 09:06:55,317] {{taskinstance.py:866}} INFO - 
--------------------------------------------------------------------------------
[2021-01-19 09:06:55,318] {{taskinstance.py:867}} INFO - Starting attempt 1 of 4
[2021-01-19 09:06:55,319] {{taskinstance.py:868}} INFO - 
--------------------------------------------------------------------------------
[2021-01-19 09:06:55,331] {{taskinstance.py:887}} INFO - Executing <Task(PythonOperator): download_apple_price> on 2021-01-18T00:00:00+00:00
[2021-01-19 09:06:55,336] {{standard_task_runner.py:53}} INFO - Started process 248 to run task
[2021-01-19 09:06:55,392] {{logging_mixin.py:112}} INFO - Running %s on host %s <TaskInstance: MarketVol.download_apple_price 2021-01-18T00:00:00+00:00 [running]> f2939e9d42e5
[2021-01-19 09:06:55,409] {{logging_mixin.py:112}} INFO - 2021-01-19
[2021-01-19 09:06:55,411] {{logging_mixin.py:112}} INFO - 2021-01-20
[2021-01-19 09:06:55,543] {{logging_mixin.py:112}} INFO - [*********************100%***********************]  1 of 1 completed
[2021-01-19 09:06:55,544] {{logging_mixin.py:112}} INFO - 
[2021-01-19 09:06:55,546] {{logging_mixin.py:112}} INFO - 
1 Failed download:
[2021-01-19 09:06:55,547] {{logging_mixin.py:112}} INFO - - AAPL: No data found for this date range, symbol may be delisted
[2021-01-19 09:06:55,556] {{python_operator.py:114}} INFO - Done. Returned value was: None
[2021-01-19 09:06:55,563] {{taskinstance.py:1048}} INFO - Marking task as SUCCESS.dag_id=MarketVol, task_id=download_apple_price, execution_date=20210118T000000, start_date=20210119T090655, end_date=20210119T090655
[2021-01-19 09:07:05,289] {{logging_mixin.py:112}} INFO - [2021-01-19 09:07:05,288] {{local_task_job.py:103}} INFO - Task exited with return code 0
