[2021-01-12 01:00:08,537] {taskinstance.py:826} INFO - Dependencies all met for <TaskInstance: MarketVol.tesla_price_analyzer 2021-01-12T08:00:00+00:00 [queued]>
[2021-01-12 01:00:08,543] {taskinstance.py:826} INFO - Dependencies all met for <TaskInstance: MarketVol.tesla_price_analyzer 2021-01-12T08:00:00+00:00 [queued]>
[2021-01-12 01:00:08,543] {taskinstance.py:1017} INFO - 
--------------------------------------------------------------------------------
[2021-01-12 01:00:08,543] {taskinstance.py:1018} INFO - Starting attempt 1 of 1
[2021-01-12 01:00:08,543] {taskinstance.py:1019} INFO - 
--------------------------------------------------------------------------------
[2021-01-12 01:00:08,549] {taskinstance.py:1038} INFO - Executing <Task(BashOperator): tesla_price_analyzer> on 2021-01-12T08:00:00+00:00
[2021-01-12 01:00:08,553] {standard_task_runner.py:51} INFO - Started process 83989 to run task
[2021-01-12 01:00:08,561] {standard_task_runner.py:75} INFO - Running: ['airflow', 'tasks', 'run', 'MarketVol', 'tesla_price_analyzer', '2021-01-12T08:00:00+00:00', '--job-id', '75', '--pool', 'default_pool', '--raw', '--subdir', 'DAGS_FOLDER/stock_dags.py', '--cfg-path', '/var/folders/hy/5f75_vt15hb_bfkv9vvnx5sw0000gn/T/tmpnw2sljqx']
[2021-01-12 01:00:08,562] {standard_task_runner.py:76} INFO - Job 75: Subtask tesla_price_analyzer
[2021-01-12 01:00:08,597] {logging_mixin.py:103} INFO - Running <TaskInstance: MarketVol.tesla_price_analyzer 2021-01-12T08:00:00+00:00 [running]> on host 1.0.0.0.0.0.0.0.0.0.0.0.0.0.0.0.0.0.0.0.0.0.0.0.0.0.0.0.0.0.0.0.ip6.arpa
[2021-01-12 01:00:08,626] {taskinstance.py:1232} INFO - Exporting the following env vars:
AIRFLOW_CTX_DAG_OWNER=airflow
AIRFLOW_CTX_DAG_ID=MarketVol
AIRFLOW_CTX_TASK_ID=tesla_price_analyzer
AIRFLOW_CTX_EXECUTION_DATE=2021-01-12T08:00:00+00:00
AIRFLOW_CTX_DAG_RUN_ID=scheduled__2021-01-12T08:00:00+00:00
[2021-01-12 01:00:08,626] {bash.py:135} INFO - Tmp dir root location: 
 /var/folders/hy/5f75_vt15hb_bfkv9vvnx5sw0000gn/T
[2021-01-12 01:00:08,627] {bash.py:158} INFO - Running command: python /Users/chowli/Documents/Springboard_DE/Projects/mini-projects/Airflow/marketvol/airflow/script/analyze.py --symbol TSLA
[2021-01-12 01:00:08,633] {bash.py:169} INFO - Output:
[2021-01-12 01:00:09,076] {bash.py:173} INFO - Empty DataFrame
[2021-01-12 01:00:09,076] {bash.py:173} INFO - Columns: [Date, Open, High, Low, Close, Adj Close, Volume]
[2021-01-12 01:00:09,077] {bash.py:173} INFO - Index: []
[2021-01-12 01:00:09,121] {bash.py:177} INFO - Command exited with return code 0
[2021-01-12 01:00:09,143] {taskinstance.py:1142} INFO - Marking task as SUCCESS. dag_id=MarketVol, task_id=tesla_price_analyzer, execution_date=20210112T080000, start_date=20210112T090008, end_date=20210112T090009
[2021-01-12 01:00:09,159] {taskinstance.py:1195} INFO - 0 downstream tasks scheduled from follow-on schedule check
[2021-01-12 01:00:09,168] {local_task_job.py:118} INFO - Task exited with return code 0
