[2021-01-13 17:28:55,042] {taskinstance.py:826} INFO - Dependencies all met for <TaskInstance: MarketVol.download_telsa_price 2021-01-14T01:28:50.992908+00:00 [queued]>
[2021-01-13 17:28:55,048] {taskinstance.py:826} INFO - Dependencies all met for <TaskInstance: MarketVol.download_telsa_price 2021-01-14T01:28:50.992908+00:00 [queued]>
[2021-01-13 17:28:55,049] {taskinstance.py:1017} INFO - 
--------------------------------------------------------------------------------
[2021-01-13 17:28:55,049] {taskinstance.py:1018} INFO - Starting attempt 1 of 4
[2021-01-13 17:28:55,049] {taskinstance.py:1019} INFO - 
--------------------------------------------------------------------------------
[2021-01-13 17:28:55,054] {taskinstance.py:1038} INFO - Executing <Task(PythonOperator): download_telsa_price> on 2021-01-14T01:28:50.992908+00:00
[2021-01-13 17:28:55,057] {standard_task_runner.py:51} INFO - Started process 6416 to run task
[2021-01-13 17:28:55,062] {standard_task_runner.py:75} INFO - Running: ['airflow', 'tasks', 'run', 'MarketVol', 'download_telsa_price', '2021-01-14T01:28:50.992908+00:00', '--job-id', '116', '--pool', 'default_pool', '--raw', '--subdir', 'DAGS_FOLDER/stock_dags.py', '--cfg-path', '/var/folders/hy/5f75_vt15hb_bfkv9vvnx5sw0000gn/T/tmpb66tbji2']
[2021-01-13 17:28:55,064] {standard_task_runner.py:76} INFO - Job 116: Subtask download_telsa_price
[2021-01-13 17:28:55,095] {logging_mixin.py:103} INFO - Running <TaskInstance: MarketVol.download_telsa_price 2021-01-14T01:28:50.992908+00:00 [running]> on host 1.0.0.0.0.0.0.0.0.0.0.0.0.0.0.0.0.0.0.0.0.0.0.0.0.0.0.0.0.0.0.0.ip6.arpa
[2021-01-13 17:28:55,119] {taskinstance.py:1232} INFO - Exporting the following env vars:
AIRFLOW_CTX_DAG_OWNER=airflow
AIRFLOW_CTX_DAG_ID=MarketVol
AIRFLOW_CTX_TASK_ID=download_telsa_price
AIRFLOW_CTX_EXECUTION_DATE=2021-01-14T01:28:50.992908+00:00
AIRFLOW_CTX_DAG_RUN_ID=manual__2021-01-14T01:28:50.992908+00:00
[2021-01-13 17:28:55,120] {logging_mixin.py:103} INFO - 2021-01-13
[2021-01-13 17:28:55,121] {logging_mixin.py:103} INFO - 2021-01-14
[2021-01-13 17:28:55,335] {logging_mixin.py:103} INFO - [*********************100%***********************]  1 of 1 completed
[2021-01-13 17:28:55,335] {logging_mixin.py:103} INFO - 
[2021-01-13 17:28:55,351] {python.py:118} INFO - Done. Returned value was: None
[2021-01-13 17:28:55,355] {taskinstance.py:1142} INFO - Marking task as SUCCESS. dag_id=MarketVol, task_id=download_telsa_price, execution_date=20210114T012850, start_date=20210114T012855, end_date=20210114T012855
[2021-01-13 17:28:55,370] {taskinstance.py:1195} INFO - 1 downstream tasks scheduled from follow-on schedule check
[2021-01-13 17:28:55,418] {local_task_job.py:118} INFO - Task exited with return code 0
