[2021-01-21 06:38:35,969] {{taskinstance.py:655}} INFO - Dependencies all met for <TaskInstance: MarketVol.error_log_analyzer 2021-01-21T06:37:24.920588+00:00 [queued]>
[2021-01-21 06:38:35,981] {{taskinstance.py:655}} INFO - Dependencies all met for <TaskInstance: MarketVol.error_log_analyzer 2021-01-21T06:37:24.920588+00:00 [queued]>
[2021-01-21 06:38:35,982] {{taskinstance.py:866}} INFO - 
--------------------------------------------------------------------------------
[2021-01-21 06:38:35,982] {{taskinstance.py:867}} INFO - Starting attempt 1 of 1
[2021-01-21 06:38:35,983] {{taskinstance.py:868}} INFO - 
--------------------------------------------------------------------------------
[2021-01-21 06:38:35,991] {{taskinstance.py:887}} INFO - Executing <Task(BashOperator): error_log_analyzer> on 2021-01-21T06:37:24.920588+00:00
[2021-01-21 06:38:35,995] {{standard_task_runner.py:53}} INFO - Started process 910 to run task
[2021-01-21 06:38:36,040] {{logging_mixin.py:112}} INFO - Running %s on host %s <TaskInstance: MarketVol.error_log_analyzer 2021-01-21T06:37:24.920588+00:00 [running]> 99b7c767768b
[2021-01-21 06:38:36,053] {{bash_operator.py:82}} INFO - Tmp dir root location: 
 /tmp
[2021-01-21 06:38:36,055] {{bash_operator.py:105}} INFO - Temporary script location: /tmp/airflowtmpjnuv8w77/error_log_analyzeryti918cn
[2021-01-21 06:38:36,056] {{bash_operator.py:115}} INFO - Running command: python ${AIRFLOW_HOME}/script/log_analyzer.py -p ${AIRFLOW_HOME}/logs/MarketVol -v 1
[2021-01-21 06:38:36,063] {{bash_operator.py:122}} INFO - Output:
[2021-01-21 06:38:36,419] {{bash_operator.py:126}} INFO - Total number of errors: 85
[2021-01-21 06:38:36,420] {{bash_operator.py:126}} INFO - 
[2021-01-21 06:38:36,421] {{bash_operator.py:126}} INFO - Here are all the errors:
[2021-01-21 06:38:36,421] {{bash_operator.py:126}} INFO - [2021-01-11 18:22:16,544] {taskinstance.py:1396} ERROR - Bash command failed. The command returned a non-zero exit code.
[2021-01-21 06:38:36,422] {{bash_operator.py:126}} INFO - [2021-01-11 18:24:15,743] {taskinstance.py:1396} ERROR - Bash command failed. The command returned a non-zero exit code.
[2021-01-21 06:38:36,423] {{bash_operator.py:126}} INFO - [2021-01-11 18:25:34,761] {taskinstance.py:1396} ERROR - Bash command failed. The command returned a non-zero exit code.
[2021-01-21 06:38:36,423] {{bash_operator.py:126}} INFO - [2021-01-11 18:27:05,394] {taskinstance.py:1396} ERROR - Bash command failed. The command returned a non-zero exit code.
[2021-01-21 06:38:36,424] {{bash_operator.py:126}} INFO - [2021-01-11 18:29:41,189] {taskinstance.py:1396} ERROR - Bash command failed. The command returned a non-zero exit code.
[2021-01-21 06:38:36,425] {{bash_operator.py:126}} INFO - [2021-01-11 18:31:15,075] {taskinstance.py:1396} ERROR - Bash command failed. The command returned a non-zero exit code.
[2021-01-21 06:38:36,425] {{bash_operator.py:126}} INFO - [2021-01-11 18:16:18,213] {taskinstance.py:1396} ERROR - 'AIRFLOW_HOME'
[2021-01-21 06:38:36,426] {{bash_operator.py:126}} INFO - [2021-01-11 18:16:25,637] {taskinstance.py:1396} ERROR - 'AIRFLOW_HOME'
[2021-01-21 06:38:36,427] {{bash_operator.py:126}} INFO - [2021-01-11 18:16:32,698] {taskinstance.py:1396} ERROR - 'AIRFLOW_HOME'
[2021-01-21 06:38:36,428] {{bash_operator.py:126}} INFO - [2021-01-11 18:16:39,542] {taskinstance.py:1396} ERROR - 'AIRFLOW_HOME'
[2021-01-21 06:38:36,428] {{bash_operator.py:126}} INFO - [2021-01-13 17:22:10,992] {taskinstance.py:1396} ERROR - [Errno 2] No such file or directory: '/Users/chowli/Documents/Springboard_DE/Projects/mini-projects/Airflow/marketvol/tmp/data/2021-01-13/AAPL.csv'
[2021-01-21 06:38:36,429] {{bash_operator.py:126}} INFO - [2021-01-13 17:22:22,701] {taskinstance.py:1396} ERROR - [Errno 2] No such file or directory: '/Users/chowli/Documents/Springboard_DE/Projects/mini-projects/Airflow/marketvol/tmp/data/2021-01-13/AAPL.csv'
[2021-01-21 06:38:36,429] {{bash_operator.py:126}} INFO - [2021-01-13 17:22:40,365] {taskinstance.py:1396} ERROR - [Errno 2] No such file or directory: '/Users/chowli/Documents/Springboard_DE/Projects/mini-projects/Airflow/marketvol/tmp/data/2021-01-13/AAPL.csv'
[2021-01-21 06:38:36,430] {{bash_operator.py:126}} INFO - [2021-01-13 17:22:48,390] {taskinstance.py:1396} ERROR - [Errno 2] No such file or directory: '/Users/chowli/Documents/Springboard_DE/Projects/mini-projects/Airflow/marketvol/tmp/data/2021-01-13/AAPL.csv'
[2021-01-21 06:38:36,430] {{bash_operator.py:126}} INFO - [2021-01-13 17:22:16,509] {taskinstance.py:1396} ERROR - [Errno 2] No such file or directory: '/Users/chowli/Documents/Springboard_DE/Projects/mini-projects/Airflow/marketvol/tmp/data/2021-01-13/AAPL.csv'
[2021-01-21 06:38:36,431] {{bash_operator.py:126}} INFO - [2021-01-13 17:22:32,733] {taskinstance.py:1396} ERROR - [Errno 2] No such file or directory: '/Users/chowli/Documents/Springboard_DE/Projects/mini-projects/Airflow/marketvol/tmp/data/2021-01-13/AAPL.csv'
[2021-01-21 06:38:36,432] {{bash_operator.py:126}} INFO - [2021-01-13 17:22:50,105] {taskinstance.py:1396} ERROR - [Errno 2] No such file or directory: '/Users/chowli/Documents/Springboard_DE/Projects/mini-projects/Airflow/marketvol/tmp/data/2021-01-13/AAPL.csv'
[2021-01-21 06:38:36,432] {{bash_operator.py:126}} INFO - [2021-01-13 17:23:02,120] {taskinstance.py:1396} ERROR - [Errno 2] No such file or directory: '/Users/chowli/Documents/Springboard_DE/Projects/mini-projects/Airflow/marketvol/tmp/data/2021-01-13/AAPL.csv'
[2021-01-21 06:38:36,433] {{bash_operator.py:126}} INFO - [2021-01-13 17:22:26,531] {taskinstance.py:1396} ERROR - [Errno 2] No such file or directory: '/Users/chowli/Documents/Springboard_DE/Projects/mini-projects/Airflow/marketvol/tmp/data/2021-01-13/AAPL.csv'
[2021-01-21 06:38:36,433] {{bash_operator.py:126}} INFO - [2021-01-13 17:22:46,224] {taskinstance.py:1396} ERROR - [Errno 2] No such file or directory: '/Users/chowli/Documents/Springboard_DE/Projects/mini-projects/Airflow/marketvol/tmp/data/2021-01-13/AAPL.csv'
[2021-01-21 06:38:36,434] {{bash_operator.py:126}} INFO - [2021-01-13 17:23:00,132] {taskinstance.py:1396} ERROR - [Errno 2] No such file or directory: '/Users/chowli/Documents/Springboard_DE/Projects/mini-projects/Airflow/marketvol/tmp/data/2021-01-13/AAPL.csv'
[2021-01-21 06:38:36,434] {{bash_operator.py:126}} INFO - [2021-01-13 17:23:09,740] {taskinstance.py:1396} ERROR - [Errno 2] No such file or directory: '/Users/chowli/Documents/Springboard_DE/Projects/mini-projects/Airflow/marketvol/tmp/data/2021-01-13/AAPL.csv'
[2021-01-21 06:38:36,435] {{bash_operator.py:126}} INFO - [2021-01-13 17:22:36,270] {taskinstance.py:1396} ERROR - [Errno 2] No such file or directory: '/Users/chowli/Documents/Springboard_DE/Projects/mini-projects/Airflow/marketvol/tmp/data/2021-01-13/AAPL.csv'
[2021-01-21 06:38:36,435] {{bash_operator.py:126}} INFO - [2021-01-13 17:22:54,327] {taskinstance.py:1396} ERROR - [Errno 2] No such file or directory: '/Users/chowli/Documents/Springboard_DE/Projects/mini-projects/Airflow/marketvol/tmp/data/2021-01-13/AAPL.csv'
[2021-01-21 06:38:36,436] {{bash_operator.py:126}} INFO - [2021-01-13 17:23:05,747] {taskinstance.py:1396} ERROR - [Errno 2] No such file or directory: '/Users/chowli/Documents/Springboard_DE/Projects/mini-projects/Airflow/marketvol/tmp/data/2021-01-13/AAPL.csv'
[2021-01-21 06:38:36,436] {{bash_operator.py:126}} INFO - [2021-01-13 17:23:13,629] {taskinstance.py:1396} ERROR - [Errno 2] No such file or directory: '/Users/chowli/Documents/Springboard_DE/Projects/mini-projects/Airflow/marketvol/tmp/data/2021-01-13/AAPL.csv'
[2021-01-21 06:38:36,437] {{bash_operator.py:126}} INFO - [2021-01-14 22:49:20,503] {taskinstance.py:1396} ERROR - [Errno 2] No such file or directory: '/Users/chowli/Documents/Springboard_DE/Projects/mini-projects/Airflow/marketvol/tmp/data/2021-01-14/AAPL.csv'
[2021-01-21 06:38:36,437] {{bash_operator.py:126}} INFO - [2021-01-14 22:49:32,719] {taskinstance.py:1396} ERROR - [Errno 2] No such file or directory: '/Users/chowli/Documents/Springboard_DE/Projects/mini-projects/Airflow/marketvol/tmp/data/2021-01-14/AAPL.csv'
[2021-01-21 06:38:36,438] {{bash_operator.py:126}} INFO - [2021-01-14 22:49:49,893] {taskinstance.py:1396} ERROR - [Errno 2] No such file or directory: '/Users/chowli/Documents/Springboard_DE/Projects/mini-projects/Airflow/marketvol/tmp/data/2021-01-14/AAPL.csv'
[2021-01-21 06:38:36,439] {{bash_operator.py:126}} INFO - [2021-01-14 22:49:57,795] {taskinstance.py:1396} ERROR - [Errno 2] No such file or directory: '/Users/chowli/Documents/Springboard_DE/Projects/mini-projects/Airflow/marketvol/tmp/data/2021-01-14/AAPL.csv'
[2021-01-21 06:38:36,439] {{bash_operator.py:126}} INFO - [2021-01-14 22:49:27,106] {taskinstance.py:1396} ERROR - [Errno 2] No such file or directory: '/Users/chowli/Documents/Springboard_DE/Projects/mini-projects/Airflow/marketvol/tmp/data/2021-01-14/AAPL.csv'
[2021-01-21 06:38:36,440] {{bash_operator.py:126}} INFO - [2021-01-14 22:49:42,192] {taskinstance.py:1396} ERROR - [Errno 2] No such file or directory: '/Users/chowli/Documents/Springboard_DE/Projects/mini-projects/Airflow/marketvol/tmp/data/2021-01-14/AAPL.csv'
[2021-01-21 06:38:36,440] {{bash_operator.py:126}} INFO - [2021-01-14 22:49:59,505] {taskinstance.py:1396} ERROR - [Errno 2] No such file or directory: '/Users/chowli/Documents/Springboard_DE/Projects/mini-projects/Airflow/marketvol/tmp/data/2021-01-14/AAPL.csv'
[2021-01-21 06:38:36,441] {{bash_operator.py:126}} INFO - [2021-01-14 22:50:11,933] {taskinstance.py:1396} ERROR - [Errno 2] No such file or directory: '/Users/chowli/Documents/Springboard_DE/Projects/mini-projects/Airflow/marketvol/tmp/data/2021-01-14/AAPL.csv'
[2021-01-21 06:38:36,441] {{bash_operator.py:126}} INFO - [2021-01-14 22:49:36,332] {taskinstance.py:1396} ERROR - [Errno 2] No such file or directory: '/Users/chowli/Documents/Springboard_DE/Projects/mini-projects/Airflow/marketvol/tmp/data/2021-01-14/AAPL.csv'
[2021-01-21 06:38:36,442] {{bash_operator.py:126}} INFO - [2021-01-14 22:49:55,819] {taskinstance.py:1396} ERROR - [Errno 2] No such file or directory: '/Users/chowli/Documents/Springboard_DE/Projects/mini-projects/Airflow/marketvol/tmp/data/2021-01-14/AAPL.csv'
[2021-01-21 06:38:36,442] {{bash_operator.py:126}} INFO - [2021-01-14 22:50:09,463] {taskinstance.py:1396} ERROR - [Errno 2] No such file or directory: '/Users/chowli/Documents/Springboard_DE/Projects/mini-projects/Airflow/marketvol/tmp/data/2021-01-14/AAPL.csv'
[2021-01-21 06:38:36,443] {{bash_operator.py:126}} INFO - [2021-01-14 22:50:20,326] {taskinstance.py:1396} ERROR - [Errno 2] No such file or directory: '/Users/chowli/Documents/Springboard_DE/Projects/mini-projects/Airflow/marketvol/tmp/data/2021-01-14/AAPL.csv'
[2021-01-21 06:38:36,444] {{bash_operator.py:126}} INFO - [2021-01-14 22:49:45,951] {taskinstance.py:1396} ERROR - [Errno 2] No such file or directory: '/Users/chowli/Documents/Springboard_DE/Projects/mini-projects/Airflow/marketvol/tmp/data/2021-01-14/AAPL.csv'
[2021-01-21 06:38:36,444] {{bash_operator.py:126}} INFO - [2021-01-14 22:50:03,654] {taskinstance.py:1396} ERROR - [Errno 2] No such file or directory: '/Users/chowli/Documents/Springboard_DE/Projects/mini-projects/Airflow/marketvol/tmp/data/2021-01-14/AAPL.csv'
[2021-01-21 06:38:36,445] {{bash_operator.py:126}} INFO - [2021-01-14 22:50:16,536] {taskinstance.py:1396} ERROR - [Errno 2] No such file or directory: '/Users/chowli/Documents/Springboard_DE/Projects/mini-projects/Airflow/marketvol/tmp/data/2021-01-14/AAPL.csv'
[2021-01-21 06:38:36,445] {{bash_operator.py:126}} INFO - [2021-01-14 22:50:24,633] {taskinstance.py:1396} ERROR - [Errno 2] No such file or directory: '/Users/chowli/Documents/Springboard_DE/Projects/mini-projects/Airflow/marketvol/tmp/data/2021-01-14/AAPL.csv'
[2021-01-21 06:38:36,446] {{bash_operator.py:126}} INFO - [2021-01-11 18:16:16,464] {taskinstance.py:1396} ERROR - 'AIRFLOW_HOME'
[2021-01-21 06:38:36,446] {{bash_operator.py:126}} INFO - [2021-01-11 18:16:23,724] {taskinstance.py:1396} ERROR - 'AIRFLOW_HOME'
[2021-01-21 06:38:36,447] {{bash_operator.py:126}} INFO - [2021-01-11 18:16:30,291] {taskinstance.py:1396} ERROR - 'AIRFLOW_HOME'
[2021-01-21 06:38:36,448] {{bash_operator.py:126}} INFO - [2021-01-11 18:16:36,843] {taskinstance.py:1396} ERROR - 'AIRFLOW_HOME'
[2021-01-21 06:38:36,448] {{bash_operator.py:126}} INFO - [2021-01-13 17:22:09,238] {taskinstance.py:1396} ERROR - [Errno 2] No such file or directory: '/Users/chowli/Documents/Springboard_DE/Projects/mini-projects/Airflow/marketvol/tmp/data/2021-01-13/TSLA.csv'
[2021-01-21 06:38:36,449] {{bash_operator.py:126}} INFO - [2021-01-13 17:22:20,880] {taskinstance.py:1396} ERROR - [Errno 2] No such file or directory: '/Users/chowli/Documents/Springboard_DE/Projects/mini-projects/Airflow/marketvol/tmp/data/2021-01-13/TSLA.csv'
[2021-01-21 06:38:36,450] {{bash_operator.py:126}} INFO - [2021-01-13 17:22:28,567] {taskinstance.py:1396} ERROR - [Errno 2] No such file or directory: '/Users/chowli/Documents/Springboard_DE/Projects/mini-projects/Airflow/marketvol/tmp/data/2021-01-13/TSLA.csv'
[2021-01-21 06:38:36,450] {{bash_operator.py:126}} INFO - [2021-01-13 17:22:38,454] {taskinstance.py:1396} ERROR - [Errno 2] No such file or directory: '/Users/chowli/Documents/Springboard_DE/Projects/mini-projects/Airflow/marketvol/tmp/data/2021-01-13/TSLA.csv'
[2021-01-21 06:38:36,451] {{bash_operator.py:126}} INFO - [2021-01-13 17:22:14,540] {taskinstance.py:1396} ERROR - [Errno 2] No such file or directory: '/Users/chowli/Documents/Springboard_DE/Projects/mini-projects/Airflow/marketvol/tmp/data/2021-01-13/TSLA.csv'
[2021-01-21 06:38:36,452] {{bash_operator.py:126}} INFO - [2021-01-13 17:22:30,840] {taskinstance.py:1396} ERROR - [Errno 2] No such file or directory: '/Users/chowli/Documents/Springboard_DE/Projects/mini-projects/Airflow/marketvol/tmp/data/2021-01-13/TSLA.csv'
[2021-01-21 06:38:36,452] {{bash_operator.py:126}} INFO - [2021-01-13 17:22:42,230] {taskinstance.py:1396} ERROR - [Errno 2] No such file or directory: '/Users/chowli/Documents/Springboard_DE/Projects/mini-projects/Airflow/marketvol/tmp/data/2021-01-13/TSLA.csv'
[2021-01-21 06:38:36,453] {{bash_operator.py:126}} INFO - [2021-01-13 17:22:56,671] {taskinstance.py:1396} ERROR - [Errno 2] No such file or directory: '/Users/chowli/Documents/Springboard_DE/Projects/mini-projects/Airflow/marketvol/tmp/data/2021-01-13/TSLA.csv'
[2021-01-21 06:38:36,453] {{bash_operator.py:126}} INFO - [2021-01-13 17:22:24,625] {taskinstance.py:1396} ERROR - [Errno 2] No such file or directory: '/Users/chowli/Documents/Springboard_DE/Projects/mini-projects/Airflow/marketvol/tmp/data/2021-01-13/TSLA.csv'
[2021-01-21 06:38:36,454] {{bash_operator.py:126}} INFO - [2021-01-13 17:22:44,063] {taskinstance.py:1396} ERROR - [Errno 2] No such file or directory: '/Users/chowli/Documents/Springboard_DE/Projects/mini-projects/Airflow/marketvol/tmp/data/2021-01-13/TSLA.csv'
[2021-01-21 06:38:36,455] {{bash_operator.py:126}} INFO - [2021-01-13 17:22:58,401] {taskinstance.py:1396} ERROR - [Errno 2] No such file or directory: '/Users/chowli/Documents/Springboard_DE/Projects/mini-projects/Airflow/marketvol/tmp/data/2021-01-13/TSLA.csv'
[2021-01-21 06:38:36,455] {{bash_operator.py:126}} INFO - [2021-01-13 17:23:07,834] {taskinstance.py:1396} ERROR - [Errno 2] No such file or directory: '/Users/chowli/Documents/Springboard_DE/Projects/mini-projects/Airflow/marketvol/tmp/data/2021-01-13/TSLA.csv'
[2021-01-21 06:38:36,456] {{bash_operator.py:126}} INFO - [2021-01-13 17:22:34,492] {taskinstance.py:1396} ERROR - [Errno 2] No such file or directory: '/Users/chowli/Documents/Springboard_DE/Projects/mini-projects/Airflow/marketvol/tmp/data/2021-01-13/TSLA.csv'
[2021-01-21 06:38:36,456] {{bash_operator.py:126}} INFO - [2021-01-13 17:22:51,954] {taskinstance.py:1396} ERROR - [Errno 2] No such file or directory: '/Users/chowli/Documents/Springboard_DE/Projects/mini-projects/Airflow/marketvol/tmp/data/2021-01-13/TSLA.csv'
[2021-01-21 06:38:36,457] {{bash_operator.py:126}} INFO - [2021-01-13 17:23:03,920] {taskinstance.py:1396} ERROR - [Errno 2] No such file or directory: '/Users/chowli/Documents/Springboard_DE/Projects/mini-projects/Airflow/marketvol/tmp/data/2021-01-13/TSLA.csv'
[2021-01-21 06:38:36,457] {{bash_operator.py:126}} INFO - [2021-01-13 17:23:11,678] {taskinstance.py:1396} ERROR - [Errno 2] No such file or directory: '/Users/chowli/Documents/Springboard_DE/Projects/mini-projects/Airflow/marketvol/tmp/data/2021-01-13/TSLA.csv'
[2021-01-21 06:38:36,458] {{bash_operator.py:126}} INFO - [2021-01-14 22:49:18,538] {taskinstance.py:1396} ERROR - [Errno 2] No such file or directory: '/Users/chowli/Documents/Springboard_DE/Projects/mini-projects/Airflow/marketvol/tmp/data/2021-01-14/TSLA.csv'
[2021-01-21 06:38:36,458] {{bash_operator.py:126}} INFO - [2021-01-14 22:49:30,582] {taskinstance.py:1396} ERROR - [Errno 2] No such file or directory: '/Users/chowli/Documents/Springboard_DE/Projects/mini-projects/Airflow/marketvol/tmp/data/2021-01-14/TSLA.csv'
[2021-01-21 06:38:36,459] {{bash_operator.py:126}} INFO - [2021-01-14 22:49:38,572] {taskinstance.py:1396} ERROR - [Errno 2] No such file or directory: '/Users/chowli/Documents/Springboard_DE/Projects/mini-projects/Airflow/marketvol/tmp/data/2021-01-14/TSLA.csv'
[2021-01-21 06:38:36,459] {{bash_operator.py:126}} INFO - [2021-01-14 22:49:47,990] {taskinstance.py:1396} ERROR - [Errno 2] No such file or directory: '/Users/chowli/Documents/Springboard_DE/Projects/mini-projects/Airflow/marketvol/tmp/data/2021-01-14/TSLA.csv'
[2021-01-21 06:38:36,460] {{bash_operator.py:126}} INFO - [2021-01-14 22:49:25,212] {taskinstance.py:1396} ERROR - [Errno 2] No such file or directory: '/Users/chowli/Documents/Springboard_DE/Projects/mini-projects/Airflow/marketvol/tmp/data/2021-01-14/TSLA.csv'
[2021-01-21 06:38:36,460] {{bash_operator.py:126}} INFO - [2021-01-14 22:49:40,389] {taskinstance.py:1396} ERROR - [Errno 2] No such file or directory: '/Users/chowli/Documents/Springboard_DE/Projects/mini-projects/Airflow/marketvol/tmp/data/2021-01-14/TSLA.csv'
[2021-01-21 06:38:36,461] {{bash_operator.py:126}} INFO - [2021-01-14 22:49:51,858] {taskinstance.py:1396} ERROR - [Errno 2] No such file or directory: '/Users/chowli/Documents/Springboard_DE/Projects/mini-projects/Airflow/marketvol/tmp/data/2021-01-14/TSLA.csv'
[2021-01-21 06:38:36,461] {{bash_operator.py:126}} INFO - [2021-01-14 22:50:05,577] {taskinstance.py:1396} ERROR - [Errno 2] No such file or directory: '/Users/chowli/Documents/Springboard_DE/Projects/mini-projects/Airflow/marketvol/tmp/data/2021-01-14/TSLA.csv'
[2021-01-21 06:38:36,462] {{bash_operator.py:126}} INFO - [2021-01-14 22:49:34,575] {taskinstance.py:1396} ERROR - [Errno 2] No such file or directory: '/Users/chowli/Documents/Springboard_DE/Projects/mini-projects/Airflow/marketvol/tmp/data/2021-01-14/TSLA.csv'
[2021-01-21 06:38:36,463] {{bash_operator.py:126}} INFO - [2021-01-14 22:49:53,636] {taskinstance.py:1396} ERROR - [Errno 2] No such file or directory: '/Users/chowli/Documents/Springboard_DE/Projects/mini-projects/Airflow/marketvol/tmp/data/2021-01-14/TSLA.csv'
[2021-01-21 06:38:36,463] {{bash_operator.py:126}} INFO - [2021-01-14 22:50:07,338] {taskinstance.py:1396} ERROR - [Errno 2] No such file or directory: '/Users/chowli/Documents/Springboard_DE/Projects/mini-projects/Airflow/marketvol/tmp/data/2021-01-14/TSLA.csv'
[2021-01-21 06:38:36,464] {{bash_operator.py:126}} INFO - [2021-01-14 22:50:18,476] {taskinstance.py:1396} ERROR - [Errno 2] No such file or directory: '/Users/chowli/Documents/Springboard_DE/Projects/mini-projects/Airflow/marketvol/tmp/data/2021-01-14/TSLA.csv'
[2021-01-21 06:38:36,464] {{bash_operator.py:126}} INFO - [2021-01-14 22:49:44,009] {taskinstance.py:1396} ERROR - [Errno 2] No such file or directory: '/Users/chowli/Documents/Springboard_DE/Projects/mini-projects/Airflow/marketvol/tmp/data/2021-01-14/TSLA.csv'
[2021-01-21 06:38:36,465] {{bash_operator.py:126}} INFO - [2021-01-14 22:50:01,471] {taskinstance.py:1396} ERROR - [Errno 2] No such file or directory: '/Users/chowli/Documents/Springboard_DE/Projects/mini-projects/Airflow/marketvol/tmp/data/2021-01-14/TSLA.csv'
[2021-01-21 06:38:36,465] {{bash_operator.py:126}} INFO - [2021-01-14 22:50:14,780] {taskinstance.py:1396} ERROR - [Errno 2] No such file or directory: '/Users/chowli/Documents/Springboard_DE/Projects/mini-projects/Airflow/marketvol/tmp/data/2021-01-14/TSLA.csv'
[2021-01-21 06:38:36,466] {{bash_operator.py:126}} INFO - [2021-01-14 22:50:22,532] {taskinstance.py:1396} ERROR - [Errno 2] No such file or directory: '/Users/chowli/Documents/Springboard_DE/Projects/mini-projects/Airflow/marketvol/tmp/data/2021-01-14/TSLA.csv'
[2021-01-21 06:38:36,466] {{bash_operator.py:126}} INFO - [2021-01-21 06:23:21,558] {{taskinstance.py:1128}} ERROR - Bash command failed
[2021-01-21 06:38:36,467] {{bash_operator.py:126}} INFO - [2021-01-11 18:22:14,422] {taskinstance.py:1396} ERROR - Bash command failed. The command returned a non-zero exit code.
[2021-01-21 06:38:36,467] {{bash_operator.py:126}} INFO - [2021-01-11 18:24:14,219] {taskinstance.py:1396} ERROR - Bash command failed. The command returned a non-zero exit code.
[2021-01-21 06:38:36,468] {{bash_operator.py:126}} INFO - [2021-01-11 18:25:32,857] {taskinstance.py:1396} ERROR - Bash command failed. The command returned a non-zero exit code.
[2021-01-21 06:38:36,468] {{bash_operator.py:126}} INFO - [2021-01-11 18:27:03,363] {taskinstance.py:1396} ERROR - Bash command failed. The command returned a non-zero exit code.
[2021-01-21 06:38:36,469] {{bash_operator.py:126}} INFO - [2021-01-11 18:29:39,075] {taskinstance.py:1396} ERROR - Bash command failed. The command returned a non-zero exit code.
[2021-01-21 06:38:36,469] {{bash_operator.py:126}} INFO - [2021-01-11 18:31:13,558] {taskinstance.py:1396} ERROR - Bash command failed. The command returned a non-zero exit code.
[2021-01-21 06:38:36,470] {{bash_operator.py:130}} INFO - Command exited with return code 0
[2021-01-21 06:38:36,476] {{taskinstance.py:1048}} INFO - Marking task as SUCCESS.dag_id=MarketVol, task_id=error_log_analyzer, execution_date=20210121T063724, start_date=20210121T063835, end_date=20210121T063836
[2021-01-21 06:38:45,966] {{logging_mixin.py:112}} INFO - [2021-01-21 06:38:45,965] {{local_task_job.py:103}} INFO - Task exited with return code 0
