[2021-01-21 06:37:42,918] {{taskinstance.py:655}} INFO - Dependencies all met for <TaskInstance: MarketVol.download_telsa_price 2021-01-21T06:37:24.920588+00:00 [queued]>
[2021-01-21 06:37:42,930] {{taskinstance.py:655}} INFO - Dependencies all met for <TaskInstance: MarketVol.download_telsa_price 2021-01-21T06:37:24.920588+00:00 [queued]>
[2021-01-21 06:37:42,932] {{taskinstance.py:866}} INFO - 
--------------------------------------------------------------------------------
[2021-01-21 06:37:42,933] {{taskinstance.py:867}} INFO - Starting attempt 1 of 4
[2021-01-21 06:37:42,933] {{taskinstance.py:868}} INFO - 
--------------------------------------------------------------------------------
[2021-01-21 06:37:42,941] {{taskinstance.py:887}} INFO - Executing <Task(PythonOperator): download_telsa_price> on 2021-01-21T06:37:24.920588+00:00
[2021-01-21 06:37:42,945] {{standard_task_runner.py:53}} INFO - Started process 858 to run task
[2021-01-21 06:37:42,989] {{logging_mixin.py:112}} INFO - Running %s on host %s <TaskInstance: MarketVol.download_telsa_price 2021-01-21T06:37:24.920588+00:00 [running]> 99b7c767768b
[2021-01-21 06:37:43,002] {{logging_mixin.py:112}} INFO - 2021-01-21
[2021-01-21 06:37:43,003] {{logging_mixin.py:112}} INFO - 2021-01-22
[2021-01-21 06:37:43,247] {{logging_mixin.py:112}} INFO - [*********************100%***********************]  1 of 1 completed
[2021-01-21 06:37:43,249] {{logging_mixin.py:112}} INFO - 
[2021-01-21 06:37:43,250] {{logging_mixin.py:112}} INFO - 
1 Failed download:
[2021-01-21 06:37:43,251] {{logging_mixin.py:112}} INFO - - TSLA: No data found for this date range, symbol may be delisted
[2021-01-21 06:37:43,263] {{python_operator.py:114}} INFO - Done. Returned value was: None
[2021-01-21 06:37:43,271] {{taskinstance.py:1048}} INFO - Marking task as SUCCESS.dag_id=MarketVol, task_id=download_telsa_price, execution_date=20210121T063724, start_date=20210121T063742, end_date=20210121T063743
[2021-01-21 06:37:52,916] {{logging_mixin.py:112}} INFO - [2021-01-21 06:37:52,915] {{local_task_job.py:103}} INFO - Task exited with return code 0
