[2021-01-21 06:37:54,675] {{taskinstance.py:655}} INFO - Dependencies all met for <TaskInstance: MarketVol.download_apple_price 2021-01-21T06:37:24.920588+00:00 [queued]>
[2021-01-21 06:37:54,685] {{taskinstance.py:655}} INFO - Dependencies all met for <TaskInstance: MarketVol.download_apple_price 2021-01-21T06:37:24.920588+00:00 [queued]>
[2021-01-21 06:37:54,685] {{taskinstance.py:866}} INFO - 
--------------------------------------------------------------------------------
[2021-01-21 06:37:54,686] {{taskinstance.py:867}} INFO - Starting attempt 1 of 4
[2021-01-21 06:37:54,686] {{taskinstance.py:868}} INFO - 
--------------------------------------------------------------------------------
[2021-01-21 06:37:54,694] {{taskinstance.py:887}} INFO - Executing <Task(PythonOperator): download_apple_price> on 2021-01-21T06:37:24.920588+00:00
[2021-01-21 06:37:54,698] {{standard_task_runner.py:53}} INFO - Started process 870 to run task
[2021-01-21 06:37:54,743] {{logging_mixin.py:112}} INFO - Running %s on host %s <TaskInstance: MarketVol.download_apple_price 2021-01-21T06:37:24.920588+00:00 [running]> 99b7c767768b
[2021-01-21 06:37:54,756] {{logging_mixin.py:112}} INFO - 2021-01-21
[2021-01-21 06:37:54,757] {{logging_mixin.py:112}} INFO - 2021-01-22
[2021-01-21 06:37:54,905] {{logging_mixin.py:112}} INFO - [*********************100%***********************]  1 of 1 completed
[2021-01-21 06:37:54,906] {{logging_mixin.py:112}} INFO - 
[2021-01-21 06:37:54,907] {{logging_mixin.py:112}} INFO - 
1 Failed download:
[2021-01-21 06:37:54,908] {{logging_mixin.py:112}} INFO - - AAPL: No data found for this date range, symbol may be delisted
[2021-01-21 06:37:54,914] {{python_operator.py:114}} INFO - Done. Returned value was: None
[2021-01-21 06:37:54,918] {{taskinstance.py:1048}} INFO - Marking task as SUCCESS.dag_id=MarketVol, task_id=download_apple_price, execution_date=20210121T063724, start_date=20210121T063754, end_date=20210121T063754
[2021-01-21 06:38:04,668] {{logging_mixin.py:112}} INFO - [2021-01-21 06:38:04,668] {{local_task_job.py:103}} INFO - Task exited with return code 0
