[2021-01-19 09:09:35,494] {{taskinstance.py:655}} INFO - Dependencies all met for <TaskInstance: MarketVol.download_telsa_price 2021-01-19T00:00:00+00:00 [queued]>
[2021-01-19 09:09:35,508] {{taskinstance.py:655}} INFO - Dependencies all met for <TaskInstance: MarketVol.download_telsa_price 2021-01-19T00:00:00+00:00 [queued]>
[2021-01-19 09:09:35,509] {{taskinstance.py:866}} INFO - 
--------------------------------------------------------------------------------
[2021-01-19 09:09:35,510] {{taskinstance.py:867}} INFO - Starting attempt 1 of 4
[2021-01-19 09:09:35,511] {{taskinstance.py:868}} INFO - 
--------------------------------------------------------------------------------
[2021-01-19 09:09:35,522] {{taskinstance.py:887}} INFO - Executing <Task(PythonOperator): download_telsa_price> on 2021-01-19T00:00:00+00:00
[2021-01-19 09:09:35,526] {{standard_task_runner.py:53}} INFO - Started process 396 to run task
[2021-01-19 09:09:35,582] {{logging_mixin.py:112}} INFO - Running %s on host %s <TaskInstance: MarketVol.download_telsa_price 2021-01-19T00:00:00+00:00 [running]> f2939e9d42e5
[2021-01-19 09:09:35,599] {{logging_mixin.py:112}} INFO - 2021-01-19
[2021-01-19 09:09:35,601] {{logging_mixin.py:112}} INFO - 2021-01-20
[2021-01-19 09:09:35,766] {{logging_mixin.py:112}} INFO - [*********************100%***********************]  1 of 1 completed
[2021-01-19 09:09:35,768] {{logging_mixin.py:112}} INFO - 
[2021-01-19 09:09:35,769] {{logging_mixin.py:112}} INFO - 
1 Failed download:
[2021-01-19 09:09:35,771] {{logging_mixin.py:112}} INFO - - TSLA: No data found for this date range, symbol may be delisted
[2021-01-19 09:09:35,779] {{python_operator.py:114}} INFO - Done. Returned value was: None
[2021-01-19 09:09:35,786] {{taskinstance.py:1048}} INFO - Marking task as SUCCESS.dag_id=MarketVol, task_id=download_telsa_price, execution_date=20210119T000000, start_date=20210119T090935, end_date=20210119T090935
[2021-01-19 09:09:45,480] {{logging_mixin.py:112}} INFO - [2021-01-19 09:09:45,480] {{local_task_job.py:103}} INFO - Task exited with return code 0
