[2021-01-19 09:08:33,167] {{taskinstance.py:655}} INFO - Dependencies all met for <TaskInstance: MarketVol.apple_price_analyzer 2021-01-18T00:00:00+00:00 [queued]>
[2021-01-19 09:08:33,179] {{taskinstance.py:655}} INFO - Dependencies all met for <TaskInstance: MarketVol.apple_price_analyzer 2021-01-18T00:00:00+00:00 [queued]>
[2021-01-19 09:08:33,180] {{taskinstance.py:866}} INFO - 
--------------------------------------------------------------------------------
[2021-01-19 09:08:33,181] {{taskinstance.py:867}} INFO - Starting attempt 1 of 1
[2021-01-19 09:08:33,182] {{taskinstance.py:868}} INFO - 
--------------------------------------------------------------------------------
[2021-01-19 09:08:33,192] {{taskinstance.py:887}} INFO - Executing <Task(BashOperator): apple_price_analyzer> on 2021-01-18T00:00:00+00:00
[2021-01-19 09:08:33,196] {{standard_task_runner.py:53}} INFO - Started process 334 to run task
[2021-01-19 09:08:33,248] {{logging_mixin.py:112}} INFO - Running %s on host %s <TaskInstance: MarketVol.apple_price_analyzer 2021-01-18T00:00:00+00:00 [running]> f2939e9d42e5
[2021-01-19 09:08:33,264] {{bash_operator.py:82}} INFO - Tmp dir root location: 
 /tmp
[2021-01-19 09:08:33,267] {{bash_operator.py:105}} INFO - Temporary script location: /tmp/airflowtmpeiqjxa5n/apple_price_analyzer78ztyy7e
[2021-01-19 09:08:33,269] {{bash_operator.py:115}} INFO - Running command: python /usr/local/airflow/script/analyze.py --symbol AAPL
[2021-01-19 09:08:33,281] {{bash_operator.py:122}} INFO - Output:
[2021-01-19 09:08:33,660] {{bash_operator.py:126}} INFO - /usr/local/airflow/tmp/data/2021-01-19
[2021-01-19 09:08:33,661] {{bash_operator.py:126}} INFO - Empty DataFrame
[2021-01-19 09:08:33,662] {{bash_operator.py:126}} INFO - Columns: [Date, Open, High, Low, Close, Adj Close, Volume]
[2021-01-19 09:08:33,663] {{bash_operator.py:126}} INFO - Index: []
[2021-01-19 09:08:33,713] {{bash_operator.py:130}} INFO - Command exited with return code 0
[2021-01-19 09:08:33,722] {{taskinstance.py:1048}} INFO - Marking task as SUCCESS.dag_id=MarketVol, task_id=apple_price_analyzer, execution_date=20210118T000000, start_date=20210119T090833, end_date=20210119T090833
[2021-01-19 09:08:43,151] {{logging_mixin.py:112}} INFO - [2021-01-19 09:08:43,151] {{local_task_job.py:103}} INFO - Task exited with return code 0
