[2021-01-21 06:38:21,190] {{taskinstance.py:655}} INFO - Dependencies all met for <TaskInstance: MarketVol.apple_price_analyzer 2021-01-21T06:37:24.920588+00:00 [queued]>
[2021-01-21 06:38:21,200] {{taskinstance.py:655}} INFO - Dependencies all met for <TaskInstance: MarketVol.apple_price_analyzer 2021-01-21T06:37:24.920588+00:00 [queued]>
[2021-01-21 06:38:21,201] {{taskinstance.py:866}} INFO - 
--------------------------------------------------------------------------------
[2021-01-21 06:38:21,202] {{taskinstance.py:867}} INFO - Starting attempt 1 of 1
[2021-01-21 06:38:21,202] {{taskinstance.py:868}} INFO - 
--------------------------------------------------------------------------------
[2021-01-21 06:38:21,210] {{taskinstance.py:887}} INFO - Executing <Task(BashOperator): apple_price_analyzer> on 2021-01-21T06:37:24.920588+00:00
[2021-01-21 06:38:21,214] {{standard_task_runner.py:53}} INFO - Started process 896 to run task
[2021-01-21 06:38:21,263] {{logging_mixin.py:112}} INFO - Running %s on host %s <TaskInstance: MarketVol.apple_price_analyzer 2021-01-21T06:37:24.920588+00:00 [running]> 99b7c767768b
[2021-01-21 06:38:21,281] {{bash_operator.py:82}} INFO - Tmp dir root location: 
 /tmp
[2021-01-21 06:38:21,283] {{bash_operator.py:105}} INFO - Temporary script location: /tmp/airflowtmpwvhg6czm/apple_price_analyzer4rjtityh
[2021-01-21 06:38:21,284] {{bash_operator.py:115}} INFO - Running command: python ${AIRFLOW_HOME}/script/stock_analyzer.py --symbol AAPL
[2021-01-21 06:38:21,295] {{bash_operator.py:122}} INFO - Output:
[2021-01-21 06:38:21,721] {{bash_operator.py:126}} INFO - /usr/local/airflow/tmp/data/2021-01-21
[2021-01-21 06:38:21,721] {{bash_operator.py:126}} INFO - Empty DataFrame
[2021-01-21 06:38:21,722] {{bash_operator.py:126}} INFO - Columns: [Date, Open, High, Low, Close, Adj Close, Volume]
[2021-01-21 06:38:21,723] {{bash_operator.py:126}} INFO - Index: []
[2021-01-21 06:38:21,776] {{bash_operator.py:130}} INFO - Command exited with return code 0
[2021-01-21 06:38:21,787] {{taskinstance.py:1048}} INFO - Marking task as SUCCESS.dag_id=MarketVol, task_id=apple_price_analyzer, execution_date=20210121T063724, start_date=20210121T063821, end_date=20210121T063821
[2021-01-21 06:38:31,190] {{logging_mixin.py:112}} INFO - [2021-01-21 06:38:31,189] {{local_task_job.py:103}} INFO - Task exited with return code 0
