[2021-01-19 09:09:59,696] {{taskinstance.py:655}} INFO - Dependencies all met for <TaskInstance: MarketVol.tesla_price_analyzer 2021-01-18T12:00:00+00:00 [queued]>
[2021-01-19 09:09:59,711] {{taskinstance.py:655}} INFO - Dependencies all met for <TaskInstance: MarketVol.tesla_price_analyzer 2021-01-18T12:00:00+00:00 [queued]>
[2021-01-19 09:09:59,713] {{taskinstance.py:866}} INFO - 
--------------------------------------------------------------------------------
[2021-01-19 09:09:59,714] {{taskinstance.py:867}} INFO - Starting attempt 1 of 1
[2021-01-19 09:09:59,715] {{taskinstance.py:868}} INFO - 
--------------------------------------------------------------------------------
[2021-01-19 09:09:59,726] {{taskinstance.py:887}} INFO - Executing <Task(BashOperator): tesla_price_analyzer> on 2021-01-18T12:00:00+00:00
[2021-01-19 09:09:59,730] {{standard_task_runner.py:53}} INFO - Started process 416 to run task
[2021-01-19 09:09:59,793] {{logging_mixin.py:112}} INFO - Running %s on host %s <TaskInstance: MarketVol.tesla_price_analyzer 2021-01-18T12:00:00+00:00 [running]> f2939e9d42e5
[2021-01-19 09:09:59,811] {{bash_operator.py:82}} INFO - Tmp dir root location: 
 /tmp
[2021-01-19 09:09:59,814] {{bash_operator.py:105}} INFO - Temporary script location: /tmp/airflowtmpa8jk8rzd/tesla_price_analyzere_z5n2m6
[2021-01-19 09:09:59,815] {{bash_operator.py:115}} INFO - Running command: python /usr/local/airflow/script/analyze.py --symbol TSLA
[2021-01-19 09:09:59,825] {{bash_operator.py:122}} INFO - Output:
[2021-01-19 09:10:00,247] {{bash_operator.py:126}} INFO - /usr/local/airflow/tmp/data/2021-01-19
[2021-01-19 09:10:00,248] {{bash_operator.py:126}} INFO - Empty DataFrame
[2021-01-19 09:10:00,249] {{bash_operator.py:126}} INFO - Columns: [Date, Open, High, Low, Close, Adj Close, Volume]
[2021-01-19 09:10:00,250] {{bash_operator.py:126}} INFO - Index: []
[2021-01-19 09:10:00,304] {{bash_operator.py:130}} INFO - Command exited with return code 0
[2021-01-19 09:10:00,313] {{taskinstance.py:1048}} INFO - Marking task as SUCCESS.dag_id=MarketVol, task_id=tesla_price_analyzer, execution_date=20210118T120000, start_date=20210119T090959, end_date=20210119T091000
[2021-01-19 09:10:09,676] {{logging_mixin.py:112}} INFO - [2021-01-19 09:10:09,676] {{local_task_job.py:103}} INFO - Task exited with return code 0
