[2021-01-21 06:30:33,387] {{taskinstance.py:655}} INFO - Dependencies all met for <TaskInstance: MarketVol.apple_price_analyzer 2021-01-21T06:29:34.322512+00:00 [queued]>
[2021-01-21 06:30:33,400] {{taskinstance.py:655}} INFO - Dependencies all met for <TaskInstance: MarketVol.apple_price_analyzer 2021-01-21T06:29:34.322512+00:00 [queued]>
[2021-01-21 06:30:33,401] {{taskinstance.py:866}} INFO - 
--------------------------------------------------------------------------------
[2021-01-21 06:30:33,402] {{taskinstance.py:867}} INFO - Starting attempt 1 of 1
[2021-01-21 06:30:33,402] {{taskinstance.py:868}} INFO - 
--------------------------------------------------------------------------------
[2021-01-21 06:30:33,414] {{taskinstance.py:887}} INFO - Executing <Task(BashOperator): apple_price_analyzer> on 2021-01-21T06:29:34.322512+00:00
[2021-01-21 06:30:33,418] {{standard_task_runner.py:53}} INFO - Started process 577 to run task
[2021-01-21 06:30:33,470] {{logging_mixin.py:112}} INFO - Running %s on host %s <TaskInstance: MarketVol.apple_price_analyzer 2021-01-21T06:29:34.322512+00:00 [running]> 99b7c767768b
[2021-01-21 06:30:33,485] {{bash_operator.py:82}} INFO - Tmp dir root location: 
 /tmp
[2021-01-21 06:30:33,487] {{bash_operator.py:105}} INFO - Temporary script location: /tmp/airflowtmpg6ek6e79/apple_price_analyzer18i81dpp
[2021-01-21 06:30:33,489] {{bash_operator.py:115}} INFO - Running command: python /usr/local/airflow/script/stock_analyzer.py --symbol AAPL
[2021-01-21 06:30:33,499] {{bash_operator.py:122}} INFO - Output:
[2021-01-21 06:30:33,889] {{bash_operator.py:126}} INFO - /usr/local/airflow/tmp/data/2021-01-21
[2021-01-21 06:30:33,890] {{bash_operator.py:126}} INFO - Empty DataFrame
[2021-01-21 06:30:33,891] {{bash_operator.py:126}} INFO - Columns: [Date, Open, High, Low, Close, Adj Close, Volume]
[2021-01-21 06:30:33,891] {{bash_operator.py:126}} INFO - Index: []
[2021-01-21 06:30:33,938] {{bash_operator.py:130}} INFO - Command exited with return code 0
[2021-01-21 06:30:33,945] {{taskinstance.py:1048}} INFO - Marking task as SUCCESS.dag_id=MarketVol, task_id=apple_price_analyzer, execution_date=20210121T062934, start_date=20210121T063033, end_date=20210121T063033
[2021-01-21 06:30:43,381] {{logging_mixin.py:112}} INFO - [2021-01-21 06:30:43,381] {{local_task_job.py:103}} INFO - Task exited with return code 0
