[2021-01-12 01:00:04,958] {taskinstance.py:826} INFO - Dependencies all met for <TaskInstance: MarketVol.download_telsa_price 2021-01-12T08:00:00+00:00 [queued]>
[2021-01-12 01:00:04,965] {taskinstance.py:826} INFO - Dependencies all met for <TaskInstance: MarketVol.download_telsa_price 2021-01-12T08:00:00+00:00 [queued]>
[2021-01-12 01:00:04,965] {taskinstance.py:1017} INFO - 
--------------------------------------------------------------------------------
[2021-01-12 01:00:04,965] {taskinstance.py:1018} INFO - Starting attempt 1 of 4
[2021-01-12 01:00:04,965] {taskinstance.py:1019} INFO - 
--------------------------------------------------------------------------------
[2021-01-12 01:00:04,971] {taskinstance.py:1038} INFO - Executing <Task(PythonOperator): download_telsa_price> on 2021-01-12T08:00:00+00:00
[2021-01-12 01:00:04,974] {standard_task_runner.py:51} INFO - Started process 83980 to run task
[2021-01-12 01:00:04,981] {standard_task_runner.py:75} INFO - Running: ['airflow', 'tasks', 'run', 'MarketVol', 'download_telsa_price', '2021-01-12T08:00:00+00:00', '--job-id', '73', '--pool', 'default_pool', '--raw', '--subdir', 'DAGS_FOLDER/stock_dags.py', '--cfg-path', '/var/folders/hy/5f75_vt15hb_bfkv9vvnx5sw0000gn/T/tmpgbjd0qyf']
[2021-01-12 01:00:04,982] {standard_task_runner.py:76} INFO - Job 73: Subtask download_telsa_price
[2021-01-12 01:00:05,019] {logging_mixin.py:103} INFO - Running <TaskInstance: MarketVol.download_telsa_price 2021-01-12T08:00:00+00:00 [running]> on host 1.0.0.0.0.0.0.0.0.0.0.0.0.0.0.0.0.0.0.0.0.0.0.0.0.0.0.0.0.0.0.0.ip6.arpa
[2021-01-12 01:00:05,047] {taskinstance.py:1232} INFO - Exporting the following env vars:
AIRFLOW_CTX_DAG_OWNER=airflow
AIRFLOW_CTX_DAG_ID=MarketVol
AIRFLOW_CTX_TASK_ID=download_telsa_price
AIRFLOW_CTX_EXECUTION_DATE=2021-01-12T08:00:00+00:00
AIRFLOW_CTX_DAG_RUN_ID=scheduled__2021-01-12T08:00:00+00:00
[2021-01-12 01:00:05,048] {logging_mixin.py:103} INFO - 2021-01-12
[2021-01-12 01:00:05,048] {logging_mixin.py:103} INFO - 2021-01-13
[2021-01-12 01:00:05,208] {logging_mixin.py:103} INFO - [*********************100%***********************]  1 of 1 completed
[2021-01-12 01:00:05,209] {logging_mixin.py:103} INFO - 
[2021-01-12 01:00:05,210] {logging_mixin.py:103} INFO - 
1 Failed download:
[2021-01-12 01:00:05,210] {logging_mixin.py:103} INFO - - TSLA: No data found for this date range, symbol may be delisted
[2021-01-12 01:00:05,215] {python.py:118} INFO - Done. Returned value was: None
[2021-01-12 01:00:05,220] {taskinstance.py:1142} INFO - Marking task as SUCCESS. dag_id=MarketVol, task_id=download_telsa_price, execution_date=20210112T080000, start_date=20210112T090004, end_date=20210112T090005
[2021-01-12 01:00:05,237] {taskinstance.py:1195} INFO - 1 downstream tasks scheduled from follow-on schedule check
[2021-01-12 01:00:05,256] {local_task_job.py:118} INFO - Task exited with return code 0
