[2021-01-19 09:06:43,518] {{taskinstance.py:655}} INFO - Dependencies all met for <TaskInstance: MarketVol.download_telsa_price 2021-01-18T00:00:00+00:00 [queued]>
[2021-01-19 09:06:43,531] {{taskinstance.py:655}} INFO - Dependencies all met for <TaskInstance: MarketVol.download_telsa_price 2021-01-18T00:00:00+00:00 [queued]>
[2021-01-19 09:06:43,532] {{taskinstance.py:866}} INFO - 
--------------------------------------------------------------------------------
[2021-01-19 09:06:43,533] {{taskinstance.py:867}} INFO - Starting attempt 1 of 4
[2021-01-19 09:06:43,534] {{taskinstance.py:868}} INFO - 
--------------------------------------------------------------------------------
[2021-01-19 09:06:43,545] {{taskinstance.py:887}} INFO - Executing <Task(PythonOperator): download_telsa_price> on 2021-01-18T00:00:00+00:00
[2021-01-19 09:06:43,549] {{standard_task_runner.py:53}} INFO - Started process 236 to run task
[2021-01-19 09:06:43,603] {{logging_mixin.py:112}} INFO - Running %s on host %s <TaskInstance: MarketVol.download_telsa_price 2021-01-18T00:00:00+00:00 [running]> f2939e9d42e5
[2021-01-19 09:06:43,618] {{logging_mixin.py:112}} INFO - 2021-01-19
[2021-01-19 09:06:43,619] {{logging_mixin.py:112}} INFO - 2021-01-20
[2021-01-19 09:06:43,765] {{logging_mixin.py:112}} INFO - [*********************100%***********************]  1 of 1 completed
[2021-01-19 09:06:43,767] {{logging_mixin.py:112}} INFO - 
[2021-01-19 09:06:43,768] {{logging_mixin.py:112}} INFO - 
1 Failed download:
[2021-01-19 09:06:43,769] {{logging_mixin.py:112}} INFO - - TSLA: No data found for this date range, symbol may be delisted
[2021-01-19 09:06:43,776] {{python_operator.py:114}} INFO - Done. Returned value was: None
[2021-01-19 09:06:43,782] {{taskinstance.py:1048}} INFO - Marking task as SUCCESS.dag_id=MarketVol, task_id=download_telsa_price, execution_date=20210118T000000, start_date=20210119T090643, end_date=20210119T090643
[2021-01-19 09:06:53,468] {{logging_mixin.py:112}} INFO - [2021-01-19 09:06:53,467] {{local_task_job.py:103}} INFO - Task exited with return code 0
