[2021-01-19 09:08:21,309] {{taskinstance.py:655}} INFO - Dependencies all met for <TaskInstance: MarketVol.tesla_price_analyzer 2021-01-18T00:00:00+00:00 [queued]>
[2021-01-19 09:08:21,327] {{taskinstance.py:655}} INFO - Dependencies all met for <TaskInstance: MarketVol.tesla_price_analyzer 2021-01-18T00:00:00+00:00 [queued]>
[2021-01-19 09:08:21,329] {{taskinstance.py:866}} INFO - 
--------------------------------------------------------------------------------
[2021-01-19 09:08:21,331] {{taskinstance.py:867}} INFO - Starting attempt 1 of 1
[2021-01-19 09:08:21,333] {{taskinstance.py:868}} INFO - 
--------------------------------------------------------------------------------
[2021-01-19 09:08:21,346] {{taskinstance.py:887}} INFO - Executing <Task(BashOperator): tesla_price_analyzer> on 2021-01-18T00:00:00+00:00
[2021-01-19 09:08:21,352] {{standard_task_runner.py:53}} INFO - Started process 318 to run task
[2021-01-19 09:08:21,420] {{logging_mixin.py:112}} INFO - Running %s on host %s <TaskInstance: MarketVol.tesla_price_analyzer 2021-01-18T00:00:00+00:00 [running]> f2939e9d42e5
[2021-01-19 09:08:21,440] {{bash_operator.py:82}} INFO - Tmp dir root location: 
 /tmp
[2021-01-19 09:08:21,442] {{bash_operator.py:105}} INFO - Temporary script location: /tmp/airflowtmpq9secixy/tesla_price_analyzer0xg2pknu
[2021-01-19 09:08:21,444] {{bash_operator.py:115}} INFO - Running command: python /usr/local/airflow/script/analyze.py --symbol TSLA
[2021-01-19 09:08:21,455] {{bash_operator.py:122}} INFO - Output:
[2021-01-19 09:08:21,877] {{bash_operator.py:126}} INFO - /usr/local/airflow/tmp/data/2021-01-19
[2021-01-19 09:08:21,878] {{bash_operator.py:126}} INFO - Empty DataFrame
[2021-01-19 09:08:21,879] {{bash_operator.py:126}} INFO - Columns: [Date, Open, High, Low, Close, Adj Close, Volume]
[2021-01-19 09:08:21,879] {{bash_operator.py:126}} INFO - Index: []
[2021-01-19 09:08:21,930] {{bash_operator.py:130}} INFO - Command exited with return code 0
[2021-01-19 09:08:21,938] {{taskinstance.py:1048}} INFO - Marking task as SUCCESS.dag_id=MarketVol, task_id=tesla_price_analyzer, execution_date=20210118T000000, start_date=20210119T090821, end_date=20210119T090821
[2021-01-19 09:08:31,290] {{logging_mixin.py:112}} INFO - [2021-01-19 09:08:31,289] {{local_task_job.py:103}} INFO - Task exited with return code 0
