[2021-01-12 00:00:10,498] {taskinstance.py:826} INFO - Dependencies all met for <TaskInstance: MarketVol.apple_price_analyzer 2021-01-12T07:00:00+00:00 [queued]>
[2021-01-12 00:00:10,503] {taskinstance.py:826} INFO - Dependencies all met for <TaskInstance: MarketVol.apple_price_analyzer 2021-01-12T07:00:00+00:00 [queued]>
[2021-01-12 00:00:10,503] {taskinstance.py:1017} INFO - 
--------------------------------------------------------------------------------
[2021-01-12 00:00:10,503] {taskinstance.py:1018} INFO - Starting attempt 1 of 1
[2021-01-12 00:00:10,503] {taskinstance.py:1019} INFO - 
--------------------------------------------------------------------------------
[2021-01-12 00:00:10,508] {taskinstance.py:1038} INFO - Executing <Task(BashOperator): apple_price_analyzer> on 2021-01-12T07:00:00+00:00
[2021-01-12 00:00:10,511] {standard_task_runner.py:51} INFO - Started process 79725 to run task
[2021-01-12 00:00:10,517] {standard_task_runner.py:75} INFO - Running: ['airflow', 'tasks', 'run', 'MarketVol', 'apple_price_analyzer', '2021-01-12T07:00:00+00:00', '--job-id', '71', '--pool', 'default_pool', '--raw', '--subdir', 'DAGS_FOLDER/stock_dags.py', '--cfg-path', '/var/folders/hy/5f75_vt15hb_bfkv9vvnx5sw0000gn/T/tmp9qz92kqh']
[2021-01-12 00:00:10,519] {standard_task_runner.py:76} INFO - Job 71: Subtask apple_price_analyzer
[2021-01-12 00:00:10,551] {logging_mixin.py:103} INFO - Running <TaskInstance: MarketVol.apple_price_analyzer 2021-01-12T07:00:00+00:00 [running]> on host 1.0.0.0.0.0.0.0.0.0.0.0.0.0.0.0.0.0.0.0.0.0.0.0.0.0.0.0.0.0.0.0.ip6.arpa
[2021-01-12 00:00:10,578] {taskinstance.py:1232} INFO - Exporting the following env vars:
AIRFLOW_CTX_DAG_OWNER=airflow
AIRFLOW_CTX_DAG_ID=MarketVol
AIRFLOW_CTX_TASK_ID=apple_price_analyzer
AIRFLOW_CTX_EXECUTION_DATE=2021-01-12T07:00:00+00:00
AIRFLOW_CTX_DAG_RUN_ID=scheduled__2021-01-12T07:00:00+00:00
[2021-01-12 00:00:10,579] {bash.py:135} INFO - Tmp dir root location: 
 /var/folders/hy/5f75_vt15hb_bfkv9vvnx5sw0000gn/T
[2021-01-12 00:00:10,580] {bash.py:158} INFO - Running command: python /Users/chowli/Documents/Springboard_DE/Projects/mini-projects/Airflow/marketvol/airflow/script/analyze.py --symbol AAPL
[2021-01-12 00:00:10,587] {bash.py:169} INFO - Output:
[2021-01-12 00:00:11,027] {bash.py:173} INFO - Empty DataFrame
[2021-01-12 00:00:11,027] {bash.py:173} INFO - Columns: [Date, Open, High, Low, Close, Adj Close, Volume]
[2021-01-12 00:00:11,027] {bash.py:173} INFO - Index: []
[2021-01-12 00:00:11,072] {bash.py:177} INFO - Command exited with return code 0
[2021-01-12 00:00:11,094] {taskinstance.py:1142} INFO - Marking task as SUCCESS. dag_id=MarketVol, task_id=apple_price_analyzer, execution_date=20210112T070000, start_date=20210112T080010, end_date=20210112T080011
[2021-01-12 00:00:11,110] {taskinstance.py:1195} INFO - 0 downstream tasks scheduled from follow-on schedule check
[2021-01-12 00:00:11,126] {local_task_job.py:118} INFO - Task exited with return code 0
