[2021-01-11 22:00:02,405] {taskinstance.py:826} INFO - Dependencies all met for <TaskInstance: MarketVol.create_tmp_folder 2021-01-12T05:00:00+00:00 [queued]>
[2021-01-11 22:00:02,412] {taskinstance.py:826} INFO - Dependencies all met for <TaskInstance: MarketVol.create_tmp_folder 2021-01-12T05:00:00+00:00 [queued]>
[2021-01-11 22:00:02,412] {taskinstance.py:1017} INFO - 
--------------------------------------------------------------------------------
[2021-01-11 22:00:02,412] {taskinstance.py:1018} INFO - Starting attempt 1 of 1
[2021-01-11 22:00:02,412] {taskinstance.py:1019} INFO - 
--------------------------------------------------------------------------------
[2021-01-11 22:00:02,419] {taskinstance.py:1038} INFO - Executing <Task(BashOperator): create_tmp_folder> on 2021-01-12T05:00:00+00:00
[2021-01-11 22:00:02,421] {standard_task_runner.py:51} INFO - Started process 71459 to run task
[2021-01-11 22:00:02,428] {standard_task_runner.py:75} INFO - Running: ['airflow', 'tasks', 'run', 'MarketVol', 'create_tmp_folder', '2021-01-12T05:00:00+00:00', '--job-id', '57', '--pool', 'default_pool', '--raw', '--subdir', 'DAGS_FOLDER/stock_dags.py', '--cfg-path', '/var/folders/hy/5f75_vt15hb_bfkv9vvnx5sw0000gn/T/tmpfr04l235']
[2021-01-11 22:00:02,429] {standard_task_runner.py:76} INFO - Job 57: Subtask create_tmp_folder
[2021-01-11 22:00:02,465] {logging_mixin.py:103} INFO - Running <TaskInstance: MarketVol.create_tmp_folder 2021-01-12T05:00:00+00:00 [running]> on host Chow-MBP.local
[2021-01-11 22:00:02,495] {taskinstance.py:1232} INFO - Exporting the following env vars:
AIRFLOW_CTX_DAG_OWNER=airflow
AIRFLOW_CTX_DAG_ID=MarketVol
AIRFLOW_CTX_TASK_ID=create_tmp_folder
AIRFLOW_CTX_EXECUTION_DATE=2021-01-12T05:00:00+00:00
AIRFLOW_CTX_DAG_RUN_ID=scheduled__2021-01-12T05:00:00+00:00
[2021-01-11 22:00:02,496] {bash.py:135} INFO - Tmp dir root location: 
 /var/folders/hy/5f75_vt15hb_bfkv9vvnx5sw0000gn/T
[2021-01-11 22:00:02,497] {bash.py:158} INFO - Running command: mkdir -p ${AIRFLOW_HOME}/tmp/data/`date +'%Y-%m-%d'`
[2021-01-11 22:00:02,504] {bash.py:169} INFO - Output:
[2021-01-11 22:00:02,513] {bash.py:177} INFO - Command exited with return code 0
[2021-01-11 22:00:02,529] {taskinstance.py:1142} INFO - Marking task as SUCCESS. dag_id=MarketVol, task_id=create_tmp_folder, execution_date=20210112T050000, start_date=20210112T060002, end_date=20210112T060002
[2021-01-11 22:00:02,550] {taskinstance.py:1195} INFO - 2 downstream tasks scheduled from follow-on schedule check
[2021-01-11 22:00:02,582] {local_task_job.py:118} INFO - Task exited with return code 0
