[2021-01-20 02:30:31,300] {{taskinstance.py:655}} INFO - Dependencies all met for <TaskInstance: MarketVol.download_apple_price 2021-01-19T02:30:00+00:00 [queued]>
[2021-01-20 02:30:31,311] {{taskinstance.py:655}} INFO - Dependencies all met for <TaskInstance: MarketVol.download_apple_price 2021-01-19T02:30:00+00:00 [queued]>
[2021-01-20 02:30:31,312] {{taskinstance.py:866}} INFO - 
--------------------------------------------------------------------------------
[2021-01-20 02:30:31,312] {{taskinstance.py:867}} INFO - Starting attempt 1 of 4
[2021-01-20 02:30:31,313] {{taskinstance.py:868}} INFO - 
--------------------------------------------------------------------------------
[2021-01-20 02:30:31,322] {{taskinstance.py:887}} INFO - Executing <Task(PythonOperator): download_apple_price> on 2021-01-19T02:30:00+00:00
[2021-01-20 02:30:31,325] {{standard_task_runner.py:53}} INFO - Started process 327 to run task
[2021-01-20 02:30:31,371] {{logging_mixin.py:112}} INFO - Running %s on host %s <TaskInstance: MarketVol.download_apple_price 2021-01-19T02:30:00+00:00 [running]> 6a522c83f2b5
[2021-01-20 02:30:31,385] {{logging_mixin.py:112}} INFO - 2021-01-20
[2021-01-20 02:30:31,386] {{logging_mixin.py:112}} INFO - 2021-01-21
[2021-01-20 02:30:31,523] {{logging_mixin.py:112}} INFO - [*********************100%***********************]  1 of 1 completed
[2021-01-20 02:30:31,524] {{logging_mixin.py:112}} INFO - 
[2021-01-20 02:30:31,525] {{logging_mixin.py:112}} INFO - 
1 Failed download:
[2021-01-20 02:30:31,526] {{logging_mixin.py:112}} INFO - - AAPL: No data found for this date range, symbol may be delisted
[2021-01-20 02:30:31,531] {{python_operator.py:114}} INFO - Done. Returned value was: None
[2021-01-20 02:30:31,536] {{taskinstance.py:1048}} INFO - Marking task as SUCCESS.dag_id=MarketVol, task_id=download_apple_price, execution_date=20210119T023000, start_date=20210120T023031, end_date=20210120T023031
[2021-01-20 02:30:41,298] {{logging_mixin.py:112}} INFO - [2021-01-20 02:30:41,298] {{local_task_job.py:103}} INFO - Task exited with return code 0
