[2021-01-19 09:09:47,400] {{taskinstance.py:655}} INFO - Dependencies all met for <TaskInstance: MarketVol.download_apple_price 2021-01-19T00:00:00+00:00 [queued]>
[2021-01-19 09:09:47,411] {{taskinstance.py:655}} INFO - Dependencies all met for <TaskInstance: MarketVol.download_apple_price 2021-01-19T00:00:00+00:00 [queued]>
[2021-01-19 09:09:47,413] {{taskinstance.py:866}} INFO - 
--------------------------------------------------------------------------------
[2021-01-19 09:09:47,414] {{taskinstance.py:867}} INFO - Starting attempt 1 of 4
[2021-01-19 09:09:47,415] {{taskinstance.py:868}} INFO - 
--------------------------------------------------------------------------------
[2021-01-19 09:09:47,425] {{taskinstance.py:887}} INFO - Executing <Task(PythonOperator): download_apple_price> on 2021-01-19T00:00:00+00:00
[2021-01-19 09:09:47,429] {{standard_task_runner.py:53}} INFO - Started process 404 to run task
[2021-01-19 09:09:47,482] {{logging_mixin.py:112}} INFO - Running %s on host %s <TaskInstance: MarketVol.download_apple_price 2021-01-19T00:00:00+00:00 [running]> f2939e9d42e5
[2021-01-19 09:09:47,497] {{logging_mixin.py:112}} INFO - 2021-01-19
[2021-01-19 09:09:47,498] {{logging_mixin.py:112}} INFO - 2021-01-20
[2021-01-19 09:09:47,629] {{logging_mixin.py:112}} INFO - [*********************100%***********************]  1 of 1 completed
[2021-01-19 09:09:47,631] {{logging_mixin.py:112}} INFO - 
[2021-01-19 09:09:47,632] {{logging_mixin.py:112}} INFO - 
1 Failed download:
[2021-01-19 09:09:47,633] {{logging_mixin.py:112}} INFO - - AAPL: No data found for this date range, symbol may be delisted
[2021-01-19 09:09:47,640] {{python_operator.py:114}} INFO - Done. Returned value was: None
[2021-01-19 09:09:47,646] {{taskinstance.py:1048}} INFO - Marking task as SUCCESS.dag_id=MarketVol, task_id=download_apple_price, execution_date=20210119T000000, start_date=20210119T090947, end_date=20210119T090947
[2021-01-19 09:09:57,348] {{logging_mixin.py:112}} INFO - [2021-01-19 09:09:57,348] {{local_task_job.py:103}} INFO - Task exited with return code 0
