[2021-01-13 17:22:05,992] {scheduler_job.py:181} INFO - Started process (PID=5702) to work on /Users/chowli/.local/share/virtualenvs/marketvol-WbDfdy4N/lib/python3.7/site-packages/airflow/example_dags/subdags/subdag.py
[2021-01-13 17:22:05,994] {scheduler_job.py:629} INFO - Processing file /Users/chowli/.local/share/virtualenvs/marketvol-WbDfdy4N/lib/python3.7/site-packages/airflow/example_dags/subdags/subdag.py for tasks to queue
[2021-01-13 17:22:05,995] {logging_mixin.py:103} INFO - [2021-01-13 17:22:05,995] {dagbag.py:440} INFO - Filling up the DagBag from /Users/chowli/.local/share/virtualenvs/marketvol-WbDfdy4N/lib/python3.7/site-packages/airflow/example_dags/subdags/subdag.py
[2021-01-13 17:22:06,000] {scheduler_job.py:641} WARNING - No viable dags retrieved from /Users/chowli/.local/share/virtualenvs/marketvol-WbDfdy4N/lib/python3.7/site-packages/airflow/example_dags/subdags/subdag.py
[2021-01-13 17:22:06,008] {scheduler_job.py:189} INFO - Processing /Users/chowli/.local/share/virtualenvs/marketvol-WbDfdy4N/lib/python3.7/site-packages/airflow/example_dags/subdags/subdag.py took 0.020 seconds
[2021-01-13 17:23:30,190] {scheduler_job.py:181} INFO - Started process (PID=5891) to work on /Users/chowli/.local/share/virtualenvs/marketvol-WbDfdy4N/lib/python3.7/site-packages/airflow/example_dags/subdags/subdag.py
[2021-01-13 17:23:30,192] {scheduler_job.py:629} INFO - Processing file /Users/chowli/.local/share/virtualenvs/marketvol-WbDfdy4N/lib/python3.7/site-packages/airflow/example_dags/subdags/subdag.py for tasks to queue
[2021-01-13 17:23:30,194] {logging_mixin.py:103} INFO - [2021-01-13 17:23:30,193] {dagbag.py:440} INFO - Filling up the DagBag from /Users/chowli/.local/share/virtualenvs/marketvol-WbDfdy4N/lib/python3.7/site-packages/airflow/example_dags/subdags/subdag.py
[2021-01-13 17:23:30,199] {scheduler_job.py:641} WARNING - No viable dags retrieved from /Users/chowli/.local/share/virtualenvs/marketvol-WbDfdy4N/lib/python3.7/site-packages/airflow/example_dags/subdags/subdag.py
[2021-01-13 17:23:30,208] {scheduler_job.py:189} INFO - Processing /Users/chowli/.local/share/virtualenvs/marketvol-WbDfdy4N/lib/python3.7/site-packages/airflow/example_dags/subdags/subdag.py took 0.021 seconds
[2021-01-13 17:23:55,475] {scheduler_job.py:181} INFO - Started process (PID=5967) to work on /Users/chowli/.local/share/virtualenvs/marketvol-WbDfdy4N/lib/python3.7/site-packages/airflow/example_dags/subdags/subdag.py
[2021-01-13 17:23:55,477] {scheduler_job.py:629} INFO - Processing file /Users/chowli/.local/share/virtualenvs/marketvol-WbDfdy4N/lib/python3.7/site-packages/airflow/example_dags/subdags/subdag.py for tasks to queue
[2021-01-13 17:23:55,478] {logging_mixin.py:103} INFO - [2021-01-13 17:23:55,477] {dagbag.py:440} INFO - Filling up the DagBag from /Users/chowli/.local/share/virtualenvs/marketvol-WbDfdy4N/lib/python3.7/site-packages/airflow/example_dags/subdags/subdag.py
[2021-01-13 17:23:55,482] {scheduler_job.py:641} WARNING - No viable dags retrieved from /Users/chowli/.local/share/virtualenvs/marketvol-WbDfdy4N/lib/python3.7/site-packages/airflow/example_dags/subdags/subdag.py
[2021-01-13 17:23:55,488] {scheduler_job.py:189} INFO - Processing /Users/chowli/.local/share/virtualenvs/marketvol-WbDfdy4N/lib/python3.7/site-packages/airflow/example_dags/subdags/subdag.py took 0.016 seconds
[2021-01-13 17:24:21,207] {scheduler_job.py:181} INFO - Started process (PID=6049) to work on /Users/chowli/.local/share/virtualenvs/marketvol-WbDfdy4N/lib/python3.7/site-packages/airflow/example_dags/subdags/subdag.py
[2021-01-13 17:24:21,209] {scheduler_job.py:629} INFO - Processing file /Users/chowli/.local/share/virtualenvs/marketvol-WbDfdy4N/lib/python3.7/site-packages/airflow/example_dags/subdags/subdag.py for tasks to queue
[2021-01-13 17:24:21,211] {logging_mixin.py:103} INFO - [2021-01-13 17:24:21,210] {dagbag.py:440} INFO - Filling up the DagBag from /Users/chowli/.local/share/virtualenvs/marketvol-WbDfdy4N/lib/python3.7/site-packages/airflow/example_dags/subdags/subdag.py
[2021-01-13 17:24:21,216] {scheduler_job.py:641} WARNING - No viable dags retrieved from /Users/chowli/.local/share/virtualenvs/marketvol-WbDfdy4N/lib/python3.7/site-packages/airflow/example_dags/subdags/subdag.py
[2021-01-13 17:24:21,226] {scheduler_job.py:189} INFO - Processing /Users/chowli/.local/share/virtualenvs/marketvol-WbDfdy4N/lib/python3.7/site-packages/airflow/example_dags/subdags/subdag.py took 0.023 seconds
[2021-01-13 17:24:47,008] {scheduler_job.py:181} INFO - Started process (PID=6088) to work on /Users/chowli/.local/share/virtualenvs/marketvol-WbDfdy4N/lib/python3.7/site-packages/airflow/example_dags/subdags/subdag.py
[2021-01-13 17:24:47,009] {scheduler_job.py:629} INFO - Processing file /Users/chowli/.local/share/virtualenvs/marketvol-WbDfdy4N/lib/python3.7/site-packages/airflow/example_dags/subdags/subdag.py for tasks to queue
[2021-01-13 17:24:47,011] {logging_mixin.py:103} INFO - [2021-01-13 17:24:47,010] {dagbag.py:440} INFO - Filling up the DagBag from /Users/chowli/.local/share/virtualenvs/marketvol-WbDfdy4N/lib/python3.7/site-packages/airflow/example_dags/subdags/subdag.py
[2021-01-13 17:24:47,015] {scheduler_job.py:641} WARNING - No viable dags retrieved from /Users/chowli/.local/share/virtualenvs/marketvol-WbDfdy4N/lib/python3.7/site-packages/airflow/example_dags/subdags/subdag.py
[2021-01-13 17:24:47,024] {scheduler_job.py:189} INFO - Processing /Users/chowli/.local/share/virtualenvs/marketvol-WbDfdy4N/lib/python3.7/site-packages/airflow/example_dags/subdags/subdag.py took 0.020 seconds
[2021-01-13 17:25:12,247] {scheduler_job.py:181} INFO - Started process (PID=6116) to work on /Users/chowli/.local/share/virtualenvs/marketvol-WbDfdy4N/lib/python3.7/site-packages/airflow/example_dags/subdags/subdag.py
[2021-01-13 17:25:12,249] {scheduler_job.py:629} INFO - Processing file /Users/chowli/.local/share/virtualenvs/marketvol-WbDfdy4N/lib/python3.7/site-packages/airflow/example_dags/subdags/subdag.py for tasks to queue
[2021-01-13 17:25:12,250] {logging_mixin.py:103} INFO - [2021-01-13 17:25:12,250] {dagbag.py:440} INFO - Filling up the DagBag from /Users/chowli/.local/share/virtualenvs/marketvol-WbDfdy4N/lib/python3.7/site-packages/airflow/example_dags/subdags/subdag.py
[2021-01-13 17:25:12,256] {scheduler_job.py:641} WARNING - No viable dags retrieved from /Users/chowli/.local/share/virtualenvs/marketvol-WbDfdy4N/lib/python3.7/site-packages/airflow/example_dags/subdags/subdag.py
[2021-01-13 17:25:12,263] {scheduler_job.py:189} INFO - Processing /Users/chowli/.local/share/virtualenvs/marketvol-WbDfdy4N/lib/python3.7/site-packages/airflow/example_dags/subdags/subdag.py took 0.020 seconds
[2021-01-13 17:25:38,390] {scheduler_job.py:181} INFO - Started process (PID=6144) to work on /Users/chowli/.local/share/virtualenvs/marketvol-WbDfdy4N/lib/python3.7/site-packages/airflow/example_dags/subdags/subdag.py
[2021-01-13 17:25:38,392] {scheduler_job.py:629} INFO - Processing file /Users/chowli/.local/share/virtualenvs/marketvol-WbDfdy4N/lib/python3.7/site-packages/airflow/example_dags/subdags/subdag.py for tasks to queue
[2021-01-13 17:25:38,393] {logging_mixin.py:103} INFO - [2021-01-13 17:25:38,393] {dagbag.py:440} INFO - Filling up the DagBag from /Users/chowli/.local/share/virtualenvs/marketvol-WbDfdy4N/lib/python3.7/site-packages/airflow/example_dags/subdags/subdag.py
[2021-01-13 17:25:38,399] {scheduler_job.py:641} WARNING - No viable dags retrieved from /Users/chowli/.local/share/virtualenvs/marketvol-WbDfdy4N/lib/python3.7/site-packages/airflow/example_dags/subdags/subdag.py
[2021-01-13 17:25:38,410] {scheduler_job.py:189} INFO - Processing /Users/chowli/.local/share/virtualenvs/marketvol-WbDfdy4N/lib/python3.7/site-packages/airflow/example_dags/subdags/subdag.py took 0.025 seconds
[2021-01-13 17:26:05,728] {scheduler_job.py:181} INFO - Started process (PID=6180) to work on /Users/chowli/.local/share/virtualenvs/marketvol-WbDfdy4N/lib/python3.7/site-packages/airflow/example_dags/subdags/subdag.py
[2021-01-13 17:26:05,731] {scheduler_job.py:629} INFO - Processing file /Users/chowli/.local/share/virtualenvs/marketvol-WbDfdy4N/lib/python3.7/site-packages/airflow/example_dags/subdags/subdag.py for tasks to queue
[2021-01-13 17:26:05,733] {logging_mixin.py:103} INFO - [2021-01-13 17:26:05,732] {dagbag.py:440} INFO - Filling up the DagBag from /Users/chowli/.local/share/virtualenvs/marketvol-WbDfdy4N/lib/python3.7/site-packages/airflow/example_dags/subdags/subdag.py
[2021-01-13 17:26:05,737] {scheduler_job.py:641} WARNING - No viable dags retrieved from /Users/chowli/.local/share/virtualenvs/marketvol-WbDfdy4N/lib/python3.7/site-packages/airflow/example_dags/subdags/subdag.py
[2021-01-13 17:26:05,748] {scheduler_job.py:189} INFO - Processing /Users/chowli/.local/share/virtualenvs/marketvol-WbDfdy4N/lib/python3.7/site-packages/airflow/example_dags/subdags/subdag.py took 0.024 seconds
[2021-01-13 17:26:30,946] {scheduler_job.py:181} INFO - Started process (PID=6216) to work on /Users/chowli/.local/share/virtualenvs/marketvol-WbDfdy4N/lib/python3.7/site-packages/airflow/example_dags/subdags/subdag.py
[2021-01-13 17:26:30,948] {scheduler_job.py:629} INFO - Processing file /Users/chowli/.local/share/virtualenvs/marketvol-WbDfdy4N/lib/python3.7/site-packages/airflow/example_dags/subdags/subdag.py for tasks to queue
[2021-01-13 17:26:30,949] {logging_mixin.py:103} INFO - [2021-01-13 17:26:30,948] {dagbag.py:440} INFO - Filling up the DagBag from /Users/chowli/.local/share/virtualenvs/marketvol-WbDfdy4N/lib/python3.7/site-packages/airflow/example_dags/subdags/subdag.py
[2021-01-13 17:26:30,952] {scheduler_job.py:641} WARNING - No viable dags retrieved from /Users/chowli/.local/share/virtualenvs/marketvol-WbDfdy4N/lib/python3.7/site-packages/airflow/example_dags/subdags/subdag.py
[2021-01-13 17:26:30,959] {scheduler_job.py:189} INFO - Processing /Users/chowli/.local/share/virtualenvs/marketvol-WbDfdy4N/lib/python3.7/site-packages/airflow/example_dags/subdags/subdag.py took 0.016 seconds
[2021-01-13 17:26:56,201] {scheduler_job.py:181} INFO - Started process (PID=6259) to work on /Users/chowli/.local/share/virtualenvs/marketvol-WbDfdy4N/lib/python3.7/site-packages/airflow/example_dags/subdags/subdag.py
[2021-01-13 17:26:56,203] {scheduler_job.py:629} INFO - Processing file /Users/chowli/.local/share/virtualenvs/marketvol-WbDfdy4N/lib/python3.7/site-packages/airflow/example_dags/subdags/subdag.py for tasks to queue
[2021-01-13 17:26:56,204] {logging_mixin.py:103} INFO - [2021-01-13 17:26:56,204] {dagbag.py:440} INFO - Filling up the DagBag from /Users/chowli/.local/share/virtualenvs/marketvol-WbDfdy4N/lib/python3.7/site-packages/airflow/example_dags/subdags/subdag.py
[2021-01-13 17:26:56,209] {scheduler_job.py:641} WARNING - No viable dags retrieved from /Users/chowli/.local/share/virtualenvs/marketvol-WbDfdy4N/lib/python3.7/site-packages/airflow/example_dags/subdags/subdag.py
[2021-01-13 17:26:56,218] {scheduler_job.py:189} INFO - Processing /Users/chowli/.local/share/virtualenvs/marketvol-WbDfdy4N/lib/python3.7/site-packages/airflow/example_dags/subdags/subdag.py took 0.020 seconds
[2021-01-13 17:27:21,449] {scheduler_job.py:181} INFO - Started process (PID=6299) to work on /Users/chowli/.local/share/virtualenvs/marketvol-WbDfdy4N/lib/python3.7/site-packages/airflow/example_dags/subdags/subdag.py
[2021-01-13 17:27:21,452] {scheduler_job.py:629} INFO - Processing file /Users/chowli/.local/share/virtualenvs/marketvol-WbDfdy4N/lib/python3.7/site-packages/airflow/example_dags/subdags/subdag.py for tasks to queue
[2021-01-13 17:27:21,453] {logging_mixin.py:103} INFO - [2021-01-13 17:27:21,453] {dagbag.py:440} INFO - Filling up the DagBag from /Users/chowli/.local/share/virtualenvs/marketvol-WbDfdy4N/lib/python3.7/site-packages/airflow/example_dags/subdags/subdag.py
[2021-01-13 17:27:21,457] {scheduler_job.py:641} WARNING - No viable dags retrieved from /Users/chowli/.local/share/virtualenvs/marketvol-WbDfdy4N/lib/python3.7/site-packages/airflow/example_dags/subdags/subdag.py
[2021-01-13 17:27:21,465] {scheduler_job.py:189} INFO - Processing /Users/chowli/.local/share/virtualenvs/marketvol-WbDfdy4N/lib/python3.7/site-packages/airflow/example_dags/subdags/subdag.py took 0.019 seconds
[2021-01-13 17:27:46,690] {scheduler_job.py:181} INFO - Started process (PID=6329) to work on /Users/chowli/.local/share/virtualenvs/marketvol-WbDfdy4N/lib/python3.7/site-packages/airflow/example_dags/subdags/subdag.py
[2021-01-13 17:27:46,692] {scheduler_job.py:629} INFO - Processing file /Users/chowli/.local/share/virtualenvs/marketvol-WbDfdy4N/lib/python3.7/site-packages/airflow/example_dags/subdags/subdag.py for tasks to queue
[2021-01-13 17:27:46,693] {logging_mixin.py:103} INFO - [2021-01-13 17:27:46,693] {dagbag.py:440} INFO - Filling up the DagBag from /Users/chowli/.local/share/virtualenvs/marketvol-WbDfdy4N/lib/python3.7/site-packages/airflow/example_dags/subdags/subdag.py
[2021-01-13 17:27:46,698] {scheduler_job.py:641} WARNING - No viable dags retrieved from /Users/chowli/.local/share/virtualenvs/marketvol-WbDfdy4N/lib/python3.7/site-packages/airflow/example_dags/subdags/subdag.py
[2021-01-13 17:27:46,706] {scheduler_job.py:189} INFO - Processing /Users/chowli/.local/share/virtualenvs/marketvol-WbDfdy4N/lib/python3.7/site-packages/airflow/example_dags/subdags/subdag.py took 0.019 seconds
[2021-01-13 17:28:12,974] {scheduler_job.py:181} INFO - Started process (PID=6357) to work on /Users/chowli/.local/share/virtualenvs/marketvol-WbDfdy4N/lib/python3.7/site-packages/airflow/example_dags/subdags/subdag.py
[2021-01-13 17:28:12,976] {scheduler_job.py:629} INFO - Processing file /Users/chowli/.local/share/virtualenvs/marketvol-WbDfdy4N/lib/python3.7/site-packages/airflow/example_dags/subdags/subdag.py for tasks to queue
[2021-01-13 17:28:12,978] {logging_mixin.py:103} INFO - [2021-01-13 17:28:12,977] {dagbag.py:440} INFO - Filling up the DagBag from /Users/chowli/.local/share/virtualenvs/marketvol-WbDfdy4N/lib/python3.7/site-packages/airflow/example_dags/subdags/subdag.py
[2021-01-13 17:28:12,982] {scheduler_job.py:641} WARNING - No viable dags retrieved from /Users/chowli/.local/share/virtualenvs/marketvol-WbDfdy4N/lib/python3.7/site-packages/airflow/example_dags/subdags/subdag.py
[2021-01-13 17:28:12,990] {scheduler_job.py:189} INFO - Processing /Users/chowli/.local/share/virtualenvs/marketvol-WbDfdy4N/lib/python3.7/site-packages/airflow/example_dags/subdags/subdag.py took 0.020 seconds
[2021-01-13 17:28:57,431] {scheduler_job.py:181} INFO - Started process (PID=6421) to work on /Users/chowli/.local/share/virtualenvs/marketvol-WbDfdy4N/lib/python3.7/site-packages/airflow/example_dags/subdags/subdag.py
[2021-01-13 17:28:57,433] {scheduler_job.py:629} INFO - Processing file /Users/chowli/.local/share/virtualenvs/marketvol-WbDfdy4N/lib/python3.7/site-packages/airflow/example_dags/subdags/subdag.py for tasks to queue
[2021-01-13 17:28:57,434] {logging_mixin.py:103} INFO - [2021-01-13 17:28:57,434] {dagbag.py:440} INFO - Filling up the DagBag from /Users/chowli/.local/share/virtualenvs/marketvol-WbDfdy4N/lib/python3.7/site-packages/airflow/example_dags/subdags/subdag.py
[2021-01-13 17:28:57,439] {scheduler_job.py:641} WARNING - No viable dags retrieved from /Users/chowli/.local/share/virtualenvs/marketvol-WbDfdy4N/lib/python3.7/site-packages/airflow/example_dags/subdags/subdag.py
[2021-01-13 17:28:57,448] {scheduler_job.py:189} INFO - Processing /Users/chowli/.local/share/virtualenvs/marketvol-WbDfdy4N/lib/python3.7/site-packages/airflow/example_dags/subdags/subdag.py took 0.021 seconds
