[2021-01-21 06:22:39,486] {{taskinstance.py:655}} INFO - Dependencies all met for <TaskInstance: MarketVol.download_apple_price 2021-01-20T02:30:00+00:00 [queued]>
[2021-01-21 06:22:39,497] {{taskinstance.py:655}} INFO - Dependencies all met for <TaskInstance: MarketVol.download_apple_price 2021-01-20T02:30:00+00:00 [queued]>
[2021-01-21 06:22:39,499] {{taskinstance.py:866}} INFO - 
--------------------------------------------------------------------------------
[2021-01-21 06:22:39,499] {{taskinstance.py:867}} INFO - Starting attempt 1 of 4
[2021-01-21 06:22:39,500] {{taskinstance.py:868}} INFO - 
--------------------------------------------------------------------------------
[2021-01-21 06:22:39,509] {{taskinstance.py:887}} INFO - Executing <Task(PythonOperator): download_apple_price> on 2021-01-20T02:30:00+00:00
[2021-01-21 06:22:39,512] {{standard_task_runner.py:53}} INFO - Started process 249 to run task
[2021-01-21 06:22:39,560] {{logging_mixin.py:112}} INFO - Running %s on host %s <TaskInstance: MarketVol.download_apple_price 2021-01-20T02:30:00+00:00 [running]> 99b7c767768b
[2021-01-21 06:22:39,575] {{logging_mixin.py:112}} INFO - 2021-01-21
[2021-01-21 06:22:39,577] {{logging_mixin.py:112}} INFO - 2021-01-22
[2021-01-21 06:22:39,724] {{logging_mixin.py:112}} INFO - [*********************100%***********************]  1 of 1 completed
[2021-01-21 06:22:39,726] {{logging_mixin.py:112}} INFO - 
[2021-01-21 06:22:39,728] {{logging_mixin.py:112}} INFO - 
1 Failed download:
[2021-01-21 06:22:39,729] {{logging_mixin.py:112}} INFO - - AAPL: No data found for this date range, symbol may be delisted
[2021-01-21 06:22:39,735] {{python_operator.py:114}} INFO - Done. Returned value was: None
[2021-01-21 06:22:39,740] {{taskinstance.py:1048}} INFO - Marking task as SUCCESS.dag_id=MarketVol, task_id=download_apple_price, execution_date=20210120T023000, start_date=20210121T062239, end_date=20210121T062239
[2021-01-21 06:22:49,473] {{logging_mixin.py:112}} INFO - [2021-01-21 06:22:49,473] {{local_task_job.py:103}} INFO - Task exited with return code 0
