[2021-01-19 09:10:24,774] {{taskinstance.py:655}} INFO - Dependencies all met for <TaskInstance: MarketVol.tesla_price_analyzer 2021-01-18T18:00:00+00:00 [queued]>
[2021-01-19 09:10:24,787] {{taskinstance.py:655}} INFO - Dependencies all met for <TaskInstance: MarketVol.tesla_price_analyzer 2021-01-18T18:00:00+00:00 [queued]>
[2021-01-19 09:10:24,788] {{taskinstance.py:866}} INFO - 
--------------------------------------------------------------------------------
[2021-01-19 09:10:24,789] {{taskinstance.py:867}} INFO - Starting attempt 1 of 1
[2021-01-19 09:10:24,790] {{taskinstance.py:868}} INFO - 
--------------------------------------------------------------------------------
[2021-01-19 09:10:24,799] {{taskinstance.py:887}} INFO - Executing <Task(BashOperator): tesla_price_analyzer> on 2021-01-18T18:00:00+00:00
[2021-01-19 09:10:24,802] {{standard_task_runner.py:53}} INFO - Started process 443 to run task
[2021-01-19 09:10:24,852] {{logging_mixin.py:112}} INFO - Running %s on host %s <TaskInstance: MarketVol.tesla_price_analyzer 2021-01-18T18:00:00+00:00 [running]> f2939e9d42e5
[2021-01-19 09:10:24,867] {{bash_operator.py:82}} INFO - Tmp dir root location: 
 /tmp
[2021-01-19 09:10:24,870] {{bash_operator.py:105}} INFO - Temporary script location: /tmp/airflowtmpial88l64/tesla_price_analyzerl5cxe0ut
[2021-01-19 09:10:24,872] {{bash_operator.py:115}} INFO - Running command: python /usr/local/airflow/script/analyze.py --symbol TSLA
[2021-01-19 09:10:24,885] {{bash_operator.py:122}} INFO - Output:
[2021-01-19 09:10:25,295] {{bash_operator.py:126}} INFO - /usr/local/airflow/tmp/data/2021-01-19
[2021-01-19 09:10:25,296] {{bash_operator.py:126}} INFO - Empty DataFrame
[2021-01-19 09:10:25,297] {{bash_operator.py:126}} INFO - Columns: [Date, Open, High, Low, Close, Adj Close, Volume]
[2021-01-19 09:10:25,298] {{bash_operator.py:126}} INFO - Index: []
[2021-01-19 09:10:25,348] {{bash_operator.py:130}} INFO - Command exited with return code 0
[2021-01-19 09:10:25,356] {{taskinstance.py:1048}} INFO - Marking task as SUCCESS.dag_id=MarketVol, task_id=tesla_price_analyzer, execution_date=20210118T180000, start_date=20210119T091024, end_date=20210119T091025
[2021-01-19 09:10:34,766] {{logging_mixin.py:112}} INFO - [2021-01-19 09:10:34,766] {{local_task_job.py:103}} INFO - Task exited with return code 0
