[2021-01-14 22:54:19,306] {taskinstance.py:826} INFO - Dependencies all met for <TaskInstance: MarketVol.apple_price_analyzer 2021-01-15T06:54:09.421064+00:00 [queued]>
[2021-01-14 22:54:19,312] {taskinstance.py:826} INFO - Dependencies all met for <TaskInstance: MarketVol.apple_price_analyzer 2021-01-15T06:54:09.421064+00:00 [queued]>
[2021-01-14 22:54:19,312] {taskinstance.py:1017} INFO - 
--------------------------------------------------------------------------------
[2021-01-14 22:54:19,312] {taskinstance.py:1018} INFO - Starting attempt 1 of 1
[2021-01-14 22:54:19,312] {taskinstance.py:1019} INFO - 
--------------------------------------------------------------------------------
[2021-01-14 22:54:19,318] {taskinstance.py:1038} INFO - Executing <Task(BashOperator): apple_price_analyzer> on 2021-01-15T06:54:09.421064+00:00
[2021-01-14 22:54:19,320] {standard_task_runner.py:51} INFO - Started process 73812 to run task
[2021-01-14 22:54:19,326] {standard_task_runner.py:75} INFO - Running: ['airflow', 'tasks', 'run', 'MarketVol', 'apple_price_analyzer', '2021-01-15T06:54:09.421064+00:00', '--job-id', '162', '--pool', 'default_pool', '--raw', '--subdir', 'DAGS_FOLDER/stock_dags.py', '--cfg-path', '/var/folders/hy/5f75_vt15hb_bfkv9vvnx5sw0000gn/T/tmpg5bycnh7']
[2021-01-14 22:54:19,328] {standard_task_runner.py:76} INFO - Job 162: Subtask apple_price_analyzer
[2021-01-14 22:54:19,358] {logging_mixin.py:103} INFO - Running <TaskInstance: MarketVol.apple_price_analyzer 2021-01-15T06:54:09.421064+00:00 [running]> on host 1.0.0.0.0.0.0.0.0.0.0.0.0.0.0.0.0.0.0.0.0.0.0.0.0.0.0.0.0.0.0.0.ip6.arpa
[2021-01-14 22:54:19,379] {taskinstance.py:1232} INFO - Exporting the following env vars:
AIRFLOW_CTX_DAG_OWNER=airflow
AIRFLOW_CTX_DAG_ID=MarketVol
AIRFLOW_CTX_TASK_ID=apple_price_analyzer
AIRFLOW_CTX_EXECUTION_DATE=2021-01-15T06:54:09.421064+00:00
AIRFLOW_CTX_DAG_RUN_ID=manual__2021-01-15T06:54:09.421064+00:00
[2021-01-14 22:54:19,380] {bash.py:135} INFO - Tmp dir root location: 
 /var/folders/hy/5f75_vt15hb_bfkv9vvnx5sw0000gn/T
[2021-01-14 22:54:19,380] {bash.py:158} INFO - Running command: python /Users/chowli/Documents/Springboard_DE/Projects/mini-projects/Airflow/marketvol/airflow/script/analyze.py --symbol AAPL
[2021-01-14 22:54:19,387] {bash.py:169} INFO - Output:
[2021-01-14 22:54:19,830] {bash.py:173} INFO -                     Datetime        Open  ...   Adj Close   Volume
[2021-01-14 22:54:19,831] {bash.py:173} INFO - 0  2021-01-14 09:30:00-05:00  130.500000  ...  130.406006  2665193
[2021-01-14 22:54:19,831] {bash.py:173} INFO - 1  2021-01-14 09:31:00-05:00  130.324005  ...  130.259995   478121
[2021-01-14 22:54:19,831] {bash.py:173} INFO - 2  2021-01-14 09:32:00-05:00  130.240005  ...  130.398499   481654
[2021-01-14 22:54:19,832] {bash.py:173} INFO - 3  2021-01-14 09:33:00-05:00  130.380005  ...  130.588501   368445
[2021-01-14 22:54:19,832] {bash.py:173} INFO - 4  2021-01-14 09:34:00-05:00  130.589996  ...  130.419998   394137
[2021-01-14 22:54:19,832] {bash.py:173} INFO - 
[2021-01-14 22:54:19,832] {bash.py:173} INFO - [5 rows x 7 columns]
[2021-01-14 22:54:19,874] {bash.py:177} INFO - Command exited with return code 0
[2021-01-14 22:54:19,896] {taskinstance.py:1142} INFO - Marking task as SUCCESS. dag_id=MarketVol, task_id=apple_price_analyzer, execution_date=20210115T065409, start_date=20210115T065419, end_date=20210115T065419
[2021-01-14 22:54:19,911] {taskinstance.py:1195} INFO - 0 downstream tasks scheduled from follow-on schedule check
[2021-01-14 22:54:19,933] {local_task_job.py:118} INFO - Task exited with return code 0
