[2021-01-11 23:00:04,870] {taskinstance.py:826} INFO - Dependencies all met for <TaskInstance: MarketVol.download_telsa_price 2021-01-12T06:00:00+00:00 [queued]>
[2021-01-11 23:00:04,877] {taskinstance.py:826} INFO - Dependencies all met for <TaskInstance: MarketVol.download_telsa_price 2021-01-12T06:00:00+00:00 [queued]>
[2021-01-11 23:00:04,877] {taskinstance.py:1017} INFO - 
--------------------------------------------------------------------------------
[2021-01-11 23:00:04,877] {taskinstance.py:1018} INFO - Starting attempt 1 of 4
[2021-01-11 23:00:04,877] {taskinstance.py:1019} INFO - 
--------------------------------------------------------------------------------
[2021-01-11 23:00:04,884] {taskinstance.py:1038} INFO - Executing <Task(PythonOperator): download_telsa_price> on 2021-01-12T06:00:00+00:00
[2021-01-11 23:00:04,887] {standard_task_runner.py:51} INFO - Started process 75574 to run task
[2021-01-11 23:00:04,894] {standard_task_runner.py:75} INFO - Running: ['airflow', 'tasks', 'run', 'MarketVol', 'download_telsa_price', '2021-01-12T06:00:00+00:00', '--job-id', '63', '--pool', 'default_pool', '--raw', '--subdir', 'DAGS_FOLDER/stock_dags.py', '--cfg-path', '/var/folders/hy/5f75_vt15hb_bfkv9vvnx5sw0000gn/T/tmpxa0ev4cn']
[2021-01-11 23:00:04,896] {standard_task_runner.py:76} INFO - Job 63: Subtask download_telsa_price
[2021-01-11 23:00:04,941] {logging_mixin.py:103} INFO - Running <TaskInstance: MarketVol.download_telsa_price 2021-01-12T06:00:00+00:00 [running]> on host 1.0.0.0.0.0.0.0.0.0.0.0.0.0.0.0.0.0.0.0.0.0.0.0.0.0.0.0.0.0.0.0.ip6.arpa
[2021-01-11 23:00:04,976] {taskinstance.py:1232} INFO - Exporting the following env vars:
AIRFLOW_CTX_DAG_OWNER=airflow
AIRFLOW_CTX_DAG_ID=MarketVol
AIRFLOW_CTX_TASK_ID=download_telsa_price
AIRFLOW_CTX_EXECUTION_DATE=2021-01-12T06:00:00+00:00
AIRFLOW_CTX_DAG_RUN_ID=scheduled__2021-01-12T06:00:00+00:00
[2021-01-11 23:00:04,977] {logging_mixin.py:103} INFO - 2021-01-11
[2021-01-11 23:00:04,977] {logging_mixin.py:103} INFO - 2021-01-12
[2021-01-11 23:00:05,202] {logging_mixin.py:103} INFO - [*********************100%***********************]  1 of 1 completed
[2021-01-11 23:00:05,203] {logging_mixin.py:103} INFO - 
[2021-01-11 23:00:05,224] {python.py:118} INFO - Done. Returned value was: None
[2021-01-11 23:00:05,229] {taskinstance.py:1142} INFO - Marking task as SUCCESS. dag_id=MarketVol, task_id=download_telsa_price, execution_date=20210112T060000, start_date=20210112T070004, end_date=20210112T070005
[2021-01-11 23:00:05,249] {taskinstance.py:1195} INFO - 1 downstream tasks scheduled from follow-on schedule check
[2021-01-11 23:00:05,290] {local_task_job.py:118} INFO - Task exited with return code 0
