[2021-01-11 18:16:39,266] {taskinstance.py:826} INFO - Dependencies all met for <TaskInstance: MarketVol.download_apple_price 2021-01-12T02:16:11.900424+00:00 [queued]>
[2021-01-11 18:16:39,272] {taskinstance.py:826} INFO - Dependencies all met for <TaskInstance: MarketVol.download_apple_price 2021-01-12T02:16:11.900424+00:00 [queued]>
[2021-01-11 18:16:39,272] {taskinstance.py:1017} INFO - 
--------------------------------------------------------------------------------
[2021-01-11 18:16:39,272] {taskinstance.py:1018} INFO - Starting attempt 4 of 4
[2021-01-11 18:16:39,272] {taskinstance.py:1019} INFO - 
--------------------------------------------------------------------------------
[2021-01-11 18:16:39,279] {taskinstance.py:1038} INFO - Executing <Task(PythonOperator): download_apple_price> on 2021-01-12T02:16:11.900424+00:00
[2021-01-11 18:16:39,281] {standard_task_runner.py:51} INFO - Started process 54988 to run task
[2021-01-11 18:16:39,287] {standard_task_runner.py:75} INFO - Running: ['airflow', 'tasks', 'run', 'MarketVol', 'download_apple_price', '2021-01-12T02:16:11.900424+00:00', '--job-id', '11', '--pool', 'default_pool', '--raw', '--subdir', 'DAGS_FOLDER/stock_dags.py', '--cfg-path', '/var/folders/hy/5f75_vt15hb_bfkv9vvnx5sw0000gn/T/tmp1tvn3i00']
[2021-01-11 18:16:39,289] {standard_task_runner.py:76} INFO - Job 11: Subtask download_apple_price
[2021-01-11 18:16:39,320] {logging_mixin.py:103} INFO - Running <TaskInstance: MarketVol.download_apple_price 2021-01-12T02:16:11.900424+00:00 [running]> on host 1.0.0.0.0.0.0.0.0.0.0.0.0.0.0.0.0.0.0.0.0.0.0.0.0.0.0.0.0.0.0.0.ip6.arpa
[2021-01-11 18:16:39,345] {taskinstance.py:1232} INFO - Exporting the following env vars:
AIRFLOW_CTX_DAG_OWNER=airflow
AIRFLOW_CTX_DAG_ID=MarketVol
AIRFLOW_CTX_TASK_ID=download_apple_price
AIRFLOW_CTX_EXECUTION_DATE=2021-01-12T02:16:11.900424+00:00
AIRFLOW_CTX_DAG_RUN_ID=manual__2021-01-12T02:16:11.900424+00:00
[2021-01-11 18:16:39,346] {logging_mixin.py:103} INFO - 2021-01-11
[2021-01-11 18:16:39,346] {logging_mixin.py:103} INFO - 2021-01-12
[2021-01-11 18:16:39,540] {logging_mixin.py:103} INFO - [*********************100%***********************]  1 of 1 completed
[2021-01-11 18:16:39,541] {logging_mixin.py:103} INFO - 
[2021-01-11 18:16:39,542] {taskinstance.py:1396} ERROR - 'AIRFLOW_HOME'
Traceback (most recent call last):
  File "/Users/chowli/.local/share/virtualenvs/marketvol-WbDfdy4N/lib/python3.7/site-packages/airflow/models/taskinstance.py", line 1086, in _run_raw_task
    self._prepare_and_execute_task_with_callbacks(context, task)
  File "/Users/chowli/.local/share/virtualenvs/marketvol-WbDfdy4N/lib/python3.7/site-packages/airflow/models/taskinstance.py", line 1260, in _prepare_and_execute_task_with_callbacks
    result = self._execute_task(context, task_copy)
  File "/Users/chowli/.local/share/virtualenvs/marketvol-WbDfdy4N/lib/python3.7/site-packages/airflow/models/taskinstance.py", line 1300, in _execute_task
    result = task_copy.execute(context=context)
  File "/Users/chowli/.local/share/virtualenvs/marketvol-WbDfdy4N/lib/python3.7/site-packages/airflow/operators/python.py", line 117, in execute
    return_value = self.execute_callable()
  File "/Users/chowli/.local/share/virtualenvs/marketvol-WbDfdy4N/lib/python3.7/site-packages/airflow/operators/python.py", line 128, in execute_callable
    return self.python_callable(*self.op_args, **self.op_kwargs)
  File "/Users/chowli/Documents/Springboard_DE/Projects/mini-projects/Airflow/marketvol/airflow/dags/stock_dags.py", line 32, in fetch_price
    "${AIRFLOW_HOME}/tmp/data/{}/{}.csv".format(start_date, kwargs['ticker']))
KeyError: 'AIRFLOW_HOME'
[2021-01-11 18:16:39,545] {taskinstance.py:1440} INFO - Marking task as FAILED. dag_id=MarketVol, task_id=download_apple_price, execution_date=20210112T021611, start_date=20210112T021639, end_date=20210112T021639
[2021-01-11 18:16:39,593] {local_task_job.py:118} INFO - Task exited with return code 1
