[2021-01-13 17:28:56,824] {taskinstance.py:826} INFO - Dependencies all met for <TaskInstance: MarketVol.download_apple_price 2021-01-14T01:28:50.992908+00:00 [queued]>
[2021-01-13 17:28:56,830] {taskinstance.py:826} INFO - Dependencies all met for <TaskInstance: MarketVol.download_apple_price 2021-01-14T01:28:50.992908+00:00 [queued]>
[2021-01-13 17:28:56,830] {taskinstance.py:1017} INFO - 
--------------------------------------------------------------------------------
[2021-01-13 17:28:56,830] {taskinstance.py:1018} INFO - Starting attempt 1 of 4
[2021-01-13 17:28:56,830] {taskinstance.py:1019} INFO - 
--------------------------------------------------------------------------------
[2021-01-13 17:28:56,837] {taskinstance.py:1038} INFO - Executing <Task(PythonOperator): download_apple_price> on 2021-01-14T01:28:50.992908+00:00
[2021-01-13 17:28:56,839] {standard_task_runner.py:51} INFO - Started process 6420 to run task
[2021-01-13 17:28:56,845] {standard_task_runner.py:75} INFO - Running: ['airflow', 'tasks', 'run', 'MarketVol', 'download_apple_price', '2021-01-14T01:28:50.992908+00:00', '--job-id', '117', '--pool', 'default_pool', '--raw', '--subdir', 'DAGS_FOLDER/stock_dags.py', '--cfg-path', '/var/folders/hy/5f75_vt15hb_bfkv9vvnx5sw0000gn/T/tmpd32aqk0x']
[2021-01-13 17:28:56,847] {standard_task_runner.py:76} INFO - Job 117: Subtask download_apple_price
[2021-01-13 17:28:56,877] {logging_mixin.py:103} INFO - Running <TaskInstance: MarketVol.download_apple_price 2021-01-14T01:28:50.992908+00:00 [running]> on host 1.0.0.0.0.0.0.0.0.0.0.0.0.0.0.0.0.0.0.0.0.0.0.0.0.0.0.0.0.0.0.0.ip6.arpa
[2021-01-13 17:28:56,900] {taskinstance.py:1232} INFO - Exporting the following env vars:
AIRFLOW_CTX_DAG_OWNER=airflow
AIRFLOW_CTX_DAG_ID=MarketVol
AIRFLOW_CTX_TASK_ID=download_apple_price
AIRFLOW_CTX_EXECUTION_DATE=2021-01-14T01:28:50.992908+00:00
AIRFLOW_CTX_DAG_RUN_ID=manual__2021-01-14T01:28:50.992908+00:00
[2021-01-13 17:28:56,901] {logging_mixin.py:103} INFO - 2021-01-13
[2021-01-13 17:28:56,902] {logging_mixin.py:103} INFO - 2021-01-14
[2021-01-13 17:28:57,129] {logging_mixin.py:103} INFO - [*********************100%***********************]  1 of 1 completed
[2021-01-13 17:28:57,130] {logging_mixin.py:103} INFO - 
[2021-01-13 17:28:57,145] {python.py:118} INFO - Done. Returned value was: None
[2021-01-13 17:28:57,149] {taskinstance.py:1142} INFO - Marking task as SUCCESS. dag_id=MarketVol, task_id=download_apple_price, execution_date=20210114T012850, start_date=20210114T012856, end_date=20210114T012857
[2021-01-13 17:28:57,163] {taskinstance.py:1195} INFO - 1 downstream tasks scheduled from follow-on schedule check
[2021-01-13 17:28:57,202] {local_task_job.py:118} INFO - Task exited with return code 0
