[2021-01-11 20:01:26,415] {taskinstance.py:826} INFO - Dependencies all met for <TaskInstance: MarketVol.apple_price_analyzer 2021-01-12T03:00:00+00:00 [queued]>
[2021-01-11 20:01:26,421] {taskinstance.py:826} INFO - Dependencies all met for <TaskInstance: MarketVol.apple_price_analyzer 2021-01-12T03:00:00+00:00 [queued]>
[2021-01-11 20:01:26,421] {taskinstance.py:1017} INFO - 
--------------------------------------------------------------------------------
[2021-01-11 20:01:26,421] {taskinstance.py:1018} INFO - Starting attempt 1 of 1
[2021-01-11 20:01:26,421] {taskinstance.py:1019} INFO - 
--------------------------------------------------------------------------------
[2021-01-11 20:01:26,428] {taskinstance.py:1038} INFO - Executing <Task(BashOperator): apple_price_analyzer> on 2021-01-12T03:00:00+00:00
[2021-01-11 20:01:26,430] {standard_task_runner.py:51} INFO - Started process 63271 to run task
[2021-01-11 20:01:26,437] {standard_task_runner.py:75} INFO - Running: ['airflow', 'tasks', 'run', 'MarketVol', 'apple_price_analyzer', '2021-01-12T03:00:00+00:00', '--job-id', '51', '--pool', 'default_pool', '--raw', '--subdir', 'DAGS_FOLDER/stock_dags.py', '--cfg-path', '/var/folders/hy/5f75_vt15hb_bfkv9vvnx5sw0000gn/T/tmpxxwwh_14']
[2021-01-11 20:01:26,439] {standard_task_runner.py:76} INFO - Job 51: Subtask apple_price_analyzer
[2021-01-11 20:01:26,476] {logging_mixin.py:103} INFO - Running <TaskInstance: MarketVol.apple_price_analyzer 2021-01-12T03:00:00+00:00 [running]> on host 1.0.0.0.0.0.0.0.0.0.0.0.0.0.0.0.0.0.0.0.0.0.0.0.0.0.0.0.0.0.0.0.ip6.arpa
[2021-01-11 20:01:26,508] {taskinstance.py:1232} INFO - Exporting the following env vars:
AIRFLOW_CTX_DAG_OWNER=airflow
AIRFLOW_CTX_DAG_ID=MarketVol
AIRFLOW_CTX_TASK_ID=apple_price_analyzer
AIRFLOW_CTX_EXECUTION_DATE=2021-01-12T03:00:00+00:00
AIRFLOW_CTX_DAG_RUN_ID=scheduled__2021-01-12T03:00:00+00:00
[2021-01-11 20:01:26,508] {bash.py:135} INFO - Tmp dir root location: 
 /var/folders/hy/5f75_vt15hb_bfkv9vvnx5sw0000gn/T
[2021-01-11 20:01:26,509] {bash.py:158} INFO - Running command: python /Users/chowli/Documents/Springboard_DE/Projects/mini-projects/Airflow/marketvol/airflow/script/analyze.py --symbol AAPL
[2021-01-11 20:01:26,516] {bash.py:169} INFO - Output:
[2021-01-11 20:01:26,994] {bash.py:173} INFO -                     Datetime        Open  ...   Adj Close   Volume
[2021-01-11 20:01:26,994] {bash.py:173} INFO - 0  2021-01-11 09:30:00-05:00  129.190002  ...  128.909897  6021983
[2021-01-11 20:01:26,995] {bash.py:173} INFO - 1  2021-01-11 09:31:00-05:00  128.909897  ...  128.955002   823462
[2021-01-11 20:01:26,995] {bash.py:173} INFO - 2  2021-01-11 09:32:00-05:00  128.960007  ...  129.320007   825602
[2021-01-11 20:01:26,995] {bash.py:173} INFO - 3  2021-01-11 09:33:00-05:00  129.320007  ...  129.174698   772298
[2021-01-11 20:01:26,996] {bash.py:173} INFO - 4  2021-01-11 09:34:00-05:00  128.839905  ...  128.729996   638774
[2021-01-11 20:01:26,996] {bash.py:173} INFO - 
[2021-01-11 20:01:26,996] {bash.py:173} INFO - [5 rows x 7 columns]
[2021-01-11 20:01:27,041] {bash.py:177} INFO - Command exited with return code 0
[2021-01-11 20:01:27,062] {taskinstance.py:1142} INFO - Marking task as SUCCESS. dag_id=MarketVol, task_id=apple_price_analyzer, execution_date=20210112T030000, start_date=20210112T040126, end_date=20210112T040127
[2021-01-11 20:01:27,078] {taskinstance.py:1195} INFO - 0 downstream tasks scheduled from follow-on schedule check
[2021-01-11 20:01:27,117] {local_task_job.py:118} INFO - Task exited with return code 0
