[2021-01-13 17:28:58,766] {taskinstance.py:826} INFO - Dependencies all met for <TaskInstance: MarketVol.tesla_price_analyzer 2021-01-14T01:28:50.992908+00:00 [queued]>
[2021-01-13 17:28:58,771] {taskinstance.py:826} INFO - Dependencies all met for <TaskInstance: MarketVol.tesla_price_analyzer 2021-01-14T01:28:50.992908+00:00 [queued]>
[2021-01-13 17:28:58,771] {taskinstance.py:1017} INFO - 
--------------------------------------------------------------------------------
[2021-01-13 17:28:58,772] {taskinstance.py:1018} INFO - Starting attempt 1 of 1
[2021-01-13 17:28:58,772] {taskinstance.py:1019} INFO - 
--------------------------------------------------------------------------------
[2021-01-13 17:28:58,778] {taskinstance.py:1038} INFO - Executing <Task(BashOperator): tesla_price_analyzer> on 2021-01-14T01:28:50.992908+00:00
[2021-01-13 17:28:58,780] {standard_task_runner.py:51} INFO - Started process 6425 to run task
[2021-01-13 17:28:58,787] {standard_task_runner.py:75} INFO - Running: ['airflow', 'tasks', 'run', 'MarketVol', 'tesla_price_analyzer', '2021-01-14T01:28:50.992908+00:00', '--job-id', '118', '--pool', 'default_pool', '--raw', '--subdir', 'DAGS_FOLDER/stock_dags.py', '--cfg-path', '/var/folders/hy/5f75_vt15hb_bfkv9vvnx5sw0000gn/T/tmp_aj4hnbv']
[2021-01-13 17:28:58,788] {standard_task_runner.py:76} INFO - Job 118: Subtask tesla_price_analyzer
[2021-01-13 17:28:58,817] {logging_mixin.py:103} INFO - Running <TaskInstance: MarketVol.tesla_price_analyzer 2021-01-14T01:28:50.992908+00:00 [running]> on host 1.0.0.0.0.0.0.0.0.0.0.0.0.0.0.0.0.0.0.0.0.0.0.0.0.0.0.0.0.0.0.0.ip6.arpa
[2021-01-13 17:28:58,839] {taskinstance.py:1232} INFO - Exporting the following env vars:
AIRFLOW_CTX_DAG_OWNER=airflow
AIRFLOW_CTX_DAG_ID=MarketVol
AIRFLOW_CTX_TASK_ID=tesla_price_analyzer
AIRFLOW_CTX_EXECUTION_DATE=2021-01-14T01:28:50.992908+00:00
AIRFLOW_CTX_DAG_RUN_ID=manual__2021-01-14T01:28:50.992908+00:00
[2021-01-13 17:28:58,839] {bash.py:135} INFO - Tmp dir root location: 
 /var/folders/hy/5f75_vt15hb_bfkv9vvnx5sw0000gn/T
[2021-01-13 17:28:58,840] {bash.py:158} INFO - Running command: python /Users/chowli/Documents/Springboard_DE/Projects/mini-projects/Airflow/marketvol/airflow/script/analyze.py --symbol TSLA
[2021-01-13 17:28:58,846] {bash.py:169} INFO - Output:
[2021-01-13 17:28:59,306] {bash.py:173} INFO -                     Datetime        Open  ...   Adj Close   Volume
[2021-01-13 17:28:59,306] {bash.py:173} INFO - 0  2021-01-13 09:30:00-05:00  857.000000  ...  856.659973  1367916
[2021-01-13 17:28:59,306] {bash.py:173} INFO - 1  2021-01-13 09:31:00-05:00  857.299988  ...  859.669983   305989
[2021-01-13 17:28:59,307] {bash.py:173} INFO - 2  2021-01-13 09:32:00-05:00  859.000000  ...  858.000000   219409
[2021-01-13 17:28:59,307] {bash.py:173} INFO - 3  2021-01-13 09:33:00-05:00  858.196472  ...  856.885010   192324
[2021-01-13 17:28:59,307] {bash.py:173} INFO - 4  2021-01-13 09:34:00-05:00  856.924988  ...  856.830017   143001
[2021-01-13 17:28:59,308] {bash.py:173} INFO - 
[2021-01-13 17:28:59,308] {bash.py:173} INFO - [5 rows x 7 columns]
[2021-01-13 17:28:59,352] {bash.py:177} INFO - Command exited with return code 0
[2021-01-13 17:28:59,370] {taskinstance.py:1142} INFO - Marking task as SUCCESS. dag_id=MarketVol, task_id=tesla_price_analyzer, execution_date=20210114T012850, start_date=20210114T012858, end_date=20210114T012859
[2021-01-13 17:28:59,384] {taskinstance.py:1195} INFO - 0 downstream tasks scheduled from follow-on schedule check
[2021-01-13 17:28:59,394] {local_task_job.py:118} INFO - Task exited with return code 0
