[2021-01-21 06:22:54,547] {{taskinstance.py:655}} INFO - Dependencies all met for <TaskInstance: MarketVol.tesla_price_analyzer 2021-01-20T02:30:00+00:00 [queued]>
[2021-01-21 06:22:54,560] {{taskinstance.py:655}} INFO - Dependencies all met for <TaskInstance: MarketVol.tesla_price_analyzer 2021-01-20T02:30:00+00:00 [queued]>
[2021-01-21 06:22:54,561] {{taskinstance.py:866}} INFO - 
--------------------------------------------------------------------------------
[2021-01-21 06:22:54,563] {{taskinstance.py:867}} INFO - Starting attempt 1 of 1
[2021-01-21 06:22:54,564] {{taskinstance.py:868}} INFO - 
--------------------------------------------------------------------------------
[2021-01-21 06:22:54,576] {{taskinstance.py:887}} INFO - Executing <Task(BashOperator): tesla_price_analyzer> on 2021-01-20T02:30:00+00:00
[2021-01-21 06:22:54,580] {{standard_task_runner.py:53}} INFO - Started process 259 to run task
[2021-01-21 06:22:54,642] {{logging_mixin.py:112}} INFO - Running %s on host %s <TaskInstance: MarketVol.tesla_price_analyzer 2021-01-20T02:30:00+00:00 [running]> 99b7c767768b
[2021-01-21 06:22:54,658] {{bash_operator.py:82}} INFO - Tmp dir root location: 
 /tmp
[2021-01-21 06:22:54,660] {{bash_operator.py:105}} INFO - Temporary script location: /tmp/airflowtmp_lwukzh7/tesla_price_analyzerqtht97n5
[2021-01-21 06:22:54,661] {{bash_operator.py:115}} INFO - Running command: python /usr/local/airflow/script/stock_analyzer.py --symbol TSLA
[2021-01-21 06:22:54,675] {{bash_operator.py:122}} INFO - Output:
[2021-01-21 06:22:55,088] {{bash_operator.py:126}} INFO - /usr/local/airflow/tmp/data/2021-01-21
[2021-01-21 06:22:55,089] {{bash_operator.py:126}} INFO - Empty DataFrame
[2021-01-21 06:22:55,089] {{bash_operator.py:126}} INFO - Columns: [Date, Open, High, Low, Close, Adj Close, Volume]
[2021-01-21 06:22:55,090] {{bash_operator.py:126}} INFO - Index: []
[2021-01-21 06:22:55,140] {{bash_operator.py:130}} INFO - Command exited with return code 0
[2021-01-21 06:22:55,147] {{taskinstance.py:1048}} INFO - Marking task as SUCCESS.dag_id=MarketVol, task_id=tesla_price_analyzer, execution_date=20210120T023000, start_date=20210121T062254, end_date=20210121T062255
[2021-01-21 06:23:04,527] {{logging_mixin.py:112}} INFO - [2021-01-21 06:23:04,526] {{local_task_job.py:103}} INFO - Task exited with return code 0
