[2021-01-13 17:29:00,818] {taskinstance.py:826} INFO - Dependencies all met for <TaskInstance: MarketVol.apple_price_analyzer 2021-01-14T01:28:50.992908+00:00 [queued]>
[2021-01-13 17:29:00,824] {taskinstance.py:826} INFO - Dependencies all met for <TaskInstance: MarketVol.apple_price_analyzer 2021-01-14T01:28:50.992908+00:00 [queued]>
[2021-01-13 17:29:00,825] {taskinstance.py:1017} INFO - 
--------------------------------------------------------------------------------
[2021-01-13 17:29:00,825] {taskinstance.py:1018} INFO - Starting attempt 1 of 1
[2021-01-13 17:29:00,825] {taskinstance.py:1019} INFO - 
--------------------------------------------------------------------------------
[2021-01-13 17:29:00,830] {taskinstance.py:1038} INFO - Executing <Task(BashOperator): apple_price_analyzer> on 2021-01-14T01:28:50.992908+00:00
[2021-01-13 17:29:00,832] {standard_task_runner.py:51} INFO - Started process 6430 to run task
[2021-01-13 17:29:00,838] {standard_task_runner.py:75} INFO - Running: ['airflow', 'tasks', 'run', 'MarketVol', 'apple_price_analyzer', '2021-01-14T01:28:50.992908+00:00', '--job-id', '119', '--pool', 'default_pool', '--raw', '--subdir', 'DAGS_FOLDER/stock_dags.py', '--cfg-path', '/var/folders/hy/5f75_vt15hb_bfkv9vvnx5sw0000gn/T/tmp3tosazpb']
[2021-01-13 17:29:00,840] {standard_task_runner.py:76} INFO - Job 119: Subtask apple_price_analyzer
[2021-01-13 17:29:00,869] {logging_mixin.py:103} INFO - Running <TaskInstance: MarketVol.apple_price_analyzer 2021-01-14T01:28:50.992908+00:00 [running]> on host 1.0.0.0.0.0.0.0.0.0.0.0.0.0.0.0.0.0.0.0.0.0.0.0.0.0.0.0.0.0.0.0.ip6.arpa
[2021-01-13 17:29:00,892] {taskinstance.py:1232} INFO - Exporting the following env vars:
AIRFLOW_CTX_DAG_OWNER=airflow
AIRFLOW_CTX_DAG_ID=MarketVol
AIRFLOW_CTX_TASK_ID=apple_price_analyzer
AIRFLOW_CTX_EXECUTION_DATE=2021-01-14T01:28:50.992908+00:00
AIRFLOW_CTX_DAG_RUN_ID=manual__2021-01-14T01:28:50.992908+00:00
[2021-01-13 17:29:00,893] {bash.py:135} INFO - Tmp dir root location: 
 /var/folders/hy/5f75_vt15hb_bfkv9vvnx5sw0000gn/T
[2021-01-13 17:29:00,894] {bash.py:158} INFO - Running command: python /Users/chowli/Documents/Springboard_DE/Projects/mini-projects/Airflow/marketvol/airflow/script/analyze.py --symbol AAPL
[2021-01-13 17:29:00,900] {bash.py:169} INFO - Output:
[2021-01-13 17:29:01,345] {bash.py:173} INFO -                     Datetime        Open  ...   Adj Close   Volume
[2021-01-13 17:29:01,346] {bash.py:173} INFO - 0  2021-01-13 09:30:00-05:00  128.931702  ...  128.949997  3276840
[2021-01-13 17:29:01,346] {bash.py:173} INFO - 1  2021-01-13 09:31:00-05:00  129.017593  ...  129.069504   469949
[2021-01-13 17:29:01,346] {bash.py:173} INFO - 2  2021-01-13 09:32:00-05:00  129.061493  ...  129.029999   433019
[2021-01-13 17:29:01,347] {bash.py:173} INFO - 3  2021-01-13 09:33:00-05:00  129.029999  ...  129.270004   479657
[2021-01-13 17:29:01,347] {bash.py:173} INFO - 4  2021-01-13 09:34:00-05:00  129.270004  ...  129.285995   455705
[2021-01-13 17:29:01,347] {bash.py:173} INFO - 
[2021-01-13 17:29:01,348] {bash.py:173} INFO - [5 rows x 7 columns]
[2021-01-13 17:29:01,390] {bash.py:177} INFO - Command exited with return code 0
[2021-01-13 17:29:01,412] {taskinstance.py:1142} INFO - Marking task as SUCCESS. dag_id=MarketVol, task_id=apple_price_analyzer, execution_date=20210114T012850, start_date=20210114T012900, end_date=20210114T012901
[2021-01-13 17:29:01,425] {taskinstance.py:1195} INFO - 0 downstream tasks scheduled from follow-on schedule check
[2021-01-13 17:29:01,436] {local_task_job.py:118} INFO - Task exited with return code 0
