[2021-01-21 06:29:55,065] {{taskinstance.py:655}} INFO - Dependencies all met for <TaskInstance: MarketVol.download_telsa_price 2021-01-21T06:29:34.322512+00:00 [queued]>
[2021-01-21 06:29:55,076] {{taskinstance.py:655}} INFO - Dependencies all met for <TaskInstance: MarketVol.download_telsa_price 2021-01-21T06:29:34.322512+00:00 [queued]>
[2021-01-21 06:29:55,077] {{taskinstance.py:866}} INFO - 
--------------------------------------------------------------------------------
[2021-01-21 06:29:55,078] {{taskinstance.py:867}} INFO - Starting attempt 1 of 4
[2021-01-21 06:29:55,079] {{taskinstance.py:868}} INFO - 
--------------------------------------------------------------------------------
[2021-01-21 06:29:55,087] {{taskinstance.py:887}} INFO - Executing <Task(PythonOperator): download_telsa_price> on 2021-01-21T06:29:34.322512+00:00
[2021-01-21 06:29:55,090] {{standard_task_runner.py:53}} INFO - Started process 539 to run task
[2021-01-21 06:29:55,140] {{logging_mixin.py:112}} INFO - Running %s on host %s <TaskInstance: MarketVol.download_telsa_price 2021-01-21T06:29:34.322512+00:00 [running]> 99b7c767768b
[2021-01-21 06:29:55,154] {{logging_mixin.py:112}} INFO - 2021-01-21
[2021-01-21 06:29:55,156] {{logging_mixin.py:112}} INFO - 2021-01-22
[2021-01-21 06:29:55,311] {{logging_mixin.py:112}} INFO - [*********************100%***********************]  1 of 1 completed
[2021-01-21 06:29:55,313] {{logging_mixin.py:112}} INFO - 
[2021-01-21 06:29:55,314] {{logging_mixin.py:112}} INFO - 
1 Failed download:
[2021-01-21 06:29:55,315] {{logging_mixin.py:112}} INFO - - TSLA: No data found for this date range, symbol may be delisted
[2021-01-21 06:29:55,329] {{python_operator.py:114}} INFO - Done. Returned value was: None
[2021-01-21 06:29:55,336] {{taskinstance.py:1048}} INFO - Marking task as SUCCESS.dag_id=MarketVol, task_id=download_telsa_price, execution_date=20210121T062934, start_date=20210121T062955, end_date=20210121T062955
[2021-01-21 06:30:05,056] {{logging_mixin.py:112}} INFO - [2021-01-21 06:30:05,056] {{local_task_job.py:103}} INFO - Task exited with return code 0
