[2021-01-21 06:38:09,445] {{taskinstance.py:655}} INFO - Dependencies all met for <TaskInstance: MarketVol.tesla_price_analyzer 2021-01-21T06:37:24.920588+00:00 [queued]>
[2021-01-21 06:38:09,458] {{taskinstance.py:655}} INFO - Dependencies all met for <TaskInstance: MarketVol.tesla_price_analyzer 2021-01-21T06:37:24.920588+00:00 [queued]>
[2021-01-21 06:38:09,460] {{taskinstance.py:866}} INFO - 
--------------------------------------------------------------------------------
[2021-01-21 06:38:09,461] {{taskinstance.py:867}} INFO - Starting attempt 1 of 1
[2021-01-21 06:38:09,462] {{taskinstance.py:868}} INFO - 
--------------------------------------------------------------------------------
[2021-01-21 06:38:09,469] {{taskinstance.py:887}} INFO - Executing <Task(BashOperator): tesla_price_analyzer> on 2021-01-21T06:37:24.920588+00:00
[2021-01-21 06:38:09,473] {{standard_task_runner.py:53}} INFO - Started process 880 to run task
[2021-01-21 06:38:09,519] {{logging_mixin.py:112}} INFO - Running %s on host %s <TaskInstance: MarketVol.tesla_price_analyzer 2021-01-21T06:37:24.920588+00:00 [running]> 99b7c767768b
[2021-01-21 06:38:09,536] {{bash_operator.py:82}} INFO - Tmp dir root location: 
 /tmp
[2021-01-21 06:38:09,538] {{bash_operator.py:105}} INFO - Temporary script location: /tmp/airflowtmpksus6rlf/tesla_price_analyzerd610vmlh
[2021-01-21 06:38:09,539] {{bash_operator.py:115}} INFO - Running command: python ${AIRFLOW_HOME}/script/stock_analyzer.py --symbol TSLA
[2021-01-21 06:38:09,548] {{bash_operator.py:122}} INFO - Output:
[2021-01-21 06:38:09,920] {{bash_operator.py:126}} INFO - /usr/local/airflow/tmp/data/2021-01-21
[2021-01-21 06:38:09,921] {{bash_operator.py:126}} INFO - Empty DataFrame
[2021-01-21 06:38:09,922] {{bash_operator.py:126}} INFO - Columns: [Date, Open, High, Low, Close, Adj Close, Volume]
[2021-01-21 06:38:09,922] {{bash_operator.py:126}} INFO - Index: []
[2021-01-21 06:38:09,967] {{bash_operator.py:130}} INFO - Command exited with return code 0
[2021-01-21 06:38:09,978] {{taskinstance.py:1048}} INFO - Marking task as SUCCESS.dag_id=MarketVol, task_id=tesla_price_analyzer, execution_date=20210121T063724, start_date=20210121T063809, end_date=20210121T063809
[2021-01-21 06:38:19,440] {{logging_mixin.py:112}} INFO - [2021-01-21 06:38:19,440] {{local_task_job.py:103}} INFO - Task exited with return code 0
