[2021-01-21 06:30:21,538] {{taskinstance.py:655}} INFO - Dependencies all met for <TaskInstance: MarketVol.tesla_price_analyzer 2021-01-21T06:29:34.322512+00:00 [queued]>
[2021-01-21 06:30:21,549] {{taskinstance.py:655}} INFO - Dependencies all met for <TaskInstance: MarketVol.tesla_price_analyzer 2021-01-21T06:29:34.322512+00:00 [queued]>
[2021-01-21 06:30:21,550] {{taskinstance.py:866}} INFO - 
--------------------------------------------------------------------------------
[2021-01-21 06:30:21,551] {{taskinstance.py:867}} INFO - Starting attempt 1 of 1
[2021-01-21 06:30:21,552] {{taskinstance.py:868}} INFO - 
--------------------------------------------------------------------------------
[2021-01-21 06:30:21,559] {{taskinstance.py:887}} INFO - Executing <Task(BashOperator): tesla_price_analyzer> on 2021-01-21T06:29:34.322512+00:00
[2021-01-21 06:30:21,562] {{standard_task_runner.py:53}} INFO - Started process 561 to run task
[2021-01-21 06:30:21,608] {{logging_mixin.py:112}} INFO - Running %s on host %s <TaskInstance: MarketVol.tesla_price_analyzer 2021-01-21T06:29:34.322512+00:00 [running]> 99b7c767768b
[2021-01-21 06:30:21,621] {{bash_operator.py:82}} INFO - Tmp dir root location: 
 /tmp
[2021-01-21 06:30:21,623] {{bash_operator.py:105}} INFO - Temporary script location: /tmp/airflowtmpi7q7xs7y/tesla_price_analyzerp5ljrm7w
[2021-01-21 06:30:21,624] {{bash_operator.py:115}} INFO - Running command: python /usr/local/airflow/script/stock_analyzer.py --symbol TSLA
[2021-01-21 06:30:21,630] {{bash_operator.py:122}} INFO - Output:
[2021-01-21 06:30:21,998] {{bash_operator.py:126}} INFO - /usr/local/airflow/tmp/data/2021-01-21
[2021-01-21 06:30:21,999] {{bash_operator.py:126}} INFO - Empty DataFrame
[2021-01-21 06:30:21,999] {{bash_operator.py:126}} INFO - Columns: [Date, Open, High, Low, Close, Adj Close, Volume]
[2021-01-21 06:30:22,000] {{bash_operator.py:126}} INFO - Index: []
[2021-01-21 06:30:22,042] {{bash_operator.py:130}} INFO - Command exited with return code 0
[2021-01-21 06:30:22,052] {{taskinstance.py:1048}} INFO - Marking task as SUCCESS.dag_id=MarketVol, task_id=tesla_price_analyzer, execution_date=20210121T062934, start_date=20210121T063021, end_date=20210121T063022
[2021-01-21 06:30:31,530] {{logging_mixin.py:112}} INFO - [2021-01-21 06:30:31,529] {{local_task_job.py:103}} INFO - Task exited with return code 0
