[2021-01-11 21:00:05,676] {taskinstance.py:826} INFO - Dependencies all met for <TaskInstance: MarketVol.download_apple_price 2021-01-12T04:00:00+00:00 [queued]>
[2021-01-11 21:00:05,681] {taskinstance.py:826} INFO - Dependencies all met for <TaskInstance: MarketVol.download_apple_price 2021-01-12T04:00:00+00:00 [queued]>
[2021-01-11 21:00:05,681] {taskinstance.py:1017} INFO - 
--------------------------------------------------------------------------------
[2021-01-11 21:00:05,681] {taskinstance.py:1018} INFO - Starting attempt 1 of 4
[2021-01-11 21:00:05,681] {taskinstance.py:1019} INFO - 
--------------------------------------------------------------------------------
[2021-01-11 21:00:05,687] {taskinstance.py:1038} INFO - Executing <Task(PythonOperator): download_apple_price> on 2021-01-12T04:00:00+00:00
[2021-01-11 21:00:05,689] {standard_task_runner.py:51} INFO - Started process 67411 to run task
[2021-01-11 21:00:05,694] {standard_task_runner.py:75} INFO - Running: ['airflow', 'tasks', 'run', 'MarketVol', 'download_apple_price', '2021-01-12T04:00:00+00:00', '--job-id', '54', '--pool', 'default_pool', '--raw', '--subdir', 'DAGS_FOLDER/stock_dags.py', '--cfg-path', '/var/folders/hy/5f75_vt15hb_bfkv9vvnx5sw0000gn/T/tmp9ouyukvp']
[2021-01-11 21:00:05,696] {standard_task_runner.py:76} INFO - Job 54: Subtask download_apple_price
[2021-01-11 21:00:05,730] {logging_mixin.py:103} INFO - Running <TaskInstance: MarketVol.download_apple_price 2021-01-12T04:00:00+00:00 [running]> on host 1.0.0.0.0.0.0.0.0.0.0.0.0.0.0.0.0.0.0.0.0.0.0.0.0.0.0.0.0.0.0.0.ip6.arpa
[2021-01-11 21:00:05,758] {taskinstance.py:1232} INFO - Exporting the following env vars:
AIRFLOW_CTX_DAG_OWNER=airflow
AIRFLOW_CTX_DAG_ID=MarketVol
AIRFLOW_CTX_TASK_ID=download_apple_price
AIRFLOW_CTX_EXECUTION_DATE=2021-01-12T04:00:00+00:00
AIRFLOW_CTX_DAG_RUN_ID=scheduled__2021-01-12T04:00:00+00:00
[2021-01-11 21:00:05,759] {logging_mixin.py:103} INFO - 2021-01-11
[2021-01-11 21:00:05,759] {logging_mixin.py:103} INFO - 2021-01-12
[2021-01-11 21:00:05,984] {logging_mixin.py:103} INFO - [*********************100%***********************]  1 of 1 completed
[2021-01-11 21:00:05,984] {logging_mixin.py:103} INFO - 
[2021-01-11 21:00:05,995] {python.py:118} INFO - Done. Returned value was: None
[2021-01-11 21:00:06,000] {taskinstance.py:1142} INFO - Marking task as SUCCESS. dag_id=MarketVol, task_id=download_apple_price, execution_date=20210112T040000, start_date=20210112T050005, end_date=20210112T050005
[2021-01-11 21:00:06,014] {taskinstance.py:1195} INFO - 1 downstream tasks scheduled from follow-on schedule check
[2021-01-11 21:00:06,025] {local_task_job.py:118} INFO - Task exited with return code 0
