[2021-01-12 00:00:04,830] {taskinstance.py:826} INFO - Dependencies all met for <TaskInstance: MarketVol.download_telsa_price 2021-01-12T07:00:00+00:00 [queued]>
[2021-01-12 00:00:04,836] {taskinstance.py:826} INFO - Dependencies all met for <TaskInstance: MarketVol.download_telsa_price 2021-01-12T07:00:00+00:00 [queued]>
[2021-01-12 00:00:04,836] {taskinstance.py:1017} INFO - 
--------------------------------------------------------------------------------
[2021-01-12 00:00:04,836] {taskinstance.py:1018} INFO - Starting attempt 1 of 4
[2021-01-12 00:00:04,836] {taskinstance.py:1019} INFO - 
--------------------------------------------------------------------------------
[2021-01-12 00:00:04,843] {taskinstance.py:1038} INFO - Executing <Task(PythonOperator): download_telsa_price> on 2021-01-12T07:00:00+00:00
[2021-01-12 00:00:04,846] {standard_task_runner.py:51} INFO - Started process 79710 to run task
[2021-01-12 00:00:04,853] {standard_task_runner.py:75} INFO - Running: ['airflow', 'tasks', 'run', 'MarketVol', 'download_telsa_price', '2021-01-12T07:00:00+00:00', '--job-id', '68', '--pool', 'default_pool', '--raw', '--subdir', 'DAGS_FOLDER/stock_dags.py', '--cfg-path', '/var/folders/hy/5f75_vt15hb_bfkv9vvnx5sw0000gn/T/tmp7ynad03y']
[2021-01-12 00:00:04,855] {standard_task_runner.py:76} INFO - Job 68: Subtask download_telsa_price
[2021-01-12 00:00:04,890] {logging_mixin.py:103} INFO - Running <TaskInstance: MarketVol.download_telsa_price 2021-01-12T07:00:00+00:00 [running]> on host 1.0.0.0.0.0.0.0.0.0.0.0.0.0.0.0.0.0.0.0.0.0.0.0.0.0.0.0.0.0.0.0.ip6.arpa
[2021-01-12 00:00:04,920] {taskinstance.py:1232} INFO - Exporting the following env vars:
AIRFLOW_CTX_DAG_OWNER=airflow
AIRFLOW_CTX_DAG_ID=MarketVol
AIRFLOW_CTX_TASK_ID=download_telsa_price
AIRFLOW_CTX_EXECUTION_DATE=2021-01-12T07:00:00+00:00
AIRFLOW_CTX_DAG_RUN_ID=scheduled__2021-01-12T07:00:00+00:00
[2021-01-12 00:00:04,922] {logging_mixin.py:103} INFO - 2021-01-12
[2021-01-12 00:00:04,922] {logging_mixin.py:103} INFO - 2021-01-13
[2021-01-12 00:00:05,060] {logging_mixin.py:103} INFO - [*********************100%***********************]  1 of 1 completed
[2021-01-12 00:00:05,061] {logging_mixin.py:103} INFO - 
[2021-01-12 00:00:05,061] {logging_mixin.py:103} INFO - 
1 Failed download:
[2021-01-12 00:00:05,062] {logging_mixin.py:103} INFO - - TSLA: No data found for this date range, symbol may be delisted
[2021-01-12 00:00:05,065] {python.py:118} INFO - Done. Returned value was: None
[2021-01-12 00:00:05,069] {taskinstance.py:1142} INFO - Marking task as SUCCESS. dag_id=MarketVol, task_id=download_telsa_price, execution_date=20210112T070000, start_date=20210112T080004, end_date=20210112T080005
[2021-01-12 00:00:05,087] {taskinstance.py:1195} INFO - 1 downstream tasks scheduled from follow-on schedule check
[2021-01-12 00:00:05,115] {local_task_job.py:118} INFO - Task exited with return code 0
