[2021-01-19 09:11:01,275] {{taskinstance.py:655}} INFO - Dependencies all met for <TaskInstance: MarketVol.apple_price_analyzer 2021-01-19T00:00:00+00:00 [queued]>
[2021-01-19 09:11:01,287] {{taskinstance.py:655}} INFO - Dependencies all met for <TaskInstance: MarketVol.apple_price_analyzer 2021-01-19T00:00:00+00:00 [queued]>
[2021-01-19 09:11:01,289] {{taskinstance.py:866}} INFO - 
--------------------------------------------------------------------------------
[2021-01-19 09:11:01,290] {{taskinstance.py:867}} INFO - Starting attempt 1 of 1
[2021-01-19 09:11:01,291] {{taskinstance.py:868}} INFO - 
--------------------------------------------------------------------------------
[2021-01-19 09:11:01,304] {{taskinstance.py:887}} INFO - Executing <Task(BashOperator): apple_price_analyzer> on 2021-01-19T00:00:00+00:00
[2021-01-19 09:11:01,309] {{standard_task_runner.py:53}} INFO - Started process 487 to run task
[2021-01-19 09:11:01,361] {{logging_mixin.py:112}} INFO - Running %s on host %s <TaskInstance: MarketVol.apple_price_analyzer 2021-01-19T00:00:00+00:00 [running]> f2939e9d42e5
[2021-01-19 09:11:01,376] {{bash_operator.py:82}} INFO - Tmp dir root location: 
 /tmp
[2021-01-19 09:11:01,378] {{bash_operator.py:105}} INFO - Temporary script location: /tmp/airflowtmp7cn375xt/apple_price_analyzer9o13_pw5
[2021-01-19 09:11:01,379] {{bash_operator.py:115}} INFO - Running command: python /usr/local/airflow/script/analyze.py --symbol AAPL
[2021-01-19 09:11:01,391] {{bash_operator.py:122}} INFO - Output:
[2021-01-19 09:11:01,816] {{bash_operator.py:126}} INFO - /usr/local/airflow/tmp/data/2021-01-19
[2021-01-19 09:11:01,818] {{bash_operator.py:126}} INFO - Empty DataFrame
[2021-01-19 09:11:01,820] {{bash_operator.py:126}} INFO - Columns: [Date, Open, High, Low, Close, Adj Close, Volume]
[2021-01-19 09:11:01,821] {{bash_operator.py:126}} INFO - Index: []
[2021-01-19 09:11:01,884] {{bash_operator.py:130}} INFO - Command exited with return code 0
[2021-01-19 09:11:01,893] {{taskinstance.py:1048}} INFO - Marking task as SUCCESS.dag_id=MarketVol, task_id=apple_price_analyzer, execution_date=20210119T000000, start_date=20210119T091101, end_date=20210119T091101
[2021-01-19 09:11:11,265] {{logging_mixin.py:112}} INFO - [2021-01-19 09:11:11,265] {{local_task_job.py:103}} INFO - Task exited with return code 0
