[2021-01-11 18:32:01,872] {taskinstance.py:826} INFO - Dependencies all met for <TaskInstance: MarketVol.apple_price_analyzer 2021-01-12T02:31:51.218996+00:00 [queued]>
[2021-01-11 18:32:01,878] {taskinstance.py:826} INFO - Dependencies all met for <TaskInstance: MarketVol.apple_price_analyzer 2021-01-12T02:31:51.218996+00:00 [queued]>
[2021-01-11 18:32:01,878] {taskinstance.py:1017} INFO - 
--------------------------------------------------------------------------------
[2021-01-11 18:32:01,878] {taskinstance.py:1018} INFO - Starting attempt 1 of 1
[2021-01-11 18:32:01,878] {taskinstance.py:1019} INFO - 
--------------------------------------------------------------------------------
[2021-01-11 18:32:01,884] {taskinstance.py:1038} INFO - Executing <Task(BashOperator): apple_price_analyzer> on 2021-01-12T02:31:51.218996+00:00
[2021-01-11 18:32:01,886] {standard_task_runner.py:51} INFO - Started process 56785 to run task
[2021-01-11 18:32:01,891] {standard_task_runner.py:75} INFO - Running: ['airflow', 'tasks', 'run', 'MarketVol', 'apple_price_analyzer', '2021-01-12T02:31:51.218996+00:00', '--job-id', '46', '--pool', 'default_pool', '--raw', '--subdir', 'DAGS_FOLDER/stock_dags.py', '--cfg-path', '/var/folders/hy/5f75_vt15hb_bfkv9vvnx5sw0000gn/T/tmpvwc3xets']
[2021-01-11 18:32:01,893] {standard_task_runner.py:76} INFO - Job 46: Subtask apple_price_analyzer
[2021-01-11 18:32:01,922] {logging_mixin.py:103} INFO - Running <TaskInstance: MarketVol.apple_price_analyzer 2021-01-12T02:31:51.218996+00:00 [running]> on host 1.0.0.0.0.0.0.0.0.0.0.0.0.0.0.0.0.0.0.0.0.0.0.0.0.0.0.0.0.0.0.0.ip6.arpa
[2021-01-11 18:32:01,945] {taskinstance.py:1232} INFO - Exporting the following env vars:
AIRFLOW_CTX_DAG_OWNER=airflow
AIRFLOW_CTX_DAG_ID=MarketVol
AIRFLOW_CTX_TASK_ID=apple_price_analyzer
AIRFLOW_CTX_EXECUTION_DATE=2021-01-12T02:31:51.218996+00:00
AIRFLOW_CTX_DAG_RUN_ID=manual__2021-01-12T02:31:51.218996+00:00
[2021-01-11 18:32:01,946] {bash.py:135} INFO - Tmp dir root location: 
 /var/folders/hy/5f75_vt15hb_bfkv9vvnx5sw0000gn/T
[2021-01-11 18:32:01,947] {bash.py:158} INFO - Running command: python /Users/chowli/Documents/Springboard_DE/Projects/mini-projects/Airflow/marketvol/airflow/script/analyze.py --symbol AAPL
[2021-01-11 18:32:01,953] {bash.py:169} INFO - Output:
[2021-01-11 18:32:02,386] {bash.py:173} INFO -                     Datetime        Open  ...   Adj Close   Volume
[2021-01-11 18:32:02,387] {bash.py:173} INFO - 0  2021-01-11 09:30:00-05:00  129.190002  ...  128.909897  6021983
[2021-01-11 18:32:02,387] {bash.py:173} INFO - 1  2021-01-11 09:31:00-05:00  128.909897  ...  128.955002   823462
[2021-01-11 18:32:02,387] {bash.py:173} INFO - 2  2021-01-11 09:32:00-05:00  128.960007  ...  129.320007   825602
[2021-01-11 18:32:02,387] {bash.py:173} INFO - 3  2021-01-11 09:33:00-05:00  129.320007  ...  129.174698   772298
[2021-01-11 18:32:02,388] {bash.py:173} INFO - 4  2021-01-11 09:34:00-05:00  128.839905  ...  128.729996   638774
[2021-01-11 18:32:02,388] {bash.py:173} INFO - 
[2021-01-11 18:32:02,388] {bash.py:173} INFO - [5 rows x 7 columns]
[2021-01-11 18:32:02,430] {bash.py:177} INFO - Command exited with return code 0
[2021-01-11 18:32:02,451] {taskinstance.py:1142} INFO - Marking task as SUCCESS. dag_id=MarketVol, task_id=apple_price_analyzer, execution_date=20210112T023151, start_date=20210112T023201, end_date=20210112T023202
[2021-01-11 18:32:02,465] {taskinstance.py:1195} INFO - 0 downstream tasks scheduled from follow-on schedule check
[2021-01-11 18:32:02,497] {local_task_job.py:118} INFO - Task exited with return code 0
