[2021-01-19 09:09:22,182] {{taskinstance.py:655}} INFO - Dependencies all met for <TaskInstance: MarketVol.apple_price_analyzer 2021-01-18T06:00:00+00:00 [queued]>
[2021-01-19 09:09:22,196] {{taskinstance.py:655}} INFO - Dependencies all met for <TaskInstance: MarketVol.apple_price_analyzer 2021-01-18T06:00:00+00:00 [queued]>
[2021-01-19 09:09:22,197] {{taskinstance.py:866}} INFO - 
--------------------------------------------------------------------------------
[2021-01-19 09:09:22,198] {{taskinstance.py:867}} INFO - Starting attempt 1 of 1
[2021-01-19 09:09:22,199] {{taskinstance.py:868}} INFO - 
--------------------------------------------------------------------------------
[2021-01-19 09:09:22,213] {{taskinstance.py:887}} INFO - Executing <Task(BashOperator): apple_price_analyzer> on 2021-01-18T06:00:00+00:00
[2021-01-19 09:09:22,217] {{standard_task_runner.py:53}} INFO - Started process 379 to run task
[2021-01-19 09:09:22,277] {{logging_mixin.py:112}} INFO - Running %s on host %s <TaskInstance: MarketVol.apple_price_analyzer 2021-01-18T06:00:00+00:00 [running]> f2939e9d42e5
[2021-01-19 09:09:22,294] {{bash_operator.py:82}} INFO - Tmp dir root location: 
 /tmp
[2021-01-19 09:09:22,296] {{bash_operator.py:105}} INFO - Temporary script location: /tmp/airflowtmpxyjx3dce/apple_price_analyzer5o1x2_iw
[2021-01-19 09:09:22,297] {{bash_operator.py:115}} INFO - Running command: python /usr/local/airflow/script/analyze.py --symbol AAPL
[2021-01-19 09:09:22,308] {{bash_operator.py:122}} INFO - Output:
[2021-01-19 09:09:22,740] {{bash_operator.py:126}} INFO - /usr/local/airflow/tmp/data/2021-01-19
[2021-01-19 09:09:22,741] {{bash_operator.py:126}} INFO - Empty DataFrame
[2021-01-19 09:09:22,742] {{bash_operator.py:126}} INFO - Columns: [Date, Open, High, Low, Close, Adj Close, Volume]
[2021-01-19 09:09:22,743] {{bash_operator.py:126}} INFO - Index: []
[2021-01-19 09:09:22,804] {{bash_operator.py:130}} INFO - Command exited with return code 0
[2021-01-19 09:09:22,814] {{taskinstance.py:1048}} INFO - Marking task as SUCCESS.dag_id=MarketVol, task_id=apple_price_analyzer, execution_date=20210118T060000, start_date=20210119T090922, end_date=20210119T090922
[2021-01-19 09:09:32,164] {{logging_mixin.py:112}} INFO - [2021-01-19 09:09:32,163] {{local_task_job.py:103}} INFO - Task exited with return code 0
