[2021-01-14 22:50:03,937] {scheduler_job.py:181} INFO - Started process (PID=73324) to work on /Users/chowli/.local/share/virtualenvs/marketvol-WbDfdy4N/lib/python3.7/site-packages/airflow/example_dags/example_complex.py
[2021-01-14 22:50:03,938] {scheduler_job.py:629} INFO - Processing file /Users/chowli/.local/share/virtualenvs/marketvol-WbDfdy4N/lib/python3.7/site-packages/airflow/example_dags/example_complex.py for tasks to queue
[2021-01-14 22:50:03,940] {logging_mixin.py:103} INFO - [2021-01-14 22:50:03,939] {dagbag.py:440} INFO - Filling up the DagBag from /Users/chowli/.local/share/virtualenvs/marketvol-WbDfdy4N/lib/python3.7/site-packages/airflow/example_dags/example_complex.py
[2021-01-14 22:50:03,957] {scheduler_job.py:639} INFO - DAG(s) dict_keys(['example_complex']) retrieved from /Users/chowli/.local/share/virtualenvs/marketvol-WbDfdy4N/lib/python3.7/site-packages/airflow/example_dags/example_complex.py
[2021-01-14 22:50:03,959] {logging_mixin.py:103} INFO - [2021-01-14 22:50:03,958] {dag.py:1813} INFO - Sync 1 DAGs
[2021-01-14 22:50:03,975] {logging_mixin.py:103} INFO - [2021-01-14 22:50:03,975] {dag.py:2266} INFO - Setting next_dagrun for example_complex to None
[2021-01-14 22:50:04,001] {scheduler_job.py:189} INFO - Processing /Users/chowli/.local/share/virtualenvs/marketvol-WbDfdy4N/lib/python3.7/site-packages/airflow/example_dags/example_complex.py took 0.069 seconds
[2021-01-14 22:50:46,085] {scheduler_job.py:181} INFO - Started process (PID=73401) to work on /Users/chowli/.local/share/virtualenvs/marketvol-WbDfdy4N/lib/python3.7/site-packages/airflow/example_dags/example_complex.py
[2021-01-14 22:50:46,087] {scheduler_job.py:629} INFO - Processing file /Users/chowli/.local/share/virtualenvs/marketvol-WbDfdy4N/lib/python3.7/site-packages/airflow/example_dags/example_complex.py for tasks to queue
[2021-01-14 22:50:46,089] {logging_mixin.py:103} INFO - [2021-01-14 22:50:46,088] {dagbag.py:440} INFO - Filling up the DagBag from /Users/chowli/.local/share/virtualenvs/marketvol-WbDfdy4N/lib/python3.7/site-packages/airflow/example_dags/example_complex.py
[2021-01-14 22:50:46,108] {scheduler_job.py:639} INFO - DAG(s) dict_keys(['example_complex']) retrieved from /Users/chowli/.local/share/virtualenvs/marketvol-WbDfdy4N/lib/python3.7/site-packages/airflow/example_dags/example_complex.py
[2021-01-14 22:50:46,109] {logging_mixin.py:103} INFO - [2021-01-14 22:50:46,109] {dag.py:1813} INFO - Sync 1 DAGs
[2021-01-14 22:50:46,127] {logging_mixin.py:103} INFO - [2021-01-14 22:50:46,127] {dag.py:2266} INFO - Setting next_dagrun for example_complex to None
[2021-01-14 22:50:46,145] {scheduler_job.py:189} INFO - Processing /Users/chowli/.local/share/virtualenvs/marketvol-WbDfdy4N/lib/python3.7/site-packages/airflow/example_dags/example_complex.py took 0.064 seconds
[2021-01-14 22:51:11,331] {scheduler_job.py:181} INFO - Started process (PID=73433) to work on /Users/chowli/.local/share/virtualenvs/marketvol-WbDfdy4N/lib/python3.7/site-packages/airflow/example_dags/example_complex.py
[2021-01-14 22:51:11,332] {scheduler_job.py:629} INFO - Processing file /Users/chowli/.local/share/virtualenvs/marketvol-WbDfdy4N/lib/python3.7/site-packages/airflow/example_dags/example_complex.py for tasks to queue
[2021-01-14 22:51:11,333] {logging_mixin.py:103} INFO - [2021-01-14 22:51:11,333] {dagbag.py:440} INFO - Filling up the DagBag from /Users/chowli/.local/share/virtualenvs/marketvol-WbDfdy4N/lib/python3.7/site-packages/airflow/example_dags/example_complex.py
[2021-01-14 22:51:11,352] {scheduler_job.py:639} INFO - DAG(s) dict_keys(['example_complex']) retrieved from /Users/chowli/.local/share/virtualenvs/marketvol-WbDfdy4N/lib/python3.7/site-packages/airflow/example_dags/example_complex.py
[2021-01-14 22:51:11,354] {logging_mixin.py:103} INFO - [2021-01-14 22:51:11,353] {dag.py:1813} INFO - Sync 1 DAGs
[2021-01-14 22:51:11,371] {logging_mixin.py:103} INFO - [2021-01-14 22:51:11,370] {dag.py:2266} INFO - Setting next_dagrun for example_complex to None
[2021-01-14 22:51:11,390] {scheduler_job.py:189} INFO - Processing /Users/chowli/.local/share/virtualenvs/marketvol-WbDfdy4N/lib/python3.7/site-packages/airflow/example_dags/example_complex.py took 0.063 seconds
[2021-01-14 22:51:36,562] {scheduler_job.py:181} INFO - Started process (PID=73467) to work on /Users/chowli/.local/share/virtualenvs/marketvol-WbDfdy4N/lib/python3.7/site-packages/airflow/example_dags/example_complex.py
[2021-01-14 22:51:36,564] {scheduler_job.py:629} INFO - Processing file /Users/chowli/.local/share/virtualenvs/marketvol-WbDfdy4N/lib/python3.7/site-packages/airflow/example_dags/example_complex.py for tasks to queue
[2021-01-14 22:51:36,565] {logging_mixin.py:103} INFO - [2021-01-14 22:51:36,564] {dagbag.py:440} INFO - Filling up the DagBag from /Users/chowli/.local/share/virtualenvs/marketvol-WbDfdy4N/lib/python3.7/site-packages/airflow/example_dags/example_complex.py
[2021-01-14 22:51:36,579] {scheduler_job.py:639} INFO - DAG(s) dict_keys(['example_complex']) retrieved from /Users/chowli/.local/share/virtualenvs/marketvol-WbDfdy4N/lib/python3.7/site-packages/airflow/example_dags/example_complex.py
[2021-01-14 22:51:36,581] {logging_mixin.py:103} INFO - [2021-01-14 22:51:36,580] {dag.py:1813} INFO - Sync 1 DAGs
[2021-01-14 22:51:36,595] {logging_mixin.py:103} INFO - [2021-01-14 22:51:36,595] {dag.py:2266} INFO - Setting next_dagrun for example_complex to None
[2021-01-14 22:51:36,610] {scheduler_job.py:189} INFO - Processing /Users/chowli/.local/share/virtualenvs/marketvol-WbDfdy4N/lib/python3.7/site-packages/airflow/example_dags/example_complex.py took 0.052 seconds
[2021-01-14 22:52:02,073] {scheduler_job.py:181} INFO - Started process (PID=73495) to work on /Users/chowli/.local/share/virtualenvs/marketvol-WbDfdy4N/lib/python3.7/site-packages/airflow/example_dags/example_complex.py
[2021-01-14 22:52:02,075] {scheduler_job.py:629} INFO - Processing file /Users/chowli/.local/share/virtualenvs/marketvol-WbDfdy4N/lib/python3.7/site-packages/airflow/example_dags/example_complex.py for tasks to queue
[2021-01-14 22:52:02,077] {logging_mixin.py:103} INFO - [2021-01-14 22:52:02,077] {dagbag.py:440} INFO - Filling up the DagBag from /Users/chowli/.local/share/virtualenvs/marketvol-WbDfdy4N/lib/python3.7/site-packages/airflow/example_dags/example_complex.py
[2021-01-14 22:52:02,103] {scheduler_job.py:639} INFO - DAG(s) dict_keys(['example_complex']) retrieved from /Users/chowli/.local/share/virtualenvs/marketvol-WbDfdy4N/lib/python3.7/site-packages/airflow/example_dags/example_complex.py
[2021-01-14 22:52:02,105] {logging_mixin.py:103} INFO - [2021-01-14 22:52:02,104] {dag.py:1813} INFO - Sync 1 DAGs
[2021-01-14 22:52:02,128] {logging_mixin.py:103} INFO - [2021-01-14 22:52:02,128] {dag.py:2266} INFO - Setting next_dagrun for example_complex to None
[2021-01-14 22:52:02,155] {scheduler_job.py:189} INFO - Processing /Users/chowli/.local/share/virtualenvs/marketvol-WbDfdy4N/lib/python3.7/site-packages/airflow/example_dags/example_complex.py took 0.086 seconds
[2021-01-14 22:52:28,088] {scheduler_job.py:181} INFO - Started process (PID=73526) to work on /Users/chowli/.local/share/virtualenvs/marketvol-WbDfdy4N/lib/python3.7/site-packages/airflow/example_dags/example_complex.py
[2021-01-14 22:52:28,090] {scheduler_job.py:629} INFO - Processing file /Users/chowli/.local/share/virtualenvs/marketvol-WbDfdy4N/lib/python3.7/site-packages/airflow/example_dags/example_complex.py for tasks to queue
[2021-01-14 22:52:28,092] {logging_mixin.py:103} INFO - [2021-01-14 22:52:28,091] {dagbag.py:440} INFO - Filling up the DagBag from /Users/chowli/.local/share/virtualenvs/marketvol-WbDfdy4N/lib/python3.7/site-packages/airflow/example_dags/example_complex.py
[2021-01-14 22:52:28,113] {scheduler_job.py:639} INFO - DAG(s) dict_keys(['example_complex']) retrieved from /Users/chowli/.local/share/virtualenvs/marketvol-WbDfdy4N/lib/python3.7/site-packages/airflow/example_dags/example_complex.py
[2021-01-14 22:52:28,115] {logging_mixin.py:103} INFO - [2021-01-14 22:52:28,114] {dag.py:1813} INFO - Sync 1 DAGs
[2021-01-14 22:52:28,136] {logging_mixin.py:103} INFO - [2021-01-14 22:52:28,136] {dag.py:2266} INFO - Setting next_dagrun for example_complex to None
[2021-01-14 22:52:28,162] {scheduler_job.py:189} INFO - Processing /Users/chowli/.local/share/virtualenvs/marketvol-WbDfdy4N/lib/python3.7/site-packages/airflow/example_dags/example_complex.py took 0.078 seconds
[2021-01-14 22:53:22,331] {scheduler_job.py:181} INFO - Started process (PID=73650) to work on /Users/chowli/.local/share/virtualenvs/marketvol-WbDfdy4N/lib/python3.7/site-packages/airflow/example_dags/example_complex.py
[2021-01-14 22:53:22,333] {scheduler_job.py:629} INFO - Processing file /Users/chowli/.local/share/virtualenvs/marketvol-WbDfdy4N/lib/python3.7/site-packages/airflow/example_dags/example_complex.py for tasks to queue
[2021-01-14 22:53:22,333] {logging_mixin.py:103} INFO - [2021-01-14 22:53:22,333] {dagbag.py:440} INFO - Filling up the DagBag from /Users/chowli/.local/share/virtualenvs/marketvol-WbDfdy4N/lib/python3.7/site-packages/airflow/example_dags/example_complex.py
[2021-01-14 22:53:22,347] {scheduler_job.py:639} INFO - DAG(s) dict_keys(['example_complex']) retrieved from /Users/chowli/.local/share/virtualenvs/marketvol-WbDfdy4N/lib/python3.7/site-packages/airflow/example_dags/example_complex.py
[2021-01-14 22:53:22,348] {logging_mixin.py:103} INFO - [2021-01-14 22:53:22,348] {dag.py:1813} INFO - Sync 1 DAGs
[2021-01-14 22:53:22,361] {logging_mixin.py:103} INFO - [2021-01-14 22:53:22,361] {dag.py:2266} INFO - Setting next_dagrun for example_complex to None
[2021-01-14 22:53:22,388] {scheduler_job.py:189} INFO - Processing /Users/chowli/.local/share/virtualenvs/marketvol-WbDfdy4N/lib/python3.7/site-packages/airflow/example_dags/example_complex.py took 0.059 seconds
[2021-01-14 22:53:48,674] {scheduler_job.py:181} INFO - Started process (PID=73753) to work on /Users/chowli/.local/share/virtualenvs/marketvol-WbDfdy4N/lib/python3.7/site-packages/airflow/example_dags/example_complex.py
[2021-01-14 22:53:48,676] {scheduler_job.py:629} INFO - Processing file /Users/chowli/.local/share/virtualenvs/marketvol-WbDfdy4N/lib/python3.7/site-packages/airflow/example_dags/example_complex.py for tasks to queue
[2021-01-14 22:53:48,677] {logging_mixin.py:103} INFO - [2021-01-14 22:53:48,677] {dagbag.py:440} INFO - Filling up the DagBag from /Users/chowli/.local/share/virtualenvs/marketvol-WbDfdy4N/lib/python3.7/site-packages/airflow/example_dags/example_complex.py
[2021-01-14 22:53:48,697] {scheduler_job.py:639} INFO - DAG(s) dict_keys(['example_complex']) retrieved from /Users/chowli/.local/share/virtualenvs/marketvol-WbDfdy4N/lib/python3.7/site-packages/airflow/example_dags/example_complex.py
[2021-01-14 22:53:48,698] {logging_mixin.py:103} INFO - [2021-01-14 22:53:48,698] {dag.py:1813} INFO - Sync 1 DAGs
[2021-01-14 22:53:48,718] {logging_mixin.py:103} INFO - [2021-01-14 22:53:48,718] {dag.py:2266} INFO - Setting next_dagrun for example_complex to None
[2021-01-14 22:53:48,729] {scheduler_job.py:189} INFO - Processing /Users/chowli/.local/share/virtualenvs/marketvol-WbDfdy4N/lib/python3.7/site-packages/airflow/example_dags/example_complex.py took 0.058 seconds
[2021-01-14 22:54:23,070] {scheduler_job.py:181} INFO - Started process (PID=73818) to work on /Users/chowli/.local/share/virtualenvs/marketvol-WbDfdy4N/lib/python3.7/site-packages/airflow/example_dags/example_complex.py
[2021-01-14 22:54:23,073] {scheduler_job.py:629} INFO - Processing file /Users/chowli/.local/share/virtualenvs/marketvol-WbDfdy4N/lib/python3.7/site-packages/airflow/example_dags/example_complex.py for tasks to queue
[2021-01-14 22:54:23,075] {logging_mixin.py:103} INFO - [2021-01-14 22:54:23,074] {dagbag.py:440} INFO - Filling up the DagBag from /Users/chowli/.local/share/virtualenvs/marketvol-WbDfdy4N/lib/python3.7/site-packages/airflow/example_dags/example_complex.py
[2021-01-14 22:54:23,100] {scheduler_job.py:639} INFO - DAG(s) dict_keys(['example_complex']) retrieved from /Users/chowli/.local/share/virtualenvs/marketvol-WbDfdy4N/lib/python3.7/site-packages/airflow/example_dags/example_complex.py
[2021-01-14 22:54:23,103] {logging_mixin.py:103} INFO - [2021-01-14 22:54:23,102] {dag.py:1813} INFO - Sync 1 DAGs
[2021-01-14 22:54:23,124] {logging_mixin.py:103} INFO - [2021-01-14 22:54:23,123] {dag.py:2266} INFO - Setting next_dagrun for example_complex to None
[2021-01-14 22:54:23,149] {scheduler_job.py:189} INFO - Processing /Users/chowli/.local/share/virtualenvs/marketvol-WbDfdy4N/lib/python3.7/site-packages/airflow/example_dags/example_complex.py took 0.085 seconds
