[2021-01-14 22:49:56,147] {scheduler_job.py:181} INFO - Started process (PID=73306) to work on /Users/chowli/.local/share/virtualenvs/marketvol-WbDfdy4N/lib/python3.7/site-packages/airflow/example_dags/example_kubernetes_executor.py
[2021-01-14 22:49:56,149] {scheduler_job.py:629} INFO - Processing file /Users/chowli/.local/share/virtualenvs/marketvol-WbDfdy4N/lib/python3.7/site-packages/airflow/example_dags/example_kubernetes_executor.py for tasks to queue
[2021-01-14 22:49:56,150] {logging_mixin.py:103} INFO - [2021-01-14 22:49:56,150] {dagbag.py:440} INFO - Filling up the DagBag from /Users/chowli/.local/share/virtualenvs/marketvol-WbDfdy4N/lib/python3.7/site-packages/airflow/example_dags/example_kubernetes_executor.py
[2021-01-14 22:49:56,163] {scheduler_job.py:639} INFO - DAG(s) dict_keys(['example_kubernetes_executor']) retrieved from /Users/chowli/.local/share/virtualenvs/marketvol-WbDfdy4N/lib/python3.7/site-packages/airflow/example_dags/example_kubernetes_executor.py
[2021-01-14 22:49:56,165] {logging_mixin.py:103} INFO - [2021-01-14 22:49:56,165] {dag.py:1813} INFO - Sync 1 DAGs
[2021-01-14 22:49:56,182] {logging_mixin.py:103} INFO - [2021-01-14 22:49:56,181] {dag.py:2266} INFO - Setting next_dagrun for example_kubernetes_executor to None
[2021-01-14 22:49:56,202] {scheduler_job.py:189} INFO - Processing /Users/chowli/.local/share/virtualenvs/marketvol-WbDfdy4N/lib/python3.7/site-packages/airflow/example_dags/example_kubernetes_executor.py took 0.059 seconds
[2021-01-14 22:50:45,051] {scheduler_job.py:181} INFO - Started process (PID=73400) to work on /Users/chowli/.local/share/virtualenvs/marketvol-WbDfdy4N/lib/python3.7/site-packages/airflow/example_dags/example_kubernetes_executor.py
[2021-01-14 22:50:45,053] {scheduler_job.py:629} INFO - Processing file /Users/chowli/.local/share/virtualenvs/marketvol-WbDfdy4N/lib/python3.7/site-packages/airflow/example_dags/example_kubernetes_executor.py for tasks to queue
[2021-01-14 22:50:45,054] {logging_mixin.py:103} INFO - [2021-01-14 22:50:45,054] {dagbag.py:440} INFO - Filling up the DagBag from /Users/chowli/.local/share/virtualenvs/marketvol-WbDfdy4N/lib/python3.7/site-packages/airflow/example_dags/example_kubernetes_executor.py
[2021-01-14 22:50:45,068] {scheduler_job.py:639} INFO - DAG(s) dict_keys(['example_kubernetes_executor']) retrieved from /Users/chowli/.local/share/virtualenvs/marketvol-WbDfdy4N/lib/python3.7/site-packages/airflow/example_dags/example_kubernetes_executor.py
[2021-01-14 22:50:45,069] {logging_mixin.py:103} INFO - [2021-01-14 22:50:45,069] {dag.py:1813} INFO - Sync 1 DAGs
[2021-01-14 22:50:45,087] {logging_mixin.py:103} INFO - [2021-01-14 22:50:45,086] {dag.py:2266} INFO - Setting next_dagrun for example_kubernetes_executor to None
[2021-01-14 22:50:45,101] {scheduler_job.py:189} INFO - Processing /Users/chowli/.local/share/virtualenvs/marketvol-WbDfdy4N/lib/python3.7/site-packages/airflow/example_dags/example_kubernetes_executor.py took 0.053 seconds
[2021-01-14 22:51:10,300] {scheduler_job.py:181} INFO - Started process (PID=73428) to work on /Users/chowli/.local/share/virtualenvs/marketvol-WbDfdy4N/lib/python3.7/site-packages/airflow/example_dags/example_kubernetes_executor.py
[2021-01-14 22:51:10,302] {scheduler_job.py:629} INFO - Processing file /Users/chowli/.local/share/virtualenvs/marketvol-WbDfdy4N/lib/python3.7/site-packages/airflow/example_dags/example_kubernetes_executor.py for tasks to queue
[2021-01-14 22:51:10,303] {logging_mixin.py:103} INFO - [2021-01-14 22:51:10,303] {dagbag.py:440} INFO - Filling up the DagBag from /Users/chowli/.local/share/virtualenvs/marketvol-WbDfdy4N/lib/python3.7/site-packages/airflow/example_dags/example_kubernetes_executor.py
[2021-01-14 22:51:10,317] {scheduler_job.py:639} INFO - DAG(s) dict_keys(['example_kubernetes_executor']) retrieved from /Users/chowli/.local/share/virtualenvs/marketvol-WbDfdy4N/lib/python3.7/site-packages/airflow/example_dags/example_kubernetes_executor.py
[2021-01-14 22:51:10,319] {logging_mixin.py:103} INFO - [2021-01-14 22:51:10,318] {dag.py:1813} INFO - Sync 1 DAGs
[2021-01-14 22:51:10,336] {logging_mixin.py:103} INFO - [2021-01-14 22:51:10,336] {dag.py:2266} INFO - Setting next_dagrun for example_kubernetes_executor to None
[2021-01-14 22:51:10,350] {scheduler_job.py:189} INFO - Processing /Users/chowli/.local/share/virtualenvs/marketvol-WbDfdy4N/lib/python3.7/site-packages/airflow/example_dags/example_kubernetes_executor.py took 0.054 seconds
[2021-01-14 22:51:35,527] {scheduler_job.py:181} INFO - Started process (PID=73464) to work on /Users/chowli/.local/share/virtualenvs/marketvol-WbDfdy4N/lib/python3.7/site-packages/airflow/example_dags/example_kubernetes_executor.py
[2021-01-14 22:51:35,528] {scheduler_job.py:629} INFO - Processing file /Users/chowli/.local/share/virtualenvs/marketvol-WbDfdy4N/lib/python3.7/site-packages/airflow/example_dags/example_kubernetes_executor.py for tasks to queue
[2021-01-14 22:51:35,529] {logging_mixin.py:103} INFO - [2021-01-14 22:51:35,529] {dagbag.py:440} INFO - Filling up the DagBag from /Users/chowli/.local/share/virtualenvs/marketvol-WbDfdy4N/lib/python3.7/site-packages/airflow/example_dags/example_kubernetes_executor.py
[2021-01-14 22:51:35,541] {scheduler_job.py:639} INFO - DAG(s) dict_keys(['example_kubernetes_executor']) retrieved from /Users/chowli/.local/share/virtualenvs/marketvol-WbDfdy4N/lib/python3.7/site-packages/airflow/example_dags/example_kubernetes_executor.py
[2021-01-14 22:51:35,542] {logging_mixin.py:103} INFO - [2021-01-14 22:51:35,542] {dag.py:1813} INFO - Sync 1 DAGs
[2021-01-14 22:51:35,557] {logging_mixin.py:103} INFO - [2021-01-14 22:51:35,557] {dag.py:2266} INFO - Setting next_dagrun for example_kubernetes_executor to None
[2021-01-14 22:51:35,570] {scheduler_job.py:189} INFO - Processing /Users/chowli/.local/share/virtualenvs/marketvol-WbDfdy4N/lib/python3.7/site-packages/airflow/example_dags/example_kubernetes_executor.py took 0.046 seconds
[2021-01-14 22:52:01,817] {scheduler_job.py:181} INFO - Started process (PID=73494) to work on /Users/chowli/.local/share/virtualenvs/marketvol-WbDfdy4N/lib/python3.7/site-packages/airflow/example_dags/example_kubernetes_executor.py
[2021-01-14 22:52:01,819] {scheduler_job.py:629} INFO - Processing file /Users/chowli/.local/share/virtualenvs/marketvol-WbDfdy4N/lib/python3.7/site-packages/airflow/example_dags/example_kubernetes_executor.py for tasks to queue
[2021-01-14 22:52:01,821] {logging_mixin.py:103} INFO - [2021-01-14 22:52:01,820] {dagbag.py:440} INFO - Filling up the DagBag from /Users/chowli/.local/share/virtualenvs/marketvol-WbDfdy4N/lib/python3.7/site-packages/airflow/example_dags/example_kubernetes_executor.py
[2021-01-14 22:52:01,839] {scheduler_job.py:639} INFO - DAG(s) dict_keys(['example_kubernetes_executor']) retrieved from /Users/chowli/.local/share/virtualenvs/marketvol-WbDfdy4N/lib/python3.7/site-packages/airflow/example_dags/example_kubernetes_executor.py
[2021-01-14 22:52:01,841] {logging_mixin.py:103} INFO - [2021-01-14 22:52:01,841] {dag.py:1813} INFO - Sync 1 DAGs
[2021-01-14 22:52:01,866] {logging_mixin.py:103} INFO - [2021-01-14 22:52:01,866] {dag.py:2266} INFO - Setting next_dagrun for example_kubernetes_executor to None
[2021-01-14 22:52:01,885] {scheduler_job.py:189} INFO - Processing /Users/chowli/.local/share/virtualenvs/marketvol-WbDfdy4N/lib/python3.7/site-packages/airflow/example_dags/example_kubernetes_executor.py took 0.072 seconds
[2021-01-14 22:52:27,061] {scheduler_job.py:181} INFO - Started process (PID=73525) to work on /Users/chowli/.local/share/virtualenvs/marketvol-WbDfdy4N/lib/python3.7/site-packages/airflow/example_dags/example_kubernetes_executor.py
[2021-01-14 22:52:27,062] {scheduler_job.py:629} INFO - Processing file /Users/chowli/.local/share/virtualenvs/marketvol-WbDfdy4N/lib/python3.7/site-packages/airflow/example_dags/example_kubernetes_executor.py for tasks to queue
[2021-01-14 22:52:27,064] {logging_mixin.py:103} INFO - [2021-01-14 22:52:27,063] {dagbag.py:440} INFO - Filling up the DagBag from /Users/chowli/.local/share/virtualenvs/marketvol-WbDfdy4N/lib/python3.7/site-packages/airflow/example_dags/example_kubernetes_executor.py
[2021-01-14 22:52:27,078] {scheduler_job.py:639} INFO - DAG(s) dict_keys(['example_kubernetes_executor']) retrieved from /Users/chowli/.local/share/virtualenvs/marketvol-WbDfdy4N/lib/python3.7/site-packages/airflow/example_dags/example_kubernetes_executor.py
[2021-01-14 22:52:27,080] {logging_mixin.py:103} INFO - [2021-01-14 22:52:27,079] {dag.py:1813} INFO - Sync 1 DAGs
[2021-01-14 22:52:27,099] {logging_mixin.py:103} INFO - [2021-01-14 22:52:27,099] {dag.py:2266} INFO - Setting next_dagrun for example_kubernetes_executor to None
[2021-01-14 22:52:27,115] {scheduler_job.py:189} INFO - Processing /Users/chowli/.local/share/virtualenvs/marketvol-WbDfdy4N/lib/python3.7/site-packages/airflow/example_dags/example_kubernetes_executor.py took 0.059 seconds
[2021-01-14 22:53:05,413] {scheduler_job.py:181} INFO - Started process (PID=73601) to work on /Users/chowli/.local/share/virtualenvs/marketvol-WbDfdy4N/lib/python3.7/site-packages/airflow/example_dags/example_kubernetes_executor.py
[2021-01-14 22:53:05,415] {scheduler_job.py:629} INFO - Processing file /Users/chowli/.local/share/virtualenvs/marketvol-WbDfdy4N/lib/python3.7/site-packages/airflow/example_dags/example_kubernetes_executor.py for tasks to queue
[2021-01-14 22:53:05,416] {logging_mixin.py:103} INFO - [2021-01-14 22:53:05,415] {dagbag.py:440} INFO - Filling up the DagBag from /Users/chowli/.local/share/virtualenvs/marketvol-WbDfdy4N/lib/python3.7/site-packages/airflow/example_dags/example_kubernetes_executor.py
[2021-01-14 22:53:05,429] {scheduler_job.py:639} INFO - DAG(s) dict_keys(['example_kubernetes_executor']) retrieved from /Users/chowli/.local/share/virtualenvs/marketvol-WbDfdy4N/lib/python3.7/site-packages/airflow/example_dags/example_kubernetes_executor.py
[2021-01-14 22:53:05,431] {logging_mixin.py:103} INFO - [2021-01-14 22:53:05,431] {dag.py:1813} INFO - Sync 1 DAGs
[2021-01-14 22:53:05,450] {logging_mixin.py:103} INFO - [2021-01-14 22:53:05,449] {dag.py:2266} INFO - Setting next_dagrun for example_kubernetes_executor to None
[2021-01-14 22:53:05,473] {scheduler_job.py:189} INFO - Processing /Users/chowli/.local/share/virtualenvs/marketvol-WbDfdy4N/lib/python3.7/site-packages/airflow/example_dags/example_kubernetes_executor.py took 0.063 seconds
[2021-01-14 22:53:33,213] {scheduler_job.py:181} INFO - Started process (PID=73678) to work on /Users/chowli/.local/share/virtualenvs/marketvol-WbDfdy4N/lib/python3.7/site-packages/airflow/example_dags/example_kubernetes_executor.py
[2021-01-14 22:53:33,215] {scheduler_job.py:629} INFO - Processing file /Users/chowli/.local/share/virtualenvs/marketvol-WbDfdy4N/lib/python3.7/site-packages/airflow/example_dags/example_kubernetes_executor.py for tasks to queue
[2021-01-14 22:53:33,216] {logging_mixin.py:103} INFO - [2021-01-14 22:53:33,215] {dagbag.py:440} INFO - Filling up the DagBag from /Users/chowli/.local/share/virtualenvs/marketvol-WbDfdy4N/lib/python3.7/site-packages/airflow/example_dags/example_kubernetes_executor.py
[2021-01-14 22:53:33,226] {scheduler_job.py:639} INFO - DAG(s) dict_keys(['example_kubernetes_executor']) retrieved from /Users/chowli/.local/share/virtualenvs/marketvol-WbDfdy4N/lib/python3.7/site-packages/airflow/example_dags/example_kubernetes_executor.py
[2021-01-14 22:53:33,227] {logging_mixin.py:103} INFO - [2021-01-14 22:53:33,227] {dag.py:1813} INFO - Sync 1 DAGs
[2021-01-14 22:53:33,240] {logging_mixin.py:103} INFO - [2021-01-14 22:53:33,240] {dag.py:2266} INFO - Setting next_dagrun for example_kubernetes_executor to None
[2021-01-14 22:53:33,247] {scheduler_job.py:189} INFO - Processing /Users/chowli/.local/share/virtualenvs/marketvol-WbDfdy4N/lib/python3.7/site-packages/airflow/example_dags/example_kubernetes_executor.py took 0.037 seconds
[2021-01-14 22:54:00,131] {scheduler_job.py:181} INFO - Started process (PID=73775) to work on /Users/chowli/.local/share/virtualenvs/marketvol-WbDfdy4N/lib/python3.7/site-packages/airflow/example_dags/example_kubernetes_executor.py
[2021-01-14 22:54:00,133] {scheduler_job.py:629} INFO - Processing file /Users/chowli/.local/share/virtualenvs/marketvol-WbDfdy4N/lib/python3.7/site-packages/airflow/example_dags/example_kubernetes_executor.py for tasks to queue
[2021-01-14 22:54:00,134] {logging_mixin.py:103} INFO - [2021-01-14 22:54:00,134] {dagbag.py:440} INFO - Filling up the DagBag from /Users/chowli/.local/share/virtualenvs/marketvol-WbDfdy4N/lib/python3.7/site-packages/airflow/example_dags/example_kubernetes_executor.py
[2021-01-14 22:54:00,152] {scheduler_job.py:639} INFO - DAG(s) dict_keys(['example_kubernetes_executor']) retrieved from /Users/chowli/.local/share/virtualenvs/marketvol-WbDfdy4N/lib/python3.7/site-packages/airflow/example_dags/example_kubernetes_executor.py
[2021-01-14 22:54:00,154] {logging_mixin.py:103} INFO - [2021-01-14 22:54:00,153] {dag.py:1813} INFO - Sync 1 DAGs
[2021-01-14 22:54:00,173] {logging_mixin.py:103} INFO - [2021-01-14 22:54:00,173] {dag.py:2266} INFO - Setting next_dagrun for example_kubernetes_executor to None
[2021-01-14 22:54:00,190] {scheduler_job.py:189} INFO - Processing /Users/chowli/.local/share/virtualenvs/marketvol-WbDfdy4N/lib/python3.7/site-packages/airflow/example_dags/example_kubernetes_executor.py took 0.063 seconds
[2021-01-14 22:54:34,206] {scheduler_job.py:181} INFO - Started process (PID=73831) to work on /Users/chowli/.local/share/virtualenvs/marketvol-WbDfdy4N/lib/python3.7/site-packages/airflow/example_dags/example_kubernetes_executor.py
[2021-01-14 22:54:34,208] {scheduler_job.py:629} INFO - Processing file /Users/chowli/.local/share/virtualenvs/marketvol-WbDfdy4N/lib/python3.7/site-packages/airflow/example_dags/example_kubernetes_executor.py for tasks to queue
[2021-01-14 22:54:34,210] {logging_mixin.py:103} INFO - [2021-01-14 22:54:34,209] {dagbag.py:440} INFO - Filling up the DagBag from /Users/chowli/.local/share/virtualenvs/marketvol-WbDfdy4N/lib/python3.7/site-packages/airflow/example_dags/example_kubernetes_executor.py
[2021-01-14 22:54:34,227] {scheduler_job.py:639} INFO - DAG(s) dict_keys(['example_kubernetes_executor']) retrieved from /Users/chowli/.local/share/virtualenvs/marketvol-WbDfdy4N/lib/python3.7/site-packages/airflow/example_dags/example_kubernetes_executor.py
[2021-01-14 22:54:34,229] {logging_mixin.py:103} INFO - [2021-01-14 22:54:34,228] {dag.py:1813} INFO - Sync 1 DAGs
[2021-01-14 22:54:34,250] {logging_mixin.py:103} INFO - [2021-01-14 22:54:34,250] {dag.py:2266} INFO - Setting next_dagrun for example_kubernetes_executor to None
[2021-01-14 22:54:34,268] {scheduler_job.py:189} INFO - Processing /Users/chowli/.local/share/virtualenvs/marketvol-WbDfdy4N/lib/python3.7/site-packages/airflow/example_dags/example_kubernetes_executor.py took 0.066 seconds
