[2021-01-14 22:49:20,839] {scheduler_job.py:181} INFO - Started process (PID=73220) to work on /Users/chowli/.local/share/virtualenvs/marketvol-WbDfdy4N/lib/python3.7/site-packages/airflow/example_dags/example_latest_only.py
[2021-01-14 22:49:20,841] {scheduler_job.py:629} INFO - Processing file /Users/chowli/.local/share/virtualenvs/marketvol-WbDfdy4N/lib/python3.7/site-packages/airflow/example_dags/example_latest_only.py for tasks to queue
[2021-01-14 22:49:20,842] {logging_mixin.py:103} INFO - [2021-01-14 22:49:20,841] {dagbag.py:440} INFO - Filling up the DagBag from /Users/chowli/.local/share/virtualenvs/marketvol-WbDfdy4N/lib/python3.7/site-packages/airflow/example_dags/example_latest_only.py
[2021-01-14 22:49:20,854] {scheduler_job.py:639} INFO - DAG(s) dict_keys(['latest_only']) retrieved from /Users/chowli/.local/share/virtualenvs/marketvol-WbDfdy4N/lib/python3.7/site-packages/airflow/example_dags/example_latest_only.py
[2021-01-14 22:49:20,856] {logging_mixin.py:103} INFO - [2021-01-14 22:49:20,855] {dag.py:1813} INFO - Sync 1 DAGs
[2021-01-14 22:49:20,874] {logging_mixin.py:103} INFO - [2021-01-14 22:49:20,874] {dag.py:2266} INFO - Setting next_dagrun for latest_only to 2021-01-13 00:00:00+00:00
[2021-01-14 22:49:20,907] {scheduler_job.py:189} INFO - Processing /Users/chowli/.local/share/virtualenvs/marketvol-WbDfdy4N/lib/python3.7/site-packages/airflow/example_dags/example_latest_only.py took 0.070 seconds
[2021-01-14 22:50:41,036] {scheduler_job.py:181} INFO - Started process (PID=73396) to work on /Users/chowli/.local/share/virtualenvs/marketvol-WbDfdy4N/lib/python3.7/site-packages/airflow/example_dags/example_latest_only.py
[2021-01-14 22:50:41,038] {scheduler_job.py:629} INFO - Processing file /Users/chowli/.local/share/virtualenvs/marketvol-WbDfdy4N/lib/python3.7/site-packages/airflow/example_dags/example_latest_only.py for tasks to queue
[2021-01-14 22:50:41,039] {logging_mixin.py:103} INFO - [2021-01-14 22:50:41,039] {dagbag.py:440} INFO - Filling up the DagBag from /Users/chowli/.local/share/virtualenvs/marketvol-WbDfdy4N/lib/python3.7/site-packages/airflow/example_dags/example_latest_only.py
[2021-01-14 22:50:41,052] {scheduler_job.py:639} INFO - DAG(s) dict_keys(['latest_only']) retrieved from /Users/chowli/.local/share/virtualenvs/marketvol-WbDfdy4N/lib/python3.7/site-packages/airflow/example_dags/example_latest_only.py
[2021-01-14 22:50:41,053] {logging_mixin.py:103} INFO - [2021-01-14 22:50:41,053] {dag.py:1813} INFO - Sync 1 DAGs
[2021-01-14 22:50:41,072] {logging_mixin.py:103} INFO - [2021-01-14 22:50:41,072] {dag.py:2266} INFO - Setting next_dagrun for latest_only to 2021-01-13 00:00:00+00:00
[2021-01-14 22:50:41,086] {scheduler_job.py:189} INFO - Processing /Users/chowli/.local/share/virtualenvs/marketvol-WbDfdy4N/lib/python3.7/site-packages/airflow/example_dags/example_latest_only.py took 0.054 seconds
[2021-01-14 22:51:06,284] {scheduler_job.py:181} INFO - Started process (PID=73424) to work on /Users/chowli/.local/share/virtualenvs/marketvol-WbDfdy4N/lib/python3.7/site-packages/airflow/example_dags/example_latest_only.py
[2021-01-14 22:51:06,285] {scheduler_job.py:629} INFO - Processing file /Users/chowli/.local/share/virtualenvs/marketvol-WbDfdy4N/lib/python3.7/site-packages/airflow/example_dags/example_latest_only.py for tasks to queue
[2021-01-14 22:51:06,287] {logging_mixin.py:103} INFO - [2021-01-14 22:51:06,286] {dagbag.py:440} INFO - Filling up the DagBag from /Users/chowli/.local/share/virtualenvs/marketvol-WbDfdy4N/lib/python3.7/site-packages/airflow/example_dags/example_latest_only.py
[2021-01-14 22:51:06,299] {scheduler_job.py:639} INFO - DAG(s) dict_keys(['latest_only']) retrieved from /Users/chowli/.local/share/virtualenvs/marketvol-WbDfdy4N/lib/python3.7/site-packages/airflow/example_dags/example_latest_only.py
[2021-01-14 22:51:06,300] {logging_mixin.py:103} INFO - [2021-01-14 22:51:06,300] {dag.py:1813} INFO - Sync 1 DAGs
[2021-01-14 22:51:06,318] {logging_mixin.py:103} INFO - [2021-01-14 22:51:06,318] {dag.py:2266} INFO - Setting next_dagrun for latest_only to 2021-01-13 00:00:00+00:00
[2021-01-14 22:51:06,334] {scheduler_job.py:189} INFO - Processing /Users/chowli/.local/share/virtualenvs/marketvol-WbDfdy4N/lib/python3.7/site-packages/airflow/example_dags/example_latest_only.py took 0.054 seconds
[2021-01-14 22:51:31,996] {scheduler_job.py:181} INFO - Started process (PID=73458) to work on /Users/chowli/.local/share/virtualenvs/marketvol-WbDfdy4N/lib/python3.7/site-packages/airflow/example_dags/example_latest_only.py
[2021-01-14 22:51:31,998] {scheduler_job.py:629} INFO - Processing file /Users/chowli/.local/share/virtualenvs/marketvol-WbDfdy4N/lib/python3.7/site-packages/airflow/example_dags/example_latest_only.py for tasks to queue
[2021-01-14 22:51:31,999] {logging_mixin.py:103} INFO - [2021-01-14 22:51:31,998] {dagbag.py:440} INFO - Filling up the DagBag from /Users/chowli/.local/share/virtualenvs/marketvol-WbDfdy4N/lib/python3.7/site-packages/airflow/example_dags/example_latest_only.py
[2021-01-14 22:51:32,011] {scheduler_job.py:639} INFO - DAG(s) dict_keys(['latest_only']) retrieved from /Users/chowli/.local/share/virtualenvs/marketvol-WbDfdy4N/lib/python3.7/site-packages/airflow/example_dags/example_latest_only.py
[2021-01-14 22:51:32,013] {logging_mixin.py:103} INFO - [2021-01-14 22:51:32,012] {dag.py:1813} INFO - Sync 1 DAGs
[2021-01-14 22:51:32,031] {logging_mixin.py:103} INFO - [2021-01-14 22:51:32,030] {dag.py:2266} INFO - Setting next_dagrun for latest_only to 2021-01-13 00:00:00+00:00
[2021-01-14 22:51:32,045] {scheduler_job.py:189} INFO - Processing /Users/chowli/.local/share/virtualenvs/marketvol-WbDfdy4N/lib/python3.7/site-packages/airflow/example_dags/example_latest_only.py took 0.053 seconds
[2021-01-14 22:51:57,784] {scheduler_job.py:181} INFO - Started process (PID=73490) to work on /Users/chowli/.local/share/virtualenvs/marketvol-WbDfdy4N/lib/python3.7/site-packages/airflow/example_dags/example_latest_only.py
[2021-01-14 22:51:57,786] {scheduler_job.py:629} INFO - Processing file /Users/chowli/.local/share/virtualenvs/marketvol-WbDfdy4N/lib/python3.7/site-packages/airflow/example_dags/example_latest_only.py for tasks to queue
[2021-01-14 22:51:57,788] {logging_mixin.py:103} INFO - [2021-01-14 22:51:57,787] {dagbag.py:440} INFO - Filling up the DagBag from /Users/chowli/.local/share/virtualenvs/marketvol-WbDfdy4N/lib/python3.7/site-packages/airflow/example_dags/example_latest_only.py
[2021-01-14 22:51:57,801] {scheduler_job.py:639} INFO - DAG(s) dict_keys(['latest_only']) retrieved from /Users/chowli/.local/share/virtualenvs/marketvol-WbDfdy4N/lib/python3.7/site-packages/airflow/example_dags/example_latest_only.py
[2021-01-14 22:51:57,803] {logging_mixin.py:103} INFO - [2021-01-14 22:51:57,803] {dag.py:1813} INFO - Sync 1 DAGs
[2021-01-14 22:51:57,824] {logging_mixin.py:103} INFO - [2021-01-14 22:51:57,823] {dag.py:2266} INFO - Setting next_dagrun for latest_only to 2021-01-13 00:00:00+00:00
[2021-01-14 22:51:57,840] {scheduler_job.py:189} INFO - Processing /Users/chowli/.local/share/virtualenvs/marketvol-WbDfdy4N/lib/python3.7/site-packages/airflow/example_dags/example_latest_only.py took 0.061 seconds
[2021-01-14 22:52:23,042] {scheduler_job.py:181} INFO - Started process (PID=73520) to work on /Users/chowli/.local/share/virtualenvs/marketvol-WbDfdy4N/lib/python3.7/site-packages/airflow/example_dags/example_latest_only.py
[2021-01-14 22:52:23,044] {scheduler_job.py:629} INFO - Processing file /Users/chowli/.local/share/virtualenvs/marketvol-WbDfdy4N/lib/python3.7/site-packages/airflow/example_dags/example_latest_only.py for tasks to queue
[2021-01-14 22:52:23,045] {logging_mixin.py:103} INFO - [2021-01-14 22:52:23,044] {dagbag.py:440} INFO - Filling up the DagBag from /Users/chowli/.local/share/virtualenvs/marketvol-WbDfdy4N/lib/python3.7/site-packages/airflow/example_dags/example_latest_only.py
[2021-01-14 22:52:23,057] {scheduler_job.py:639} INFO - DAG(s) dict_keys(['latest_only']) retrieved from /Users/chowli/.local/share/virtualenvs/marketvol-WbDfdy4N/lib/python3.7/site-packages/airflow/example_dags/example_latest_only.py
[2021-01-14 22:52:23,058] {logging_mixin.py:103} INFO - [2021-01-14 22:52:23,058] {dag.py:1813} INFO - Sync 1 DAGs
[2021-01-14 22:52:23,074] {logging_mixin.py:103} INFO - [2021-01-14 22:52:23,074] {dag.py:2266} INFO - Setting next_dagrun for latest_only to 2021-01-13 00:00:00+00:00
[2021-01-14 22:52:23,089] {scheduler_job.py:189} INFO - Processing /Users/chowli/.local/share/virtualenvs/marketvol-WbDfdy4N/lib/python3.7/site-packages/airflow/example_dags/example_latest_only.py took 0.050 seconds
[2021-01-14 22:53:22,916] {scheduler_job.py:181} INFO - Started process (PID=73651) to work on /Users/chowli/.local/share/virtualenvs/marketvol-WbDfdy4N/lib/python3.7/site-packages/airflow/example_dags/example_latest_only.py
[2021-01-14 22:53:22,917] {scheduler_job.py:629} INFO - Processing file /Users/chowli/.local/share/virtualenvs/marketvol-WbDfdy4N/lib/python3.7/site-packages/airflow/example_dags/example_latest_only.py for tasks to queue
[2021-01-14 22:53:22,919] {logging_mixin.py:103} INFO - [2021-01-14 22:53:22,918] {dagbag.py:440} INFO - Filling up the DagBag from /Users/chowli/.local/share/virtualenvs/marketvol-WbDfdy4N/lib/python3.7/site-packages/airflow/example_dags/example_latest_only.py
[2021-01-14 22:53:22,929] {scheduler_job.py:639} INFO - DAG(s) dict_keys(['latest_only']) retrieved from /Users/chowli/.local/share/virtualenvs/marketvol-WbDfdy4N/lib/python3.7/site-packages/airflow/example_dags/example_latest_only.py
[2021-01-14 22:53:22,930] {logging_mixin.py:103} INFO - [2021-01-14 22:53:22,930] {dag.py:1813} INFO - Sync 1 DAGs
[2021-01-14 22:53:22,945] {logging_mixin.py:103} INFO - [2021-01-14 22:53:22,945] {dag.py:2266} INFO - Setting next_dagrun for latest_only to 2021-01-13 00:00:00+00:00
[2021-01-14 22:53:22,957] {scheduler_job.py:189} INFO - Processing /Users/chowli/.local/share/virtualenvs/marketvol-WbDfdy4N/lib/python3.7/site-packages/airflow/example_dags/example_latest_only.py took 0.044 seconds
[2021-01-14 22:53:49,827] {scheduler_job.py:181} INFO - Started process (PID=73754) to work on /Users/chowli/.local/share/virtualenvs/marketvol-WbDfdy4N/lib/python3.7/site-packages/airflow/example_dags/example_latest_only.py
[2021-01-14 22:53:49,828] {scheduler_job.py:629} INFO - Processing file /Users/chowli/.local/share/virtualenvs/marketvol-WbDfdy4N/lib/python3.7/site-packages/airflow/example_dags/example_latest_only.py for tasks to queue
[2021-01-14 22:53:49,830] {logging_mixin.py:103} INFO - [2021-01-14 22:53:49,829] {dagbag.py:440} INFO - Filling up the DagBag from /Users/chowli/.local/share/virtualenvs/marketvol-WbDfdy4N/lib/python3.7/site-packages/airflow/example_dags/example_latest_only.py
[2021-01-14 22:53:49,841] {scheduler_job.py:639} INFO - DAG(s) dict_keys(['latest_only']) retrieved from /Users/chowli/.local/share/virtualenvs/marketvol-WbDfdy4N/lib/python3.7/site-packages/airflow/example_dags/example_latest_only.py
[2021-01-14 22:53:49,843] {logging_mixin.py:103} INFO - [2021-01-14 22:53:49,843] {dag.py:1813} INFO - Sync 1 DAGs
[2021-01-14 22:53:49,860] {logging_mixin.py:103} INFO - [2021-01-14 22:53:49,860] {dag.py:2266} INFO - Setting next_dagrun for latest_only to 2021-01-13 00:00:00+00:00
[2021-01-14 22:53:49,873] {scheduler_job.py:189} INFO - Processing /Users/chowli/.local/share/virtualenvs/marketvol-WbDfdy4N/lib/python3.7/site-packages/airflow/example_dags/example_latest_only.py took 0.050 seconds
[2021-01-14 22:54:24,107] {scheduler_job.py:181} INFO - Started process (PID=73819) to work on /Users/chowli/.local/share/virtualenvs/marketvol-WbDfdy4N/lib/python3.7/site-packages/airflow/example_dags/example_latest_only.py
[2021-01-14 22:54:24,109] {scheduler_job.py:629} INFO - Processing file /Users/chowli/.local/share/virtualenvs/marketvol-WbDfdy4N/lib/python3.7/site-packages/airflow/example_dags/example_latest_only.py for tasks to queue
[2021-01-14 22:54:24,110] {logging_mixin.py:103} INFO - [2021-01-14 22:54:24,110] {dagbag.py:440} INFO - Filling up the DagBag from /Users/chowli/.local/share/virtualenvs/marketvol-WbDfdy4N/lib/python3.7/site-packages/airflow/example_dags/example_latest_only.py
[2021-01-14 22:54:24,125] {scheduler_job.py:639} INFO - DAG(s) dict_keys(['latest_only']) retrieved from /Users/chowli/.local/share/virtualenvs/marketvol-WbDfdy4N/lib/python3.7/site-packages/airflow/example_dags/example_latest_only.py
[2021-01-14 22:54:24,126] {logging_mixin.py:103} INFO - [2021-01-14 22:54:24,126] {dag.py:1813} INFO - Sync 1 DAGs
[2021-01-14 22:54:24,148] {logging_mixin.py:103} INFO - [2021-01-14 22:54:24,147] {dag.py:2266} INFO - Setting next_dagrun for latest_only to 2021-01-13 00:00:00+00:00
[2021-01-14 22:54:24,166] {scheduler_job.py:189} INFO - Processing /Users/chowli/.local/share/virtualenvs/marketvol-WbDfdy4N/lib/python3.7/site-packages/airflow/example_dags/example_latest_only.py took 0.064 seconds
