[2021-01-14 22:50:33,919] {scheduler_job.py:181} INFO - Started process (PID=73388) to work on /Users/chowli/.local/share/virtualenvs/marketvol-WbDfdy4N/lib/python3.7/site-packages/airflow/example_dags/example_task_group.py
[2021-01-14 22:50:33,920] {scheduler_job.py:629} INFO - Processing file /Users/chowli/.local/share/virtualenvs/marketvol-WbDfdy4N/lib/python3.7/site-packages/airflow/example_dags/example_task_group.py for tasks to queue
[2021-01-14 22:50:33,922] {logging_mixin.py:103} INFO - [2021-01-14 22:50:33,921] {dagbag.py:440} INFO - Filling up the DagBag from /Users/chowli/.local/share/virtualenvs/marketvol-WbDfdy4N/lib/python3.7/site-packages/airflow/example_dags/example_task_group.py
[2021-01-14 22:50:33,935] {scheduler_job.py:639} INFO - DAG(s) dict_keys(['example_task_group']) retrieved from /Users/chowli/.local/share/virtualenvs/marketvol-WbDfdy4N/lib/python3.7/site-packages/airflow/example_dags/example_task_group.py
[2021-01-14 22:50:33,937] {logging_mixin.py:103} INFO - [2021-01-14 22:50:33,937] {dag.py:1813} INFO - Sync 1 DAGs
[2021-01-14 22:50:33,955] {logging_mixin.py:103} INFO - [2021-01-14 22:50:33,955] {dag.py:2266} INFO - Setting next_dagrun for example_task_group to 2021-01-13 00:00:00+00:00
[2021-01-14 22:50:33,987] {scheduler_job.py:189} INFO - Processing /Users/chowli/.local/share/virtualenvs/marketvol-WbDfdy4N/lib/python3.7/site-packages/airflow/example_dags/example_task_group.py took 0.072 seconds
[2021-01-14 22:50:59,165] {scheduler_job.py:181} INFO - Started process (PID=73416) to work on /Users/chowli/.local/share/virtualenvs/marketvol-WbDfdy4N/lib/python3.7/site-packages/airflow/example_dags/example_task_group.py
[2021-01-14 22:50:59,167] {scheduler_job.py:629} INFO - Processing file /Users/chowli/.local/share/virtualenvs/marketvol-WbDfdy4N/lib/python3.7/site-packages/airflow/example_dags/example_task_group.py for tasks to queue
[2021-01-14 22:50:59,168] {logging_mixin.py:103} INFO - [2021-01-14 22:50:59,168] {dagbag.py:440} INFO - Filling up the DagBag from /Users/chowli/.local/share/virtualenvs/marketvol-WbDfdy4N/lib/python3.7/site-packages/airflow/example_dags/example_task_group.py
[2021-01-14 22:50:59,183] {scheduler_job.py:639} INFO - DAG(s) dict_keys(['example_task_group']) retrieved from /Users/chowli/.local/share/virtualenvs/marketvol-WbDfdy4N/lib/python3.7/site-packages/airflow/example_dags/example_task_group.py
[2021-01-14 22:50:59,185] {logging_mixin.py:103} INFO - [2021-01-14 22:50:59,184] {dag.py:1813} INFO - Sync 1 DAGs
[2021-01-14 22:50:59,204] {logging_mixin.py:103} INFO - [2021-01-14 22:50:59,203] {dag.py:2266} INFO - Setting next_dagrun for example_task_group to 2021-01-13 00:00:00+00:00
[2021-01-14 22:50:59,213] {scheduler_job.py:189} INFO - Processing /Users/chowli/.local/share/virtualenvs/marketvol-WbDfdy4N/lib/python3.7/site-packages/airflow/example_dags/example_task_group.py took 0.052 seconds
[2021-01-14 22:51:24,401] {scheduler_job.py:181} INFO - Started process (PID=73450) to work on /Users/chowli/.local/share/virtualenvs/marketvol-WbDfdy4N/lib/python3.7/site-packages/airflow/example_dags/example_task_group.py
[2021-01-14 22:51:24,403] {scheduler_job.py:629} INFO - Processing file /Users/chowli/.local/share/virtualenvs/marketvol-WbDfdy4N/lib/python3.7/site-packages/airflow/example_dags/example_task_group.py for tasks to queue
[2021-01-14 22:51:24,404] {logging_mixin.py:103} INFO - [2021-01-14 22:51:24,404] {dagbag.py:440} INFO - Filling up the DagBag from /Users/chowli/.local/share/virtualenvs/marketvol-WbDfdy4N/lib/python3.7/site-packages/airflow/example_dags/example_task_group.py
[2021-01-14 22:51:24,417] {scheduler_job.py:639} INFO - DAG(s) dict_keys(['example_task_group']) retrieved from /Users/chowli/.local/share/virtualenvs/marketvol-WbDfdy4N/lib/python3.7/site-packages/airflow/example_dags/example_task_group.py
[2021-01-14 22:51:24,418] {logging_mixin.py:103} INFO - [2021-01-14 22:51:24,418] {dag.py:1813} INFO - Sync 1 DAGs
[2021-01-14 22:51:24,435] {logging_mixin.py:103} INFO - [2021-01-14 22:51:24,434] {dag.py:2266} INFO - Setting next_dagrun for example_task_group to 2021-01-13 00:00:00+00:00
[2021-01-14 22:51:24,448] {scheduler_job.py:189} INFO - Processing /Users/chowli/.local/share/virtualenvs/marketvol-WbDfdy4N/lib/python3.7/site-packages/airflow/example_dags/example_task_group.py took 0.050 seconds
[2021-01-14 22:51:49,648] {scheduler_job.py:181} INFO - Started process (PID=73481) to work on /Users/chowli/.local/share/virtualenvs/marketvol-WbDfdy4N/lib/python3.7/site-packages/airflow/example_dags/example_task_group.py
[2021-01-14 22:51:49,650] {scheduler_job.py:629} INFO - Processing file /Users/chowli/.local/share/virtualenvs/marketvol-WbDfdy4N/lib/python3.7/site-packages/airflow/example_dags/example_task_group.py for tasks to queue
[2021-01-14 22:51:49,651] {logging_mixin.py:103} INFO - [2021-01-14 22:51:49,650] {dagbag.py:440} INFO - Filling up the DagBag from /Users/chowli/.local/share/virtualenvs/marketvol-WbDfdy4N/lib/python3.7/site-packages/airflow/example_dags/example_task_group.py
[2021-01-14 22:51:49,664] {scheduler_job.py:639} INFO - DAG(s) dict_keys(['example_task_group']) retrieved from /Users/chowli/.local/share/virtualenvs/marketvol-WbDfdy4N/lib/python3.7/site-packages/airflow/example_dags/example_task_group.py
[2021-01-14 22:51:49,666] {logging_mixin.py:103} INFO - [2021-01-14 22:51:49,665] {dag.py:1813} INFO - Sync 1 DAGs
[2021-01-14 22:51:49,684] {logging_mixin.py:103} INFO - [2021-01-14 22:51:49,683] {dag.py:2266} INFO - Setting next_dagrun for example_task_group to 2021-01-13 00:00:00+00:00
[2021-01-14 22:51:49,698] {scheduler_job.py:189} INFO - Processing /Users/chowli/.local/share/virtualenvs/marketvol-WbDfdy4N/lib/python3.7/site-packages/airflow/example_dags/example_task_group.py took 0.054 seconds
[2021-01-14 22:52:15,931] {scheduler_job.py:181} INFO - Started process (PID=73512) to work on /Users/chowli/.local/share/virtualenvs/marketvol-WbDfdy4N/lib/python3.7/site-packages/airflow/example_dags/example_task_group.py
[2021-01-14 22:52:15,934] {scheduler_job.py:629} INFO - Processing file /Users/chowli/.local/share/virtualenvs/marketvol-WbDfdy4N/lib/python3.7/site-packages/airflow/example_dags/example_task_group.py for tasks to queue
[2021-01-14 22:52:15,936] {logging_mixin.py:103} INFO - [2021-01-14 22:52:15,935] {dagbag.py:440} INFO - Filling up the DagBag from /Users/chowli/.local/share/virtualenvs/marketvol-WbDfdy4N/lib/python3.7/site-packages/airflow/example_dags/example_task_group.py
[2021-01-14 22:52:15,951] {scheduler_job.py:639} INFO - DAG(s) dict_keys(['example_task_group']) retrieved from /Users/chowli/.local/share/virtualenvs/marketvol-WbDfdy4N/lib/python3.7/site-packages/airflow/example_dags/example_task_group.py
[2021-01-14 22:52:15,953] {logging_mixin.py:103} INFO - [2021-01-14 22:52:15,953] {dag.py:1813} INFO - Sync 1 DAGs
[2021-01-14 22:52:15,974] {logging_mixin.py:103} INFO - [2021-01-14 22:52:15,974] {dag.py:2266} INFO - Setting next_dagrun for example_task_group to 2021-01-13 00:00:00+00:00
[2021-01-14 22:52:15,992] {scheduler_job.py:189} INFO - Processing /Users/chowli/.local/share/virtualenvs/marketvol-WbDfdy4N/lib/python3.7/site-packages/airflow/example_dags/example_task_group.py took 0.065 seconds
[2021-01-14 22:52:41,176] {scheduler_job.py:181} INFO - Started process (PID=73556) to work on /Users/chowli/.local/share/virtualenvs/marketvol-WbDfdy4N/lib/python3.7/site-packages/airflow/example_dags/example_task_group.py
[2021-01-14 22:52:41,179] {scheduler_job.py:629} INFO - Processing file /Users/chowli/.local/share/virtualenvs/marketvol-WbDfdy4N/lib/python3.7/site-packages/airflow/example_dags/example_task_group.py for tasks to queue
[2021-01-14 22:52:41,180] {logging_mixin.py:103} INFO - [2021-01-14 22:52:41,180] {dagbag.py:440} INFO - Filling up the DagBag from /Users/chowli/.local/share/virtualenvs/marketvol-WbDfdy4N/lib/python3.7/site-packages/airflow/example_dags/example_task_group.py
[2021-01-14 22:52:41,193] {scheduler_job.py:639} INFO - DAG(s) dict_keys(['example_task_group']) retrieved from /Users/chowli/.local/share/virtualenvs/marketvol-WbDfdy4N/lib/python3.7/site-packages/airflow/example_dags/example_task_group.py
[2021-01-14 22:52:41,194] {logging_mixin.py:103} INFO - [2021-01-14 22:52:41,194] {dag.py:1813} INFO - Sync 1 DAGs
[2021-01-14 22:52:41,212] {logging_mixin.py:103} INFO - [2021-01-14 22:52:41,211] {dag.py:2266} INFO - Setting next_dagrun for example_task_group to 2021-01-13 00:00:00+00:00
[2021-01-14 22:52:41,230] {scheduler_job.py:189} INFO - Processing /Users/chowli/.local/share/virtualenvs/marketvol-WbDfdy4N/lib/python3.7/site-packages/airflow/example_dags/example_task_group.py took 0.057 seconds
[2021-01-14 22:53:26,335] {scheduler_job.py:181} INFO - Started process (PID=73671) to work on /Users/chowli/.local/share/virtualenvs/marketvol-WbDfdy4N/lib/python3.7/site-packages/airflow/example_dags/example_task_group.py
[2021-01-14 22:53:26,336] {scheduler_job.py:629} INFO - Processing file /Users/chowli/.local/share/virtualenvs/marketvol-WbDfdy4N/lib/python3.7/site-packages/airflow/example_dags/example_task_group.py for tasks to queue
[2021-01-14 22:53:26,337] {logging_mixin.py:103} INFO - [2021-01-14 22:53:26,337] {dagbag.py:440} INFO - Filling up the DagBag from /Users/chowli/.local/share/virtualenvs/marketvol-WbDfdy4N/lib/python3.7/site-packages/airflow/example_dags/example_task_group.py
[2021-01-14 22:53:26,348] {scheduler_job.py:639} INFO - DAG(s) dict_keys(['example_task_group']) retrieved from /Users/chowli/.local/share/virtualenvs/marketvol-WbDfdy4N/lib/python3.7/site-packages/airflow/example_dags/example_task_group.py
[2021-01-14 22:53:26,349] {logging_mixin.py:103} INFO - [2021-01-14 22:53:26,349] {dag.py:1813} INFO - Sync 1 DAGs
[2021-01-14 22:53:26,363] {logging_mixin.py:103} INFO - [2021-01-14 22:53:26,362] {dag.py:2266} INFO - Setting next_dagrun for example_task_group to 2021-01-13 00:00:00+00:00
[2021-01-14 22:53:26,386] {scheduler_job.py:189} INFO - Processing /Users/chowli/.local/share/virtualenvs/marketvol-WbDfdy4N/lib/python3.7/site-packages/airflow/example_dags/example_task_group.py took 0.054 seconds
[2021-01-14 22:53:53,240] {scheduler_job.py:181} INFO - Started process (PID=73760) to work on /Users/chowli/.local/share/virtualenvs/marketvol-WbDfdy4N/lib/python3.7/site-packages/airflow/example_dags/example_task_group.py
[2021-01-14 22:53:53,242] {scheduler_job.py:629} INFO - Processing file /Users/chowli/.local/share/virtualenvs/marketvol-WbDfdy4N/lib/python3.7/site-packages/airflow/example_dags/example_task_group.py for tasks to queue
[2021-01-14 22:53:53,243] {logging_mixin.py:103} INFO - [2021-01-14 22:53:53,242] {dagbag.py:440} INFO - Filling up the DagBag from /Users/chowli/.local/share/virtualenvs/marketvol-WbDfdy4N/lib/python3.7/site-packages/airflow/example_dags/example_task_group.py
[2021-01-14 22:53:53,254] {scheduler_job.py:639} INFO - DAG(s) dict_keys(['example_task_group']) retrieved from /Users/chowli/.local/share/virtualenvs/marketvol-WbDfdy4N/lib/python3.7/site-packages/airflow/example_dags/example_task_group.py
[2021-01-14 22:53:53,255] {logging_mixin.py:103} INFO - [2021-01-14 22:53:53,255] {dag.py:1813} INFO - Sync 1 DAGs
[2021-01-14 22:53:53,270] {logging_mixin.py:103} INFO - [2021-01-14 22:53:53,269] {dag.py:2266} INFO - Setting next_dagrun for example_task_group to 2021-01-13 00:00:00+00:00
[2021-01-14 22:53:53,278] {scheduler_job.py:189} INFO - Processing /Users/chowli/.local/share/virtualenvs/marketvol-WbDfdy4N/lib/python3.7/site-packages/airflow/example_dags/example_task_group.py took 0.041 seconds
[2021-01-14 22:54:27,085] {scheduler_job.py:181} INFO - Started process (PID=73823) to work on /Users/chowli/.local/share/virtualenvs/marketvol-WbDfdy4N/lib/python3.7/site-packages/airflow/example_dags/example_task_group.py
[2021-01-14 22:54:27,087] {scheduler_job.py:629} INFO - Processing file /Users/chowli/.local/share/virtualenvs/marketvol-WbDfdy4N/lib/python3.7/site-packages/airflow/example_dags/example_task_group.py for tasks to queue
[2021-01-14 22:54:27,088] {logging_mixin.py:103} INFO - [2021-01-14 22:54:27,088] {dagbag.py:440} INFO - Filling up the DagBag from /Users/chowli/.local/share/virtualenvs/marketvol-WbDfdy4N/lib/python3.7/site-packages/airflow/example_dags/example_task_group.py
[2021-01-14 22:54:27,101] {scheduler_job.py:639} INFO - DAG(s) dict_keys(['example_task_group']) retrieved from /Users/chowli/.local/share/virtualenvs/marketvol-WbDfdy4N/lib/python3.7/site-packages/airflow/example_dags/example_task_group.py
[2021-01-14 22:54:27,103] {logging_mixin.py:103} INFO - [2021-01-14 22:54:27,102] {dag.py:1813} INFO - Sync 1 DAGs
[2021-01-14 22:54:27,121] {logging_mixin.py:103} INFO - [2021-01-14 22:54:27,120] {dag.py:2266} INFO - Setting next_dagrun for example_task_group to 2021-01-13 00:00:00+00:00
[2021-01-14 22:54:27,136] {scheduler_job.py:189} INFO - Processing /Users/chowli/.local/share/virtualenvs/marketvol-WbDfdy4N/lib/python3.7/site-packages/airflow/example_dags/example_task_group.py took 0.055 seconds
