[2021-01-14 22:49:15,328] {scheduler_job.py:181} INFO - Started process (PID=73203) to work on /Users/chowli/.local/share/virtualenvs/marketvol-WbDfdy4N/lib/python3.7/site-packages/airflow/example_dags/example_trigger_target_dag.py
[2021-01-14 22:49:15,330] {scheduler_job.py:629} INFO - Processing file /Users/chowli/.local/share/virtualenvs/marketvol-WbDfdy4N/lib/python3.7/site-packages/airflow/example_dags/example_trigger_target_dag.py for tasks to queue
[2021-01-14 22:49:15,331] {logging_mixin.py:103} INFO - [2021-01-14 22:49:15,330] {dagbag.py:440} INFO - Filling up the DagBag from /Users/chowli/.local/share/virtualenvs/marketvol-WbDfdy4N/lib/python3.7/site-packages/airflow/example_dags/example_trigger_target_dag.py
[2021-01-14 22:49:15,345] {scheduler_job.py:639} INFO - DAG(s) dict_keys(['example_trigger_target_dag']) retrieved from /Users/chowli/.local/share/virtualenvs/marketvol-WbDfdy4N/lib/python3.7/site-packages/airflow/example_dags/example_trigger_target_dag.py
[2021-01-14 22:49:15,347] {logging_mixin.py:103} INFO - [2021-01-14 22:49:15,347] {dag.py:1813} INFO - Sync 1 DAGs
[2021-01-14 22:49:15,366] {logging_mixin.py:103} INFO - [2021-01-14 22:49:15,366] {dag.py:2266} INFO - Setting next_dagrun for example_trigger_target_dag to None
[2021-01-14 22:49:15,391] {scheduler_job.py:189} INFO - Processing /Users/chowli/.local/share/virtualenvs/marketvol-WbDfdy4N/lib/python3.7/site-packages/airflow/example_dags/example_trigger_target_dag.py took 0.066 seconds
[2021-01-14 22:50:40,003] {scheduler_job.py:181} INFO - Started process (PID=73394) to work on /Users/chowli/.local/share/virtualenvs/marketvol-WbDfdy4N/lib/python3.7/site-packages/airflow/example_dags/example_trigger_target_dag.py
[2021-01-14 22:50:40,005] {scheduler_job.py:629} INFO - Processing file /Users/chowli/.local/share/virtualenvs/marketvol-WbDfdy4N/lib/python3.7/site-packages/airflow/example_dags/example_trigger_target_dag.py for tasks to queue
[2021-01-14 22:50:40,006] {logging_mixin.py:103} INFO - [2021-01-14 22:50:40,006] {dagbag.py:440} INFO - Filling up the DagBag from /Users/chowli/.local/share/virtualenvs/marketvol-WbDfdy4N/lib/python3.7/site-packages/airflow/example_dags/example_trigger_target_dag.py
[2021-01-14 22:50:40,020] {scheduler_job.py:639} INFO - DAG(s) dict_keys(['example_trigger_target_dag']) retrieved from /Users/chowli/.local/share/virtualenvs/marketvol-WbDfdy4N/lib/python3.7/site-packages/airflow/example_dags/example_trigger_target_dag.py
[2021-01-14 22:50:40,022] {logging_mixin.py:103} INFO - [2021-01-14 22:50:40,021] {dag.py:1813} INFO - Sync 1 DAGs
[2021-01-14 22:50:40,040] {logging_mixin.py:103} INFO - [2021-01-14 22:50:40,040] {dag.py:2266} INFO - Setting next_dagrun for example_trigger_target_dag to None
[2021-01-14 22:50:40,054] {scheduler_job.py:189} INFO - Processing /Users/chowli/.local/share/virtualenvs/marketvol-WbDfdy4N/lib/python3.7/site-packages/airflow/example_dags/example_trigger_target_dag.py took 0.055 seconds
[2021-01-14 22:51:05,249] {scheduler_job.py:181} INFO - Started process (PID=73423) to work on /Users/chowli/.local/share/virtualenvs/marketvol-WbDfdy4N/lib/python3.7/site-packages/airflow/example_dags/example_trigger_target_dag.py
[2021-01-14 22:51:05,251] {scheduler_job.py:629} INFO - Processing file /Users/chowli/.local/share/virtualenvs/marketvol-WbDfdy4N/lib/python3.7/site-packages/airflow/example_dags/example_trigger_target_dag.py for tasks to queue
[2021-01-14 22:51:05,252] {logging_mixin.py:103} INFO - [2021-01-14 22:51:05,252] {dagbag.py:440} INFO - Filling up the DagBag from /Users/chowli/.local/share/virtualenvs/marketvol-WbDfdy4N/lib/python3.7/site-packages/airflow/example_dags/example_trigger_target_dag.py
[2021-01-14 22:51:05,265] {scheduler_job.py:639} INFO - DAG(s) dict_keys(['example_trigger_target_dag']) retrieved from /Users/chowli/.local/share/virtualenvs/marketvol-WbDfdy4N/lib/python3.7/site-packages/airflow/example_dags/example_trigger_target_dag.py
[2021-01-14 22:51:05,267] {logging_mixin.py:103} INFO - [2021-01-14 22:51:05,266] {dag.py:1813} INFO - Sync 1 DAGs
[2021-01-14 22:51:05,284] {logging_mixin.py:103} INFO - [2021-01-14 22:51:05,284] {dag.py:2266} INFO - Setting next_dagrun for example_trigger_target_dag to None
[2021-01-14 22:51:05,298] {scheduler_job.py:189} INFO - Processing /Users/chowli/.local/share/virtualenvs/marketvol-WbDfdy4N/lib/python3.7/site-packages/airflow/example_dags/example_trigger_target_dag.py took 0.052 seconds
[2021-01-14 22:51:31,510] {scheduler_job.py:181} INFO - Started process (PID=73457) to work on /Users/chowli/.local/share/virtualenvs/marketvol-WbDfdy4N/lib/python3.7/site-packages/airflow/example_dags/example_trigger_target_dag.py
[2021-01-14 22:51:31,511] {scheduler_job.py:629} INFO - Processing file /Users/chowli/.local/share/virtualenvs/marketvol-WbDfdy4N/lib/python3.7/site-packages/airflow/example_dags/example_trigger_target_dag.py for tasks to queue
[2021-01-14 22:51:31,513] {logging_mixin.py:103} INFO - [2021-01-14 22:51:31,512] {dagbag.py:440} INFO - Filling up the DagBag from /Users/chowli/.local/share/virtualenvs/marketvol-WbDfdy4N/lib/python3.7/site-packages/airflow/example_dags/example_trigger_target_dag.py
[2021-01-14 22:51:31,524] {scheduler_job.py:639} INFO - DAG(s) dict_keys(['example_trigger_target_dag']) retrieved from /Users/chowli/.local/share/virtualenvs/marketvol-WbDfdy4N/lib/python3.7/site-packages/airflow/example_dags/example_trigger_target_dag.py
[2021-01-14 22:51:31,526] {logging_mixin.py:103} INFO - [2021-01-14 22:51:31,526] {dag.py:1813} INFO - Sync 1 DAGs
[2021-01-14 22:51:31,543] {logging_mixin.py:103} INFO - [2021-01-14 22:51:31,543] {dag.py:2266} INFO - Setting next_dagrun for example_trigger_target_dag to None
[2021-01-14 22:51:31,556] {scheduler_job.py:189} INFO - Processing /Users/chowli/.local/share/virtualenvs/marketvol-WbDfdy4N/lib/python3.7/site-packages/airflow/example_dags/example_trigger_target_dag.py took 0.049 seconds
[2021-01-14 22:51:56,751] {scheduler_job.py:181} INFO - Started process (PID=73489) to work on /Users/chowli/.local/share/virtualenvs/marketvol-WbDfdy4N/lib/python3.7/site-packages/airflow/example_dags/example_trigger_target_dag.py
[2021-01-14 22:51:56,752] {scheduler_job.py:629} INFO - Processing file /Users/chowli/.local/share/virtualenvs/marketvol-WbDfdy4N/lib/python3.7/site-packages/airflow/example_dags/example_trigger_target_dag.py for tasks to queue
[2021-01-14 22:51:56,753] {logging_mixin.py:103} INFO - [2021-01-14 22:51:56,753] {dagbag.py:440} INFO - Filling up the DagBag from /Users/chowli/.local/share/virtualenvs/marketvol-WbDfdy4N/lib/python3.7/site-packages/airflow/example_dags/example_trigger_target_dag.py
[2021-01-14 22:51:56,764] {scheduler_job.py:639} INFO - DAG(s) dict_keys(['example_trigger_target_dag']) retrieved from /Users/chowli/.local/share/virtualenvs/marketvol-WbDfdy4N/lib/python3.7/site-packages/airflow/example_dags/example_trigger_target_dag.py
[2021-01-14 22:51:56,766] {logging_mixin.py:103} INFO - [2021-01-14 22:51:56,765] {dag.py:1813} INFO - Sync 1 DAGs
[2021-01-14 22:51:56,780] {logging_mixin.py:103} INFO - [2021-01-14 22:51:56,780] {dag.py:2266} INFO - Setting next_dagrun for example_trigger_target_dag to None
[2021-01-14 22:51:56,792] {scheduler_job.py:189} INFO - Processing /Users/chowli/.local/share/virtualenvs/marketvol-WbDfdy4N/lib/python3.7/site-packages/airflow/example_dags/example_trigger_target_dag.py took 0.044 seconds
[2021-01-14 22:52:22,009] {scheduler_job.py:181} INFO - Started process (PID=73519) to work on /Users/chowli/.local/share/virtualenvs/marketvol-WbDfdy4N/lib/python3.7/site-packages/airflow/example_dags/example_trigger_target_dag.py
[2021-01-14 22:52:22,011] {scheduler_job.py:629} INFO - Processing file /Users/chowli/.local/share/virtualenvs/marketvol-WbDfdy4N/lib/python3.7/site-packages/airflow/example_dags/example_trigger_target_dag.py for tasks to queue
[2021-01-14 22:52:22,013] {logging_mixin.py:103} INFO - [2021-01-14 22:52:22,012] {dagbag.py:440} INFO - Filling up the DagBag from /Users/chowli/.local/share/virtualenvs/marketvol-WbDfdy4N/lib/python3.7/site-packages/airflow/example_dags/example_trigger_target_dag.py
[2021-01-14 22:52:22,028] {scheduler_job.py:639} INFO - DAG(s) dict_keys(['example_trigger_target_dag']) retrieved from /Users/chowli/.local/share/virtualenvs/marketvol-WbDfdy4N/lib/python3.7/site-packages/airflow/example_dags/example_trigger_target_dag.py
[2021-01-14 22:52:22,030] {logging_mixin.py:103} INFO - [2021-01-14 22:52:22,030] {dag.py:1813} INFO - Sync 1 DAGs
[2021-01-14 22:52:22,052] {logging_mixin.py:103} INFO - [2021-01-14 22:52:22,051] {dag.py:2266} INFO - Setting next_dagrun for example_trigger_target_dag to None
[2021-01-14 22:52:22,069] {scheduler_job.py:189} INFO - Processing /Users/chowli/.local/share/virtualenvs/marketvol-WbDfdy4N/lib/python3.7/site-packages/airflow/example_dags/example_trigger_target_dag.py took 0.063 seconds
[2021-01-14 22:52:47,564] {scheduler_job.py:181} INFO - Started process (PID=73563) to work on /Users/chowli/.local/share/virtualenvs/marketvol-WbDfdy4N/lib/python3.7/site-packages/airflow/example_dags/example_trigger_target_dag.py
[2021-01-14 22:52:47,568] {scheduler_job.py:629} INFO - Processing file /Users/chowli/.local/share/virtualenvs/marketvol-WbDfdy4N/lib/python3.7/site-packages/airflow/example_dags/example_trigger_target_dag.py for tasks to queue
[2021-01-14 22:52:47,570] {logging_mixin.py:103} INFO - [2021-01-14 22:52:47,569] {dagbag.py:440} INFO - Filling up the DagBag from /Users/chowli/.local/share/virtualenvs/marketvol-WbDfdy4N/lib/python3.7/site-packages/airflow/example_dags/example_trigger_target_dag.py
[2021-01-14 22:52:47,590] {scheduler_job.py:639} INFO - DAG(s) dict_keys(['example_trigger_target_dag']) retrieved from /Users/chowli/.local/share/virtualenvs/marketvol-WbDfdy4N/lib/python3.7/site-packages/airflow/example_dags/example_trigger_target_dag.py
[2021-01-14 22:52:47,592] {logging_mixin.py:103} INFO - [2021-01-14 22:52:47,592] {dag.py:1813} INFO - Sync 1 DAGs
[2021-01-14 22:52:47,611] {logging_mixin.py:103} INFO - [2021-01-14 22:52:47,611] {dag.py:2266} INFO - Setting next_dagrun for example_trigger_target_dag to None
[2021-01-14 22:52:47,626] {scheduler_job.py:189} INFO - Processing /Users/chowli/.local/share/virtualenvs/marketvol-WbDfdy4N/lib/python3.7/site-packages/airflow/example_dags/example_trigger_target_dag.py took 0.067 seconds
[2021-01-14 22:53:17,765] {scheduler_job.py:181} INFO - Started process (PID=73646) to work on /Users/chowli/.local/share/virtualenvs/marketvol-WbDfdy4N/lib/python3.7/site-packages/airflow/example_dags/example_trigger_target_dag.py
[2021-01-14 22:53:17,766] {scheduler_job.py:629} INFO - Processing file /Users/chowli/.local/share/virtualenvs/marketvol-WbDfdy4N/lib/python3.7/site-packages/airflow/example_dags/example_trigger_target_dag.py for tasks to queue
[2021-01-14 22:53:17,768] {logging_mixin.py:103} INFO - [2021-01-14 22:53:17,767] {dagbag.py:440} INFO - Filling up the DagBag from /Users/chowli/.local/share/virtualenvs/marketvol-WbDfdy4N/lib/python3.7/site-packages/airflow/example_dags/example_trigger_target_dag.py
[2021-01-14 22:53:17,781] {scheduler_job.py:639} INFO - DAG(s) dict_keys(['example_trigger_target_dag']) retrieved from /Users/chowli/.local/share/virtualenvs/marketvol-WbDfdy4N/lib/python3.7/site-packages/airflow/example_dags/example_trigger_target_dag.py
[2021-01-14 22:53:17,782] {logging_mixin.py:103} INFO - [2021-01-14 22:53:17,782] {dag.py:1813} INFO - Sync 1 DAGs
[2021-01-14 22:53:17,800] {logging_mixin.py:103} INFO - [2021-01-14 22:53:17,800] {dag.py:2266} INFO - Setting next_dagrun for example_trigger_target_dag to None
[2021-01-14 22:53:17,815] {scheduler_job.py:189} INFO - Processing /Users/chowli/.local/share/virtualenvs/marketvol-WbDfdy4N/lib/python3.7/site-packages/airflow/example_dags/example_trigger_target_dag.py took 0.053 seconds
[2021-01-14 22:53:45,813] {scheduler_job.py:181} INFO - Started process (PID=73749) to work on /Users/chowli/.local/share/virtualenvs/marketvol-WbDfdy4N/lib/python3.7/site-packages/airflow/example_dags/example_trigger_target_dag.py
[2021-01-14 22:53:45,814] {scheduler_job.py:629} INFO - Processing file /Users/chowli/.local/share/virtualenvs/marketvol-WbDfdy4N/lib/python3.7/site-packages/airflow/example_dags/example_trigger_target_dag.py for tasks to queue
[2021-01-14 22:53:45,816] {logging_mixin.py:103} INFO - [2021-01-14 22:53:45,815] {dagbag.py:440} INFO - Filling up the DagBag from /Users/chowli/.local/share/virtualenvs/marketvol-WbDfdy4N/lib/python3.7/site-packages/airflow/example_dags/example_trigger_target_dag.py
[2021-01-14 22:53:45,829] {scheduler_job.py:639} INFO - DAG(s) dict_keys(['example_trigger_target_dag']) retrieved from /Users/chowli/.local/share/virtualenvs/marketvol-WbDfdy4N/lib/python3.7/site-packages/airflow/example_dags/example_trigger_target_dag.py
[2021-01-14 22:53:45,831] {logging_mixin.py:103} INFO - [2021-01-14 22:53:45,830] {dag.py:1813} INFO - Sync 1 DAGs
[2021-01-14 22:53:45,849] {logging_mixin.py:103} INFO - [2021-01-14 22:53:45,848] {dag.py:2266} INFO - Setting next_dagrun for example_trigger_target_dag to None
[2021-01-14 22:53:45,862] {scheduler_job.py:189} INFO - Processing /Users/chowli/.local/share/virtualenvs/marketvol-WbDfdy4N/lib/python3.7/site-packages/airflow/example_dags/example_trigger_target_dag.py took 0.053 seconds
[2021-01-14 22:54:15,990] {scheduler_job.py:181} INFO - Started process (PID=73803) to work on /Users/chowli/.local/share/virtualenvs/marketvol-WbDfdy4N/lib/python3.7/site-packages/airflow/example_dags/example_trigger_target_dag.py
[2021-01-14 22:54:15,992] {scheduler_job.py:629} INFO - Processing file /Users/chowli/.local/share/virtualenvs/marketvol-WbDfdy4N/lib/python3.7/site-packages/airflow/example_dags/example_trigger_target_dag.py for tasks to queue
[2021-01-14 22:54:15,993] {logging_mixin.py:103} INFO - [2021-01-14 22:54:15,992] {dagbag.py:440} INFO - Filling up the DagBag from /Users/chowli/.local/share/virtualenvs/marketvol-WbDfdy4N/lib/python3.7/site-packages/airflow/example_dags/example_trigger_target_dag.py
[2021-01-14 22:54:16,005] {scheduler_job.py:639} INFO - DAG(s) dict_keys(['example_trigger_target_dag']) retrieved from /Users/chowli/.local/share/virtualenvs/marketvol-WbDfdy4N/lib/python3.7/site-packages/airflow/example_dags/example_trigger_target_dag.py
[2021-01-14 22:54:16,006] {logging_mixin.py:103} INFO - [2021-01-14 22:54:16,006] {dag.py:1813} INFO - Sync 1 DAGs
[2021-01-14 22:54:16,023] {logging_mixin.py:103} INFO - [2021-01-14 22:54:16,023] {dag.py:2266} INFO - Setting next_dagrun for example_trigger_target_dag to None
[2021-01-14 22:54:16,036] {scheduler_job.py:189} INFO - Processing /Users/chowli/.local/share/virtualenvs/marketvol-WbDfdy4N/lib/python3.7/site-packages/airflow/example_dags/example_trigger_target_dag.py took 0.049 seconds
