[2021-01-14 22:50:29,902] {scheduler_job.py:181} INFO - Started process (PID=73384) to work on /Users/chowli/.local/share/virtualenvs/marketvol-WbDfdy4N/lib/python3.7/site-packages/airflow/example_dags/example_kubernetes_executor_config.py
[2021-01-14 22:50:29,903] {scheduler_job.py:629} INFO - Processing file /Users/chowli/.local/share/virtualenvs/marketvol-WbDfdy4N/lib/python3.7/site-packages/airflow/example_dags/example_kubernetes_executor_config.py for tasks to queue
[2021-01-14 22:50:29,905] {logging_mixin.py:103} INFO - [2021-01-14 22:50:29,904] {dagbag.py:440} INFO - Filling up the DagBag from /Users/chowli/.local/share/virtualenvs/marketvol-WbDfdy4N/lib/python3.7/site-packages/airflow/example_dags/example_kubernetes_executor_config.py
[2021-01-14 22:50:29,914] {logging_mixin.py:103} INFO - [2021-01-14 22:50:29,913] {example_kubernetes_executor_config.py:174} WARNING - Could not import DAGs in example_kubernetes_executor_config.py: No module named 'kubernetes'
[2021-01-14 22:50:29,915] {logging_mixin.py:103} INFO - [2021-01-14 22:50:29,915] {example_kubernetes_executor_config.py:175} WARNING - Install kubernetes dependencies with: pip install apache-airflow['cncf.kubernetes']
[2021-01-14 22:50:29,916] {scheduler_job.py:641} WARNING - No viable dags retrieved from /Users/chowli/.local/share/virtualenvs/marketvol-WbDfdy4N/lib/python3.7/site-packages/airflow/example_dags/example_kubernetes_executor_config.py
[2021-01-14 22:50:29,924] {scheduler_job.py:189} INFO - Processing /Users/chowli/.local/share/virtualenvs/marketvol-WbDfdy4N/lib/python3.7/site-packages/airflow/example_dags/example_kubernetes_executor_config.py took 0.026 seconds
[2021-01-14 22:50:55,139] {scheduler_job.py:181} INFO - Started process (PID=73412) to work on /Users/chowli/.local/share/virtualenvs/marketvol-WbDfdy4N/lib/python3.7/site-packages/airflow/example_dags/example_kubernetes_executor_config.py
[2021-01-14 22:50:55,141] {scheduler_job.py:629} INFO - Processing file /Users/chowli/.local/share/virtualenvs/marketvol-WbDfdy4N/lib/python3.7/site-packages/airflow/example_dags/example_kubernetes_executor_config.py for tasks to queue
[2021-01-14 22:50:55,142] {logging_mixin.py:103} INFO - [2021-01-14 22:50:55,142] {dagbag.py:440} INFO - Filling up the DagBag from /Users/chowli/.local/share/virtualenvs/marketvol-WbDfdy4N/lib/python3.7/site-packages/airflow/example_dags/example_kubernetes_executor_config.py
[2021-01-14 22:50:55,149] {logging_mixin.py:103} INFO - [2021-01-14 22:50:55,148] {example_kubernetes_executor_config.py:174} WARNING - Could not import DAGs in example_kubernetes_executor_config.py: No module named 'kubernetes'
[2021-01-14 22:50:55,149] {logging_mixin.py:103} INFO - [2021-01-14 22:50:55,149] {example_kubernetes_executor_config.py:175} WARNING - Install kubernetes dependencies with: pip install apache-airflow['cncf.kubernetes']
[2021-01-14 22:50:55,150] {scheduler_job.py:641} WARNING - No viable dags retrieved from /Users/chowli/.local/share/virtualenvs/marketvol-WbDfdy4N/lib/python3.7/site-packages/airflow/example_dags/example_kubernetes_executor_config.py
[2021-01-14 22:50:55,156] {scheduler_job.py:189} INFO - Processing /Users/chowli/.local/share/virtualenvs/marketvol-WbDfdy4N/lib/python3.7/site-packages/airflow/example_dags/example_kubernetes_executor_config.py took 0.020 seconds
[2021-01-14 22:51:20,400] {scheduler_job.py:181} INFO - Started process (PID=73444) to work on /Users/chowli/.local/share/virtualenvs/marketvol-WbDfdy4N/lib/python3.7/site-packages/airflow/example_dags/example_kubernetes_executor_config.py
[2021-01-14 22:51:20,402] {scheduler_job.py:629} INFO - Processing file /Users/chowli/.local/share/virtualenvs/marketvol-WbDfdy4N/lib/python3.7/site-packages/airflow/example_dags/example_kubernetes_executor_config.py for tasks to queue
[2021-01-14 22:51:20,403] {logging_mixin.py:103} INFO - [2021-01-14 22:51:20,403] {dagbag.py:440} INFO - Filling up the DagBag from /Users/chowli/.local/share/virtualenvs/marketvol-WbDfdy4N/lib/python3.7/site-packages/airflow/example_dags/example_kubernetes_executor_config.py
[2021-01-14 22:51:20,413] {logging_mixin.py:103} INFO - [2021-01-14 22:51:20,413] {example_kubernetes_executor_config.py:174} WARNING - Could not import DAGs in example_kubernetes_executor_config.py: No module named 'kubernetes'
[2021-01-14 22:51:20,414] {logging_mixin.py:103} INFO - [2021-01-14 22:51:20,414] {example_kubernetes_executor_config.py:175} WARNING - Install kubernetes dependencies with: pip install apache-airflow['cncf.kubernetes']
[2021-01-14 22:51:20,415] {scheduler_job.py:641} WARNING - No viable dags retrieved from /Users/chowli/.local/share/virtualenvs/marketvol-WbDfdy4N/lib/python3.7/site-packages/airflow/example_dags/example_kubernetes_executor_config.py
[2021-01-14 22:51:20,422] {scheduler_job.py:189} INFO - Processing /Users/chowli/.local/share/virtualenvs/marketvol-WbDfdy4N/lib/python3.7/site-packages/airflow/example_dags/example_kubernetes_executor_config.py took 0.026 seconds
[2021-01-14 22:51:46,666] {scheduler_job.py:181} INFO - Started process (PID=73477) to work on /Users/chowli/.local/share/virtualenvs/marketvol-WbDfdy4N/lib/python3.7/site-packages/airflow/example_dags/example_kubernetes_executor_config.py
[2021-01-14 22:51:46,668] {scheduler_job.py:629} INFO - Processing file /Users/chowli/.local/share/virtualenvs/marketvol-WbDfdy4N/lib/python3.7/site-packages/airflow/example_dags/example_kubernetes_executor_config.py for tasks to queue
[2021-01-14 22:51:46,669] {logging_mixin.py:103} INFO - [2021-01-14 22:51:46,669] {dagbag.py:440} INFO - Filling up the DagBag from /Users/chowli/.local/share/virtualenvs/marketvol-WbDfdy4N/lib/python3.7/site-packages/airflow/example_dags/example_kubernetes_executor_config.py
[2021-01-14 22:51:46,679] {logging_mixin.py:103} INFO - [2021-01-14 22:51:46,678] {example_kubernetes_executor_config.py:174} WARNING - Could not import DAGs in example_kubernetes_executor_config.py: No module named 'kubernetes'
[2021-01-14 22:51:46,680] {logging_mixin.py:103} INFO - [2021-01-14 22:51:46,679] {example_kubernetes_executor_config.py:175} WARNING - Install kubernetes dependencies with: pip install apache-airflow['cncf.kubernetes']
[2021-01-14 22:51:46,680] {scheduler_job.py:641} WARNING - No viable dags retrieved from /Users/chowli/.local/share/virtualenvs/marketvol-WbDfdy4N/lib/python3.7/site-packages/airflow/example_dags/example_kubernetes_executor_config.py
[2021-01-14 22:51:46,688] {scheduler_job.py:189} INFO - Processing /Users/chowli/.local/share/virtualenvs/marketvol-WbDfdy4N/lib/python3.7/site-packages/airflow/example_dags/example_kubernetes_executor_config.py took 0.026 seconds
[2021-01-14 22:52:11,912] {scheduler_job.py:181} INFO - Started process (PID=73505) to work on /Users/chowli/.local/share/virtualenvs/marketvol-WbDfdy4N/lib/python3.7/site-packages/airflow/example_dags/example_kubernetes_executor_config.py
[2021-01-14 22:52:11,914] {scheduler_job.py:629} INFO - Processing file /Users/chowli/.local/share/virtualenvs/marketvol-WbDfdy4N/lib/python3.7/site-packages/airflow/example_dags/example_kubernetes_executor_config.py for tasks to queue
[2021-01-14 22:52:11,915] {logging_mixin.py:103} INFO - [2021-01-14 22:52:11,915] {dagbag.py:440} INFO - Filling up the DagBag from /Users/chowli/.local/share/virtualenvs/marketvol-WbDfdy4N/lib/python3.7/site-packages/airflow/example_dags/example_kubernetes_executor_config.py
[2021-01-14 22:52:11,923] {logging_mixin.py:103} INFO - [2021-01-14 22:52:11,923] {example_kubernetes_executor_config.py:174} WARNING - Could not import DAGs in example_kubernetes_executor_config.py: No module named 'kubernetes'
[2021-01-14 22:52:11,924] {logging_mixin.py:103} INFO - [2021-01-14 22:52:11,924] {example_kubernetes_executor_config.py:175} WARNING - Install kubernetes dependencies with: pip install apache-airflow['cncf.kubernetes']
[2021-01-14 22:52:11,924] {scheduler_job.py:641} WARNING - No viable dags retrieved from /Users/chowli/.local/share/virtualenvs/marketvol-WbDfdy4N/lib/python3.7/site-packages/airflow/example_dags/example_kubernetes_executor_config.py
[2021-01-14 22:52:11,931] {scheduler_job.py:189} INFO - Processing /Users/chowli/.local/share/virtualenvs/marketvol-WbDfdy4N/lib/python3.7/site-packages/airflow/example_dags/example_kubernetes_executor_config.py took 0.022 seconds
[2021-01-14 22:52:37,168] {scheduler_job.py:181} INFO - Started process (PID=73544) to work on /Users/chowli/.local/share/virtualenvs/marketvol-WbDfdy4N/lib/python3.7/site-packages/airflow/example_dags/example_kubernetes_executor_config.py
[2021-01-14 22:52:37,169] {scheduler_job.py:629} INFO - Processing file /Users/chowli/.local/share/virtualenvs/marketvol-WbDfdy4N/lib/python3.7/site-packages/airflow/example_dags/example_kubernetes_executor_config.py for tasks to queue
[2021-01-14 22:52:37,171] {logging_mixin.py:103} INFO - [2021-01-14 22:52:37,170] {dagbag.py:440} INFO - Filling up the DagBag from /Users/chowli/.local/share/virtualenvs/marketvol-WbDfdy4N/lib/python3.7/site-packages/airflow/example_dags/example_kubernetes_executor_config.py
[2021-01-14 22:52:37,181] {logging_mixin.py:103} INFO - [2021-01-14 22:52:37,180] {example_kubernetes_executor_config.py:174} WARNING - Could not import DAGs in example_kubernetes_executor_config.py: No module named 'kubernetes'
[2021-01-14 22:52:37,182] {logging_mixin.py:103} INFO - [2021-01-14 22:52:37,181] {example_kubernetes_executor_config.py:175} WARNING - Install kubernetes dependencies with: pip install apache-airflow['cncf.kubernetes']
[2021-01-14 22:52:37,182] {scheduler_job.py:641} WARNING - No viable dags retrieved from /Users/chowli/.local/share/virtualenvs/marketvol-WbDfdy4N/lib/python3.7/site-packages/airflow/example_dags/example_kubernetes_executor_config.py
[2021-01-14 22:52:37,190] {scheduler_job.py:189} INFO - Processing /Users/chowli/.local/share/virtualenvs/marketvol-WbDfdy4N/lib/python3.7/site-packages/airflow/example_dags/example_kubernetes_executor_config.py took 0.026 seconds
[2021-01-14 22:53:13,765] {scheduler_job.py:181} INFO - Started process (PID=73613) to work on /Users/chowli/.local/share/virtualenvs/marketvol-WbDfdy4N/lib/python3.7/site-packages/airflow/example_dags/example_kubernetes_executor_config.py
[2021-01-14 22:53:13,767] {scheduler_job.py:629} INFO - Processing file /Users/chowli/.local/share/virtualenvs/marketvol-WbDfdy4N/lib/python3.7/site-packages/airflow/example_dags/example_kubernetes_executor_config.py for tasks to queue
[2021-01-14 22:53:13,768] {logging_mixin.py:103} INFO - [2021-01-14 22:53:13,768] {dagbag.py:440} INFO - Filling up the DagBag from /Users/chowli/.local/share/virtualenvs/marketvol-WbDfdy4N/lib/python3.7/site-packages/airflow/example_dags/example_kubernetes_executor_config.py
[2021-01-14 22:53:13,779] {logging_mixin.py:103} INFO - [2021-01-14 22:53:13,778] {example_kubernetes_executor_config.py:174} WARNING - Could not import DAGs in example_kubernetes_executor_config.py: No module named 'kubernetes'
[2021-01-14 22:53:13,779] {logging_mixin.py:103} INFO - [2021-01-14 22:53:13,779] {example_kubernetes_executor_config.py:175} WARNING - Install kubernetes dependencies with: pip install apache-airflow['cncf.kubernetes']
[2021-01-14 22:53:13,780] {scheduler_job.py:641} WARNING - No viable dags retrieved from /Users/chowli/.local/share/virtualenvs/marketvol-WbDfdy4N/lib/python3.7/site-packages/airflow/example_dags/example_kubernetes_executor_config.py
[2021-01-14 22:53:13,789] {scheduler_job.py:189} INFO - Processing /Users/chowli/.local/share/virtualenvs/marketvol-WbDfdy4N/lib/python3.7/site-packages/airflow/example_dags/example_kubernetes_executor_config.py took 0.027 seconds
[2021-01-14 22:53:41,791] {scheduler_job.py:181} INFO - Started process (PID=73727) to work on /Users/chowli/.local/share/virtualenvs/marketvol-WbDfdy4N/lib/python3.7/site-packages/airflow/example_dags/example_kubernetes_executor_config.py
[2021-01-14 22:53:41,792] {scheduler_job.py:629} INFO - Processing file /Users/chowli/.local/share/virtualenvs/marketvol-WbDfdy4N/lib/python3.7/site-packages/airflow/example_dags/example_kubernetes_executor_config.py for tasks to queue
[2021-01-14 22:53:41,793] {logging_mixin.py:103} INFO - [2021-01-14 22:53:41,793] {dagbag.py:440} INFO - Filling up the DagBag from /Users/chowli/.local/share/virtualenvs/marketvol-WbDfdy4N/lib/python3.7/site-packages/airflow/example_dags/example_kubernetes_executor_config.py
[2021-01-14 22:53:41,801] {logging_mixin.py:103} INFO - [2021-01-14 22:53:41,801] {example_kubernetes_executor_config.py:174} WARNING - Could not import DAGs in example_kubernetes_executor_config.py: No module named 'kubernetes'
[2021-01-14 22:53:41,802] {logging_mixin.py:103} INFO - [2021-01-14 22:53:41,801] {example_kubernetes_executor_config.py:175} WARNING - Install kubernetes dependencies with: pip install apache-airflow['cncf.kubernetes']
[2021-01-14 22:53:41,802] {scheduler_job.py:641} WARNING - No viable dags retrieved from /Users/chowli/.local/share/virtualenvs/marketvol-WbDfdy4N/lib/python3.7/site-packages/airflow/example_dags/example_kubernetes_executor_config.py
[2021-01-14 22:53:41,809] {scheduler_job.py:189} INFO - Processing /Users/chowli/.local/share/virtualenvs/marketvol-WbDfdy4N/lib/python3.7/site-packages/airflow/example_dags/example_kubernetes_executor_config.py took 0.021 seconds
[2021-01-14 22:54:08,697] {scheduler_job.py:181} INFO - Started process (PID=73783) to work on /Users/chowli/.local/share/virtualenvs/marketvol-WbDfdy4N/lib/python3.7/site-packages/airflow/example_dags/example_kubernetes_executor_config.py
[2021-01-14 22:54:08,700] {scheduler_job.py:629} INFO - Processing file /Users/chowli/.local/share/virtualenvs/marketvol-WbDfdy4N/lib/python3.7/site-packages/airflow/example_dags/example_kubernetes_executor_config.py for tasks to queue
[2021-01-14 22:54:08,702] {logging_mixin.py:103} INFO - [2021-01-14 22:54:08,701] {dagbag.py:440} INFO - Filling up the DagBag from /Users/chowli/.local/share/virtualenvs/marketvol-WbDfdy4N/lib/python3.7/site-packages/airflow/example_dags/example_kubernetes_executor_config.py
[2021-01-14 22:54:08,715] {logging_mixin.py:103} INFO - [2021-01-14 22:54:08,715] {example_kubernetes_executor_config.py:174} WARNING - Could not import DAGs in example_kubernetes_executor_config.py: No module named 'kubernetes'
[2021-01-14 22:54:08,716] {logging_mixin.py:103} INFO - [2021-01-14 22:54:08,716] {example_kubernetes_executor_config.py:175} WARNING - Install kubernetes dependencies with: pip install apache-airflow['cncf.kubernetes']
[2021-01-14 22:54:08,717] {scheduler_job.py:641} WARNING - No viable dags retrieved from /Users/chowli/.local/share/virtualenvs/marketvol-WbDfdy4N/lib/python3.7/site-packages/airflow/example_dags/example_kubernetes_executor_config.py
[2021-01-14 22:54:08,728] {scheduler_job.py:189} INFO - Processing /Users/chowli/.local/share/virtualenvs/marketvol-WbDfdy4N/lib/python3.7/site-packages/airflow/example_dags/example_kubernetes_executor_config.py took 0.036 seconds
