[2021-01-14 22:49:46,257] {scheduler_job.py:181} INFO - Started process (PID=73284) to work on /Users/chowli/.local/share/virtualenvs/marketvol-WbDfdy4N/lib/python3.7/site-packages/airflow/example_dags/example_branch_operator.py
[2021-01-14 22:49:46,259] {scheduler_job.py:629} INFO - Processing file /Users/chowli/.local/share/virtualenvs/marketvol-WbDfdy4N/lib/python3.7/site-packages/airflow/example_dags/example_branch_operator.py for tasks to queue
[2021-01-14 22:49:46,260] {logging_mixin.py:103} INFO - [2021-01-14 22:49:46,260] {dagbag.py:440} INFO - Filling up the DagBag from /Users/chowli/.local/share/virtualenvs/marketvol-WbDfdy4N/lib/python3.7/site-packages/airflow/example_dags/example_branch_operator.py
[2021-01-14 22:49:46,279] {scheduler_job.py:639} INFO - DAG(s) dict_keys(['example_branch_operator']) retrieved from /Users/chowli/.local/share/virtualenvs/marketvol-WbDfdy4N/lib/python3.7/site-packages/airflow/example_dags/example_branch_operator.py
[2021-01-14 22:49:46,281] {logging_mixin.py:103} INFO - [2021-01-14 22:49:46,281] {dag.py:1813} INFO - Sync 1 DAGs
[2021-01-14 22:49:46,309] {logging_mixin.py:103} INFO - [2021-01-14 22:49:46,309] {dag.py:2266} INFO - Setting next_dagrun for example_branch_operator to 2021-01-13 00:00:00+00:00
[2021-01-14 22:49:46,339] {scheduler_job.py:189} INFO - Processing /Users/chowli/.local/share/virtualenvs/marketvol-WbDfdy4N/lib/python3.7/site-packages/airflow/example_dags/example_branch_operator.py took 0.086 seconds
[2021-01-14 22:50:44,018] {scheduler_job.py:181} INFO - Started process (PID=73399) to work on /Users/chowli/.local/share/virtualenvs/marketvol-WbDfdy4N/lib/python3.7/site-packages/airflow/example_dags/example_branch_operator.py
[2021-01-14 22:50:44,020] {scheduler_job.py:629} INFO - Processing file /Users/chowli/.local/share/virtualenvs/marketvol-WbDfdy4N/lib/python3.7/site-packages/airflow/example_dags/example_branch_operator.py for tasks to queue
[2021-01-14 22:50:44,021] {logging_mixin.py:103} INFO - [2021-01-14 22:50:44,020] {dagbag.py:440} INFO - Filling up the DagBag from /Users/chowli/.local/share/virtualenvs/marketvol-WbDfdy4N/lib/python3.7/site-packages/airflow/example_dags/example_branch_operator.py
[2021-01-14 22:50:44,037] {scheduler_job.py:639} INFO - DAG(s) dict_keys(['example_branch_operator']) retrieved from /Users/chowli/.local/share/virtualenvs/marketvol-WbDfdy4N/lib/python3.7/site-packages/airflow/example_dags/example_branch_operator.py
[2021-01-14 22:50:44,039] {logging_mixin.py:103} INFO - [2021-01-14 22:50:44,038] {dag.py:1813} INFO - Sync 1 DAGs
[2021-01-14 22:50:44,064] {logging_mixin.py:103} INFO - [2021-01-14 22:50:44,063] {dag.py:2266} INFO - Setting next_dagrun for example_branch_operator to 2021-01-13 00:00:00+00:00
[2021-01-14 22:50:44,077] {scheduler_job.py:189} INFO - Processing /Users/chowli/.local/share/virtualenvs/marketvol-WbDfdy4N/lib/python3.7/site-packages/airflow/example_dags/example_branch_operator.py took 0.063 seconds
[2021-01-14 22:51:09,267] {scheduler_job.py:181} INFO - Started process (PID=73427) to work on /Users/chowli/.local/share/virtualenvs/marketvol-WbDfdy4N/lib/python3.7/site-packages/airflow/example_dags/example_branch_operator.py
[2021-01-14 22:51:09,268] {scheduler_job.py:629} INFO - Processing file /Users/chowli/.local/share/virtualenvs/marketvol-WbDfdy4N/lib/python3.7/site-packages/airflow/example_dags/example_branch_operator.py for tasks to queue
[2021-01-14 22:51:09,270] {logging_mixin.py:103} INFO - [2021-01-14 22:51:09,269] {dagbag.py:440} INFO - Filling up the DagBag from /Users/chowli/.local/share/virtualenvs/marketvol-WbDfdy4N/lib/python3.7/site-packages/airflow/example_dags/example_branch_operator.py
[2021-01-14 22:51:09,286] {scheduler_job.py:639} INFO - DAG(s) dict_keys(['example_branch_operator']) retrieved from /Users/chowli/.local/share/virtualenvs/marketvol-WbDfdy4N/lib/python3.7/site-packages/airflow/example_dags/example_branch_operator.py
[2021-01-14 22:51:09,287] {logging_mixin.py:103} INFO - [2021-01-14 22:51:09,287] {dag.py:1813} INFO - Sync 1 DAGs
[2021-01-14 22:51:09,313] {logging_mixin.py:103} INFO - [2021-01-14 22:51:09,312] {dag.py:2266} INFO - Setting next_dagrun for example_branch_operator to 2021-01-13 00:00:00+00:00
[2021-01-14 22:51:09,327] {scheduler_job.py:189} INFO - Processing /Users/chowli/.local/share/virtualenvs/marketvol-WbDfdy4N/lib/python3.7/site-packages/airflow/example_dags/example_branch_operator.py took 0.064 seconds
[2021-01-14 22:51:34,500] {scheduler_job.py:181} INFO - Started process (PID=73461) to work on /Users/chowli/.local/share/virtualenvs/marketvol-WbDfdy4N/lib/python3.7/site-packages/airflow/example_dags/example_branch_operator.py
[2021-01-14 22:51:34,502] {scheduler_job.py:629} INFO - Processing file /Users/chowli/.local/share/virtualenvs/marketvol-WbDfdy4N/lib/python3.7/site-packages/airflow/example_dags/example_branch_operator.py for tasks to queue
[2021-01-14 22:51:34,503] {logging_mixin.py:103} INFO - [2021-01-14 22:51:34,503] {dagbag.py:440} INFO - Filling up the DagBag from /Users/chowli/.local/share/virtualenvs/marketvol-WbDfdy4N/lib/python3.7/site-packages/airflow/example_dags/example_branch_operator.py
[2021-01-14 22:51:34,520] {scheduler_job.py:639} INFO - DAG(s) dict_keys(['example_branch_operator']) retrieved from /Users/chowli/.local/share/virtualenvs/marketvol-WbDfdy4N/lib/python3.7/site-packages/airflow/example_dags/example_branch_operator.py
[2021-01-14 22:51:34,522] {logging_mixin.py:103} INFO - [2021-01-14 22:51:34,522] {dag.py:1813} INFO - Sync 1 DAGs
[2021-01-14 22:51:34,549] {logging_mixin.py:103} INFO - [2021-01-14 22:51:34,549] {dag.py:2266} INFO - Setting next_dagrun for example_branch_operator to 2021-01-13 00:00:00+00:00
[2021-01-14 22:51:34,563] {scheduler_job.py:189} INFO - Processing /Users/chowli/.local/share/virtualenvs/marketvol-WbDfdy4N/lib/python3.7/site-packages/airflow/example_dags/example_branch_operator.py took 0.067 seconds
[2021-01-14 22:52:00,784] {scheduler_job.py:181} INFO - Started process (PID=73493) to work on /Users/chowli/.local/share/virtualenvs/marketvol-WbDfdy4N/lib/python3.7/site-packages/airflow/example_dags/example_branch_operator.py
[2021-01-14 22:52:00,786] {scheduler_job.py:629} INFO - Processing file /Users/chowli/.local/share/virtualenvs/marketvol-WbDfdy4N/lib/python3.7/site-packages/airflow/example_dags/example_branch_operator.py for tasks to queue
[2021-01-14 22:52:00,787] {logging_mixin.py:103} INFO - [2021-01-14 22:52:00,787] {dagbag.py:440} INFO - Filling up the DagBag from /Users/chowli/.local/share/virtualenvs/marketvol-WbDfdy4N/lib/python3.7/site-packages/airflow/example_dags/example_branch_operator.py
[2021-01-14 22:52:00,802] {scheduler_job.py:639} INFO - DAG(s) dict_keys(['example_branch_operator']) retrieved from /Users/chowli/.local/share/virtualenvs/marketvol-WbDfdy4N/lib/python3.7/site-packages/airflow/example_dags/example_branch_operator.py
[2021-01-14 22:52:00,804] {logging_mixin.py:103} INFO - [2021-01-14 22:52:00,803] {dag.py:1813} INFO - Sync 1 DAGs
[2021-01-14 22:52:00,832] {logging_mixin.py:103} INFO - [2021-01-14 22:52:00,832] {dag.py:2266} INFO - Setting next_dagrun for example_branch_operator to 2021-01-13 00:00:00+00:00
[2021-01-14 22:52:00,850] {scheduler_job.py:189} INFO - Processing /Users/chowli/.local/share/virtualenvs/marketvol-WbDfdy4N/lib/python3.7/site-packages/airflow/example_dags/example_branch_operator.py took 0.069 seconds
[2021-01-14 22:52:26,029] {scheduler_job.py:181} INFO - Started process (PID=73524) to work on /Users/chowli/.local/share/virtualenvs/marketvol-WbDfdy4N/lib/python3.7/site-packages/airflow/example_dags/example_branch_operator.py
[2021-01-14 22:52:26,031] {scheduler_job.py:629} INFO - Processing file /Users/chowli/.local/share/virtualenvs/marketvol-WbDfdy4N/lib/python3.7/site-packages/airflow/example_dags/example_branch_operator.py for tasks to queue
[2021-01-14 22:52:26,033] {logging_mixin.py:103} INFO - [2021-01-14 22:52:26,032] {dagbag.py:440} INFO - Filling up the DagBag from /Users/chowli/.local/share/virtualenvs/marketvol-WbDfdy4N/lib/python3.7/site-packages/airflow/example_dags/example_branch_operator.py
[2021-01-14 22:52:26,047] {scheduler_job.py:639} INFO - DAG(s) dict_keys(['example_branch_operator']) retrieved from /Users/chowli/.local/share/virtualenvs/marketvol-WbDfdy4N/lib/python3.7/site-packages/airflow/example_dags/example_branch_operator.py
[2021-01-14 22:52:26,049] {logging_mixin.py:103} INFO - [2021-01-14 22:52:26,049] {dag.py:1813} INFO - Sync 1 DAGs
[2021-01-14 22:52:26,073] {logging_mixin.py:103} INFO - [2021-01-14 22:52:26,072] {dag.py:2266} INFO - Setting next_dagrun for example_branch_operator to 2021-01-13 00:00:00+00:00
[2021-01-14 22:52:26,087] {scheduler_job.py:189} INFO - Processing /Users/chowli/.local/share/virtualenvs/marketvol-WbDfdy4N/lib/python3.7/site-packages/airflow/example_dags/example_branch_operator.py took 0.061 seconds
[2021-01-14 22:53:20,053] {scheduler_job.py:181} INFO - Started process (PID=73648) to work on /Users/chowli/.local/share/virtualenvs/marketvol-WbDfdy4N/lib/python3.7/site-packages/airflow/example_dags/example_branch_operator.py
[2021-01-14 22:53:20,054] {scheduler_job.py:629} INFO - Processing file /Users/chowli/.local/share/virtualenvs/marketvol-WbDfdy4N/lib/python3.7/site-packages/airflow/example_dags/example_branch_operator.py for tasks to queue
[2021-01-14 22:53:20,055] {logging_mixin.py:103} INFO - [2021-01-14 22:53:20,055] {dagbag.py:440} INFO - Filling up the DagBag from /Users/chowli/.local/share/virtualenvs/marketvol-WbDfdy4N/lib/python3.7/site-packages/airflow/example_dags/example_branch_operator.py
[2021-01-14 22:53:20,068] {scheduler_job.py:639} INFO - DAG(s) dict_keys(['example_branch_operator']) retrieved from /Users/chowli/.local/share/virtualenvs/marketvol-WbDfdy4N/lib/python3.7/site-packages/airflow/example_dags/example_branch_operator.py
[2021-01-14 22:53:20,069] {logging_mixin.py:103} INFO - [2021-01-14 22:53:20,069] {dag.py:1813} INFO - Sync 1 DAGs
[2021-01-14 22:53:20,088] {logging_mixin.py:103} INFO - [2021-01-14 22:53:20,088] {dag.py:2266} INFO - Setting next_dagrun for example_branch_operator to 2021-01-13 00:00:00+00:00
[2021-01-14 22:53:20,111] {scheduler_job.py:189} INFO - Processing /Users/chowli/.local/share/virtualenvs/marketvol-WbDfdy4N/lib/python3.7/site-packages/airflow/example_dags/example_branch_operator.py took 0.061 seconds
[2021-01-14 22:53:47,224] {scheduler_job.py:181} INFO - Started process (PID=73751) to work on /Users/chowli/.local/share/virtualenvs/marketvol-WbDfdy4N/lib/python3.7/site-packages/airflow/example_dags/example_branch_operator.py
[2021-01-14 22:53:47,226] {scheduler_job.py:629} INFO - Processing file /Users/chowli/.local/share/virtualenvs/marketvol-WbDfdy4N/lib/python3.7/site-packages/airflow/example_dags/example_branch_operator.py for tasks to queue
[2021-01-14 22:53:47,227] {logging_mixin.py:103} INFO - [2021-01-14 22:53:47,226] {dagbag.py:440} INFO - Filling up the DagBag from /Users/chowli/.local/share/virtualenvs/marketvol-WbDfdy4N/lib/python3.7/site-packages/airflow/example_dags/example_branch_operator.py
[2021-01-14 22:53:47,242] {scheduler_job.py:639} INFO - DAG(s) dict_keys(['example_branch_operator']) retrieved from /Users/chowli/.local/share/virtualenvs/marketvol-WbDfdy4N/lib/python3.7/site-packages/airflow/example_dags/example_branch_operator.py
[2021-01-14 22:53:47,244] {logging_mixin.py:103} INFO - [2021-01-14 22:53:47,244] {dag.py:1813} INFO - Sync 1 DAGs
[2021-01-14 22:53:47,269] {logging_mixin.py:103} INFO - [2021-01-14 22:53:47,269] {dag.py:2266} INFO - Setting next_dagrun for example_branch_operator to 2021-01-13 00:00:00+00:00
[2021-01-14 22:53:47,278] {scheduler_job.py:189} INFO - Processing /Users/chowli/.local/share/virtualenvs/marketvol-WbDfdy4N/lib/python3.7/site-packages/airflow/example_dags/example_branch_operator.py took 0.057 seconds
[2021-01-14 22:54:20,987] {scheduler_job.py:181} INFO - Started process (PID=73816) to work on /Users/chowli/.local/share/virtualenvs/marketvol-WbDfdy4N/lib/python3.7/site-packages/airflow/example_dags/example_branch_operator.py
[2021-01-14 22:54:20,989] {scheduler_job.py:629} INFO - Processing file /Users/chowli/.local/share/virtualenvs/marketvol-WbDfdy4N/lib/python3.7/site-packages/airflow/example_dags/example_branch_operator.py for tasks to queue
[2021-01-14 22:54:20,990] {logging_mixin.py:103} INFO - [2021-01-14 22:54:20,990] {dagbag.py:440} INFO - Filling up the DagBag from /Users/chowli/.local/share/virtualenvs/marketvol-WbDfdy4N/lib/python3.7/site-packages/airflow/example_dags/example_branch_operator.py
[2021-01-14 22:54:21,007] {scheduler_job.py:639} INFO - DAG(s) dict_keys(['example_branch_operator']) retrieved from /Users/chowli/.local/share/virtualenvs/marketvol-WbDfdy4N/lib/python3.7/site-packages/airflow/example_dags/example_branch_operator.py
[2021-01-14 22:54:21,008] {logging_mixin.py:103} INFO - [2021-01-14 22:54:21,008] {dag.py:1813} INFO - Sync 1 DAGs
[2021-01-14 22:54:21,034] {logging_mixin.py:103} INFO - [2021-01-14 22:54:21,034] {dag.py:2266} INFO - Setting next_dagrun for example_branch_operator to 2021-01-13 00:00:00+00:00
[2021-01-14 22:54:21,048] {scheduler_job.py:189} INFO - Processing /Users/chowli/.local/share/virtualenvs/marketvol-WbDfdy4N/lib/python3.7/site-packages/airflow/example_dags/example_branch_operator.py took 0.065 seconds
