[2021-01-14 22:50:20,625] {scheduler_job.py:181} INFO - Started process (PID=73365) to work on /Users/chowli/.local/share/virtualenvs/marketvol-WbDfdy4N/lib/python3.7/site-packages/airflow/example_dags/example_python_operator.py
[2021-01-14 22:50:20,626] {scheduler_job.py:629} INFO - Processing file /Users/chowli/.local/share/virtualenvs/marketvol-WbDfdy4N/lib/python3.7/site-packages/airflow/example_dags/example_python_operator.py for tasks to queue
[2021-01-14 22:50:20,628] {logging_mixin.py:103} INFO - [2021-01-14 22:50:20,627] {dagbag.py:440} INFO - Filling up the DagBag from /Users/chowli/.local/share/virtualenvs/marketvol-WbDfdy4N/lib/python3.7/site-packages/airflow/example_dags/example_python_operator.py
[2021-01-14 22:50:20,643] {scheduler_job.py:639} INFO - DAG(s) dict_keys(['example_python_operator']) retrieved from /Users/chowli/.local/share/virtualenvs/marketvol-WbDfdy4N/lib/python3.7/site-packages/airflow/example_dags/example_python_operator.py
[2021-01-14 22:50:20,645] {logging_mixin.py:103} INFO - [2021-01-14 22:50:20,644] {dag.py:1813} INFO - Sync 1 DAGs
[2021-01-14 22:50:20,664] {logging_mixin.py:103} INFO - [2021-01-14 22:50:20,663] {dag.py:2266} INFO - Setting next_dagrun for example_python_operator to None
[2021-01-14 22:50:20,694] {scheduler_job.py:189} INFO - Processing /Users/chowli/.local/share/virtualenvs/marketvol-WbDfdy4N/lib/python3.7/site-packages/airflow/example_dags/example_python_operator.py took 0.073 seconds
[2021-01-14 22:50:48,034] {scheduler_job.py:181} INFO - Started process (PID=73404) to work on /Users/chowli/.local/share/virtualenvs/marketvol-WbDfdy4N/lib/python3.7/site-packages/airflow/example_dags/example_python_operator.py
[2021-01-14 22:50:48,036] {scheduler_job.py:629} INFO - Processing file /Users/chowli/.local/share/virtualenvs/marketvol-WbDfdy4N/lib/python3.7/site-packages/airflow/example_dags/example_python_operator.py for tasks to queue
[2021-01-14 22:50:48,037] {logging_mixin.py:103} INFO - [2021-01-14 22:50:48,036] {dagbag.py:440} INFO - Filling up the DagBag from /Users/chowli/.local/share/virtualenvs/marketvol-WbDfdy4N/lib/python3.7/site-packages/airflow/example_dags/example_python_operator.py
[2021-01-14 22:50:48,050] {scheduler_job.py:639} INFO - DAG(s) dict_keys(['example_python_operator']) retrieved from /Users/chowli/.local/share/virtualenvs/marketvol-WbDfdy4N/lib/python3.7/site-packages/airflow/example_dags/example_python_operator.py
[2021-01-14 22:50:48,052] {logging_mixin.py:103} INFO - [2021-01-14 22:50:48,051] {dag.py:1813} INFO - Sync 1 DAGs
[2021-01-14 22:50:48,068] {logging_mixin.py:103} INFO - [2021-01-14 22:50:48,067] {dag.py:2266} INFO - Setting next_dagrun for example_python_operator to None
[2021-01-14 22:50:48,076] {scheduler_job.py:189} INFO - Processing /Users/chowli/.local/share/virtualenvs/marketvol-WbDfdy4N/lib/python3.7/site-packages/airflow/example_dags/example_python_operator.py took 0.046 seconds
[2021-01-14 22:51:14,316] {scheduler_job.py:181} INFO - Started process (PID=73437) to work on /Users/chowli/.local/share/virtualenvs/marketvol-WbDfdy4N/lib/python3.7/site-packages/airflow/example_dags/example_python_operator.py
[2021-01-14 22:51:14,318] {scheduler_job.py:629} INFO - Processing file /Users/chowli/.local/share/virtualenvs/marketvol-WbDfdy4N/lib/python3.7/site-packages/airflow/example_dags/example_python_operator.py for tasks to queue
[2021-01-14 22:51:14,320] {logging_mixin.py:103} INFO - [2021-01-14 22:51:14,319] {dagbag.py:440} INFO - Filling up the DagBag from /Users/chowli/.local/share/virtualenvs/marketvol-WbDfdy4N/lib/python3.7/site-packages/airflow/example_dags/example_python_operator.py
[2021-01-14 22:51:14,334] {scheduler_job.py:639} INFO - DAG(s) dict_keys(['example_python_operator']) retrieved from /Users/chowli/.local/share/virtualenvs/marketvol-WbDfdy4N/lib/python3.7/site-packages/airflow/example_dags/example_python_operator.py
[2021-01-14 22:51:14,336] {logging_mixin.py:103} INFO - [2021-01-14 22:51:14,336] {dag.py:1813} INFO - Sync 1 DAGs
[2021-01-14 22:51:14,353] {logging_mixin.py:103} INFO - [2021-01-14 22:51:14,353] {dag.py:2266} INFO - Setting next_dagrun for example_python_operator to None
[2021-01-14 22:51:14,368] {scheduler_job.py:189} INFO - Processing /Users/chowli/.local/share/virtualenvs/marketvol-WbDfdy4N/lib/python3.7/site-packages/airflow/example_dags/example_python_operator.py took 0.055 seconds
[2021-01-14 22:51:39,548] {scheduler_job.py:181} INFO - Started process (PID=73470) to work on /Users/chowli/.local/share/virtualenvs/marketvol-WbDfdy4N/lib/python3.7/site-packages/airflow/example_dags/example_python_operator.py
[2021-01-14 22:51:39,550] {scheduler_job.py:629} INFO - Processing file /Users/chowli/.local/share/virtualenvs/marketvol-WbDfdy4N/lib/python3.7/site-packages/airflow/example_dags/example_python_operator.py for tasks to queue
[2021-01-14 22:51:39,552] {logging_mixin.py:103} INFO - [2021-01-14 22:51:39,551] {dagbag.py:440} INFO - Filling up the DagBag from /Users/chowli/.local/share/virtualenvs/marketvol-WbDfdy4N/lib/python3.7/site-packages/airflow/example_dags/example_python_operator.py
[2021-01-14 22:51:39,565] {scheduler_job.py:639} INFO - DAG(s) dict_keys(['example_python_operator']) retrieved from /Users/chowli/.local/share/virtualenvs/marketvol-WbDfdy4N/lib/python3.7/site-packages/airflow/example_dags/example_python_operator.py
[2021-01-14 22:51:39,567] {logging_mixin.py:103} INFO - [2021-01-14 22:51:39,567] {dag.py:1813} INFO - Sync 1 DAGs
[2021-01-14 22:51:39,585] {logging_mixin.py:103} INFO - [2021-01-14 22:51:39,584] {dag.py:2266} INFO - Setting next_dagrun for example_python_operator to None
[2021-01-14 22:51:39,599] {scheduler_job.py:189} INFO - Processing /Users/chowli/.local/share/virtualenvs/marketvol-WbDfdy4N/lib/python3.7/site-packages/airflow/example_dags/example_python_operator.py took 0.054 seconds
[2021-01-14 22:52:04,800] {scheduler_job.py:181} INFO - Started process (PID=73498) to work on /Users/chowli/.local/share/virtualenvs/marketvol-WbDfdy4N/lib/python3.7/site-packages/airflow/example_dags/example_python_operator.py
[2021-01-14 22:52:04,801] {scheduler_job.py:629} INFO - Processing file /Users/chowli/.local/share/virtualenvs/marketvol-WbDfdy4N/lib/python3.7/site-packages/airflow/example_dags/example_python_operator.py for tasks to queue
[2021-01-14 22:52:04,802] {logging_mixin.py:103} INFO - [2021-01-14 22:52:04,802] {dagbag.py:440} INFO - Filling up the DagBag from /Users/chowli/.local/share/virtualenvs/marketvol-WbDfdy4N/lib/python3.7/site-packages/airflow/example_dags/example_python_operator.py
[2021-01-14 22:52:04,815] {scheduler_job.py:639} INFO - DAG(s) dict_keys(['example_python_operator']) retrieved from /Users/chowli/.local/share/virtualenvs/marketvol-WbDfdy4N/lib/python3.7/site-packages/airflow/example_dags/example_python_operator.py
[2021-01-14 22:52:04,817] {logging_mixin.py:103} INFO - [2021-01-14 22:52:04,816] {dag.py:1813} INFO - Sync 1 DAGs
[2021-01-14 22:52:04,834] {logging_mixin.py:103} INFO - [2021-01-14 22:52:04,833] {dag.py:2266} INFO - Setting next_dagrun for example_python_operator to None
[2021-01-14 22:52:04,848] {scheduler_job.py:189} INFO - Processing /Users/chowli/.local/share/virtualenvs/marketvol-WbDfdy4N/lib/python3.7/site-packages/airflow/example_dags/example_python_operator.py took 0.053 seconds
[2021-01-14 22:52:31,085] {scheduler_job.py:181} INFO - Started process (PID=73529) to work on /Users/chowli/.local/share/virtualenvs/marketvol-WbDfdy4N/lib/python3.7/site-packages/airflow/example_dags/example_python_operator.py
[2021-01-14 22:52:31,087] {scheduler_job.py:629} INFO - Processing file /Users/chowli/.local/share/virtualenvs/marketvol-WbDfdy4N/lib/python3.7/site-packages/airflow/example_dags/example_python_operator.py for tasks to queue
[2021-01-14 22:52:31,089] {logging_mixin.py:103} INFO - [2021-01-14 22:52:31,089] {dagbag.py:440} INFO - Filling up the DagBag from /Users/chowli/.local/share/virtualenvs/marketvol-WbDfdy4N/lib/python3.7/site-packages/airflow/example_dags/example_python_operator.py
[2021-01-14 22:52:31,107] {scheduler_job.py:639} INFO - DAG(s) dict_keys(['example_python_operator']) retrieved from /Users/chowli/.local/share/virtualenvs/marketvol-WbDfdy4N/lib/python3.7/site-packages/airflow/example_dags/example_python_operator.py
[2021-01-14 22:52:31,109] {logging_mixin.py:103} INFO - [2021-01-14 22:52:31,108] {dag.py:1813} INFO - Sync 1 DAGs
[2021-01-14 22:52:31,128] {logging_mixin.py:103} INFO - [2021-01-14 22:52:31,128] {dag.py:2266} INFO - Setting next_dagrun for example_python_operator to None
[2021-01-14 22:52:31,149] {scheduler_job.py:189} INFO - Processing /Users/chowli/.local/share/virtualenvs/marketvol-WbDfdy4N/lib/python3.7/site-packages/airflow/example_dags/example_python_operator.py took 0.068 seconds
[2021-01-14 22:53:08,614] {scheduler_job.py:181} INFO - Started process (PID=73606) to work on /Users/chowli/.local/share/virtualenvs/marketvol-WbDfdy4N/lib/python3.7/site-packages/airflow/example_dags/example_python_operator.py
[2021-01-14 22:53:08,615] {scheduler_job.py:629} INFO - Processing file /Users/chowli/.local/share/virtualenvs/marketvol-WbDfdy4N/lib/python3.7/site-packages/airflow/example_dags/example_python_operator.py for tasks to queue
[2021-01-14 22:53:08,617] {logging_mixin.py:103} INFO - [2021-01-14 22:53:08,616] {dagbag.py:440} INFO - Filling up the DagBag from /Users/chowli/.local/share/virtualenvs/marketvol-WbDfdy4N/lib/python3.7/site-packages/airflow/example_dags/example_python_operator.py
[2021-01-14 22:53:08,633] {scheduler_job.py:639} INFO - DAG(s) dict_keys(['example_python_operator']) retrieved from /Users/chowli/.local/share/virtualenvs/marketvol-WbDfdy4N/lib/python3.7/site-packages/airflow/example_dags/example_python_operator.py
[2021-01-14 22:53:08,634] {logging_mixin.py:103} INFO - [2021-01-14 22:53:08,634] {dag.py:1813} INFO - Sync 1 DAGs
[2021-01-14 22:53:08,655] {logging_mixin.py:103} INFO - [2021-01-14 22:53:08,655] {dag.py:2266} INFO - Setting next_dagrun for example_python_operator to None
[2021-01-14 22:53:08,682] {scheduler_job.py:189} INFO - Processing /Users/chowli/.local/share/virtualenvs/marketvol-WbDfdy4N/lib/python3.7/site-packages/airflow/example_dags/example_python_operator.py took 0.072 seconds
[2021-01-14 22:53:36,931] {scheduler_job.py:181} INFO - Started process (PID=73722) to work on /Users/chowli/.local/share/virtualenvs/marketvol-WbDfdy4N/lib/python3.7/site-packages/airflow/example_dags/example_python_operator.py
[2021-01-14 22:53:36,933] {scheduler_job.py:629} INFO - Processing file /Users/chowli/.local/share/virtualenvs/marketvol-WbDfdy4N/lib/python3.7/site-packages/airflow/example_dags/example_python_operator.py for tasks to queue
[2021-01-14 22:53:36,934] {logging_mixin.py:103} INFO - [2021-01-14 22:53:36,934] {dagbag.py:440} INFO - Filling up the DagBag from /Users/chowli/.local/share/virtualenvs/marketvol-WbDfdy4N/lib/python3.7/site-packages/airflow/example_dags/example_python_operator.py
[2021-01-14 22:53:36,948] {scheduler_job.py:639} INFO - DAG(s) dict_keys(['example_python_operator']) retrieved from /Users/chowli/.local/share/virtualenvs/marketvol-WbDfdy4N/lib/python3.7/site-packages/airflow/example_dags/example_python_operator.py
[2021-01-14 22:53:36,950] {logging_mixin.py:103} INFO - [2021-01-14 22:53:36,949] {dag.py:1813} INFO - Sync 1 DAGs
[2021-01-14 22:53:36,967] {logging_mixin.py:103} INFO - [2021-01-14 22:53:36,966] {dag.py:2266} INFO - Setting next_dagrun for example_python_operator to None
[2021-01-14 22:53:36,976] {scheduler_job.py:189} INFO - Processing /Users/chowli/.local/share/virtualenvs/marketvol-WbDfdy4N/lib/python3.7/site-packages/airflow/example_dags/example_python_operator.py took 0.048 seconds
[2021-01-14 22:54:03,925] {scheduler_job.py:181} INFO - Started process (PID=73778) to work on /Users/chowli/.local/share/virtualenvs/marketvol-WbDfdy4N/lib/python3.7/site-packages/airflow/example_dags/example_python_operator.py
[2021-01-14 22:54:03,926] {scheduler_job.py:629} INFO - Processing file /Users/chowli/.local/share/virtualenvs/marketvol-WbDfdy4N/lib/python3.7/site-packages/airflow/example_dags/example_python_operator.py for tasks to queue
[2021-01-14 22:54:03,928] {logging_mixin.py:103} INFO - [2021-01-14 22:54:03,927] {dagbag.py:440} INFO - Filling up the DagBag from /Users/chowli/.local/share/virtualenvs/marketvol-WbDfdy4N/lib/python3.7/site-packages/airflow/example_dags/example_python_operator.py
[2021-01-14 22:54:03,942] {scheduler_job.py:639} INFO - DAG(s) dict_keys(['example_python_operator']) retrieved from /Users/chowli/.local/share/virtualenvs/marketvol-WbDfdy4N/lib/python3.7/site-packages/airflow/example_dags/example_python_operator.py
[2021-01-14 22:54:03,944] {logging_mixin.py:103} INFO - [2021-01-14 22:54:03,943] {dag.py:1813} INFO - Sync 1 DAGs
[2021-01-14 22:54:03,962] {logging_mixin.py:103} INFO - [2021-01-14 22:54:03,962] {dag.py:2266} INFO - Setting next_dagrun for example_python_operator to None
[2021-01-14 22:54:03,977] {scheduler_job.py:189} INFO - Processing /Users/chowli/.local/share/virtualenvs/marketvol-WbDfdy4N/lib/python3.7/site-packages/airflow/example_dags/example_python_operator.py took 0.056 seconds
