[2021-01-14 22:50:30,933] {scheduler_job.py:181} INFO - Started process (PID=73385) to work on /Users/chowli/.local/share/virtualenvs/marketvol-WbDfdy4N/lib/python3.7/site-packages/airflow/example_dags/example_nested_branch_dag.py
[2021-01-14 22:50:30,935] {scheduler_job.py:629} INFO - Processing file /Users/chowli/.local/share/virtualenvs/marketvol-WbDfdy4N/lib/python3.7/site-packages/airflow/example_dags/example_nested_branch_dag.py for tasks to queue
[2021-01-14 22:50:30,936] {logging_mixin.py:103} INFO - [2021-01-14 22:50:30,936] {dagbag.py:440} INFO - Filling up the DagBag from /Users/chowli/.local/share/virtualenvs/marketvol-WbDfdy4N/lib/python3.7/site-packages/airflow/example_dags/example_nested_branch_dag.py
[2021-01-14 22:50:30,955] {scheduler_job.py:639} INFO - DAG(s) dict_keys(['example_nested_branch_dag']) retrieved from /Users/chowli/.local/share/virtualenvs/marketvol-WbDfdy4N/lib/python3.7/site-packages/airflow/example_dags/example_nested_branch_dag.py
[2021-01-14 22:50:30,956] {logging_mixin.py:103} INFO - [2021-01-14 22:50:30,956] {dag.py:1813} INFO - Sync 1 DAGs
[2021-01-14 22:50:30,986] {logging_mixin.py:103} INFO - [2021-01-14 22:50:30,985] {dag.py:2266} INFO - Setting next_dagrun for example_nested_branch_dag to 2021-01-13 00:00:00+00:00
[2021-01-14 22:50:31,010] {scheduler_job.py:189} INFO - Processing /Users/chowli/.local/share/virtualenvs/marketvol-WbDfdy4N/lib/python3.7/site-packages/airflow/example_dags/example_nested_branch_dag.py took 0.081 seconds
[2021-01-14 22:50:56,173] {scheduler_job.py:181} INFO - Started process (PID=73413) to work on /Users/chowli/.local/share/virtualenvs/marketvol-WbDfdy4N/lib/python3.7/site-packages/airflow/example_dags/example_nested_branch_dag.py
[2021-01-14 22:50:56,175] {scheduler_job.py:629} INFO - Processing file /Users/chowli/.local/share/virtualenvs/marketvol-WbDfdy4N/lib/python3.7/site-packages/airflow/example_dags/example_nested_branch_dag.py for tasks to queue
[2021-01-14 22:50:56,177] {logging_mixin.py:103} INFO - [2021-01-14 22:50:56,176] {dagbag.py:440} INFO - Filling up the DagBag from /Users/chowli/.local/share/virtualenvs/marketvol-WbDfdy4N/lib/python3.7/site-packages/airflow/example_dags/example_nested_branch_dag.py
[2021-01-14 22:50:56,193] {scheduler_job.py:639} INFO - DAG(s) dict_keys(['example_nested_branch_dag']) retrieved from /Users/chowli/.local/share/virtualenvs/marketvol-WbDfdy4N/lib/python3.7/site-packages/airflow/example_dags/example_nested_branch_dag.py
[2021-01-14 22:50:56,195] {logging_mixin.py:103} INFO - [2021-01-14 22:50:56,195] {dag.py:1813} INFO - Sync 1 DAGs
[2021-01-14 22:50:56,219] {logging_mixin.py:103} INFO - [2021-01-14 22:50:56,219] {dag.py:2266} INFO - Setting next_dagrun for example_nested_branch_dag to 2021-01-13 00:00:00+00:00
[2021-01-14 22:50:56,228] {scheduler_job.py:189} INFO - Processing /Users/chowli/.local/share/virtualenvs/marketvol-WbDfdy4N/lib/python3.7/site-packages/airflow/example_dags/example_nested_branch_dag.py took 0.059 seconds
[2021-01-14 22:51:21,433] {scheduler_job.py:181} INFO - Started process (PID=73446) to work on /Users/chowli/.local/share/virtualenvs/marketvol-WbDfdy4N/lib/python3.7/site-packages/airflow/example_dags/example_nested_branch_dag.py
[2021-01-14 22:51:21,435] {scheduler_job.py:629} INFO - Processing file /Users/chowli/.local/share/virtualenvs/marketvol-WbDfdy4N/lib/python3.7/site-packages/airflow/example_dags/example_nested_branch_dag.py for tasks to queue
[2021-01-14 22:51:21,437] {logging_mixin.py:103} INFO - [2021-01-14 22:51:21,436] {dagbag.py:440} INFO - Filling up the DagBag from /Users/chowli/.local/share/virtualenvs/marketvol-WbDfdy4N/lib/python3.7/site-packages/airflow/example_dags/example_nested_branch_dag.py
[2021-01-14 22:51:21,453] {scheduler_job.py:639} INFO - DAG(s) dict_keys(['example_nested_branch_dag']) retrieved from /Users/chowli/.local/share/virtualenvs/marketvol-WbDfdy4N/lib/python3.7/site-packages/airflow/example_dags/example_nested_branch_dag.py
[2021-01-14 22:51:21,455] {logging_mixin.py:103} INFO - [2021-01-14 22:51:21,454] {dag.py:1813} INFO - Sync 1 DAGs
[2021-01-14 22:51:21,481] {logging_mixin.py:103} INFO - [2021-01-14 22:51:21,480] {dag.py:2266} INFO - Setting next_dagrun for example_nested_branch_dag to 2021-01-13 00:00:00+00:00
[2021-01-14 22:51:21,494] {scheduler_job.py:189} INFO - Processing /Users/chowli/.local/share/virtualenvs/marketvol-WbDfdy4N/lib/python3.7/site-packages/airflow/example_dags/example_nested_branch_dag.py took 0.065 seconds
[2021-01-14 22:51:47,035] {scheduler_job.py:181} INFO - Started process (PID=73478) to work on /Users/chowli/.local/share/virtualenvs/marketvol-WbDfdy4N/lib/python3.7/site-packages/airflow/example_dags/example_nested_branch_dag.py
[2021-01-14 22:51:47,037] {scheduler_job.py:629} INFO - Processing file /Users/chowli/.local/share/virtualenvs/marketvol-WbDfdy4N/lib/python3.7/site-packages/airflow/example_dags/example_nested_branch_dag.py for tasks to queue
[2021-01-14 22:51:47,038] {logging_mixin.py:103} INFO - [2021-01-14 22:51:47,038] {dagbag.py:440} INFO - Filling up the DagBag from /Users/chowli/.local/share/virtualenvs/marketvol-WbDfdy4N/lib/python3.7/site-packages/airflow/example_dags/example_nested_branch_dag.py
[2021-01-14 22:51:47,055] {scheduler_job.py:639} INFO - DAG(s) dict_keys(['example_nested_branch_dag']) retrieved from /Users/chowli/.local/share/virtualenvs/marketvol-WbDfdy4N/lib/python3.7/site-packages/airflow/example_dags/example_nested_branch_dag.py
[2021-01-14 22:51:47,057] {logging_mixin.py:103} INFO - [2021-01-14 22:51:47,057] {dag.py:1813} INFO - Sync 1 DAGs
[2021-01-14 22:51:47,084] {logging_mixin.py:103} INFO - [2021-01-14 22:51:47,084] {dag.py:2266} INFO - Setting next_dagrun for example_nested_branch_dag to 2021-01-13 00:00:00+00:00
[2021-01-14 22:51:47,098] {scheduler_job.py:189} INFO - Processing /Users/chowli/.local/share/virtualenvs/marketvol-WbDfdy4N/lib/python3.7/site-packages/airflow/example_dags/example_nested_branch_dag.py took 0.067 seconds
[2021-01-14 22:52:12,948] {scheduler_job.py:181} INFO - Started process (PID=73509) to work on /Users/chowli/.local/share/virtualenvs/marketvol-WbDfdy4N/lib/python3.7/site-packages/airflow/example_dags/example_nested_branch_dag.py
[2021-01-14 22:52:12,950] {scheduler_job.py:629} INFO - Processing file /Users/chowli/.local/share/virtualenvs/marketvol-WbDfdy4N/lib/python3.7/site-packages/airflow/example_dags/example_nested_branch_dag.py for tasks to queue
[2021-01-14 22:52:12,951] {logging_mixin.py:103} INFO - [2021-01-14 22:52:12,951] {dagbag.py:440} INFO - Filling up the DagBag from /Users/chowli/.local/share/virtualenvs/marketvol-WbDfdy4N/lib/python3.7/site-packages/airflow/example_dags/example_nested_branch_dag.py
[2021-01-14 22:52:12,969] {scheduler_job.py:639} INFO - DAG(s) dict_keys(['example_nested_branch_dag']) retrieved from /Users/chowli/.local/share/virtualenvs/marketvol-WbDfdy4N/lib/python3.7/site-packages/airflow/example_dags/example_nested_branch_dag.py
[2021-01-14 22:52:12,971] {logging_mixin.py:103} INFO - [2021-01-14 22:52:12,970] {dag.py:1813} INFO - Sync 1 DAGs
[2021-01-14 22:52:12,998] {logging_mixin.py:103} INFO - [2021-01-14 22:52:12,997] {dag.py:2266} INFO - Setting next_dagrun for example_nested_branch_dag to 2021-01-13 00:00:00+00:00
[2021-01-14 22:52:13,013] {scheduler_job.py:189} INFO - Processing /Users/chowli/.local/share/virtualenvs/marketvol-WbDfdy4N/lib/python3.7/site-packages/airflow/example_dags/example_nested_branch_dag.py took 0.068 seconds
[2021-01-14 22:52:38,202] {scheduler_job.py:181} INFO - Started process (PID=73545) to work on /Users/chowli/.local/share/virtualenvs/marketvol-WbDfdy4N/lib/python3.7/site-packages/airflow/example_dags/example_nested_branch_dag.py
[2021-01-14 22:52:38,204] {scheduler_job.py:629} INFO - Processing file /Users/chowli/.local/share/virtualenvs/marketvol-WbDfdy4N/lib/python3.7/site-packages/airflow/example_dags/example_nested_branch_dag.py for tasks to queue
[2021-01-14 22:52:38,205] {logging_mixin.py:103} INFO - [2021-01-14 22:52:38,205] {dagbag.py:440} INFO - Filling up the DagBag from /Users/chowli/.local/share/virtualenvs/marketvol-WbDfdy4N/lib/python3.7/site-packages/airflow/example_dags/example_nested_branch_dag.py
[2021-01-14 22:52:38,224] {scheduler_job.py:639} INFO - DAG(s) dict_keys(['example_nested_branch_dag']) retrieved from /Users/chowli/.local/share/virtualenvs/marketvol-WbDfdy4N/lib/python3.7/site-packages/airflow/example_dags/example_nested_branch_dag.py
[2021-01-14 22:52:38,226] {logging_mixin.py:103} INFO - [2021-01-14 22:52:38,225] {dag.py:1813} INFO - Sync 1 DAGs
[2021-01-14 22:52:38,253] {logging_mixin.py:103} INFO - [2021-01-14 22:52:38,253] {dag.py:2266} INFO - Setting next_dagrun for example_nested_branch_dag to 2021-01-13 00:00:00+00:00
[2021-01-14 22:52:38,268] {scheduler_job.py:189} INFO - Processing /Users/chowli/.local/share/virtualenvs/marketvol-WbDfdy4N/lib/python3.7/site-packages/airflow/example_dags/example_nested_branch_dag.py took 0.070 seconds
[2021-01-14 22:53:01,989] {scheduler_job.py:181} INFO - Started process (PID=73592) to work on /Users/chowli/.local/share/virtualenvs/marketvol-WbDfdy4N/lib/python3.7/site-packages/airflow/example_dags/example_nested_branch_dag.py
[2021-01-14 22:53:01,990] {scheduler_job.py:629} INFO - Processing file /Users/chowli/.local/share/virtualenvs/marketvol-WbDfdy4N/lib/python3.7/site-packages/airflow/example_dags/example_nested_branch_dag.py for tasks to queue
[2021-01-14 22:53:01,991] {logging_mixin.py:103} INFO - [2021-01-14 22:53:01,991] {dagbag.py:440} INFO - Filling up the DagBag from /Users/chowli/.local/share/virtualenvs/marketvol-WbDfdy4N/lib/python3.7/site-packages/airflow/example_dags/example_nested_branch_dag.py
[2021-01-14 22:53:02,005] {scheduler_job.py:639} INFO - DAG(s) dict_keys(['example_nested_branch_dag']) retrieved from /Users/chowli/.local/share/virtualenvs/marketvol-WbDfdy4N/lib/python3.7/site-packages/airflow/example_dags/example_nested_branch_dag.py
[2021-01-14 22:53:02,006] {logging_mixin.py:103} INFO - [2021-01-14 22:53:02,006] {dag.py:1813} INFO - Sync 1 DAGs
[2021-01-14 22:53:02,029] {logging_mixin.py:103} INFO - [2021-01-14 22:53:02,029] {dag.py:2266} INFO - Setting next_dagrun for example_nested_branch_dag to 2021-01-13 00:00:00+00:00
[2021-01-14 22:53:02,051] {scheduler_job.py:189} INFO - Processing /Users/chowli/.local/share/virtualenvs/marketvol-WbDfdy4N/lib/python3.7/site-packages/airflow/example_dags/example_nested_branch_dag.py took 0.066 seconds
[2021-01-14 22:53:30,347] {scheduler_job.py:181} INFO - Started process (PID=73675) to work on /Users/chowli/.local/share/virtualenvs/marketvol-WbDfdy4N/lib/python3.7/site-packages/airflow/example_dags/example_nested_branch_dag.py
[2021-01-14 22:53:30,348] {scheduler_job.py:629} INFO - Processing file /Users/chowli/.local/share/virtualenvs/marketvol-WbDfdy4N/lib/python3.7/site-packages/airflow/example_dags/example_nested_branch_dag.py for tasks to queue
[2021-01-14 22:53:30,349] {logging_mixin.py:103} INFO - [2021-01-14 22:53:30,349] {dagbag.py:440} INFO - Filling up the DagBag from /Users/chowli/.local/share/virtualenvs/marketvol-WbDfdy4N/lib/python3.7/site-packages/airflow/example_dags/example_nested_branch_dag.py
[2021-01-14 22:53:30,361] {scheduler_job.py:639} INFO - DAG(s) dict_keys(['example_nested_branch_dag']) retrieved from /Users/chowli/.local/share/virtualenvs/marketvol-WbDfdy4N/lib/python3.7/site-packages/airflow/example_dags/example_nested_branch_dag.py
[2021-01-14 22:53:30,363] {logging_mixin.py:103} INFO - [2021-01-14 22:53:30,362] {dag.py:1813} INFO - Sync 1 DAGs
[2021-01-14 22:53:30,382] {logging_mixin.py:103} INFO - [2021-01-14 22:53:30,381] {dag.py:2266} INFO - Setting next_dagrun for example_nested_branch_dag to 2021-01-13 00:00:00+00:00
[2021-01-14 22:53:30,389] {scheduler_job.py:189} INFO - Processing /Users/chowli/.local/share/virtualenvs/marketvol-WbDfdy4N/lib/python3.7/site-packages/airflow/example_dags/example_nested_branch_dag.py took 0.046 seconds
[2021-01-14 22:53:57,240] {scheduler_job.py:181} INFO - Started process (PID=73771) to work on /Users/chowli/.local/share/virtualenvs/marketvol-WbDfdy4N/lib/python3.7/site-packages/airflow/example_dags/example_nested_branch_dag.py
[2021-01-14 22:53:57,242] {scheduler_job.py:629} INFO - Processing file /Users/chowli/.local/share/virtualenvs/marketvol-WbDfdy4N/lib/python3.7/site-packages/airflow/example_dags/example_nested_branch_dag.py for tasks to queue
[2021-01-14 22:53:57,244] {logging_mixin.py:103} INFO - [2021-01-14 22:53:57,244] {dagbag.py:440} INFO - Filling up the DagBag from /Users/chowli/.local/share/virtualenvs/marketvol-WbDfdy4N/lib/python3.7/site-packages/airflow/example_dags/example_nested_branch_dag.py
[2021-01-14 22:53:57,266] {scheduler_job.py:639} INFO - DAG(s) dict_keys(['example_nested_branch_dag']) retrieved from /Users/chowli/.local/share/virtualenvs/marketvol-WbDfdy4N/lib/python3.7/site-packages/airflow/example_dags/example_nested_branch_dag.py
[2021-01-14 22:53:57,268] {logging_mixin.py:103} INFO - [2021-01-14 22:53:57,268] {dag.py:1813} INFO - Sync 1 DAGs
[2021-01-14 22:53:57,302] {logging_mixin.py:103} INFO - [2021-01-14 22:53:57,301] {dag.py:2266} INFO - Setting next_dagrun for example_nested_branch_dag to 2021-01-13 00:00:00+00:00
[2021-01-14 22:53:57,324] {scheduler_job.py:189} INFO - Processing /Users/chowli/.local/share/virtualenvs/marketvol-WbDfdy4N/lib/python3.7/site-packages/airflow/example_dags/example_nested_branch_dag.py took 0.088 seconds
[2021-01-14 22:54:31,086] {scheduler_job.py:181} INFO - Started process (PID=73827) to work on /Users/chowli/.local/share/virtualenvs/marketvol-WbDfdy4N/lib/python3.7/site-packages/airflow/example_dags/example_nested_branch_dag.py
[2021-01-14 22:54:31,088] {scheduler_job.py:629} INFO - Processing file /Users/chowli/.local/share/virtualenvs/marketvol-WbDfdy4N/lib/python3.7/site-packages/airflow/example_dags/example_nested_branch_dag.py for tasks to queue
[2021-01-14 22:54:31,089] {logging_mixin.py:103} INFO - [2021-01-14 22:54:31,089] {dagbag.py:440} INFO - Filling up the DagBag from /Users/chowli/.local/share/virtualenvs/marketvol-WbDfdy4N/lib/python3.7/site-packages/airflow/example_dags/example_nested_branch_dag.py
[2021-01-14 22:54:31,105] {scheduler_job.py:639} INFO - DAG(s) dict_keys(['example_nested_branch_dag']) retrieved from /Users/chowli/.local/share/virtualenvs/marketvol-WbDfdy4N/lib/python3.7/site-packages/airflow/example_dags/example_nested_branch_dag.py
[2021-01-14 22:54:31,107] {logging_mixin.py:103} INFO - [2021-01-14 22:54:31,106] {dag.py:1813} INFO - Sync 1 DAGs
[2021-01-14 22:54:31,133] {logging_mixin.py:103} INFO - [2021-01-14 22:54:31,133] {dag.py:2266} INFO - Setting next_dagrun for example_nested_branch_dag to 2021-01-13 00:00:00+00:00
[2021-01-14 22:54:31,147] {scheduler_job.py:189} INFO - Processing /Users/chowli/.local/share/virtualenvs/marketvol-WbDfdy4N/lib/python3.7/site-packages/airflow/example_dags/example_nested_branch_dag.py took 0.065 seconds
