[2021-01-14 22:50:09,803] {scheduler_job.py:181} INFO - Started process (PID=73338) to work on /Users/chowli/.local/share/virtualenvs/marketvol-WbDfdy4N/lib/python3.7/site-packages/airflow/example_dags/example_bash_operator.py
[2021-01-14 22:50:09,805] {scheduler_job.py:629} INFO - Processing file /Users/chowli/.local/share/virtualenvs/marketvol-WbDfdy4N/lib/python3.7/site-packages/airflow/example_dags/example_bash_operator.py for tasks to queue
[2021-01-14 22:50:09,806] {logging_mixin.py:103} INFO - [2021-01-14 22:50:09,806] {dagbag.py:440} INFO - Filling up the DagBag from /Users/chowli/.local/share/virtualenvs/marketvol-WbDfdy4N/lib/python3.7/site-packages/airflow/example_dags/example_bash_operator.py
[2021-01-14 22:50:09,824] {scheduler_job.py:639} INFO - DAG(s) dict_keys(['example_bash_operator']) retrieved from /Users/chowli/.local/share/virtualenvs/marketvol-WbDfdy4N/lib/python3.7/site-packages/airflow/example_dags/example_bash_operator.py
[2021-01-14 22:50:09,826] {logging_mixin.py:103} INFO - [2021-01-14 22:50:09,826] {dag.py:1813} INFO - Sync 1 DAGs
[2021-01-14 22:50:09,860] {logging_mixin.py:103} INFO - [2021-01-14 22:50:09,859] {dag.py:2266} INFO - Setting next_dagrun for example_bash_operator to 2021-01-13 00:00:00+00:00
[2021-01-14 22:50:09,898] {scheduler_job.py:189} INFO - Processing /Users/chowli/.local/share/virtualenvs/marketvol-WbDfdy4N/lib/python3.7/site-packages/airflow/example_dags/example_bash_operator.py took 0.099 seconds
[2021-01-14 22:50:46,882] {scheduler_job.py:181} INFO - Started process (PID=73402) to work on /Users/chowli/.local/share/virtualenvs/marketvol-WbDfdy4N/lib/python3.7/site-packages/airflow/example_dags/example_bash_operator.py
[2021-01-14 22:50:46,883] {scheduler_job.py:629} INFO - Processing file /Users/chowli/.local/share/virtualenvs/marketvol-WbDfdy4N/lib/python3.7/site-packages/airflow/example_dags/example_bash_operator.py for tasks to queue
[2021-01-14 22:50:46,885] {logging_mixin.py:103} INFO - [2021-01-14 22:50:46,884] {dagbag.py:440} INFO - Filling up the DagBag from /Users/chowli/.local/share/virtualenvs/marketvol-WbDfdy4N/lib/python3.7/site-packages/airflow/example_dags/example_bash_operator.py
[2021-01-14 22:50:46,900] {scheduler_job.py:639} INFO - DAG(s) dict_keys(['example_bash_operator']) retrieved from /Users/chowli/.local/share/virtualenvs/marketvol-WbDfdy4N/lib/python3.7/site-packages/airflow/example_dags/example_bash_operator.py
[2021-01-14 22:50:46,901] {logging_mixin.py:103} INFO - [2021-01-14 22:50:46,901] {dag.py:1813} INFO - Sync 1 DAGs
[2021-01-14 22:50:46,928] {logging_mixin.py:103} INFO - [2021-01-14 22:50:46,928] {dag.py:2266} INFO - Setting next_dagrun for example_bash_operator to 2021-01-13 00:00:00+00:00
[2021-01-14 22:50:46,942] {scheduler_job.py:189} INFO - Processing /Users/chowli/.local/share/virtualenvs/marketvol-WbDfdy4N/lib/python3.7/site-packages/airflow/example_dags/example_bash_operator.py took 0.064 seconds
[2021-01-14 22:51:12,366] {scheduler_job.py:181} INFO - Started process (PID=73435) to work on /Users/chowli/.local/share/virtualenvs/marketvol-WbDfdy4N/lib/python3.7/site-packages/airflow/example_dags/example_bash_operator.py
[2021-01-14 22:51:12,368] {scheduler_job.py:629} INFO - Processing file /Users/chowli/.local/share/virtualenvs/marketvol-WbDfdy4N/lib/python3.7/site-packages/airflow/example_dags/example_bash_operator.py for tasks to queue
[2021-01-14 22:51:12,369] {logging_mixin.py:103} INFO - [2021-01-14 22:51:12,369] {dagbag.py:440} INFO - Filling up the DagBag from /Users/chowli/.local/share/virtualenvs/marketvol-WbDfdy4N/lib/python3.7/site-packages/airflow/example_dags/example_bash_operator.py
[2021-01-14 22:51:12,383] {scheduler_job.py:639} INFO - DAG(s) dict_keys(['example_bash_operator']) retrieved from /Users/chowli/.local/share/virtualenvs/marketvol-WbDfdy4N/lib/python3.7/site-packages/airflow/example_dags/example_bash_operator.py
[2021-01-14 22:51:12,385] {logging_mixin.py:103} INFO - [2021-01-14 22:51:12,385] {dag.py:1813} INFO - Sync 1 DAGs
[2021-01-14 22:51:12,412] {logging_mixin.py:103} INFO - [2021-01-14 22:51:12,412] {dag.py:2266} INFO - Setting next_dagrun for example_bash_operator to 2021-01-13 00:00:00+00:00
[2021-01-14 22:51:12,428] {scheduler_job.py:189} INFO - Processing /Users/chowli/.local/share/virtualenvs/marketvol-WbDfdy4N/lib/python3.7/site-packages/airflow/example_dags/example_bash_operator.py took 0.065 seconds
[2021-01-14 22:51:37,594] {scheduler_job.py:181} INFO - Started process (PID=73468) to work on /Users/chowli/.local/share/virtualenvs/marketvol-WbDfdy4N/lib/python3.7/site-packages/airflow/example_dags/example_bash_operator.py
[2021-01-14 22:51:37,596] {scheduler_job.py:629} INFO - Processing file /Users/chowli/.local/share/virtualenvs/marketvol-WbDfdy4N/lib/python3.7/site-packages/airflow/example_dags/example_bash_operator.py for tasks to queue
[2021-01-14 22:51:37,597] {logging_mixin.py:103} INFO - [2021-01-14 22:51:37,596] {dagbag.py:440} INFO - Filling up the DagBag from /Users/chowli/.local/share/virtualenvs/marketvol-WbDfdy4N/lib/python3.7/site-packages/airflow/example_dags/example_bash_operator.py
[2021-01-14 22:51:37,608] {scheduler_job.py:639} INFO - DAG(s) dict_keys(['example_bash_operator']) retrieved from /Users/chowli/.local/share/virtualenvs/marketvol-WbDfdy4N/lib/python3.7/site-packages/airflow/example_dags/example_bash_operator.py
[2021-01-14 22:51:37,610] {logging_mixin.py:103} INFO - [2021-01-14 22:51:37,609] {dag.py:1813} INFO - Sync 1 DAGs
[2021-01-14 22:51:37,631] {logging_mixin.py:103} INFO - [2021-01-14 22:51:37,630] {dag.py:2266} INFO - Setting next_dagrun for example_bash_operator to 2021-01-13 00:00:00+00:00
[2021-01-14 22:51:37,642] {scheduler_job.py:189} INFO - Processing /Users/chowli/.local/share/virtualenvs/marketvol-WbDfdy4N/lib/python3.7/site-packages/airflow/example_dags/example_bash_operator.py took 0.052 seconds
[2021-01-14 22:52:03,115] {scheduler_job.py:181} INFO - Started process (PID=73496) to work on /Users/chowli/.local/share/virtualenvs/marketvol-WbDfdy4N/lib/python3.7/site-packages/airflow/example_dags/example_bash_operator.py
[2021-01-14 22:52:03,117] {scheduler_job.py:629} INFO - Processing file /Users/chowli/.local/share/virtualenvs/marketvol-WbDfdy4N/lib/python3.7/site-packages/airflow/example_dags/example_bash_operator.py for tasks to queue
[2021-01-14 22:52:03,118] {logging_mixin.py:103} INFO - [2021-01-14 22:52:03,118] {dagbag.py:440} INFO - Filling up the DagBag from /Users/chowli/.local/share/virtualenvs/marketvol-WbDfdy4N/lib/python3.7/site-packages/airflow/example_dags/example_bash_operator.py
[2021-01-14 22:52:03,133] {scheduler_job.py:639} INFO - DAG(s) dict_keys(['example_bash_operator']) retrieved from /Users/chowli/.local/share/virtualenvs/marketvol-WbDfdy4N/lib/python3.7/site-packages/airflow/example_dags/example_bash_operator.py
[2021-01-14 22:52:03,135] {logging_mixin.py:103} INFO - [2021-01-14 22:52:03,135] {dag.py:1813} INFO - Sync 1 DAGs
[2021-01-14 22:52:03,163] {logging_mixin.py:103} INFO - [2021-01-14 22:52:03,162] {dag.py:2266} INFO - Setting next_dagrun for example_bash_operator to 2021-01-13 00:00:00+00:00
[2021-01-14 22:52:03,181] {scheduler_job.py:189} INFO - Processing /Users/chowli/.local/share/virtualenvs/marketvol-WbDfdy4N/lib/python3.7/site-packages/airflow/example_dags/example_bash_operator.py took 0.069 seconds
[2021-01-14 22:52:29,006] {scheduler_job.py:181} INFO - Started process (PID=73527) to work on /Users/chowli/.local/share/virtualenvs/marketvol-WbDfdy4N/lib/python3.7/site-packages/airflow/example_dags/example_bash_operator.py
[2021-01-14 22:52:29,008] {scheduler_job.py:629} INFO - Processing file /Users/chowli/.local/share/virtualenvs/marketvol-WbDfdy4N/lib/python3.7/site-packages/airflow/example_dags/example_bash_operator.py for tasks to queue
[2021-01-14 22:52:29,010] {logging_mixin.py:103} INFO - [2021-01-14 22:52:29,009] {dagbag.py:440} INFO - Filling up the DagBag from /Users/chowli/.local/share/virtualenvs/marketvol-WbDfdy4N/lib/python3.7/site-packages/airflow/example_dags/example_bash_operator.py
[2021-01-14 22:52:29,029] {scheduler_job.py:639} INFO - DAG(s) dict_keys(['example_bash_operator']) retrieved from /Users/chowli/.local/share/virtualenvs/marketvol-WbDfdy4N/lib/python3.7/site-packages/airflow/example_dags/example_bash_operator.py
[2021-01-14 22:52:29,033] {logging_mixin.py:103} INFO - [2021-01-14 22:52:29,032] {dag.py:1813} INFO - Sync 1 DAGs
[2021-01-14 22:52:29,065] {logging_mixin.py:103} INFO - [2021-01-14 22:52:29,064] {dag.py:2266} INFO - Setting next_dagrun for example_bash_operator to 2021-01-13 00:00:00+00:00
[2021-01-14 22:52:29,084] {scheduler_job.py:189} INFO - Processing /Users/chowli/.local/share/virtualenvs/marketvol-WbDfdy4N/lib/python3.7/site-packages/airflow/example_dags/example_bash_operator.py took 0.082 seconds
[2021-01-14 22:53:25,195] {scheduler_job.py:181} INFO - Started process (PID=73670) to work on /Users/chowli/.local/share/virtualenvs/marketvol-WbDfdy4N/lib/python3.7/site-packages/airflow/example_dags/example_bash_operator.py
[2021-01-14 22:53:25,196] {scheduler_job.py:629} INFO - Processing file /Users/chowli/.local/share/virtualenvs/marketvol-WbDfdy4N/lib/python3.7/site-packages/airflow/example_dags/example_bash_operator.py for tasks to queue
[2021-01-14 22:53:25,197] {logging_mixin.py:103} INFO - [2021-01-14 22:53:25,197] {dagbag.py:440} INFO - Filling up the DagBag from /Users/chowli/.local/share/virtualenvs/marketvol-WbDfdy4N/lib/python3.7/site-packages/airflow/example_dags/example_bash_operator.py
[2021-01-14 22:53:25,208] {scheduler_job.py:639} INFO - DAG(s) dict_keys(['example_bash_operator']) retrieved from /Users/chowli/.local/share/virtualenvs/marketvol-WbDfdy4N/lib/python3.7/site-packages/airflow/example_dags/example_bash_operator.py
[2021-01-14 22:53:25,210] {logging_mixin.py:103} INFO - [2021-01-14 22:53:25,209] {dag.py:1813} INFO - Sync 1 DAGs
[2021-01-14 22:53:25,230] {logging_mixin.py:103} INFO - [2021-01-14 22:53:25,230] {dag.py:2266} INFO - Setting next_dagrun for example_bash_operator to 2021-01-13 00:00:00+00:00
[2021-01-14 22:53:25,243] {scheduler_job.py:189} INFO - Processing /Users/chowli/.local/share/virtualenvs/marketvol-WbDfdy4N/lib/python3.7/site-packages/airflow/example_dags/example_bash_operator.py took 0.051 seconds
[2021-01-14 22:53:52,107] {scheduler_job.py:181} INFO - Started process (PID=73756) to work on /Users/chowli/.local/share/virtualenvs/marketvol-WbDfdy4N/lib/python3.7/site-packages/airflow/example_dags/example_bash_operator.py
[2021-01-14 22:53:52,109] {scheduler_job.py:629} INFO - Processing file /Users/chowli/.local/share/virtualenvs/marketvol-WbDfdy4N/lib/python3.7/site-packages/airflow/example_dags/example_bash_operator.py for tasks to queue
[2021-01-14 22:53:52,110] {logging_mixin.py:103} INFO - [2021-01-14 22:53:52,109] {dagbag.py:440} INFO - Filling up the DagBag from /Users/chowli/.local/share/virtualenvs/marketvol-WbDfdy4N/lib/python3.7/site-packages/airflow/example_dags/example_bash_operator.py
[2021-01-14 22:53:52,123] {scheduler_job.py:639} INFO - DAG(s) dict_keys(['example_bash_operator']) retrieved from /Users/chowli/.local/share/virtualenvs/marketvol-WbDfdy4N/lib/python3.7/site-packages/airflow/example_dags/example_bash_operator.py
[2021-01-14 22:53:52,124] {logging_mixin.py:103} INFO - [2021-01-14 22:53:52,124] {dag.py:1813} INFO - Sync 1 DAGs
[2021-01-14 22:53:52,148] {logging_mixin.py:103} INFO - [2021-01-14 22:53:52,148] {dag.py:2266} INFO - Setting next_dagrun for example_bash_operator to 2021-01-13 00:00:00+00:00
[2021-01-14 22:53:52,161] {scheduler_job.py:189} INFO - Processing /Users/chowli/.local/share/virtualenvs/marketvol-WbDfdy4N/lib/python3.7/site-packages/airflow/example_dags/example_bash_operator.py took 0.057 seconds
[2021-01-14 22:54:26,045] {scheduler_job.py:181} INFO - Started process (PID=73821) to work on /Users/chowli/.local/share/virtualenvs/marketvol-WbDfdy4N/lib/python3.7/site-packages/airflow/example_dags/example_bash_operator.py
[2021-01-14 22:54:26,046] {scheduler_job.py:629} INFO - Processing file /Users/chowli/.local/share/virtualenvs/marketvol-WbDfdy4N/lib/python3.7/site-packages/airflow/example_dags/example_bash_operator.py for tasks to queue
[2021-01-14 22:54:26,048] {logging_mixin.py:103} INFO - [2021-01-14 22:54:26,047] {dagbag.py:440} INFO - Filling up the DagBag from /Users/chowli/.local/share/virtualenvs/marketvol-WbDfdy4N/lib/python3.7/site-packages/airflow/example_dags/example_bash_operator.py
[2021-01-14 22:54:26,063] {scheduler_job.py:639} INFO - DAG(s) dict_keys(['example_bash_operator']) retrieved from /Users/chowli/.local/share/virtualenvs/marketvol-WbDfdy4N/lib/python3.7/site-packages/airflow/example_dags/example_bash_operator.py
[2021-01-14 22:54:26,065] {logging_mixin.py:103} INFO - [2021-01-14 22:54:26,064] {dag.py:1813} INFO - Sync 1 DAGs
[2021-01-14 22:54:26,090] {logging_mixin.py:103} INFO - [2021-01-14 22:54:26,090] {dag.py:2266} INFO - Setting next_dagrun for example_bash_operator to 2021-01-13 00:00:00+00:00
[2021-01-14 22:54:26,103] {scheduler_job.py:189} INFO - Processing /Users/chowli/.local/share/virtualenvs/marketvol-WbDfdy4N/lib/python3.7/site-packages/airflow/example_dags/example_bash_operator.py took 0.062 seconds
