[2021-01-14 22:50:26,035] {scheduler_job.py:181} INFO - Started process (PID=73379) to work on /Users/chowli/.local/share/virtualenvs/marketvol-WbDfdy4N/lib/python3.7/site-packages/airflow/example_dags/example_subdag_operator.py
[2021-01-14 22:50:26,037] {scheduler_job.py:629} INFO - Processing file /Users/chowli/.local/share/virtualenvs/marketvol-WbDfdy4N/lib/python3.7/site-packages/airflow/example_dags/example_subdag_operator.py for tasks to queue
[2021-01-14 22:50:26,039] {logging_mixin.py:103} INFO - [2021-01-14 22:50:26,038] {dagbag.py:440} INFO - Filling up the DagBag from /Users/chowli/.local/share/virtualenvs/marketvol-WbDfdy4N/lib/python3.7/site-packages/airflow/example_dags/example_subdag_operator.py
[2021-01-14 22:50:26,065] {scheduler_job.py:639} INFO - DAG(s) dict_keys(['example_subdag_operator.section-1', 'example_subdag_operator.section-2', 'example_subdag_operator']) retrieved from /Users/chowli/.local/share/virtualenvs/marketvol-WbDfdy4N/lib/python3.7/site-packages/airflow/example_dags/example_subdag_operator.py
[2021-01-14 22:50:26,066] {logging_mixin.py:103} INFO - [2021-01-14 22:50:26,066] {dag.py:1813} INFO - Sync 3 DAGs
[2021-01-14 22:50:26,079] {logging_mixin.py:103} INFO - [2021-01-14 22:50:26,078] {dag.py:2266} INFO - Setting next_dagrun for example_subdag_operator to 2021-01-13 00:00:00+00:00
[2021-01-14 22:50:26,080] {logging_mixin.py:103} INFO - [2021-01-14 22:50:26,080] {dag.py:2266} INFO - Setting next_dagrun for example_subdag_operator.section-1 to None
[2021-01-14 22:50:26,081] {logging_mixin.py:103} INFO - [2021-01-14 22:50:26,080] {dag.py:2266} INFO - Setting next_dagrun for example_subdag_operator.section-2 to None
[2021-01-14 22:50:26,093] {logging_mixin.py:103} INFO - [2021-01-14 22:50:26,093] {dag.py:1813} INFO - Sync 2 DAGs
[2021-01-14 22:50:26,101] {logging_mixin.py:103} INFO - [2021-01-14 22:50:26,101] {dag.py:2266} INFO - Setting next_dagrun for example_subdag_operator.section-1 to None
[2021-01-14 22:50:26,102] {logging_mixin.py:103} INFO - [2021-01-14 22:50:26,102] {dag.py:2266} INFO - Setting next_dagrun for example_subdag_operator.section-2 to None
[2021-01-14 22:50:26,118] {scheduler_job.py:189} INFO - Processing /Users/chowli/.local/share/virtualenvs/marketvol-WbDfdy4N/lib/python3.7/site-packages/airflow/example_dags/example_subdag_operator.py took 0.087 seconds
[2021-01-14 22:50:51,134] {scheduler_job.py:181} INFO - Started process (PID=73407) to work on /Users/chowli/.local/share/virtualenvs/marketvol-WbDfdy4N/lib/python3.7/site-packages/airflow/example_dags/example_subdag_operator.py
[2021-01-14 22:50:51,136] {scheduler_job.py:629} INFO - Processing file /Users/chowli/.local/share/virtualenvs/marketvol-WbDfdy4N/lib/python3.7/site-packages/airflow/example_dags/example_subdag_operator.py for tasks to queue
[2021-01-14 22:50:51,138] {logging_mixin.py:103} INFO - [2021-01-14 22:50:51,137] {dagbag.py:440} INFO - Filling up the DagBag from /Users/chowli/.local/share/virtualenvs/marketvol-WbDfdy4N/lib/python3.7/site-packages/airflow/example_dags/example_subdag_operator.py
[2021-01-14 22:50:51,163] {scheduler_job.py:639} INFO - DAG(s) dict_keys(['example_subdag_operator.section-1', 'example_subdag_operator.section-2', 'example_subdag_operator']) retrieved from /Users/chowli/.local/share/virtualenvs/marketvol-WbDfdy4N/lib/python3.7/site-packages/airflow/example_dags/example_subdag_operator.py
[2021-01-14 22:50:51,165] {logging_mixin.py:103} INFO - [2021-01-14 22:50:51,164] {dag.py:1813} INFO - Sync 3 DAGs
[2021-01-14 22:50:51,177] {logging_mixin.py:103} INFO - [2021-01-14 22:50:51,177] {dag.py:2266} INFO - Setting next_dagrun for example_subdag_operator to 2021-01-13 00:00:00+00:00
[2021-01-14 22:50:51,178] {logging_mixin.py:103} INFO - [2021-01-14 22:50:51,178] {dag.py:2266} INFO - Setting next_dagrun for example_subdag_operator.section-1 to None
[2021-01-14 22:50:51,179] {logging_mixin.py:103} INFO - [2021-01-14 22:50:51,179] {dag.py:2266} INFO - Setting next_dagrun for example_subdag_operator.section-2 to None
[2021-01-14 22:50:51,183] {logging_mixin.py:103} INFO - [2021-01-14 22:50:51,183] {dag.py:1813} INFO - Sync 2 DAGs
[2021-01-14 22:50:51,189] {logging_mixin.py:103} INFO - [2021-01-14 22:50:51,188] {dag.py:2266} INFO - Setting next_dagrun for example_subdag_operator.section-1 to None
[2021-01-14 22:50:51,189] {logging_mixin.py:103} INFO - [2021-01-14 22:50:51,189] {dag.py:2266} INFO - Setting next_dagrun for example_subdag_operator.section-2 to None
[2021-01-14 22:50:51,195] {scheduler_job.py:189} INFO - Processing /Users/chowli/.local/share/virtualenvs/marketvol-WbDfdy4N/lib/python3.7/site-packages/airflow/example_dags/example_subdag_operator.py took 0.064 seconds
[2021-01-14 22:51:16,957] {scheduler_job.py:181} INFO - Started process (PID=73440) to work on /Users/chowli/.local/share/virtualenvs/marketvol-WbDfdy4N/lib/python3.7/site-packages/airflow/example_dags/example_subdag_operator.py
[2021-01-14 22:51:16,959] {scheduler_job.py:629} INFO - Processing file /Users/chowli/.local/share/virtualenvs/marketvol-WbDfdy4N/lib/python3.7/site-packages/airflow/example_dags/example_subdag_operator.py for tasks to queue
[2021-01-14 22:51:16,960] {logging_mixin.py:103} INFO - [2021-01-14 22:51:16,960] {dagbag.py:440} INFO - Filling up the DagBag from /Users/chowli/.local/share/virtualenvs/marketvol-WbDfdy4N/lib/python3.7/site-packages/airflow/example_dags/example_subdag_operator.py
[2021-01-14 22:51:16,987] {scheduler_job.py:639} INFO - DAG(s) dict_keys(['example_subdag_operator.section-1', 'example_subdag_operator.section-2', 'example_subdag_operator']) retrieved from /Users/chowli/.local/share/virtualenvs/marketvol-WbDfdy4N/lib/python3.7/site-packages/airflow/example_dags/example_subdag_operator.py
[2021-01-14 22:51:16,988] {logging_mixin.py:103} INFO - [2021-01-14 22:51:16,988] {dag.py:1813} INFO - Sync 3 DAGs
[2021-01-14 22:51:17,002] {logging_mixin.py:103} INFO - [2021-01-14 22:51:17,001] {dag.py:2266} INFO - Setting next_dagrun for example_subdag_operator to 2021-01-13 00:00:00+00:00
[2021-01-14 22:51:17,003] {logging_mixin.py:103} INFO - [2021-01-14 22:51:17,003] {dag.py:2266} INFO - Setting next_dagrun for example_subdag_operator.section-1 to None
[2021-01-14 22:51:17,004] {logging_mixin.py:103} INFO - [2021-01-14 22:51:17,003] {dag.py:2266} INFO - Setting next_dagrun for example_subdag_operator.section-2 to None
[2021-01-14 22:51:17,009] {logging_mixin.py:103} INFO - [2021-01-14 22:51:17,008] {dag.py:1813} INFO - Sync 2 DAGs
[2021-01-14 22:51:17,015] {logging_mixin.py:103} INFO - [2021-01-14 22:51:17,014] {dag.py:2266} INFO - Setting next_dagrun for example_subdag_operator.section-1 to None
[2021-01-14 22:51:17,015] {logging_mixin.py:103} INFO - [2021-01-14 22:51:17,015] {dag.py:2266} INFO - Setting next_dagrun for example_subdag_operator.section-2 to None
[2021-01-14 22:51:17,027] {scheduler_job.py:189} INFO - Processing /Users/chowli/.local/share/virtualenvs/marketvol-WbDfdy4N/lib/python3.7/site-packages/airflow/example_dags/example_subdag_operator.py took 0.074 seconds
[2021-01-14 22:51:42,648] {scheduler_job.py:181} INFO - Started process (PID=73473) to work on /Users/chowli/.local/share/virtualenvs/marketvol-WbDfdy4N/lib/python3.7/site-packages/airflow/example_dags/example_subdag_operator.py
[2021-01-14 22:51:42,650] {scheduler_job.py:629} INFO - Processing file /Users/chowli/.local/share/virtualenvs/marketvol-WbDfdy4N/lib/python3.7/site-packages/airflow/example_dags/example_subdag_operator.py for tasks to queue
[2021-01-14 22:51:42,651] {logging_mixin.py:103} INFO - [2021-01-14 22:51:42,651] {dagbag.py:440} INFO - Filling up the DagBag from /Users/chowli/.local/share/virtualenvs/marketvol-WbDfdy4N/lib/python3.7/site-packages/airflow/example_dags/example_subdag_operator.py
[2021-01-14 22:51:42,676] {scheduler_job.py:639} INFO - DAG(s) dict_keys(['example_subdag_operator.section-1', 'example_subdag_operator.section-2', 'example_subdag_operator']) retrieved from /Users/chowli/.local/share/virtualenvs/marketvol-WbDfdy4N/lib/python3.7/site-packages/airflow/example_dags/example_subdag_operator.py
[2021-01-14 22:51:42,678] {logging_mixin.py:103} INFO - [2021-01-14 22:51:42,677] {dag.py:1813} INFO - Sync 3 DAGs
[2021-01-14 22:51:42,693] {logging_mixin.py:103} INFO - [2021-01-14 22:51:42,693] {dag.py:2266} INFO - Setting next_dagrun for example_subdag_operator to 2021-01-13 00:00:00+00:00
[2021-01-14 22:51:42,694] {logging_mixin.py:103} INFO - [2021-01-14 22:51:42,694] {dag.py:2266} INFO - Setting next_dagrun for example_subdag_operator.section-1 to None
[2021-01-14 22:51:42,695] {logging_mixin.py:103} INFO - [2021-01-14 22:51:42,695] {dag.py:2266} INFO - Setting next_dagrun for example_subdag_operator.section-2 to None
[2021-01-14 22:51:42,699] {logging_mixin.py:103} INFO - [2021-01-14 22:51:42,699] {dag.py:1813} INFO - Sync 2 DAGs
[2021-01-14 22:51:42,706] {logging_mixin.py:103} INFO - [2021-01-14 22:51:42,705] {dag.py:2266} INFO - Setting next_dagrun for example_subdag_operator.section-1 to None
[2021-01-14 22:51:42,706] {logging_mixin.py:103} INFO - [2021-01-14 22:51:42,706] {dag.py:2266} INFO - Setting next_dagrun for example_subdag_operator.section-2 to None
[2021-01-14 22:51:42,720] {scheduler_job.py:189} INFO - Processing /Users/chowli/.local/share/virtualenvs/marketvol-WbDfdy4N/lib/python3.7/site-packages/airflow/example_dags/example_subdag_operator.py took 0.075 seconds
[2021-01-14 22:52:07,898] {scheduler_job.py:181} INFO - Started process (PID=73501) to work on /Users/chowli/.local/share/virtualenvs/marketvol-WbDfdy4N/lib/python3.7/site-packages/airflow/example_dags/example_subdag_operator.py
[2021-01-14 22:52:07,899] {scheduler_job.py:629} INFO - Processing file /Users/chowli/.local/share/virtualenvs/marketvol-WbDfdy4N/lib/python3.7/site-packages/airflow/example_dags/example_subdag_operator.py for tasks to queue
[2021-01-14 22:52:07,901] {logging_mixin.py:103} INFO - [2021-01-14 22:52:07,900] {dagbag.py:440} INFO - Filling up the DagBag from /Users/chowli/.local/share/virtualenvs/marketvol-WbDfdy4N/lib/python3.7/site-packages/airflow/example_dags/example_subdag_operator.py
[2021-01-14 22:52:07,930] {scheduler_job.py:639} INFO - DAG(s) dict_keys(['example_subdag_operator.section-1', 'example_subdag_operator.section-2', 'example_subdag_operator']) retrieved from /Users/chowli/.local/share/virtualenvs/marketvol-WbDfdy4N/lib/python3.7/site-packages/airflow/example_dags/example_subdag_operator.py
[2021-01-14 22:52:07,931] {logging_mixin.py:103} INFO - [2021-01-14 22:52:07,931] {dag.py:1813} INFO - Sync 3 DAGs
[2021-01-14 22:52:07,948] {logging_mixin.py:103} INFO - [2021-01-14 22:52:07,947] {dag.py:2266} INFO - Setting next_dagrun for example_subdag_operator to 2021-01-13 00:00:00+00:00
[2021-01-14 22:52:07,950] {logging_mixin.py:103} INFO - [2021-01-14 22:52:07,949] {dag.py:2266} INFO - Setting next_dagrun for example_subdag_operator.section-1 to None
[2021-01-14 22:52:07,951] {logging_mixin.py:103} INFO - [2021-01-14 22:52:07,950] {dag.py:2266} INFO - Setting next_dagrun for example_subdag_operator.section-2 to None
[2021-01-14 22:52:07,956] {logging_mixin.py:103} INFO - [2021-01-14 22:52:07,956] {dag.py:1813} INFO - Sync 2 DAGs
[2021-01-14 22:52:07,964] {logging_mixin.py:103} INFO - [2021-01-14 22:52:07,964] {dag.py:2266} INFO - Setting next_dagrun for example_subdag_operator.section-1 to None
[2021-01-14 22:52:07,965] {logging_mixin.py:103} INFO - [2021-01-14 22:52:07,965] {dag.py:2266} INFO - Setting next_dagrun for example_subdag_operator.section-2 to None
[2021-01-14 22:52:07,980] {scheduler_job.py:189} INFO - Processing /Users/chowli/.local/share/virtualenvs/marketvol-WbDfdy4N/lib/python3.7/site-packages/airflow/example_dags/example_subdag_operator.py took 0.087 seconds
[2021-01-14 22:52:33,563] {scheduler_job.py:181} INFO - Started process (PID=73532) to work on /Users/chowli/.local/share/virtualenvs/marketvol-WbDfdy4N/lib/python3.7/site-packages/airflow/example_dags/example_subdag_operator.py
[2021-01-14 22:52:33,565] {scheduler_job.py:629} INFO - Processing file /Users/chowli/.local/share/virtualenvs/marketvol-WbDfdy4N/lib/python3.7/site-packages/airflow/example_dags/example_subdag_operator.py for tasks to queue
[2021-01-14 22:52:33,566] {logging_mixin.py:103} INFO - [2021-01-14 22:52:33,566] {dagbag.py:440} INFO - Filling up the DagBag from /Users/chowli/.local/share/virtualenvs/marketvol-WbDfdy4N/lib/python3.7/site-packages/airflow/example_dags/example_subdag_operator.py
[2021-01-14 22:52:33,594] {scheduler_job.py:639} INFO - DAG(s) dict_keys(['example_subdag_operator.section-1', 'example_subdag_operator.section-2', 'example_subdag_operator']) retrieved from /Users/chowli/.local/share/virtualenvs/marketvol-WbDfdy4N/lib/python3.7/site-packages/airflow/example_dags/example_subdag_operator.py
[2021-01-14 22:52:33,595] {logging_mixin.py:103} INFO - [2021-01-14 22:52:33,595] {dag.py:1813} INFO - Sync 3 DAGs
[2021-01-14 22:52:33,609] {logging_mixin.py:103} INFO - [2021-01-14 22:52:33,608] {dag.py:2266} INFO - Setting next_dagrun for example_subdag_operator to 2021-01-13 00:00:00+00:00
[2021-01-14 22:52:33,610] {logging_mixin.py:103} INFO - [2021-01-14 22:52:33,610] {dag.py:2266} INFO - Setting next_dagrun for example_subdag_operator.section-1 to None
[2021-01-14 22:52:33,611] {logging_mixin.py:103} INFO - [2021-01-14 22:52:33,611] {dag.py:2266} INFO - Setting next_dagrun for example_subdag_operator.section-2 to None
[2021-01-14 22:52:33,616] {logging_mixin.py:103} INFO - [2021-01-14 22:52:33,615] {dag.py:1813} INFO - Sync 2 DAGs
[2021-01-14 22:52:33,622] {logging_mixin.py:103} INFO - [2021-01-14 22:52:33,621] {dag.py:2266} INFO - Setting next_dagrun for example_subdag_operator.section-1 to None
[2021-01-14 22:52:33,622] {logging_mixin.py:103} INFO - [2021-01-14 22:52:33,622] {dag.py:2266} INFO - Setting next_dagrun for example_subdag_operator.section-2 to None
[2021-01-14 22:52:33,634] {scheduler_job.py:189} INFO - Processing /Users/chowli/.local/share/virtualenvs/marketvol-WbDfdy4N/lib/python3.7/site-packages/airflow/example_dags/example_subdag_operator.py took 0.076 seconds
[2021-01-14 22:53:12,613] {scheduler_job.py:181} INFO - Started process (PID=73611) to work on /Users/chowli/.local/share/virtualenvs/marketvol-WbDfdy4N/lib/python3.7/site-packages/airflow/example_dags/example_subdag_operator.py
[2021-01-14 22:53:12,615] {scheduler_job.py:629} INFO - Processing file /Users/chowli/.local/share/virtualenvs/marketvol-WbDfdy4N/lib/python3.7/site-packages/airflow/example_dags/example_subdag_operator.py for tasks to queue
[2021-01-14 22:53:12,616] {logging_mixin.py:103} INFO - [2021-01-14 22:53:12,616] {dagbag.py:440} INFO - Filling up the DagBag from /Users/chowli/.local/share/virtualenvs/marketvol-WbDfdy4N/lib/python3.7/site-packages/airflow/example_dags/example_subdag_operator.py
[2021-01-14 22:53:12,640] {scheduler_job.py:639} INFO - DAG(s) dict_keys(['example_subdag_operator.section-1', 'example_subdag_operator.section-2', 'example_subdag_operator']) retrieved from /Users/chowli/.local/share/virtualenvs/marketvol-WbDfdy4N/lib/python3.7/site-packages/airflow/example_dags/example_subdag_operator.py
[2021-01-14 22:53:12,641] {logging_mixin.py:103} INFO - [2021-01-14 22:53:12,641] {dag.py:1813} INFO - Sync 3 DAGs
[2021-01-14 22:53:12,654] {logging_mixin.py:103} INFO - [2021-01-14 22:53:12,653] {dag.py:2266} INFO - Setting next_dagrun for example_subdag_operator to 2021-01-13 00:00:00+00:00
[2021-01-14 22:53:12,655] {logging_mixin.py:103} INFO - [2021-01-14 22:53:12,655] {dag.py:2266} INFO - Setting next_dagrun for example_subdag_operator.section-1 to None
[2021-01-14 22:53:12,656] {logging_mixin.py:103} INFO - [2021-01-14 22:53:12,656] {dag.py:2266} INFO - Setting next_dagrun for example_subdag_operator.section-2 to None
[2021-01-14 22:53:12,660] {logging_mixin.py:103} INFO - [2021-01-14 22:53:12,660] {dag.py:1813} INFO - Sync 2 DAGs
[2021-01-14 22:53:12,666] {logging_mixin.py:103} INFO - [2021-01-14 22:53:12,666] {dag.py:2266} INFO - Setting next_dagrun for example_subdag_operator.section-1 to None
[2021-01-14 22:53:12,666] {logging_mixin.py:103} INFO - [2021-01-14 22:53:12,666] {dag.py:2266} INFO - Setting next_dagrun for example_subdag_operator.section-2 to None
[2021-01-14 22:53:12,677] {scheduler_job.py:189} INFO - Processing /Users/chowli/.local/share/virtualenvs/marketvol-WbDfdy4N/lib/python3.7/site-packages/airflow/example_dags/example_subdag_operator.py took 0.067 seconds
[2021-01-14 22:53:40,654] {scheduler_job.py:181} INFO - Started process (PID=73726) to work on /Users/chowli/.local/share/virtualenvs/marketvol-WbDfdy4N/lib/python3.7/site-packages/airflow/example_dags/example_subdag_operator.py
[2021-01-14 22:53:40,656] {scheduler_job.py:629} INFO - Processing file /Users/chowli/.local/share/virtualenvs/marketvol-WbDfdy4N/lib/python3.7/site-packages/airflow/example_dags/example_subdag_operator.py for tasks to queue
[2021-01-14 22:53:40,657] {logging_mixin.py:103} INFO - [2021-01-14 22:53:40,657] {dagbag.py:440} INFO - Filling up the DagBag from /Users/chowli/.local/share/virtualenvs/marketvol-WbDfdy4N/lib/python3.7/site-packages/airflow/example_dags/example_subdag_operator.py
[2021-01-14 22:53:40,681] {scheduler_job.py:639} INFO - DAG(s) dict_keys(['example_subdag_operator.section-1', 'example_subdag_operator.section-2', 'example_subdag_operator']) retrieved from /Users/chowli/.local/share/virtualenvs/marketvol-WbDfdy4N/lib/python3.7/site-packages/airflow/example_dags/example_subdag_operator.py
[2021-01-14 22:53:40,682] {logging_mixin.py:103} INFO - [2021-01-14 22:53:40,682] {dag.py:1813} INFO - Sync 3 DAGs
[2021-01-14 22:53:40,695] {logging_mixin.py:103} INFO - [2021-01-14 22:53:40,695] {dag.py:2266} INFO - Setting next_dagrun for example_subdag_operator to 2021-01-13 00:00:00+00:00
[2021-01-14 22:53:40,697] {logging_mixin.py:103} INFO - [2021-01-14 22:53:40,696] {dag.py:2266} INFO - Setting next_dagrun for example_subdag_operator.section-1 to None
[2021-01-14 22:53:40,698] {logging_mixin.py:103} INFO - [2021-01-14 22:53:40,697] {dag.py:2266} INFO - Setting next_dagrun for example_subdag_operator.section-2 to None
[2021-01-14 22:53:40,702] {logging_mixin.py:103} INFO - [2021-01-14 22:53:40,702] {dag.py:1813} INFO - Sync 2 DAGs
[2021-01-14 22:53:40,708] {logging_mixin.py:103} INFO - [2021-01-14 22:53:40,707] {dag.py:2266} INFO - Setting next_dagrun for example_subdag_operator.section-1 to None
[2021-01-14 22:53:40,708] {logging_mixin.py:103} INFO - [2021-01-14 22:53:40,708] {dag.py:2266} INFO - Setting next_dagrun for example_subdag_operator.section-2 to None
[2021-01-14 22:53:40,719] {scheduler_job.py:189} INFO - Processing /Users/chowli/.local/share/virtualenvs/marketvol-WbDfdy4N/lib/python3.7/site-packages/airflow/example_dags/example_subdag_operator.py took 0.069 seconds
[2021-01-14 22:54:07,559] {scheduler_job.py:181} INFO - Started process (PID=73782) to work on /Users/chowli/.local/share/virtualenvs/marketvol-WbDfdy4N/lib/python3.7/site-packages/airflow/example_dags/example_subdag_operator.py
[2021-01-14 22:54:07,560] {scheduler_job.py:629} INFO - Processing file /Users/chowli/.local/share/virtualenvs/marketvol-WbDfdy4N/lib/python3.7/site-packages/airflow/example_dags/example_subdag_operator.py for tasks to queue
[2021-01-14 22:54:07,562] {logging_mixin.py:103} INFO - [2021-01-14 22:54:07,561] {dagbag.py:440} INFO - Filling up the DagBag from /Users/chowli/.local/share/virtualenvs/marketvol-WbDfdy4N/lib/python3.7/site-packages/airflow/example_dags/example_subdag_operator.py
[2021-01-14 22:54:07,591] {scheduler_job.py:639} INFO - DAG(s) dict_keys(['example_subdag_operator.section-1', 'example_subdag_operator.section-2', 'example_subdag_operator']) retrieved from /Users/chowli/.local/share/virtualenvs/marketvol-WbDfdy4N/lib/python3.7/site-packages/airflow/example_dags/example_subdag_operator.py
[2021-01-14 22:54:07,593] {logging_mixin.py:103} INFO - [2021-01-14 22:54:07,592] {dag.py:1813} INFO - Sync 3 DAGs
[2021-01-14 22:54:07,609] {logging_mixin.py:103} INFO - [2021-01-14 22:54:07,609] {dag.py:2266} INFO - Setting next_dagrun for example_subdag_operator to 2021-01-13 00:00:00+00:00
[2021-01-14 22:54:07,611] {logging_mixin.py:103} INFO - [2021-01-14 22:54:07,610] {dag.py:2266} INFO - Setting next_dagrun for example_subdag_operator.section-1 to None
[2021-01-14 22:54:07,612] {logging_mixin.py:103} INFO - [2021-01-14 22:54:07,611] {dag.py:2266} INFO - Setting next_dagrun for example_subdag_operator.section-2 to None
[2021-01-14 22:54:07,618] {logging_mixin.py:103} INFO - [2021-01-14 22:54:07,617] {dag.py:1813} INFO - Sync 2 DAGs
[2021-01-14 22:54:07,625] {logging_mixin.py:103} INFO - [2021-01-14 22:54:07,625] {dag.py:2266} INFO - Setting next_dagrun for example_subdag_operator.section-1 to None
[2021-01-14 22:54:07,626] {logging_mixin.py:103} INFO - [2021-01-14 22:54:07,626] {dag.py:2266} INFO - Setting next_dagrun for example_subdag_operator.section-2 to None
[2021-01-14 22:54:07,642] {scheduler_job.py:189} INFO - Processing /Users/chowli/.local/share/virtualenvs/marketvol-WbDfdy4N/lib/python3.7/site-packages/airflow/example_dags/example_subdag_operator.py took 0.087 seconds
