[2021-01-14 22:49:36,640] {scheduler_job.py:181} INFO - Started process (PID=73263) to work on /Users/chowli/.local/share/virtualenvs/marketvol-WbDfdy4N/lib/python3.7/site-packages/airflow/example_dags/example_xcomargs.py
[2021-01-14 22:49:36,642] {scheduler_job.py:629} INFO - Processing file /Users/chowli/.local/share/virtualenvs/marketvol-WbDfdy4N/lib/python3.7/site-packages/airflow/example_dags/example_xcomargs.py for tasks to queue
[2021-01-14 22:49:36,644] {logging_mixin.py:103} INFO - [2021-01-14 22:49:36,643] {dagbag.py:440} INFO - Filling up the DagBag from /Users/chowli/.local/share/virtualenvs/marketvol-WbDfdy4N/lib/python3.7/site-packages/airflow/example_dags/example_xcomargs.py
[2021-01-14 22:49:36,661] {scheduler_job.py:639} INFO - DAG(s) dict_keys(['example_xcom_args', 'example_xcom_args_with_operators']) retrieved from /Users/chowli/.local/share/virtualenvs/marketvol-WbDfdy4N/lib/python3.7/site-packages/airflow/example_dags/example_xcomargs.py
[2021-01-14 22:49:36,663] {logging_mixin.py:103} INFO - [2021-01-14 22:49:36,663] {dag.py:1813} INFO - Sync 2 DAGs
[2021-01-14 22:49:36,683] {logging_mixin.py:103} INFO - [2021-01-14 22:49:36,683] {dag.py:2266} INFO - Setting next_dagrun for example_xcom_args to None
[2021-01-14 22:49:36,685] {logging_mixin.py:103} INFO - [2021-01-14 22:49:36,684] {dag.py:2266} INFO - Setting next_dagrun for example_xcom_args_with_operators to None
[2021-01-14 22:49:36,712] {scheduler_job.py:189} INFO - Processing /Users/chowli/.local/share/virtualenvs/marketvol-WbDfdy4N/lib/python3.7/site-packages/airflow/example_dags/example_xcomargs.py took 0.076 seconds
[2021-01-14 22:50:42,969] {scheduler_job.py:181} INFO - Started process (PID=73398) to work on /Users/chowli/.local/share/virtualenvs/marketvol-WbDfdy4N/lib/python3.7/site-packages/airflow/example_dags/example_xcomargs.py
[2021-01-14 22:50:42,971] {scheduler_job.py:629} INFO - Processing file /Users/chowli/.local/share/virtualenvs/marketvol-WbDfdy4N/lib/python3.7/site-packages/airflow/example_dags/example_xcomargs.py for tasks to queue
[2021-01-14 22:50:42,972] {logging_mixin.py:103} INFO - [2021-01-14 22:50:42,972] {dagbag.py:440} INFO - Filling up the DagBag from /Users/chowli/.local/share/virtualenvs/marketvol-WbDfdy4N/lib/python3.7/site-packages/airflow/example_dags/example_xcomargs.py
[2021-01-14 22:50:42,989] {scheduler_job.py:639} INFO - DAG(s) dict_keys(['example_xcom_args', 'example_xcom_args_with_operators']) retrieved from /Users/chowli/.local/share/virtualenvs/marketvol-WbDfdy4N/lib/python3.7/site-packages/airflow/example_dags/example_xcomargs.py
[2021-01-14 22:50:42,991] {logging_mixin.py:103} INFO - [2021-01-14 22:50:42,990] {dag.py:1813} INFO - Sync 2 DAGs
[2021-01-14 22:50:43,008] {logging_mixin.py:103} INFO - [2021-01-14 22:50:43,008] {dag.py:2266} INFO - Setting next_dagrun for example_xcom_args to None
[2021-01-14 22:50:43,010] {logging_mixin.py:103} INFO - [2021-01-14 22:50:43,009] {dag.py:2266} INFO - Setting next_dagrun for example_xcom_args_with_operators to None
[2021-01-14 22:50:43,032] {scheduler_job.py:189} INFO - Processing /Users/chowli/.local/share/virtualenvs/marketvol-WbDfdy4N/lib/python3.7/site-packages/airflow/example_dags/example_xcomargs.py took 0.067 seconds
[2021-01-14 22:51:08,225] {scheduler_job.py:181} INFO - Started process (PID=73426) to work on /Users/chowli/.local/share/virtualenvs/marketvol-WbDfdy4N/lib/python3.7/site-packages/airflow/example_dags/example_xcomargs.py
[2021-01-14 22:51:08,227] {scheduler_job.py:629} INFO - Processing file /Users/chowli/.local/share/virtualenvs/marketvol-WbDfdy4N/lib/python3.7/site-packages/airflow/example_dags/example_xcomargs.py for tasks to queue
[2021-01-14 22:51:08,228] {logging_mixin.py:103} INFO - [2021-01-14 22:51:08,228] {dagbag.py:440} INFO - Filling up the DagBag from /Users/chowli/.local/share/virtualenvs/marketvol-WbDfdy4N/lib/python3.7/site-packages/airflow/example_dags/example_xcomargs.py
[2021-01-14 22:51:08,244] {scheduler_job.py:639} INFO - DAG(s) dict_keys(['example_xcom_args', 'example_xcom_args_with_operators']) retrieved from /Users/chowli/.local/share/virtualenvs/marketvol-WbDfdy4N/lib/python3.7/site-packages/airflow/example_dags/example_xcomargs.py
[2021-01-14 22:51:08,246] {logging_mixin.py:103} INFO - [2021-01-14 22:51:08,245] {dag.py:1813} INFO - Sync 2 DAGs
[2021-01-14 22:51:08,264] {logging_mixin.py:103} INFO - [2021-01-14 22:51:08,263] {dag.py:2266} INFO - Setting next_dagrun for example_xcom_args to None
[2021-01-14 22:51:08,265] {logging_mixin.py:103} INFO - [2021-01-14 22:51:08,265] {dag.py:2266} INFO - Setting next_dagrun for example_xcom_args_with_operators to None
[2021-01-14 22:51:08,279] {scheduler_job.py:189} INFO - Processing /Users/chowli/.local/share/virtualenvs/marketvol-WbDfdy4N/lib/python3.7/site-packages/airflow/example_dags/example_xcomargs.py took 0.058 seconds
[2021-01-14 22:51:33,454] {scheduler_job.py:181} INFO - Started process (PID=73460) to work on /Users/chowli/.local/share/virtualenvs/marketvol-WbDfdy4N/lib/python3.7/site-packages/airflow/example_dags/example_xcomargs.py
[2021-01-14 22:51:33,456] {scheduler_job.py:629} INFO - Processing file /Users/chowli/.local/share/virtualenvs/marketvol-WbDfdy4N/lib/python3.7/site-packages/airflow/example_dags/example_xcomargs.py for tasks to queue
[2021-01-14 22:51:33,457] {logging_mixin.py:103} INFO - [2021-01-14 22:51:33,457] {dagbag.py:440} INFO - Filling up the DagBag from /Users/chowli/.local/share/virtualenvs/marketvol-WbDfdy4N/lib/python3.7/site-packages/airflow/example_dags/example_xcomargs.py
[2021-01-14 22:51:33,473] {scheduler_job.py:639} INFO - DAG(s) dict_keys(['example_xcom_args', 'example_xcom_args_with_operators']) retrieved from /Users/chowli/.local/share/virtualenvs/marketvol-WbDfdy4N/lib/python3.7/site-packages/airflow/example_dags/example_xcomargs.py
[2021-01-14 22:51:33,475] {logging_mixin.py:103} INFO - [2021-01-14 22:51:33,475] {dag.py:1813} INFO - Sync 2 DAGs
[2021-01-14 22:51:33,495] {logging_mixin.py:103} INFO - [2021-01-14 22:51:33,495] {dag.py:2266} INFO - Setting next_dagrun for example_xcom_args to None
[2021-01-14 22:51:33,496] {logging_mixin.py:103} INFO - [2021-01-14 22:51:33,496] {dag.py:2266} INFO - Setting next_dagrun for example_xcom_args_with_operators to None
[2021-01-14 22:51:33,518] {scheduler_job.py:189} INFO - Processing /Users/chowli/.local/share/virtualenvs/marketvol-WbDfdy4N/lib/python3.7/site-packages/airflow/example_dags/example_xcomargs.py took 0.068 seconds
[2021-01-14 22:51:59,753] {scheduler_job.py:181} INFO - Started process (PID=73492) to work on /Users/chowli/.local/share/virtualenvs/marketvol-WbDfdy4N/lib/python3.7/site-packages/airflow/example_dags/example_xcomargs.py
[2021-01-14 22:51:59,754] {scheduler_job.py:629} INFO - Processing file /Users/chowli/.local/share/virtualenvs/marketvol-WbDfdy4N/lib/python3.7/site-packages/airflow/example_dags/example_xcomargs.py for tasks to queue
[2021-01-14 22:51:59,756] {logging_mixin.py:103} INFO - [2021-01-14 22:51:59,756] {dagbag.py:440} INFO - Filling up the DagBag from /Users/chowli/.local/share/virtualenvs/marketvol-WbDfdy4N/lib/python3.7/site-packages/airflow/example_dags/example_xcomargs.py
[2021-01-14 22:51:59,774] {scheduler_job.py:639} INFO - DAG(s) dict_keys(['example_xcom_args', 'example_xcom_args_with_operators']) retrieved from /Users/chowli/.local/share/virtualenvs/marketvol-WbDfdy4N/lib/python3.7/site-packages/airflow/example_dags/example_xcomargs.py
[2021-01-14 22:51:59,777] {logging_mixin.py:103} INFO - [2021-01-14 22:51:59,776] {dag.py:1813} INFO - Sync 2 DAGs
[2021-01-14 22:51:59,798] {logging_mixin.py:103} INFO - [2021-01-14 22:51:59,797] {dag.py:2266} INFO - Setting next_dagrun for example_xcom_args to None
[2021-01-14 22:51:59,799] {logging_mixin.py:103} INFO - [2021-01-14 22:51:59,799] {dag.py:2266} INFO - Setting next_dagrun for example_xcom_args_with_operators to None
[2021-01-14 22:51:59,816] {scheduler_job.py:189} INFO - Processing /Users/chowli/.local/share/virtualenvs/marketvol-WbDfdy4N/lib/python3.7/site-packages/airflow/example_dags/example_xcomargs.py took 0.067 seconds
[2021-01-14 22:52:24,996] {scheduler_job.py:181} INFO - Started process (PID=73522) to work on /Users/chowli/.local/share/virtualenvs/marketvol-WbDfdy4N/lib/python3.7/site-packages/airflow/example_dags/example_xcomargs.py
[2021-01-14 22:52:24,998] {scheduler_job.py:629} INFO - Processing file /Users/chowli/.local/share/virtualenvs/marketvol-WbDfdy4N/lib/python3.7/site-packages/airflow/example_dags/example_xcomargs.py for tasks to queue
[2021-01-14 22:52:25,000] {logging_mixin.py:103} INFO - [2021-01-14 22:52:24,999] {dagbag.py:440} INFO - Filling up the DagBag from /Users/chowli/.local/share/virtualenvs/marketvol-WbDfdy4N/lib/python3.7/site-packages/airflow/example_dags/example_xcomargs.py
[2021-01-14 22:52:25,015] {scheduler_job.py:639} INFO - DAG(s) dict_keys(['example_xcom_args', 'example_xcom_args_with_operators']) retrieved from /Users/chowli/.local/share/virtualenvs/marketvol-WbDfdy4N/lib/python3.7/site-packages/airflow/example_dags/example_xcomargs.py
[2021-01-14 22:52:25,017] {logging_mixin.py:103} INFO - [2021-01-14 22:52:25,016] {dag.py:1813} INFO - Sync 2 DAGs
[2021-01-14 22:52:25,035] {logging_mixin.py:103} INFO - [2021-01-14 22:52:25,034] {dag.py:2266} INFO - Setting next_dagrun for example_xcom_args to None
[2021-01-14 22:52:25,036] {logging_mixin.py:103} INFO - [2021-01-14 22:52:25,036] {dag.py:2266} INFO - Setting next_dagrun for example_xcom_args_with_operators to None
[2021-01-14 22:52:25,063] {scheduler_job.py:189} INFO - Processing /Users/chowli/.local/share/virtualenvs/marketvol-WbDfdy4N/lib/python3.7/site-packages/airflow/example_dags/example_xcomargs.py took 0.071 seconds
[2021-01-14 22:53:09,755] {scheduler_job.py:181} INFO - Started process (PID=73607) to work on /Users/chowli/.local/share/virtualenvs/marketvol-WbDfdy4N/lib/python3.7/site-packages/airflow/example_dags/example_xcomargs.py
[2021-01-14 22:53:09,757] {scheduler_job.py:629} INFO - Processing file /Users/chowli/.local/share/virtualenvs/marketvol-WbDfdy4N/lib/python3.7/site-packages/airflow/example_dags/example_xcomargs.py for tasks to queue
[2021-01-14 22:53:09,759] {logging_mixin.py:103} INFO - [2021-01-14 22:53:09,758] {dagbag.py:440} INFO - Filling up the DagBag from /Users/chowli/.local/share/virtualenvs/marketvol-WbDfdy4N/lib/python3.7/site-packages/airflow/example_dags/example_xcomargs.py
[2021-01-14 22:53:09,775] {scheduler_job.py:639} INFO - DAG(s) dict_keys(['example_xcom_args', 'example_xcom_args_with_operators']) retrieved from /Users/chowli/.local/share/virtualenvs/marketvol-WbDfdy4N/lib/python3.7/site-packages/airflow/example_dags/example_xcomargs.py
[2021-01-14 22:53:09,777] {logging_mixin.py:103} INFO - [2021-01-14 22:53:09,776] {dag.py:1813} INFO - Sync 2 DAGs
[2021-01-14 22:53:09,799] {logging_mixin.py:103} INFO - [2021-01-14 22:53:09,798] {dag.py:2266} INFO - Setting next_dagrun for example_xcom_args to None
[2021-01-14 22:53:09,800] {logging_mixin.py:103} INFO - [2021-01-14 22:53:09,800] {dag.py:2266} INFO - Setting next_dagrun for example_xcom_args_with_operators to None
[2021-01-14 22:53:09,830] {scheduler_job.py:189} INFO - Processing /Users/chowli/.local/share/virtualenvs/marketvol-WbDfdy4N/lib/python3.7/site-packages/airflow/example_dags/example_xcomargs.py took 0.079 seconds
[2021-01-14 22:53:38,066] {scheduler_job.py:181} INFO - Started process (PID=73723) to work on /Users/chowli/.local/share/virtualenvs/marketvol-WbDfdy4N/lib/python3.7/site-packages/airflow/example_dags/example_xcomargs.py
[2021-01-14 22:53:38,067] {scheduler_job.py:629} INFO - Processing file /Users/chowli/.local/share/virtualenvs/marketvol-WbDfdy4N/lib/python3.7/site-packages/airflow/example_dags/example_xcomargs.py for tasks to queue
[2021-01-14 22:53:38,069] {logging_mixin.py:103} INFO - [2021-01-14 22:53:38,068] {dagbag.py:440} INFO - Filling up the DagBag from /Users/chowli/.local/share/virtualenvs/marketvol-WbDfdy4N/lib/python3.7/site-packages/airflow/example_dags/example_xcomargs.py
[2021-01-14 22:53:38,083] {scheduler_job.py:639} INFO - DAG(s) dict_keys(['example_xcom_args', 'example_xcom_args_with_operators']) retrieved from /Users/chowli/.local/share/virtualenvs/marketvol-WbDfdy4N/lib/python3.7/site-packages/airflow/example_dags/example_xcomargs.py
[2021-01-14 22:53:38,085] {logging_mixin.py:103} INFO - [2021-01-14 22:53:38,085] {dag.py:1813} INFO - Sync 2 DAGs
[2021-01-14 22:53:38,103] {logging_mixin.py:103} INFO - [2021-01-14 22:53:38,103] {dag.py:2266} INFO - Setting next_dagrun for example_xcom_args to None
[2021-01-14 22:53:38,105] {logging_mixin.py:103} INFO - [2021-01-14 22:53:38,104] {dag.py:2266} INFO - Setting next_dagrun for example_xcom_args_with_operators to None
[2021-01-14 22:53:38,120] {scheduler_job.py:189} INFO - Processing /Users/chowli/.local/share/virtualenvs/marketvol-WbDfdy4N/lib/python3.7/site-packages/airflow/example_dags/example_xcomargs.py took 0.057 seconds
[2021-01-14 22:54:04,133] {scheduler_job.py:181} INFO - Started process (PID=73779) to work on /Users/chowli/.local/share/virtualenvs/marketvol-WbDfdy4N/lib/python3.7/site-packages/airflow/example_dags/example_xcomargs.py
[2021-01-14 22:54:04,134] {scheduler_job.py:629} INFO - Processing file /Users/chowli/.local/share/virtualenvs/marketvol-WbDfdy4N/lib/python3.7/site-packages/airflow/example_dags/example_xcomargs.py for tasks to queue
[2021-01-14 22:54:04,136] {logging_mixin.py:103} INFO - [2021-01-14 22:54:04,135] {dagbag.py:440} INFO - Filling up the DagBag from /Users/chowli/.local/share/virtualenvs/marketvol-WbDfdy4N/lib/python3.7/site-packages/airflow/example_dags/example_xcomargs.py
[2021-01-14 22:54:04,152] {scheduler_job.py:639} INFO - DAG(s) dict_keys(['example_xcom_args', 'example_xcom_args_with_operators']) retrieved from /Users/chowli/.local/share/virtualenvs/marketvol-WbDfdy4N/lib/python3.7/site-packages/airflow/example_dags/example_xcomargs.py
[2021-01-14 22:54:04,154] {logging_mixin.py:103} INFO - [2021-01-14 22:54:04,153] {dag.py:1813} INFO - Sync 2 DAGs
[2021-01-14 22:54:04,172] {logging_mixin.py:103} INFO - [2021-01-14 22:54:04,172] {dag.py:2266} INFO - Setting next_dagrun for example_xcom_args to None
[2021-01-14 22:54:04,174] {logging_mixin.py:103} INFO - [2021-01-14 22:54:04,173] {dag.py:2266} INFO - Setting next_dagrun for example_xcom_args_with_operators to None
[2021-01-14 22:54:04,203] {scheduler_job.py:189} INFO - Processing /Users/chowli/.local/share/virtualenvs/marketvol-WbDfdy4N/lib/python3.7/site-packages/airflow/example_dags/example_xcomargs.py took 0.075 seconds
