[2021-01-14 22:50:31,838] {scheduler_job.py:181} INFO - Started process (PID=73386) to work on /Users/chowli/.local/share/virtualenvs/marketvol-WbDfdy4N/lib/python3.7/site-packages/airflow/example_dags/example_dag_decorator.py
[2021-01-14 22:50:31,839] {scheduler_job.py:629} INFO - Processing file /Users/chowli/.local/share/virtualenvs/marketvol-WbDfdy4N/lib/python3.7/site-packages/airflow/example_dags/example_dag_decorator.py for tasks to queue
[2021-01-14 22:50:31,841] {logging_mixin.py:103} INFO - [2021-01-14 22:50:31,841] {dagbag.py:440} INFO - Filling up the DagBag from /Users/chowli/.local/share/virtualenvs/marketvol-WbDfdy4N/lib/python3.7/site-packages/airflow/example_dags/example_dag_decorator.py
[2021-01-14 22:50:31,861] {scheduler_job.py:639} INFO - DAG(s) dict_keys(['example_dag_decorator']) retrieved from /Users/chowli/.local/share/virtualenvs/marketvol-WbDfdy4N/lib/python3.7/site-packages/airflow/example_dags/example_dag_decorator.py
[2021-01-14 22:50:31,864] {logging_mixin.py:103} INFO - [2021-01-14 22:50:31,864] {dag.py:1813} INFO - Sync 1 DAGs
[2021-01-14 22:50:31,888] {logging_mixin.py:103} INFO - [2021-01-14 22:50:31,887] {dag.py:2266} INFO - Setting next_dagrun for example_dag_decorator to None
[2021-01-14 22:50:31,915] {scheduler_job.py:189} INFO - Processing /Users/chowli/.local/share/virtualenvs/marketvol-WbDfdy4N/lib/python3.7/site-packages/airflow/example_dags/example_dag_decorator.py took 0.081 seconds
[2021-01-14 22:50:57,206] {scheduler_job.py:181} INFO - Started process (PID=73414) to work on /Users/chowli/.local/share/virtualenvs/marketvol-WbDfdy4N/lib/python3.7/site-packages/airflow/example_dags/example_dag_decorator.py
[2021-01-14 22:50:57,208] {scheduler_job.py:629} INFO - Processing file /Users/chowli/.local/share/virtualenvs/marketvol-WbDfdy4N/lib/python3.7/site-packages/airflow/example_dags/example_dag_decorator.py for tasks to queue
[2021-01-14 22:50:57,209] {logging_mixin.py:103} INFO - [2021-01-14 22:50:57,209] {dagbag.py:440} INFO - Filling up the DagBag from /Users/chowli/.local/share/virtualenvs/marketvol-WbDfdy4N/lib/python3.7/site-packages/airflow/example_dags/example_dag_decorator.py
[2021-01-14 22:50:57,226] {scheduler_job.py:639} INFO - DAG(s) dict_keys(['example_dag_decorator']) retrieved from /Users/chowli/.local/share/virtualenvs/marketvol-WbDfdy4N/lib/python3.7/site-packages/airflow/example_dags/example_dag_decorator.py
[2021-01-14 22:50:57,228] {logging_mixin.py:103} INFO - [2021-01-14 22:50:57,228] {dag.py:1813} INFO - Sync 1 DAGs
[2021-01-14 22:50:57,246] {logging_mixin.py:103} INFO - [2021-01-14 22:50:57,245] {dag.py:2266} INFO - Setting next_dagrun for example_dag_decorator to None
[2021-01-14 22:50:57,254] {scheduler_job.py:189} INFO - Processing /Users/chowli/.local/share/virtualenvs/marketvol-WbDfdy4N/lib/python3.7/site-packages/airflow/example_dags/example_dag_decorator.py took 0.052 seconds
[2021-01-14 22:51:22,466] {scheduler_job.py:181} INFO - Started process (PID=73447) to work on /Users/chowli/.local/share/virtualenvs/marketvol-WbDfdy4N/lib/python3.7/site-packages/airflow/example_dags/example_dag_decorator.py
[2021-01-14 22:51:22,468] {scheduler_job.py:629} INFO - Processing file /Users/chowli/.local/share/virtualenvs/marketvol-WbDfdy4N/lib/python3.7/site-packages/airflow/example_dags/example_dag_decorator.py for tasks to queue
[2021-01-14 22:51:22,469] {logging_mixin.py:103} INFO - [2021-01-14 22:51:22,468] {dagbag.py:440} INFO - Filling up the DagBag from /Users/chowli/.local/share/virtualenvs/marketvol-WbDfdy4N/lib/python3.7/site-packages/airflow/example_dags/example_dag_decorator.py
[2021-01-14 22:51:22,485] {scheduler_job.py:639} INFO - DAG(s) dict_keys(['example_dag_decorator']) retrieved from /Users/chowli/.local/share/virtualenvs/marketvol-WbDfdy4N/lib/python3.7/site-packages/airflow/example_dags/example_dag_decorator.py
[2021-01-14 22:51:22,487] {logging_mixin.py:103} INFO - [2021-01-14 22:51:22,486] {dag.py:1813} INFO - Sync 1 DAGs
[2021-01-14 22:51:22,504] {logging_mixin.py:103} INFO - [2021-01-14 22:51:22,503] {dag.py:2266} INFO - Setting next_dagrun for example_dag_decorator to None
[2021-01-14 22:51:22,527] {scheduler_job.py:189} INFO - Processing /Users/chowli/.local/share/virtualenvs/marketvol-WbDfdy4N/lib/python3.7/site-packages/airflow/example_dags/example_dag_decorator.py took 0.065 seconds
[2021-01-14 22:51:48,072] {scheduler_job.py:181} INFO - Started process (PID=73479) to work on /Users/chowli/.local/share/virtualenvs/marketvol-WbDfdy4N/lib/python3.7/site-packages/airflow/example_dags/example_dag_decorator.py
[2021-01-14 22:51:48,074] {scheduler_job.py:629} INFO - Processing file /Users/chowli/.local/share/virtualenvs/marketvol-WbDfdy4N/lib/python3.7/site-packages/airflow/example_dags/example_dag_decorator.py for tasks to queue
[2021-01-14 22:51:48,075] {logging_mixin.py:103} INFO - [2021-01-14 22:51:48,075] {dagbag.py:440} INFO - Filling up the DagBag from /Users/chowli/.local/share/virtualenvs/marketvol-WbDfdy4N/lib/python3.7/site-packages/airflow/example_dags/example_dag_decorator.py
[2021-01-14 22:51:48,094] {scheduler_job.py:639} INFO - DAG(s) dict_keys(['example_dag_decorator']) retrieved from /Users/chowli/.local/share/virtualenvs/marketvol-WbDfdy4N/lib/python3.7/site-packages/airflow/example_dags/example_dag_decorator.py
[2021-01-14 22:51:48,096] {logging_mixin.py:103} INFO - [2021-01-14 22:51:48,095] {dag.py:1813} INFO - Sync 1 DAGs
[2021-01-14 22:51:48,113] {logging_mixin.py:103} INFO - [2021-01-14 22:51:48,113] {dag.py:2266} INFO - Setting next_dagrun for example_dag_decorator to None
[2021-01-14 22:51:48,121] {scheduler_job.py:189} INFO - Processing /Users/chowli/.local/share/virtualenvs/marketvol-WbDfdy4N/lib/python3.7/site-packages/airflow/example_dags/example_dag_decorator.py took 0.053 seconds
[2021-01-14 22:52:13,849] {scheduler_job.py:181} INFO - Started process (PID=73510) to work on /Users/chowli/.local/share/virtualenvs/marketvol-WbDfdy4N/lib/python3.7/site-packages/airflow/example_dags/example_dag_decorator.py
[2021-01-14 22:52:13,851] {scheduler_job.py:629} INFO - Processing file /Users/chowli/.local/share/virtualenvs/marketvol-WbDfdy4N/lib/python3.7/site-packages/airflow/example_dags/example_dag_decorator.py for tasks to queue
[2021-01-14 22:52:13,853] {logging_mixin.py:103} INFO - [2021-01-14 22:52:13,852] {dagbag.py:440} INFO - Filling up the DagBag from /Users/chowli/.local/share/virtualenvs/marketvol-WbDfdy4N/lib/python3.7/site-packages/airflow/example_dags/example_dag_decorator.py
[2021-01-14 22:52:13,872] {scheduler_job.py:639} INFO - DAG(s) dict_keys(['example_dag_decorator']) retrieved from /Users/chowli/.local/share/virtualenvs/marketvol-WbDfdy4N/lib/python3.7/site-packages/airflow/example_dags/example_dag_decorator.py
[2021-01-14 22:52:13,874] {logging_mixin.py:103} INFO - [2021-01-14 22:52:13,873] {dag.py:1813} INFO - Sync 1 DAGs
[2021-01-14 22:52:13,894] {logging_mixin.py:103} INFO - [2021-01-14 22:52:13,894] {dag.py:2266} INFO - Setting next_dagrun for example_dag_decorator to None
[2021-01-14 22:52:13,919] {scheduler_job.py:189} INFO - Processing /Users/chowli/.local/share/virtualenvs/marketvol-WbDfdy4N/lib/python3.7/site-packages/airflow/example_dags/example_dag_decorator.py took 0.074 seconds
[2021-01-14 22:52:39,109] {scheduler_job.py:181} INFO - Started process (PID=73546) to work on /Users/chowli/.local/share/virtualenvs/marketvol-WbDfdy4N/lib/python3.7/site-packages/airflow/example_dags/example_dag_decorator.py
[2021-01-14 22:52:39,112] {scheduler_job.py:629} INFO - Processing file /Users/chowli/.local/share/virtualenvs/marketvol-WbDfdy4N/lib/python3.7/site-packages/airflow/example_dags/example_dag_decorator.py for tasks to queue
[2021-01-14 22:52:39,113] {logging_mixin.py:103} INFO - [2021-01-14 22:52:39,113] {dagbag.py:440} INFO - Filling up the DagBag from /Users/chowli/.local/share/virtualenvs/marketvol-WbDfdy4N/lib/python3.7/site-packages/airflow/example_dags/example_dag_decorator.py
[2021-01-14 22:52:39,129] {scheduler_job.py:639} INFO - DAG(s) dict_keys(['example_dag_decorator']) retrieved from /Users/chowli/.local/share/virtualenvs/marketvol-WbDfdy4N/lib/python3.7/site-packages/airflow/example_dags/example_dag_decorator.py
[2021-01-14 22:52:39,130] {logging_mixin.py:103} INFO - [2021-01-14 22:52:39,130] {dag.py:1813} INFO - Sync 1 DAGs
[2021-01-14 22:52:39,148] {logging_mixin.py:103} INFO - [2021-01-14 22:52:39,147] {dag.py:2266} INFO - Setting next_dagrun for example_dag_decorator to None
[2021-01-14 22:52:39,156] {scheduler_job.py:189} INFO - Processing /Users/chowli/.local/share/virtualenvs/marketvol-WbDfdy4N/lib/python3.7/site-packages/airflow/example_dags/example_dag_decorator.py took 0.051 seconds
[2021-01-14 22:53:03,142] {scheduler_job.py:181} INFO - Started process (PID=73593) to work on /Users/chowli/.local/share/virtualenvs/marketvol-WbDfdy4N/lib/python3.7/site-packages/airflow/example_dags/example_dag_decorator.py
[2021-01-14 22:53:03,143] {scheduler_job.py:629} INFO - Processing file /Users/chowli/.local/share/virtualenvs/marketvol-WbDfdy4N/lib/python3.7/site-packages/airflow/example_dags/example_dag_decorator.py for tasks to queue
[2021-01-14 22:53:03,144] {logging_mixin.py:103} INFO - [2021-01-14 22:53:03,144] {dagbag.py:440} INFO - Filling up the DagBag from /Users/chowli/.local/share/virtualenvs/marketvol-WbDfdy4N/lib/python3.7/site-packages/airflow/example_dags/example_dag_decorator.py
[2021-01-14 22:53:03,160] {scheduler_job.py:639} INFO - DAG(s) dict_keys(['example_dag_decorator']) retrieved from /Users/chowli/.local/share/virtualenvs/marketvol-WbDfdy4N/lib/python3.7/site-packages/airflow/example_dags/example_dag_decorator.py
[2021-01-14 22:53:03,161] {logging_mixin.py:103} INFO - [2021-01-14 22:53:03,161] {dag.py:1813} INFO - Sync 1 DAGs
[2021-01-14 22:53:03,179] {logging_mixin.py:103} INFO - [2021-01-14 22:53:03,178] {dag.py:2266} INFO - Setting next_dagrun for example_dag_decorator to None
[2021-01-14 22:53:03,201] {scheduler_job.py:189} INFO - Processing /Users/chowli/.local/share/virtualenvs/marketvol-WbDfdy4N/lib/python3.7/site-packages/airflow/example_dags/example_dag_decorator.py took 0.063 seconds
[2021-01-14 22:53:31,481] {scheduler_job.py:181} INFO - Started process (PID=73676) to work on /Users/chowli/.local/share/virtualenvs/marketvol-WbDfdy4N/lib/python3.7/site-packages/airflow/example_dags/example_dag_decorator.py
[2021-01-14 22:53:31,482] {scheduler_job.py:629} INFO - Processing file /Users/chowli/.local/share/virtualenvs/marketvol-WbDfdy4N/lib/python3.7/site-packages/airflow/example_dags/example_dag_decorator.py for tasks to queue
[2021-01-14 22:53:31,484] {logging_mixin.py:103} INFO - [2021-01-14 22:53:31,483] {dagbag.py:440} INFO - Filling up the DagBag from /Users/chowli/.local/share/virtualenvs/marketvol-WbDfdy4N/lib/python3.7/site-packages/airflow/example_dags/example_dag_decorator.py
[2021-01-14 22:53:31,499] {scheduler_job.py:639} INFO - DAG(s) dict_keys(['example_dag_decorator']) retrieved from /Users/chowli/.local/share/virtualenvs/marketvol-WbDfdy4N/lib/python3.7/site-packages/airflow/example_dags/example_dag_decorator.py
[2021-01-14 22:53:31,500] {logging_mixin.py:103} INFO - [2021-01-14 22:53:31,500] {dag.py:1813} INFO - Sync 1 DAGs
[2021-01-14 22:53:31,515] {logging_mixin.py:103} INFO - [2021-01-14 22:53:31,514] {dag.py:2266} INFO - Setting next_dagrun for example_dag_decorator to None
[2021-01-14 22:53:31,522] {scheduler_job.py:189} INFO - Processing /Users/chowli/.local/share/virtualenvs/marketvol-WbDfdy4N/lib/python3.7/site-packages/airflow/example_dags/example_dag_decorator.py took 0.044 seconds
[2021-01-14 22:53:58,399] {scheduler_job.py:181} INFO - Started process (PID=73772) to work on /Users/chowli/.local/share/virtualenvs/marketvol-WbDfdy4N/lib/python3.7/site-packages/airflow/example_dags/example_dag_decorator.py
[2021-01-14 22:53:58,403] {scheduler_job.py:629} INFO - Processing file /Users/chowli/.local/share/virtualenvs/marketvol-WbDfdy4N/lib/python3.7/site-packages/airflow/example_dags/example_dag_decorator.py for tasks to queue
[2021-01-14 22:53:58,412] {logging_mixin.py:103} INFO - [2021-01-14 22:53:58,411] {dagbag.py:440} INFO - Filling up the DagBag from /Users/chowli/.local/share/virtualenvs/marketvol-WbDfdy4N/lib/python3.7/site-packages/airflow/example_dags/example_dag_decorator.py
[2021-01-14 22:53:58,443] {scheduler_job.py:639} INFO - DAG(s) dict_keys(['example_dag_decorator']) retrieved from /Users/chowli/.local/share/virtualenvs/marketvol-WbDfdy4N/lib/python3.7/site-packages/airflow/example_dags/example_dag_decorator.py
[2021-01-14 22:53:58,445] {logging_mixin.py:103} INFO - [2021-01-14 22:53:58,444] {dag.py:1813} INFO - Sync 1 DAGs
[2021-01-14 22:53:58,476] {logging_mixin.py:103} INFO - [2021-01-14 22:53:58,475] {dag.py:2266} INFO - Setting next_dagrun for example_dag_decorator to None
[2021-01-14 22:53:58,533] {scheduler_job.py:189} INFO - Processing /Users/chowli/.local/share/virtualenvs/marketvol-WbDfdy4N/lib/python3.7/site-packages/airflow/example_dags/example_dag_decorator.py took 0.139 seconds
[2021-01-14 22:54:32,137] {scheduler_job.py:181} INFO - Started process (PID=73828) to work on /Users/chowli/.local/share/virtualenvs/marketvol-WbDfdy4N/lib/python3.7/site-packages/airflow/example_dags/example_dag_decorator.py
[2021-01-14 22:54:32,139] {scheduler_job.py:629} INFO - Processing file /Users/chowli/.local/share/virtualenvs/marketvol-WbDfdy4N/lib/python3.7/site-packages/airflow/example_dags/example_dag_decorator.py for tasks to queue
[2021-01-14 22:54:32,140] {logging_mixin.py:103} INFO - [2021-01-14 22:54:32,140] {dagbag.py:440} INFO - Filling up the DagBag from /Users/chowli/.local/share/virtualenvs/marketvol-WbDfdy4N/lib/python3.7/site-packages/airflow/example_dags/example_dag_decorator.py
[2021-01-14 22:54:32,161] {scheduler_job.py:639} INFO - DAG(s) dict_keys(['example_dag_decorator']) retrieved from /Users/chowli/.local/share/virtualenvs/marketvol-WbDfdy4N/lib/python3.7/site-packages/airflow/example_dags/example_dag_decorator.py
[2021-01-14 22:54:32,163] {logging_mixin.py:103} INFO - [2021-01-14 22:54:32,163] {dag.py:1813} INFO - Sync 1 DAGs
[2021-01-14 22:54:32,185] {logging_mixin.py:103} INFO - [2021-01-14 22:54:32,185] {dag.py:2266} INFO - Setting next_dagrun for example_dag_decorator to None
[2021-01-14 22:54:32,208] {scheduler_job.py:189} INFO - Processing /Users/chowli/.local/share/virtualenvs/marketvol-WbDfdy4N/lib/python3.7/site-packages/airflow/example_dags/example_dag_decorator.py took 0.075 seconds
