[2021-01-14 22:50:22,819] {scheduler_job.py:181} INFO - Started process (PID=73372) to work on /Users/chowli/.local/share/virtualenvs/marketvol-WbDfdy4N/lib/python3.7/site-packages/airflow/example_dags/example_trigger_controller_dag.py
[2021-01-14 22:50:22,821] {scheduler_job.py:629} INFO - Processing file /Users/chowli/.local/share/virtualenvs/marketvol-WbDfdy4N/lib/python3.7/site-packages/airflow/example_dags/example_trigger_controller_dag.py for tasks to queue
[2021-01-14 22:50:22,822] {logging_mixin.py:103} INFO - [2021-01-14 22:50:22,822] {dagbag.py:440} INFO - Filling up the DagBag from /Users/chowli/.local/share/virtualenvs/marketvol-WbDfdy4N/lib/python3.7/site-packages/airflow/example_dags/example_trigger_controller_dag.py
[2021-01-14 22:50:22,834] {scheduler_job.py:639} INFO - DAG(s) dict_keys(['example_trigger_controller_dag']) retrieved from /Users/chowli/.local/share/virtualenvs/marketvol-WbDfdy4N/lib/python3.7/site-packages/airflow/example_dags/example_trigger_controller_dag.py
[2021-01-14 22:50:22,835] {logging_mixin.py:103} INFO - [2021-01-14 22:50:22,835] {dag.py:1813} INFO - Sync 1 DAGs
[2021-01-14 22:50:22,851] {logging_mixin.py:103} INFO - [2021-01-14 22:50:22,851] {dag.py:2266} INFO - Setting next_dagrun for example_trigger_controller_dag to 2021-01-13 00:00:00+00:00
[2021-01-14 22:50:22,871] {scheduler_job.py:189} INFO - Processing /Users/chowli/.local/share/virtualenvs/marketvol-WbDfdy4N/lib/python3.7/site-packages/airflow/example_dags/example_trigger_controller_dag.py took 0.055 seconds
[2021-01-14 22:50:49,069] {scheduler_job.py:181} INFO - Started process (PID=73405) to work on /Users/chowli/.local/share/virtualenvs/marketvol-WbDfdy4N/lib/python3.7/site-packages/airflow/example_dags/example_trigger_controller_dag.py
[2021-01-14 22:50:49,070] {scheduler_job.py:629} INFO - Processing file /Users/chowli/.local/share/virtualenvs/marketvol-WbDfdy4N/lib/python3.7/site-packages/airflow/example_dags/example_trigger_controller_dag.py for tasks to queue
[2021-01-14 22:50:49,072] {logging_mixin.py:103} INFO - [2021-01-14 22:50:49,071] {dagbag.py:440} INFO - Filling up the DagBag from /Users/chowli/.local/share/virtualenvs/marketvol-WbDfdy4N/lib/python3.7/site-packages/airflow/example_dags/example_trigger_controller_dag.py
[2021-01-14 22:50:49,084] {scheduler_job.py:639} INFO - DAG(s) dict_keys(['example_trigger_controller_dag']) retrieved from /Users/chowli/.local/share/virtualenvs/marketvol-WbDfdy4N/lib/python3.7/site-packages/airflow/example_dags/example_trigger_controller_dag.py
[2021-01-14 22:50:49,086] {logging_mixin.py:103} INFO - [2021-01-14 22:50:49,085] {dag.py:1813} INFO - Sync 1 DAGs
[2021-01-14 22:50:49,104] {logging_mixin.py:103} INFO - [2021-01-14 22:50:49,104] {dag.py:2266} INFO - Setting next_dagrun for example_trigger_controller_dag to 2021-01-13 00:00:00+00:00
[2021-01-14 22:50:49,114] {scheduler_job.py:189} INFO - Processing /Users/chowli/.local/share/virtualenvs/marketvol-WbDfdy4N/lib/python3.7/site-packages/airflow/example_dags/example_trigger_controller_dag.py took 0.049 seconds
[2021-01-14 22:51:15,350] {scheduler_job.py:181} INFO - Started process (PID=73438) to work on /Users/chowli/.local/share/virtualenvs/marketvol-WbDfdy4N/lib/python3.7/site-packages/airflow/example_dags/example_trigger_controller_dag.py
[2021-01-14 22:51:15,351] {scheduler_job.py:629} INFO - Processing file /Users/chowli/.local/share/virtualenvs/marketvol-WbDfdy4N/lib/python3.7/site-packages/airflow/example_dags/example_trigger_controller_dag.py for tasks to queue
[2021-01-14 22:51:15,353] {logging_mixin.py:103} INFO - [2021-01-14 22:51:15,352] {dagbag.py:440} INFO - Filling up the DagBag from /Users/chowli/.local/share/virtualenvs/marketvol-WbDfdy4N/lib/python3.7/site-packages/airflow/example_dags/example_trigger_controller_dag.py
[2021-01-14 22:51:15,365] {scheduler_job.py:639} INFO - DAG(s) dict_keys(['example_trigger_controller_dag']) retrieved from /Users/chowli/.local/share/virtualenvs/marketvol-WbDfdy4N/lib/python3.7/site-packages/airflow/example_dags/example_trigger_controller_dag.py
[2021-01-14 22:51:15,367] {logging_mixin.py:103} INFO - [2021-01-14 22:51:15,367] {dag.py:1813} INFO - Sync 1 DAGs
[2021-01-14 22:51:15,386] {logging_mixin.py:103} INFO - [2021-01-14 22:51:15,385] {dag.py:2266} INFO - Setting next_dagrun for example_trigger_controller_dag to 2021-01-13 00:00:00+00:00
[2021-01-14 22:51:15,401] {scheduler_job.py:189} INFO - Processing /Users/chowli/.local/share/virtualenvs/marketvol-WbDfdy4N/lib/python3.7/site-packages/airflow/example_dags/example_trigger_controller_dag.py took 0.055 seconds
[2021-01-14 22:51:40,582] {scheduler_job.py:181} INFO - Started process (PID=73471) to work on /Users/chowli/.local/share/virtualenvs/marketvol-WbDfdy4N/lib/python3.7/site-packages/airflow/example_dags/example_trigger_controller_dag.py
[2021-01-14 22:51:40,583] {scheduler_job.py:629} INFO - Processing file /Users/chowli/.local/share/virtualenvs/marketvol-WbDfdy4N/lib/python3.7/site-packages/airflow/example_dags/example_trigger_controller_dag.py for tasks to queue
[2021-01-14 22:51:40,585] {logging_mixin.py:103} INFO - [2021-01-14 22:51:40,584] {dagbag.py:440} INFO - Filling up the DagBag from /Users/chowli/.local/share/virtualenvs/marketvol-WbDfdy4N/lib/python3.7/site-packages/airflow/example_dags/example_trigger_controller_dag.py
[2021-01-14 22:51:40,597] {scheduler_job.py:639} INFO - DAG(s) dict_keys(['example_trigger_controller_dag']) retrieved from /Users/chowli/.local/share/virtualenvs/marketvol-WbDfdy4N/lib/python3.7/site-packages/airflow/example_dags/example_trigger_controller_dag.py
[2021-01-14 22:51:40,598] {logging_mixin.py:103} INFO - [2021-01-14 22:51:40,598] {dag.py:1813} INFO - Sync 1 DAGs
[2021-01-14 22:51:40,616] {logging_mixin.py:103} INFO - [2021-01-14 22:51:40,615] {dag.py:2266} INFO - Setting next_dagrun for example_trigger_controller_dag to 2021-01-13 00:00:00+00:00
[2021-01-14 22:51:40,631] {scheduler_job.py:189} INFO - Processing /Users/chowli/.local/share/virtualenvs/marketvol-WbDfdy4N/lib/python3.7/site-packages/airflow/example_dags/example_trigger_controller_dag.py took 0.053 seconds
[2021-01-14 22:52:05,830] {scheduler_job.py:181} INFO - Started process (PID=73499) to work on /Users/chowli/.local/share/virtualenvs/marketvol-WbDfdy4N/lib/python3.7/site-packages/airflow/example_dags/example_trigger_controller_dag.py
[2021-01-14 22:52:05,832] {scheduler_job.py:629} INFO - Processing file /Users/chowli/.local/share/virtualenvs/marketvol-WbDfdy4N/lib/python3.7/site-packages/airflow/example_dags/example_trigger_controller_dag.py for tasks to queue
[2021-01-14 22:52:05,834] {logging_mixin.py:103} INFO - [2021-01-14 22:52:05,833] {dagbag.py:440} INFO - Filling up the DagBag from /Users/chowli/.local/share/virtualenvs/marketvol-WbDfdy4N/lib/python3.7/site-packages/airflow/example_dags/example_trigger_controller_dag.py
[2021-01-14 22:52:05,846] {scheduler_job.py:639} INFO - DAG(s) dict_keys(['example_trigger_controller_dag']) retrieved from /Users/chowli/.local/share/virtualenvs/marketvol-WbDfdy4N/lib/python3.7/site-packages/airflow/example_dags/example_trigger_controller_dag.py
[2021-01-14 22:52:05,848] {logging_mixin.py:103} INFO - [2021-01-14 22:52:05,848] {dag.py:1813} INFO - Sync 1 DAGs
[2021-01-14 22:52:05,868] {logging_mixin.py:103} INFO - [2021-01-14 22:52:05,868] {dag.py:2266} INFO - Setting next_dagrun for example_trigger_controller_dag to 2021-01-13 00:00:00+00:00
[2021-01-14 22:52:05,884] {scheduler_job.py:189} INFO - Processing /Users/chowli/.local/share/virtualenvs/marketvol-WbDfdy4N/lib/python3.7/site-packages/airflow/example_dags/example_trigger_controller_dag.py took 0.057 seconds
[2021-01-14 22:52:32,120] {scheduler_job.py:181} INFO - Started process (PID=73530) to work on /Users/chowli/.local/share/virtualenvs/marketvol-WbDfdy4N/lib/python3.7/site-packages/airflow/example_dags/example_trigger_controller_dag.py
[2021-01-14 22:52:32,123] {scheduler_job.py:629} INFO - Processing file /Users/chowli/.local/share/virtualenvs/marketvol-WbDfdy4N/lib/python3.7/site-packages/airflow/example_dags/example_trigger_controller_dag.py for tasks to queue
[2021-01-14 22:52:32,125] {logging_mixin.py:103} INFO - [2021-01-14 22:52:32,124] {dagbag.py:440} INFO - Filling up the DagBag from /Users/chowli/.local/share/virtualenvs/marketvol-WbDfdy4N/lib/python3.7/site-packages/airflow/example_dags/example_trigger_controller_dag.py
[2021-01-14 22:52:32,137] {scheduler_job.py:639} INFO - DAG(s) dict_keys(['example_trigger_controller_dag']) retrieved from /Users/chowli/.local/share/virtualenvs/marketvol-WbDfdy4N/lib/python3.7/site-packages/airflow/example_dags/example_trigger_controller_dag.py
[2021-01-14 22:52:32,140] {logging_mixin.py:103} INFO - [2021-01-14 22:52:32,139] {dag.py:1813} INFO - Sync 1 DAGs
[2021-01-14 22:52:32,159] {logging_mixin.py:103} INFO - [2021-01-14 22:52:32,159] {dag.py:2266} INFO - Setting next_dagrun for example_trigger_controller_dag to 2021-01-13 00:00:00+00:00
[2021-01-14 22:52:32,175] {scheduler_job.py:189} INFO - Processing /Users/chowli/.local/share/virtualenvs/marketvol-WbDfdy4N/lib/python3.7/site-packages/airflow/example_dags/example_trigger_controller_dag.py took 0.058 seconds
[2021-01-14 22:53:06,552] {scheduler_job.py:181} INFO - Started process (PID=73602) to work on /Users/chowli/.local/share/virtualenvs/marketvol-WbDfdy4N/lib/python3.7/site-packages/airflow/example_dags/example_trigger_controller_dag.py
[2021-01-14 22:53:06,554] {scheduler_job.py:629} INFO - Processing file /Users/chowli/.local/share/virtualenvs/marketvol-WbDfdy4N/lib/python3.7/site-packages/airflow/example_dags/example_trigger_controller_dag.py for tasks to queue
[2021-01-14 22:53:06,556] {logging_mixin.py:103} INFO - [2021-01-14 22:53:06,555] {dagbag.py:440} INFO - Filling up the DagBag from /Users/chowli/.local/share/virtualenvs/marketvol-WbDfdy4N/lib/python3.7/site-packages/airflow/example_dags/example_trigger_controller_dag.py
[2021-01-14 22:53:06,569] {scheduler_job.py:639} INFO - DAG(s) dict_keys(['example_trigger_controller_dag']) retrieved from /Users/chowli/.local/share/virtualenvs/marketvol-WbDfdy4N/lib/python3.7/site-packages/airflow/example_dags/example_trigger_controller_dag.py
[2021-01-14 22:53:06,571] {logging_mixin.py:103} INFO - [2021-01-14 22:53:06,571] {dag.py:1813} INFO - Sync 1 DAGs
[2021-01-14 22:53:06,593] {logging_mixin.py:103} INFO - [2021-01-14 22:53:06,593] {dag.py:2266} INFO - Setting next_dagrun for example_trigger_controller_dag to 2021-01-13 00:00:00+00:00
[2021-01-14 22:53:06,610] {scheduler_job.py:189} INFO - Processing /Users/chowli/.local/share/virtualenvs/marketvol-WbDfdy4N/lib/python3.7/site-packages/airflow/example_dags/example_trigger_controller_dag.py took 0.062 seconds
[2021-01-14 22:53:34,362] {scheduler_job.py:181} INFO - Started process (PID=73680) to work on /Users/chowli/.local/share/virtualenvs/marketvol-WbDfdy4N/lib/python3.7/site-packages/airflow/example_dags/example_trigger_controller_dag.py
[2021-01-14 22:53:34,364] {scheduler_job.py:629} INFO - Processing file /Users/chowli/.local/share/virtualenvs/marketvol-WbDfdy4N/lib/python3.7/site-packages/airflow/example_dags/example_trigger_controller_dag.py for tasks to queue
[2021-01-14 22:53:34,365] {logging_mixin.py:103} INFO - [2021-01-14 22:53:34,365] {dagbag.py:440} INFO - Filling up the DagBag from /Users/chowli/.local/share/virtualenvs/marketvol-WbDfdy4N/lib/python3.7/site-packages/airflow/example_dags/example_trigger_controller_dag.py
[2021-01-14 22:53:34,376] {scheduler_job.py:639} INFO - DAG(s) dict_keys(['example_trigger_controller_dag']) retrieved from /Users/chowli/.local/share/virtualenvs/marketvol-WbDfdy4N/lib/python3.7/site-packages/airflow/example_dags/example_trigger_controller_dag.py
[2021-01-14 22:53:34,378] {logging_mixin.py:103} INFO - [2021-01-14 22:53:34,377] {dag.py:1813} INFO - Sync 1 DAGs
[2021-01-14 22:53:34,395] {logging_mixin.py:103} INFO - [2021-01-14 22:53:34,394] {dag.py:2266} INFO - Setting next_dagrun for example_trigger_controller_dag to 2021-01-13 00:00:00+00:00
[2021-01-14 22:53:34,409] {scheduler_job.py:189} INFO - Processing /Users/chowli/.local/share/virtualenvs/marketvol-WbDfdy4N/lib/python3.7/site-packages/airflow/example_dags/example_trigger_controller_dag.py took 0.050 seconds
[2021-01-14 22:54:01,271] {scheduler_job.py:181} INFO - Started process (PID=73776) to work on /Users/chowli/.local/share/virtualenvs/marketvol-WbDfdy4N/lib/python3.7/site-packages/airflow/example_dags/example_trigger_controller_dag.py
[2021-01-14 22:54:01,274] {scheduler_job.py:629} INFO - Processing file /Users/chowli/.local/share/virtualenvs/marketvol-WbDfdy4N/lib/python3.7/site-packages/airflow/example_dags/example_trigger_controller_dag.py for tasks to queue
[2021-01-14 22:54:01,277] {logging_mixin.py:103} INFO - [2021-01-14 22:54:01,276] {dagbag.py:440} INFO - Filling up the DagBag from /Users/chowli/.local/share/virtualenvs/marketvol-WbDfdy4N/lib/python3.7/site-packages/airflow/example_dags/example_trigger_controller_dag.py
[2021-01-14 22:54:01,297] {scheduler_job.py:639} INFO - DAG(s) dict_keys(['example_trigger_controller_dag']) retrieved from /Users/chowli/.local/share/virtualenvs/marketvol-WbDfdy4N/lib/python3.7/site-packages/airflow/example_dags/example_trigger_controller_dag.py
[2021-01-14 22:54:01,299] {logging_mixin.py:103} INFO - [2021-01-14 22:54:01,298] {dag.py:1813} INFO - Sync 1 DAGs
[2021-01-14 22:54:01,326] {logging_mixin.py:103} INFO - [2021-01-14 22:54:01,326] {dag.py:2266} INFO - Setting next_dagrun for example_trigger_controller_dag to 2021-01-13 00:00:00+00:00
[2021-01-14 22:54:01,353] {scheduler_job.py:189} INFO - Processing /Users/chowli/.local/share/virtualenvs/marketvol-WbDfdy4N/lib/python3.7/site-packages/airflow/example_dags/example_trigger_controller_dag.py took 0.087 seconds
[2021-01-14 22:54:35,161] {scheduler_job.py:181} INFO - Started process (PID=73840) to work on /Users/chowli/.local/share/virtualenvs/marketvol-WbDfdy4N/lib/python3.7/site-packages/airflow/example_dags/example_trigger_controller_dag.py
[2021-01-14 22:54:35,163] {scheduler_job.py:629} INFO - Processing file /Users/chowli/.local/share/virtualenvs/marketvol-WbDfdy4N/lib/python3.7/site-packages/airflow/example_dags/example_trigger_controller_dag.py for tasks to queue
[2021-01-14 22:54:35,165] {logging_mixin.py:103} INFO - [2021-01-14 22:54:35,164] {dagbag.py:440} INFO - Filling up the DagBag from /Users/chowli/.local/share/virtualenvs/marketvol-WbDfdy4N/lib/python3.7/site-packages/airflow/example_dags/example_trigger_controller_dag.py
[2021-01-14 22:54:35,182] {scheduler_job.py:639} INFO - DAG(s) dict_keys(['example_trigger_controller_dag']) retrieved from /Users/chowli/.local/share/virtualenvs/marketvol-WbDfdy4N/lib/python3.7/site-packages/airflow/example_dags/example_trigger_controller_dag.py
[2021-01-14 22:54:35,184] {logging_mixin.py:103} INFO - [2021-01-14 22:54:35,184] {dag.py:1813} INFO - Sync 1 DAGs
[2021-01-14 22:54:35,205] {logging_mixin.py:103} INFO - [2021-01-14 22:54:35,204] {dag.py:2266} INFO - Setting next_dagrun for example_trigger_controller_dag to 2021-01-13 00:00:00+00:00
[2021-01-14 22:54:35,221] {scheduler_job.py:189} INFO - Processing /Users/chowli/.local/share/virtualenvs/marketvol-WbDfdy4N/lib/python3.7/site-packages/airflow/example_dags/example_trigger_controller_dag.py took 0.066 seconds
