[2021-01-14 22:49:13,164] {scheduler_job.py:181} INFO - Started process (PID=73195) to work on /Users/chowli/.local/share/virtualenvs/marketvol-WbDfdy4N/lib/python3.7/site-packages/airflow/example_dags/example_external_task_marker_dag.py
[2021-01-14 22:49:13,166] {scheduler_job.py:629} INFO - Processing file /Users/chowli/.local/share/virtualenvs/marketvol-WbDfdy4N/lib/python3.7/site-packages/airflow/example_dags/example_external_task_marker_dag.py for tasks to queue
[2021-01-14 22:49:13,167] {logging_mixin.py:103} INFO - [2021-01-14 22:49:13,167] {dagbag.py:440} INFO - Filling up the DagBag from /Users/chowli/.local/share/virtualenvs/marketvol-WbDfdy4N/lib/python3.7/site-packages/airflow/example_dags/example_external_task_marker_dag.py
[2021-01-14 22:49:13,184] {scheduler_job.py:639} INFO - DAG(s) dict_keys(['example_external_task_marker_parent', 'example_external_task_marker_child']) retrieved from /Users/chowli/.local/share/virtualenvs/marketvol-WbDfdy4N/lib/python3.7/site-packages/airflow/example_dags/example_external_task_marker_dag.py
[2021-01-14 22:49:13,186] {logging_mixin.py:103} INFO - [2021-01-14 22:49:13,186] {dag.py:1813} INFO - Sync 2 DAGs
[2021-01-14 22:49:13,204] {logging_mixin.py:103} INFO - [2021-01-14 22:49:13,204] {dag.py:2266} INFO - Setting next_dagrun for example_external_task_marker_child to None
[2021-01-14 22:49:13,206] {logging_mixin.py:103} INFO - [2021-01-14 22:49:13,205] {dag.py:2266} INFO - Setting next_dagrun for example_external_task_marker_parent to None
[2021-01-14 22:49:13,230] {scheduler_job.py:189} INFO - Processing /Users/chowli/.local/share/virtualenvs/marketvol-WbDfdy4N/lib/python3.7/site-packages/airflow/example_dags/example_external_task_marker_dag.py took 0.069 seconds
[2021-01-14 22:50:38,970] {scheduler_job.py:181} INFO - Started process (PID=73393) to work on /Users/chowli/.local/share/virtualenvs/marketvol-WbDfdy4N/lib/python3.7/site-packages/airflow/example_dags/example_external_task_marker_dag.py
[2021-01-14 22:50:38,972] {scheduler_job.py:629} INFO - Processing file /Users/chowli/.local/share/virtualenvs/marketvol-WbDfdy4N/lib/python3.7/site-packages/airflow/example_dags/example_external_task_marker_dag.py for tasks to queue
[2021-01-14 22:50:38,973] {logging_mixin.py:103} INFO - [2021-01-14 22:50:38,973] {dagbag.py:440} INFO - Filling up the DagBag from /Users/chowli/.local/share/virtualenvs/marketvol-WbDfdy4N/lib/python3.7/site-packages/airflow/example_dags/example_external_task_marker_dag.py
[2021-01-14 22:50:38,987] {scheduler_job.py:639} INFO - DAG(s) dict_keys(['example_external_task_marker_parent', 'example_external_task_marker_child']) retrieved from /Users/chowli/.local/share/virtualenvs/marketvol-WbDfdy4N/lib/python3.7/site-packages/airflow/example_dags/example_external_task_marker_dag.py
[2021-01-14 22:50:38,989] {logging_mixin.py:103} INFO - [2021-01-14 22:50:38,988] {dag.py:1813} INFO - Sync 2 DAGs
[2021-01-14 22:50:39,006] {logging_mixin.py:103} INFO - [2021-01-14 22:50:39,006] {dag.py:2266} INFO - Setting next_dagrun for example_external_task_marker_child to None
[2021-01-14 22:50:39,007] {logging_mixin.py:103} INFO - [2021-01-14 22:50:39,007] {dag.py:2266} INFO - Setting next_dagrun for example_external_task_marker_parent to None
[2021-01-14 22:50:39,033] {scheduler_job.py:189} INFO - Processing /Users/chowli/.local/share/virtualenvs/marketvol-WbDfdy4N/lib/python3.7/site-packages/airflow/example_dags/example_external_task_marker_dag.py took 0.068 seconds
[2021-01-14 22:51:04,218] {scheduler_job.py:181} INFO - Started process (PID=73422) to work on /Users/chowli/.local/share/virtualenvs/marketvol-WbDfdy4N/lib/python3.7/site-packages/airflow/example_dags/example_external_task_marker_dag.py
[2021-01-14 22:51:04,220] {scheduler_job.py:629} INFO - Processing file /Users/chowli/.local/share/virtualenvs/marketvol-WbDfdy4N/lib/python3.7/site-packages/airflow/example_dags/example_external_task_marker_dag.py for tasks to queue
[2021-01-14 22:51:04,222] {logging_mixin.py:103} INFO - [2021-01-14 22:51:04,221] {dagbag.py:440} INFO - Filling up the DagBag from /Users/chowli/.local/share/virtualenvs/marketvol-WbDfdy4N/lib/python3.7/site-packages/airflow/example_dags/example_external_task_marker_dag.py
[2021-01-14 22:51:04,235] {scheduler_job.py:639} INFO - DAG(s) dict_keys(['example_external_task_marker_parent', 'example_external_task_marker_child']) retrieved from /Users/chowli/.local/share/virtualenvs/marketvol-WbDfdy4N/lib/python3.7/site-packages/airflow/example_dags/example_external_task_marker_dag.py
[2021-01-14 22:51:04,237] {logging_mixin.py:103} INFO - [2021-01-14 22:51:04,236] {dag.py:1813} INFO - Sync 2 DAGs
[2021-01-14 22:51:04,256] {logging_mixin.py:103} INFO - [2021-01-14 22:51:04,255] {dag.py:2266} INFO - Setting next_dagrun for example_external_task_marker_child to None
[2021-01-14 22:51:04,257] {logging_mixin.py:103} INFO - [2021-01-14 22:51:04,257] {dag.py:2266} INFO - Setting next_dagrun for example_external_task_marker_parent to None
[2021-01-14 22:51:04,270] {scheduler_job.py:189} INFO - Processing /Users/chowli/.local/share/virtualenvs/marketvol-WbDfdy4N/lib/python3.7/site-packages/airflow/example_dags/example_external_task_marker_dag.py took 0.056 seconds
[2021-01-14 22:51:30,483] {scheduler_job.py:181} INFO - Started process (PID=73456) to work on /Users/chowli/.local/share/virtualenvs/marketvol-WbDfdy4N/lib/python3.7/site-packages/airflow/example_dags/example_external_task_marker_dag.py
[2021-01-14 22:51:30,484] {scheduler_job.py:629} INFO - Processing file /Users/chowli/.local/share/virtualenvs/marketvol-WbDfdy4N/lib/python3.7/site-packages/airflow/example_dags/example_external_task_marker_dag.py for tasks to queue
[2021-01-14 22:51:30,486] {logging_mixin.py:103} INFO - [2021-01-14 22:51:30,485] {dagbag.py:440} INFO - Filling up the DagBag from /Users/chowli/.local/share/virtualenvs/marketvol-WbDfdy4N/lib/python3.7/site-packages/airflow/example_dags/example_external_task_marker_dag.py
[2021-01-14 22:51:30,498] {scheduler_job.py:639} INFO - DAG(s) dict_keys(['example_external_task_marker_parent', 'example_external_task_marker_child']) retrieved from /Users/chowli/.local/share/virtualenvs/marketvol-WbDfdy4N/lib/python3.7/site-packages/airflow/example_dags/example_external_task_marker_dag.py
[2021-01-14 22:51:30,500] {logging_mixin.py:103} INFO - [2021-01-14 22:51:30,499] {dag.py:1813} INFO - Sync 2 DAGs
[2021-01-14 22:51:30,516] {logging_mixin.py:103} INFO - [2021-01-14 22:51:30,516] {dag.py:2266} INFO - Setting next_dagrun for example_external_task_marker_child to None
[2021-01-14 22:51:30,518] {logging_mixin.py:103} INFO - [2021-01-14 22:51:30,517] {dag.py:2266} INFO - Setting next_dagrun for example_external_task_marker_parent to None
[2021-01-14 22:51:30,543] {scheduler_job.py:189} INFO - Processing /Users/chowli/.local/share/virtualenvs/marketvol-WbDfdy4N/lib/python3.7/site-packages/airflow/example_dags/example_external_task_marker_dag.py took 0.064 seconds
[2021-01-14 22:51:55,727] {scheduler_job.py:181} INFO - Started process (PID=73488) to work on /Users/chowli/.local/share/virtualenvs/marketvol-WbDfdy4N/lib/python3.7/site-packages/airflow/example_dags/example_external_task_marker_dag.py
[2021-01-14 22:51:55,729] {scheduler_job.py:629} INFO - Processing file /Users/chowli/.local/share/virtualenvs/marketvol-WbDfdy4N/lib/python3.7/site-packages/airflow/example_dags/example_external_task_marker_dag.py for tasks to queue
[2021-01-14 22:51:55,730] {logging_mixin.py:103} INFO - [2021-01-14 22:51:55,729] {dagbag.py:440} INFO - Filling up the DagBag from /Users/chowli/.local/share/virtualenvs/marketvol-WbDfdy4N/lib/python3.7/site-packages/airflow/example_dags/example_external_task_marker_dag.py
[2021-01-14 22:51:55,741] {scheduler_job.py:639} INFO - DAG(s) dict_keys(['example_external_task_marker_parent', 'example_external_task_marker_child']) retrieved from /Users/chowli/.local/share/virtualenvs/marketvol-WbDfdy4N/lib/python3.7/site-packages/airflow/example_dags/example_external_task_marker_dag.py
[2021-01-14 22:51:55,743] {logging_mixin.py:103} INFO - [2021-01-14 22:51:55,743] {dag.py:1813} INFO - Sync 2 DAGs
[2021-01-14 22:51:55,759] {logging_mixin.py:103} INFO - [2021-01-14 22:51:55,759] {dag.py:2266} INFO - Setting next_dagrun for example_external_task_marker_child to None
[2021-01-14 22:51:55,760] {logging_mixin.py:103} INFO - [2021-01-14 22:51:55,760] {dag.py:2266} INFO - Setting next_dagrun for example_external_task_marker_parent to None
[2021-01-14 22:51:55,773] {scheduler_job.py:189} INFO - Processing /Users/chowli/.local/share/virtualenvs/marketvol-WbDfdy4N/lib/python3.7/site-packages/airflow/example_dags/example_external_task_marker_dag.py took 0.048 seconds
[2021-01-14 22:52:20,977] {scheduler_job.py:181} INFO - Started process (PID=73518) to work on /Users/chowli/.local/share/virtualenvs/marketvol-WbDfdy4N/lib/python3.7/site-packages/airflow/example_dags/example_external_task_marker_dag.py
[2021-01-14 22:52:20,979] {scheduler_job.py:629} INFO - Processing file /Users/chowli/.local/share/virtualenvs/marketvol-WbDfdy4N/lib/python3.7/site-packages/airflow/example_dags/example_external_task_marker_dag.py for tasks to queue
[2021-01-14 22:52:20,980] {logging_mixin.py:103} INFO - [2021-01-14 22:52:20,980] {dagbag.py:440} INFO - Filling up the DagBag from /Users/chowli/.local/share/virtualenvs/marketvol-WbDfdy4N/lib/python3.7/site-packages/airflow/example_dags/example_external_task_marker_dag.py
[2021-01-14 22:52:20,993] {scheduler_job.py:639} INFO - DAG(s) dict_keys(['example_external_task_marker_parent', 'example_external_task_marker_child']) retrieved from /Users/chowli/.local/share/virtualenvs/marketvol-WbDfdy4N/lib/python3.7/site-packages/airflow/example_dags/example_external_task_marker_dag.py
[2021-01-14 22:52:20,995] {logging_mixin.py:103} INFO - [2021-01-14 22:52:20,995] {dag.py:1813} INFO - Sync 2 DAGs
[2021-01-14 22:52:21,014] {logging_mixin.py:103} INFO - [2021-01-14 22:52:21,014] {dag.py:2266} INFO - Setting next_dagrun for example_external_task_marker_child to None
[2021-01-14 22:52:21,016] {logging_mixin.py:103} INFO - [2021-01-14 22:52:21,016] {dag.py:2266} INFO - Setting next_dagrun for example_external_task_marker_parent to None
[2021-01-14 22:52:21,039] {scheduler_job.py:189} INFO - Processing /Users/chowli/.local/share/virtualenvs/marketvol-WbDfdy4N/lib/python3.7/site-packages/airflow/example_dags/example_external_task_marker_dag.py took 0.066 seconds
[2021-01-14 22:52:47,261] {scheduler_job.py:181} INFO - Started process (PID=73562) to work on /Users/chowli/.local/share/virtualenvs/marketvol-WbDfdy4N/lib/python3.7/site-packages/airflow/example_dags/example_external_task_marker_dag.py
[2021-01-14 22:52:47,264] {scheduler_job.py:629} INFO - Processing file /Users/chowli/.local/share/virtualenvs/marketvol-WbDfdy4N/lib/python3.7/site-packages/airflow/example_dags/example_external_task_marker_dag.py for tasks to queue
[2021-01-14 22:52:47,265] {logging_mixin.py:103} INFO - [2021-01-14 22:52:47,265] {dagbag.py:440} INFO - Filling up the DagBag from /Users/chowli/.local/share/virtualenvs/marketvol-WbDfdy4N/lib/python3.7/site-packages/airflow/example_dags/example_external_task_marker_dag.py
[2021-01-14 22:52:47,279] {scheduler_job.py:639} INFO - DAG(s) dict_keys(['example_external_task_marker_parent', 'example_external_task_marker_child']) retrieved from /Users/chowli/.local/share/virtualenvs/marketvol-WbDfdy4N/lib/python3.7/site-packages/airflow/example_dags/example_external_task_marker_dag.py
[2021-01-14 22:52:47,281] {logging_mixin.py:103} INFO - [2021-01-14 22:52:47,280] {dag.py:1813} INFO - Sync 2 DAGs
[2021-01-14 22:52:47,301] {logging_mixin.py:103} INFO - [2021-01-14 22:52:47,301] {dag.py:2266} INFO - Setting next_dagrun for example_external_task_marker_child to None
[2021-01-14 22:52:47,303] {logging_mixin.py:103} INFO - [2021-01-14 22:52:47,303] {dag.py:2266} INFO - Setting next_dagrun for example_external_task_marker_parent to None
[2021-01-14 22:52:47,320] {scheduler_job.py:189} INFO - Processing /Users/chowli/.local/share/virtualenvs/marketvol-WbDfdy4N/lib/python3.7/site-packages/airflow/example_dags/example_external_task_marker_dag.py took 0.063 seconds
[2021-01-14 22:53:18,915] {scheduler_job.py:181} INFO - Started process (PID=73647) to work on /Users/chowli/.local/share/virtualenvs/marketvol-WbDfdy4N/lib/python3.7/site-packages/airflow/example_dags/example_external_task_marker_dag.py
[2021-01-14 22:53:18,916] {scheduler_job.py:629} INFO - Processing file /Users/chowli/.local/share/virtualenvs/marketvol-WbDfdy4N/lib/python3.7/site-packages/airflow/example_dags/example_external_task_marker_dag.py for tasks to queue
[2021-01-14 22:53:18,918] {logging_mixin.py:103} INFO - [2021-01-14 22:53:18,917] {dagbag.py:440} INFO - Filling up the DagBag from /Users/chowli/.local/share/virtualenvs/marketvol-WbDfdy4N/lib/python3.7/site-packages/airflow/example_dags/example_external_task_marker_dag.py
[2021-01-14 22:53:18,930] {scheduler_job.py:639} INFO - DAG(s) dict_keys(['example_external_task_marker_parent', 'example_external_task_marker_child']) retrieved from /Users/chowli/.local/share/virtualenvs/marketvol-WbDfdy4N/lib/python3.7/site-packages/airflow/example_dags/example_external_task_marker_dag.py
[2021-01-14 22:53:18,932] {logging_mixin.py:103} INFO - [2021-01-14 22:53:18,932] {dag.py:1813} INFO - Sync 2 DAGs
[2021-01-14 22:53:18,950] {logging_mixin.py:103} INFO - [2021-01-14 22:53:18,949] {dag.py:2266} INFO - Setting next_dagrun for example_external_task_marker_child to None
[2021-01-14 22:53:18,951] {logging_mixin.py:103} INFO - [2021-01-14 22:53:18,951] {dag.py:2266} INFO - Setting next_dagrun for example_external_task_marker_parent to None
[2021-01-14 22:53:18,974] {scheduler_job.py:189} INFO - Processing /Users/chowli/.local/share/virtualenvs/marketvol-WbDfdy4N/lib/python3.7/site-packages/airflow/example_dags/example_external_task_marker_dag.py took 0.063 seconds
[2021-01-14 22:53:46,953] {scheduler_job.py:181} INFO - Started process (PID=73750) to work on /Users/chowli/.local/share/virtualenvs/marketvol-WbDfdy4N/lib/python3.7/site-packages/airflow/example_dags/example_external_task_marker_dag.py
[2021-01-14 22:53:46,955] {scheduler_job.py:629} INFO - Processing file /Users/chowli/.local/share/virtualenvs/marketvol-WbDfdy4N/lib/python3.7/site-packages/airflow/example_dags/example_external_task_marker_dag.py for tasks to queue
[2021-01-14 22:53:46,956] {logging_mixin.py:103} INFO - [2021-01-14 22:53:46,956] {dagbag.py:440} INFO - Filling up the DagBag from /Users/chowli/.local/share/virtualenvs/marketvol-WbDfdy4N/lib/python3.7/site-packages/airflow/example_dags/example_external_task_marker_dag.py
[2021-01-14 22:53:46,969] {scheduler_job.py:639} INFO - DAG(s) dict_keys(['example_external_task_marker_parent', 'example_external_task_marker_child']) retrieved from /Users/chowli/.local/share/virtualenvs/marketvol-WbDfdy4N/lib/python3.7/site-packages/airflow/example_dags/example_external_task_marker_dag.py
[2021-01-14 22:53:46,970] {logging_mixin.py:103} INFO - [2021-01-14 22:53:46,970] {dag.py:1813} INFO - Sync 2 DAGs
[2021-01-14 22:53:46,988] {logging_mixin.py:103} INFO - [2021-01-14 22:53:46,987] {dag.py:2266} INFO - Setting next_dagrun for example_external_task_marker_child to None
[2021-01-14 22:53:46,989] {logging_mixin.py:103} INFO - [2021-01-14 22:53:46,989] {dag.py:2266} INFO - Setting next_dagrun for example_external_task_marker_parent to None
[2021-01-14 22:53:47,004] {scheduler_job.py:189} INFO - Processing /Users/chowli/.local/share/virtualenvs/marketvol-WbDfdy4N/lib/python3.7/site-packages/airflow/example_dags/example_external_task_marker_dag.py took 0.054 seconds
[2021-01-14 22:54:20,153] {scheduler_job.py:181} INFO - Started process (PID=73814) to work on /Users/chowli/.local/share/virtualenvs/marketvol-WbDfdy4N/lib/python3.7/site-packages/airflow/example_dags/example_external_task_marker_dag.py
[2021-01-14 22:54:20,155] {scheduler_job.py:629} INFO - Processing file /Users/chowli/.local/share/virtualenvs/marketvol-WbDfdy4N/lib/python3.7/site-packages/airflow/example_dags/example_external_task_marker_dag.py for tasks to queue
[2021-01-14 22:54:20,156] {logging_mixin.py:103} INFO - [2021-01-14 22:54:20,156] {dagbag.py:440} INFO - Filling up the DagBag from /Users/chowli/.local/share/virtualenvs/marketvol-WbDfdy4N/lib/python3.7/site-packages/airflow/example_dags/example_external_task_marker_dag.py
[2021-01-14 22:54:20,169] {scheduler_job.py:639} INFO - DAG(s) dict_keys(['example_external_task_marker_parent', 'example_external_task_marker_child']) retrieved from /Users/chowli/.local/share/virtualenvs/marketvol-WbDfdy4N/lib/python3.7/site-packages/airflow/example_dags/example_external_task_marker_dag.py
[2021-01-14 22:54:20,170] {logging_mixin.py:103} INFO - [2021-01-14 22:54:20,170] {dag.py:1813} INFO - Sync 2 DAGs
[2021-01-14 22:54:20,186] {logging_mixin.py:103} INFO - [2021-01-14 22:54:20,186] {dag.py:2266} INFO - Setting next_dagrun for example_external_task_marker_child to None
[2021-01-14 22:54:20,188] {logging_mixin.py:103} INFO - [2021-01-14 22:54:20,187] {dag.py:2266} INFO - Setting next_dagrun for example_external_task_marker_parent to None
[2021-01-14 22:54:20,202] {scheduler_job.py:189} INFO - Processing /Users/chowli/.local/share/virtualenvs/marketvol-WbDfdy4N/lib/python3.7/site-packages/airflow/example_dags/example_external_task_marker_dag.py took 0.052 seconds
