[2021-01-14 22:50:28,868] {scheduler_job.py:181} INFO - Started process (PID=73383) to work on /Users/chowli/.local/share/virtualenvs/marketvol-WbDfdy4N/lib/python3.7/site-packages/airflow/example_dags/example_branch_python_dop_operator_3.py
[2021-01-14 22:50:28,870] {scheduler_job.py:629} INFO - Processing file /Users/chowli/.local/share/virtualenvs/marketvol-WbDfdy4N/lib/python3.7/site-packages/airflow/example_dags/example_branch_python_dop_operator_3.py for tasks to queue
[2021-01-14 22:50:28,871] {logging_mixin.py:103} INFO - [2021-01-14 22:50:28,870] {dagbag.py:440} INFO - Filling up the DagBag from /Users/chowli/.local/share/virtualenvs/marketvol-WbDfdy4N/lib/python3.7/site-packages/airflow/example_dags/example_branch_python_dop_operator_3.py
[2021-01-14 22:50:28,884] {scheduler_job.py:639} INFO - DAG(s) dict_keys(['example_branch_dop_operator_v3']) retrieved from /Users/chowli/.local/share/virtualenvs/marketvol-WbDfdy4N/lib/python3.7/site-packages/airflow/example_dags/example_branch_python_dop_operator_3.py
[2021-01-14 22:50:28,886] {logging_mixin.py:103} INFO - [2021-01-14 22:50:28,885] {dag.py:1813} INFO - Sync 1 DAGs
[2021-01-14 22:50:28,912] {logging_mixin.py:103} INFO - [2021-01-14 22:50:28,912] {dag.py:2266} INFO - Setting next_dagrun for example_branch_dop_operator_v3 to 2021-01-13 00:00:00+00:00
[2021-01-14 22:50:28,940] {scheduler_job.py:189} INFO - Processing /Users/chowli/.local/share/virtualenvs/marketvol-WbDfdy4N/lib/python3.7/site-packages/airflow/example_dags/example_branch_python_dop_operator_3.py took 0.075 seconds
[2021-01-14 22:50:54,111] {scheduler_job.py:181} INFO - Started process (PID=73411) to work on /Users/chowli/.local/share/virtualenvs/marketvol-WbDfdy4N/lib/python3.7/site-packages/airflow/example_dags/example_branch_python_dop_operator_3.py
[2021-01-14 22:50:54,112] {scheduler_job.py:629} INFO - Processing file /Users/chowli/.local/share/virtualenvs/marketvol-WbDfdy4N/lib/python3.7/site-packages/airflow/example_dags/example_branch_python_dop_operator_3.py for tasks to queue
[2021-01-14 22:50:54,113] {logging_mixin.py:103} INFO - [2021-01-14 22:50:54,113] {dagbag.py:440} INFO - Filling up the DagBag from /Users/chowli/.local/share/virtualenvs/marketvol-WbDfdy4N/lib/python3.7/site-packages/airflow/example_dags/example_branch_python_dop_operator_3.py
[2021-01-14 22:50:54,126] {scheduler_job.py:639} INFO - DAG(s) dict_keys(['example_branch_dop_operator_v3']) retrieved from /Users/chowli/.local/share/virtualenvs/marketvol-WbDfdy4N/lib/python3.7/site-packages/airflow/example_dags/example_branch_python_dop_operator_3.py
[2021-01-14 22:50:54,127] {logging_mixin.py:103} INFO - [2021-01-14 22:50:54,127] {dag.py:1813} INFO - Sync 1 DAGs
[2021-01-14 22:50:54,154] {logging_mixin.py:103} INFO - [2021-01-14 22:50:54,154] {dag.py:2266} INFO - Setting next_dagrun for example_branch_dop_operator_v3 to 2021-01-13 00:00:00+00:00
[2021-01-14 22:50:54,163] {scheduler_job.py:189} INFO - Processing /Users/chowli/.local/share/virtualenvs/marketvol-WbDfdy4N/lib/python3.7/site-packages/airflow/example_dags/example_branch_python_dop_operator_3.py took 0.055 seconds
[2021-01-14 22:51:19,366] {scheduler_job.py:181} INFO - Started process (PID=73443) to work on /Users/chowli/.local/share/virtualenvs/marketvol-WbDfdy4N/lib/python3.7/site-packages/airflow/example_dags/example_branch_python_dop_operator_3.py
[2021-01-14 22:51:19,368] {scheduler_job.py:629} INFO - Processing file /Users/chowli/.local/share/virtualenvs/marketvol-WbDfdy4N/lib/python3.7/site-packages/airflow/example_dags/example_branch_python_dop_operator_3.py for tasks to queue
[2021-01-14 22:51:19,369] {logging_mixin.py:103} INFO - [2021-01-14 22:51:19,369] {dagbag.py:440} INFO - Filling up the DagBag from /Users/chowli/.local/share/virtualenvs/marketvol-WbDfdy4N/lib/python3.7/site-packages/airflow/example_dags/example_branch_python_dop_operator_3.py
[2021-01-14 22:51:19,385] {scheduler_job.py:639} INFO - DAG(s) dict_keys(['example_branch_dop_operator_v3']) retrieved from /Users/chowli/.local/share/virtualenvs/marketvol-WbDfdy4N/lib/python3.7/site-packages/airflow/example_dags/example_branch_python_dop_operator_3.py
[2021-01-14 22:51:19,387] {logging_mixin.py:103} INFO - [2021-01-14 22:51:19,387] {dag.py:1813} INFO - Sync 1 DAGs
[2021-01-14 22:51:19,422] {logging_mixin.py:103} INFO - [2021-01-14 22:51:19,421] {dag.py:2266} INFO - Setting next_dagrun for example_branch_dop_operator_v3 to 2021-01-13 00:00:00+00:00
[2021-01-14 22:51:19,437] {scheduler_job.py:189} INFO - Processing /Users/chowli/.local/share/virtualenvs/marketvol-WbDfdy4N/lib/python3.7/site-packages/airflow/example_dags/example_branch_python_dop_operator_3.py took 0.074 seconds
[2021-01-14 22:51:45,631] {scheduler_job.py:181} INFO - Started process (PID=73476) to work on /Users/chowli/.local/share/virtualenvs/marketvol-WbDfdy4N/lib/python3.7/site-packages/airflow/example_dags/example_branch_python_dop_operator_3.py
[2021-01-14 22:51:45,633] {scheduler_job.py:629} INFO - Processing file /Users/chowli/.local/share/virtualenvs/marketvol-WbDfdy4N/lib/python3.7/site-packages/airflow/example_dags/example_branch_python_dop_operator_3.py for tasks to queue
[2021-01-14 22:51:45,634] {logging_mixin.py:103} INFO - [2021-01-14 22:51:45,634] {dagbag.py:440} INFO - Filling up the DagBag from /Users/chowli/.local/share/virtualenvs/marketvol-WbDfdy4N/lib/python3.7/site-packages/airflow/example_dags/example_branch_python_dop_operator_3.py
[2021-01-14 22:51:45,650] {scheduler_job.py:639} INFO - DAG(s) dict_keys(['example_branch_dop_operator_v3']) retrieved from /Users/chowli/.local/share/virtualenvs/marketvol-WbDfdy4N/lib/python3.7/site-packages/airflow/example_dags/example_branch_python_dop_operator_3.py
[2021-01-14 22:51:45,652] {logging_mixin.py:103} INFO - [2021-01-14 22:51:45,652] {dag.py:1813} INFO - Sync 1 DAGs
[2021-01-14 22:51:45,684] {logging_mixin.py:103} INFO - [2021-01-14 22:51:45,684] {dag.py:2266} INFO - Setting next_dagrun for example_branch_dop_operator_v3 to 2021-01-13 00:00:00+00:00
[2021-01-14 22:51:45,696] {scheduler_job.py:189} INFO - Processing /Users/chowli/.local/share/virtualenvs/marketvol-WbDfdy4N/lib/python3.7/site-packages/airflow/example_dags/example_branch_python_dop_operator_3.py took 0.068 seconds
[2021-01-14 22:52:10,879] {scheduler_job.py:181} INFO - Started process (PID=73504) to work on /Users/chowli/.local/share/virtualenvs/marketvol-WbDfdy4N/lib/python3.7/site-packages/airflow/example_dags/example_branch_python_dop_operator_3.py
[2021-01-14 22:52:10,882] {scheduler_job.py:629} INFO - Processing file /Users/chowli/.local/share/virtualenvs/marketvol-WbDfdy4N/lib/python3.7/site-packages/airflow/example_dags/example_branch_python_dop_operator_3.py for tasks to queue
[2021-01-14 22:52:10,884] {logging_mixin.py:103} INFO - [2021-01-14 22:52:10,883] {dagbag.py:440} INFO - Filling up the DagBag from /Users/chowli/.local/share/virtualenvs/marketvol-WbDfdy4N/lib/python3.7/site-packages/airflow/example_dags/example_branch_python_dop_operator_3.py
[2021-01-14 22:52:10,902] {scheduler_job.py:639} INFO - DAG(s) dict_keys(['example_branch_dop_operator_v3']) retrieved from /Users/chowli/.local/share/virtualenvs/marketvol-WbDfdy4N/lib/python3.7/site-packages/airflow/example_dags/example_branch_python_dop_operator_3.py
[2021-01-14 22:52:10,905] {logging_mixin.py:103} INFO - [2021-01-14 22:52:10,904] {dag.py:1813} INFO - Sync 1 DAGs
[2021-01-14 22:52:10,946] {logging_mixin.py:103} INFO - [2021-01-14 22:52:10,946] {dag.py:2266} INFO - Setting next_dagrun for example_branch_dop_operator_v3 to 2021-01-13 00:00:00+00:00
[2021-01-14 22:52:10,963] {scheduler_job.py:189} INFO - Processing /Users/chowli/.local/share/virtualenvs/marketvol-WbDfdy4N/lib/python3.7/site-packages/airflow/example_dags/example_branch_python_dop_operator_3.py took 0.089 seconds
[2021-01-14 22:52:36,136] {scheduler_job.py:181} INFO - Started process (PID=73535) to work on /Users/chowli/.local/share/virtualenvs/marketvol-WbDfdy4N/lib/python3.7/site-packages/airflow/example_dags/example_branch_python_dop_operator_3.py
[2021-01-14 22:52:36,138] {scheduler_job.py:629} INFO - Processing file /Users/chowli/.local/share/virtualenvs/marketvol-WbDfdy4N/lib/python3.7/site-packages/airflow/example_dags/example_branch_python_dop_operator_3.py for tasks to queue
[2021-01-14 22:52:36,140] {logging_mixin.py:103} INFO - [2021-01-14 22:52:36,140] {dagbag.py:440} INFO - Filling up the DagBag from /Users/chowli/.local/share/virtualenvs/marketvol-WbDfdy4N/lib/python3.7/site-packages/airflow/example_dags/example_branch_python_dop_operator_3.py
[2021-01-14 22:52:36,159] {scheduler_job.py:639} INFO - DAG(s) dict_keys(['example_branch_dop_operator_v3']) retrieved from /Users/chowli/.local/share/virtualenvs/marketvol-WbDfdy4N/lib/python3.7/site-packages/airflow/example_dags/example_branch_python_dop_operator_3.py
[2021-01-14 22:52:36,161] {logging_mixin.py:103} INFO - [2021-01-14 22:52:36,161] {dag.py:1813} INFO - Sync 1 DAGs
[2021-01-14 22:52:36,200] {logging_mixin.py:103} INFO - [2021-01-14 22:52:36,200] {dag.py:2266} INFO - Setting next_dagrun for example_branch_dop_operator_v3 to 2021-01-13 00:00:00+00:00
[2021-01-14 22:52:36,217] {scheduler_job.py:189} INFO - Processing /Users/chowli/.local/share/virtualenvs/marketvol-WbDfdy4N/lib/python3.7/site-packages/airflow/example_dags/example_branch_python_dop_operator_3.py took 0.085 seconds
[2021-01-14 22:53:27,466] {scheduler_job.py:181} INFO - Started process (PID=73672) to work on /Users/chowli/.local/share/virtualenvs/marketvol-WbDfdy4N/lib/python3.7/site-packages/airflow/example_dags/example_branch_python_dop_operator_3.py
[2021-01-14 22:53:27,467] {scheduler_job.py:629} INFO - Processing file /Users/chowli/.local/share/virtualenvs/marketvol-WbDfdy4N/lib/python3.7/site-packages/airflow/example_dags/example_branch_python_dop_operator_3.py for tasks to queue
[2021-01-14 22:53:27,468] {logging_mixin.py:103} INFO - [2021-01-14 22:53:27,467] {dagbag.py:440} INFO - Filling up the DagBag from /Users/chowli/.local/share/virtualenvs/marketvol-WbDfdy4N/lib/python3.7/site-packages/airflow/example_dags/example_branch_python_dop_operator_3.py
[2021-01-14 22:53:27,483] {scheduler_job.py:639} INFO - DAG(s) dict_keys(['example_branch_dop_operator_v3']) retrieved from /Users/chowli/.local/share/virtualenvs/marketvol-WbDfdy4N/lib/python3.7/site-packages/airflow/example_dags/example_branch_python_dop_operator_3.py
[2021-01-14 22:53:27,484] {logging_mixin.py:103} INFO - [2021-01-14 22:53:27,484] {dag.py:1813} INFO - Sync 1 DAGs
[2021-01-14 22:53:27,515] {logging_mixin.py:103} INFO - [2021-01-14 22:53:27,515] {dag.py:2266} INFO - Setting next_dagrun for example_branch_dop_operator_v3 to 2021-01-13 00:00:00+00:00
[2021-01-14 22:53:27,540] {scheduler_job.py:189} INFO - Processing /Users/chowli/.local/share/virtualenvs/marketvol-WbDfdy4N/lib/python3.7/site-packages/airflow/example_dags/example_branch_python_dop_operator_3.py took 0.077 seconds
[2021-01-14 22:53:53,827] {scheduler_job.py:181} INFO - Started process (PID=73761) to work on /Users/chowli/.local/share/virtualenvs/marketvol-WbDfdy4N/lib/python3.7/site-packages/airflow/example_dags/example_branch_python_dop_operator_3.py
[2021-01-14 22:53:53,828] {scheduler_job.py:629} INFO - Processing file /Users/chowli/.local/share/virtualenvs/marketvol-WbDfdy4N/lib/python3.7/site-packages/airflow/example_dags/example_branch_python_dop_operator_3.py for tasks to queue
[2021-01-14 22:53:53,829] {logging_mixin.py:103} INFO - [2021-01-14 22:53:53,828] {dagbag.py:440} INFO - Filling up the DagBag from /Users/chowli/.local/share/virtualenvs/marketvol-WbDfdy4N/lib/python3.7/site-packages/airflow/example_dags/example_branch_python_dop_operator_3.py
[2021-01-14 22:53:53,841] {scheduler_job.py:639} INFO - DAG(s) dict_keys(['example_branch_dop_operator_v3']) retrieved from /Users/chowli/.local/share/virtualenvs/marketvol-WbDfdy4N/lib/python3.7/site-packages/airflow/example_dags/example_branch_python_dop_operator_3.py
[2021-01-14 22:53:53,843] {logging_mixin.py:103} INFO - [2021-01-14 22:53:53,842] {dag.py:1813} INFO - Sync 1 DAGs
[2021-01-14 22:53:53,872] {logging_mixin.py:103} INFO - [2021-01-14 22:53:53,872] {dag.py:2266} INFO - Setting next_dagrun for example_branch_dop_operator_v3 to 2021-01-13 00:00:00+00:00
[2021-01-14 22:53:53,881] {scheduler_job.py:189} INFO - Processing /Users/chowli/.local/share/virtualenvs/marketvol-WbDfdy4N/lib/python3.7/site-packages/airflow/example_dags/example_branch_python_dop_operator_3.py took 0.057 seconds
[2021-01-14 22:54:28,110] {scheduler_job.py:181} INFO - Started process (PID=73824) to work on /Users/chowli/.local/share/virtualenvs/marketvol-WbDfdy4N/lib/python3.7/site-packages/airflow/example_dags/example_branch_python_dop_operator_3.py
[2021-01-14 22:54:28,112] {scheduler_job.py:629} INFO - Processing file /Users/chowli/.local/share/virtualenvs/marketvol-WbDfdy4N/lib/python3.7/site-packages/airflow/example_dags/example_branch_python_dop_operator_3.py for tasks to queue
[2021-01-14 22:54:28,113] {logging_mixin.py:103} INFO - [2021-01-14 22:54:28,113] {dagbag.py:440} INFO - Filling up the DagBag from /Users/chowli/.local/share/virtualenvs/marketvol-WbDfdy4N/lib/python3.7/site-packages/airflow/example_dags/example_branch_python_dop_operator_3.py
[2021-01-14 22:54:28,127] {scheduler_job.py:639} INFO - DAG(s) dict_keys(['example_branch_dop_operator_v3']) retrieved from /Users/chowli/.local/share/virtualenvs/marketvol-WbDfdy4N/lib/python3.7/site-packages/airflow/example_dags/example_branch_python_dop_operator_3.py
[2021-01-14 22:54:28,128] {logging_mixin.py:103} INFO - [2021-01-14 22:54:28,128] {dag.py:1813} INFO - Sync 1 DAGs
[2021-01-14 22:54:28,159] {logging_mixin.py:103} INFO - [2021-01-14 22:54:28,158] {dag.py:2266} INFO - Setting next_dagrun for example_branch_dop_operator_v3 to 2021-01-13 00:00:00+00:00
[2021-01-14 22:54:28,173] {scheduler_job.py:189} INFO - Processing /Users/chowli/.local/share/virtualenvs/marketvol-WbDfdy4N/lib/python3.7/site-packages/airflow/example_dags/example_branch_python_dop_operator_3.py took 0.066 seconds
