[2021-01-14 22:50:37,928] {scheduler_job.py:181} INFO - Started process (PID=73392) to work on /Users/chowli/.local/share/virtualenvs/marketvol-WbDfdy4N/lib/python3.7/site-packages/airflow/example_dags/example_xcom.py
[2021-01-14 22:50:37,929] {scheduler_job.py:629} INFO - Processing file /Users/chowli/.local/share/virtualenvs/marketvol-WbDfdy4N/lib/python3.7/site-packages/airflow/example_dags/example_xcom.py for tasks to queue
[2021-01-14 22:50:37,931] {logging_mixin.py:103} INFO - [2021-01-14 22:50:37,930] {dagbag.py:440} INFO - Filling up the DagBag from /Users/chowli/.local/share/virtualenvs/marketvol-WbDfdy4N/lib/python3.7/site-packages/airflow/example_dags/example_xcom.py
[2021-01-14 22:50:37,944] {scheduler_job.py:639} INFO - DAG(s) dict_keys(['example_xcom']) retrieved from /Users/chowli/.local/share/virtualenvs/marketvol-WbDfdy4N/lib/python3.7/site-packages/airflow/example_dags/example_xcom.py
[2021-01-14 22:50:37,945] {logging_mixin.py:103} INFO - [2021-01-14 22:50:37,945] {dag.py:1813} INFO - Sync 1 DAGs
[2021-01-14 22:50:37,963] {logging_mixin.py:103} INFO - [2021-01-14 22:50:37,963] {dag.py:2266} INFO - Setting next_dagrun for example_xcom to 2021-01-13 00:00:00+00:00
[2021-01-14 22:50:37,987] {scheduler_job.py:189} INFO - Processing /Users/chowli/.local/share/virtualenvs/marketvol-WbDfdy4N/lib/python3.7/site-packages/airflow/example_dags/example_xcom.py took 0.063 seconds
[2021-01-14 22:51:03,167] {scheduler_job.py:181} INFO - Started process (PID=73421) to work on /Users/chowli/.local/share/virtualenvs/marketvol-WbDfdy4N/lib/python3.7/site-packages/airflow/example_dags/example_xcom.py
[2021-01-14 22:51:03,169] {scheduler_job.py:629} INFO - Processing file /Users/chowli/.local/share/virtualenvs/marketvol-WbDfdy4N/lib/python3.7/site-packages/airflow/example_dags/example_xcom.py for tasks to queue
[2021-01-14 22:51:03,170] {logging_mixin.py:103} INFO - [2021-01-14 22:51:03,170] {dagbag.py:440} INFO - Filling up the DagBag from /Users/chowli/.local/share/virtualenvs/marketvol-WbDfdy4N/lib/python3.7/site-packages/airflow/example_dags/example_xcom.py
[2021-01-14 22:51:03,184] {scheduler_job.py:639} INFO - DAG(s) dict_keys(['example_xcom']) retrieved from /Users/chowli/.local/share/virtualenvs/marketvol-WbDfdy4N/lib/python3.7/site-packages/airflow/example_dags/example_xcom.py
[2021-01-14 22:51:03,186] {logging_mixin.py:103} INFO - [2021-01-14 22:51:03,185] {dag.py:1813} INFO - Sync 1 DAGs
[2021-01-14 22:51:03,205] {logging_mixin.py:103} INFO - [2021-01-14 22:51:03,205] {dag.py:2266} INFO - Setting next_dagrun for example_xcom to 2021-01-13 00:00:00+00:00
[2021-01-14 22:51:03,216] {scheduler_job.py:189} INFO - Processing /Users/chowli/.local/share/virtualenvs/marketvol-WbDfdy4N/lib/python3.7/site-packages/airflow/example_dags/example_xcom.py took 0.053 seconds
[2021-01-14 22:51:29,454] {scheduler_job.py:181} INFO - Started process (PID=73455) to work on /Users/chowli/.local/share/virtualenvs/marketvol-WbDfdy4N/lib/python3.7/site-packages/airflow/example_dags/example_xcom.py
[2021-01-14 22:51:29,455] {scheduler_job.py:629} INFO - Processing file /Users/chowli/.local/share/virtualenvs/marketvol-WbDfdy4N/lib/python3.7/site-packages/airflow/example_dags/example_xcom.py for tasks to queue
[2021-01-14 22:51:29,457] {logging_mixin.py:103} INFO - [2021-01-14 22:51:29,456] {dagbag.py:440} INFO - Filling up the DagBag from /Users/chowli/.local/share/virtualenvs/marketvol-WbDfdy4N/lib/python3.7/site-packages/airflow/example_dags/example_xcom.py
[2021-01-14 22:51:29,471] {scheduler_job.py:639} INFO - DAG(s) dict_keys(['example_xcom']) retrieved from /Users/chowli/.local/share/virtualenvs/marketvol-WbDfdy4N/lib/python3.7/site-packages/airflow/example_dags/example_xcom.py
[2021-01-14 22:51:29,472] {logging_mixin.py:103} INFO - [2021-01-14 22:51:29,472] {dag.py:1813} INFO - Sync 1 DAGs
[2021-01-14 22:51:29,492] {logging_mixin.py:103} INFO - [2021-01-14 22:51:29,491] {dag.py:2266} INFO - Setting next_dagrun for example_xcom to 2021-01-13 00:00:00+00:00
[2021-01-14 22:51:29,505] {scheduler_job.py:189} INFO - Processing /Users/chowli/.local/share/virtualenvs/marketvol-WbDfdy4N/lib/python3.7/site-packages/airflow/example_dags/example_xcom.py took 0.056 seconds
[2021-01-14 22:51:54,694] {scheduler_job.py:181} INFO - Started process (PID=73487) to work on /Users/chowli/.local/share/virtualenvs/marketvol-WbDfdy4N/lib/python3.7/site-packages/airflow/example_dags/example_xcom.py
[2021-01-14 22:51:54,696] {scheduler_job.py:629} INFO - Processing file /Users/chowli/.local/share/virtualenvs/marketvol-WbDfdy4N/lib/python3.7/site-packages/airflow/example_dags/example_xcom.py for tasks to queue
[2021-01-14 22:51:54,697] {logging_mixin.py:103} INFO - [2021-01-14 22:51:54,697] {dagbag.py:440} INFO - Filling up the DagBag from /Users/chowli/.local/share/virtualenvs/marketvol-WbDfdy4N/lib/python3.7/site-packages/airflow/example_dags/example_xcom.py
[2021-01-14 22:51:54,708] {scheduler_job.py:639} INFO - DAG(s) dict_keys(['example_xcom']) retrieved from /Users/chowli/.local/share/virtualenvs/marketvol-WbDfdy4N/lib/python3.7/site-packages/airflow/example_dags/example_xcom.py
[2021-01-14 22:51:54,709] {logging_mixin.py:103} INFO - [2021-01-14 22:51:54,709] {dag.py:1813} INFO - Sync 1 DAGs
[2021-01-14 22:51:54,725] {logging_mixin.py:103} INFO - [2021-01-14 22:51:54,724] {dag.py:2266} INFO - Setting next_dagrun for example_xcom to 2021-01-13 00:00:00+00:00
[2021-01-14 22:51:54,737] {scheduler_job.py:189} INFO - Processing /Users/chowli/.local/share/virtualenvs/marketvol-WbDfdy4N/lib/python3.7/site-packages/airflow/example_dags/example_xcom.py took 0.046 seconds
[2021-01-14 22:52:19,946] {scheduler_job.py:181} INFO - Started process (PID=73517) to work on /Users/chowli/.local/share/virtualenvs/marketvol-WbDfdy4N/lib/python3.7/site-packages/airflow/example_dags/example_xcom.py
[2021-01-14 22:52:19,948] {scheduler_job.py:629} INFO - Processing file /Users/chowli/.local/share/virtualenvs/marketvol-WbDfdy4N/lib/python3.7/site-packages/airflow/example_dags/example_xcom.py for tasks to queue
[2021-01-14 22:52:19,949] {logging_mixin.py:103} INFO - [2021-01-14 22:52:19,949] {dagbag.py:440} INFO - Filling up the DagBag from /Users/chowli/.local/share/virtualenvs/marketvol-WbDfdy4N/lib/python3.7/site-packages/airflow/example_dags/example_xcom.py
[2021-01-14 22:52:19,962] {scheduler_job.py:639} INFO - DAG(s) dict_keys(['example_xcom']) retrieved from /Users/chowli/.local/share/virtualenvs/marketvol-WbDfdy4N/lib/python3.7/site-packages/airflow/example_dags/example_xcom.py
[2021-01-14 22:52:19,964] {logging_mixin.py:103} INFO - [2021-01-14 22:52:19,964] {dag.py:1813} INFO - Sync 1 DAGs
[2021-01-14 22:52:19,982] {logging_mixin.py:103} INFO - [2021-01-14 22:52:19,981] {dag.py:2266} INFO - Setting next_dagrun for example_xcom to 2021-01-13 00:00:00+00:00
[2021-01-14 22:52:19,995] {scheduler_job.py:189} INFO - Processing /Users/chowli/.local/share/virtualenvs/marketvol-WbDfdy4N/lib/python3.7/site-packages/airflow/example_dags/example_xcom.py took 0.053 seconds
[2021-01-14 22:52:46,230] {scheduler_job.py:181} INFO - Started process (PID=73561) to work on /Users/chowli/.local/share/virtualenvs/marketvol-WbDfdy4N/lib/python3.7/site-packages/airflow/example_dags/example_xcom.py
[2021-01-14 22:52:46,233] {scheduler_job.py:629} INFO - Processing file /Users/chowli/.local/share/virtualenvs/marketvol-WbDfdy4N/lib/python3.7/site-packages/airflow/example_dags/example_xcom.py for tasks to queue
[2021-01-14 22:52:46,234] {logging_mixin.py:103} INFO - [2021-01-14 22:52:46,234] {dagbag.py:440} INFO - Filling up the DagBag from /Users/chowli/.local/share/virtualenvs/marketvol-WbDfdy4N/lib/python3.7/site-packages/airflow/example_dags/example_xcom.py
[2021-01-14 22:52:46,247] {scheduler_job.py:639} INFO - DAG(s) dict_keys(['example_xcom']) retrieved from /Users/chowli/.local/share/virtualenvs/marketvol-WbDfdy4N/lib/python3.7/site-packages/airflow/example_dags/example_xcom.py
[2021-01-14 22:52:46,249] {logging_mixin.py:103} INFO - [2021-01-14 22:52:46,248] {dag.py:1813} INFO - Sync 1 DAGs
[2021-01-14 22:52:46,267] {logging_mixin.py:103} INFO - [2021-01-14 22:52:46,266] {dag.py:2266} INFO - Setting next_dagrun for example_xcom to 2021-01-13 00:00:00+00:00
[2021-01-14 22:52:46,281] {scheduler_job.py:189} INFO - Processing /Users/chowli/.local/share/virtualenvs/marketvol-WbDfdy4N/lib/python3.7/site-packages/airflow/example_dags/example_xcom.py took 0.055 seconds
[2021-01-14 22:53:04,279] {scheduler_job.py:181} INFO - Started process (PID=73596) to work on /Users/chowli/.local/share/virtualenvs/marketvol-WbDfdy4N/lib/python3.7/site-packages/airflow/example_dags/example_xcom.py
[2021-01-14 22:53:04,281] {scheduler_job.py:629} INFO - Processing file /Users/chowli/.local/share/virtualenvs/marketvol-WbDfdy4N/lib/python3.7/site-packages/airflow/example_dags/example_xcom.py for tasks to queue
[2021-01-14 22:53:04,283] {logging_mixin.py:103} INFO - [2021-01-14 22:53:04,282] {dagbag.py:440} INFO - Filling up the DagBag from /Users/chowli/.local/share/virtualenvs/marketvol-WbDfdy4N/lib/python3.7/site-packages/airflow/example_dags/example_xcom.py
[2021-01-14 22:53:04,300] {scheduler_job.py:639} INFO - DAG(s) dict_keys(['example_xcom']) retrieved from /Users/chowli/.local/share/virtualenvs/marketvol-WbDfdy4N/lib/python3.7/site-packages/airflow/example_dags/example_xcom.py
[2021-01-14 22:53:04,303] {logging_mixin.py:103} INFO - [2021-01-14 22:53:04,302] {dag.py:1813} INFO - Sync 1 DAGs
[2021-01-14 22:53:04,326] {logging_mixin.py:103} INFO - [2021-01-14 22:53:04,325] {dag.py:2266} INFO - Setting next_dagrun for example_xcom to 2021-01-13 00:00:00+00:00
[2021-01-14 22:53:04,341] {scheduler_job.py:189} INFO - Processing /Users/chowli/.local/share/virtualenvs/marketvol-WbDfdy4N/lib/python3.7/site-packages/airflow/example_dags/example_xcom.py took 0.067 seconds
[2021-01-14 22:53:32,082] {scheduler_job.py:181} INFO - Started process (PID=73677) to work on /Users/chowli/.local/share/virtualenvs/marketvol-WbDfdy4N/lib/python3.7/site-packages/airflow/example_dags/example_xcom.py
[2021-01-14 22:53:32,083] {scheduler_job.py:629} INFO - Processing file /Users/chowli/.local/share/virtualenvs/marketvol-WbDfdy4N/lib/python3.7/site-packages/airflow/example_dags/example_xcom.py for tasks to queue
[2021-01-14 22:53:32,084] {logging_mixin.py:103} INFO - [2021-01-14 22:53:32,084] {dagbag.py:440} INFO - Filling up the DagBag from /Users/chowli/.local/share/virtualenvs/marketvol-WbDfdy4N/lib/python3.7/site-packages/airflow/example_dags/example_xcom.py
[2021-01-14 22:53:32,094] {scheduler_job.py:639} INFO - DAG(s) dict_keys(['example_xcom']) retrieved from /Users/chowli/.local/share/virtualenvs/marketvol-WbDfdy4N/lib/python3.7/site-packages/airflow/example_dags/example_xcom.py
[2021-01-14 22:53:32,095] {logging_mixin.py:103} INFO - [2021-01-14 22:53:32,095] {dag.py:1813} INFO - Sync 1 DAGs
[2021-01-14 22:53:32,109] {logging_mixin.py:103} INFO - [2021-01-14 22:53:32,109] {dag.py:2266} INFO - Setting next_dagrun for example_xcom to 2021-01-13 00:00:00+00:00
[2021-01-14 22:53:32,121] {scheduler_job.py:189} INFO - Processing /Users/chowli/.local/share/virtualenvs/marketvol-WbDfdy4N/lib/python3.7/site-packages/airflow/example_dags/example_xcom.py took 0.043 seconds
[2021-01-14 22:53:58,975] {scheduler_job.py:181} INFO - Started process (PID=73773) to work on /Users/chowli/.local/share/virtualenvs/marketvol-WbDfdy4N/lib/python3.7/site-packages/airflow/example_dags/example_xcom.py
[2021-01-14 22:53:58,977] {scheduler_job.py:629} INFO - Processing file /Users/chowli/.local/share/virtualenvs/marketvol-WbDfdy4N/lib/python3.7/site-packages/airflow/example_dags/example_xcom.py for tasks to queue
[2021-01-14 22:53:58,979] {logging_mixin.py:103} INFO - [2021-01-14 22:53:58,978] {dagbag.py:440} INFO - Filling up the DagBag from /Users/chowli/.local/share/virtualenvs/marketvol-WbDfdy4N/lib/python3.7/site-packages/airflow/example_dags/example_xcom.py
[2021-01-14 22:53:58,996] {scheduler_job.py:639} INFO - DAG(s) dict_keys(['example_xcom']) retrieved from /Users/chowli/.local/share/virtualenvs/marketvol-WbDfdy4N/lib/python3.7/site-packages/airflow/example_dags/example_xcom.py
[2021-01-14 22:53:58,997] {logging_mixin.py:103} INFO - [2021-01-14 22:53:58,997] {dag.py:1813} INFO - Sync 1 DAGs
[2021-01-14 22:53:59,020] {logging_mixin.py:103} INFO - [2021-01-14 22:53:59,019] {dag.py:2266} INFO - Setting next_dagrun for example_xcom to 2021-01-13 00:00:00+00:00
[2021-01-14 22:53:59,038] {scheduler_job.py:189} INFO - Processing /Users/chowli/.local/share/virtualenvs/marketvol-WbDfdy4N/lib/python3.7/site-packages/airflow/example_dags/example_xcom.py took 0.068 seconds
[2021-01-14 22:54:33,171] {scheduler_job.py:181} INFO - Started process (PID=73829) to work on /Users/chowli/.local/share/virtualenvs/marketvol-WbDfdy4N/lib/python3.7/site-packages/airflow/example_dags/example_xcom.py
[2021-01-14 22:54:33,173] {scheduler_job.py:629} INFO - Processing file /Users/chowli/.local/share/virtualenvs/marketvol-WbDfdy4N/lib/python3.7/site-packages/airflow/example_dags/example_xcom.py for tasks to queue
[2021-01-14 22:54:33,175] {logging_mixin.py:103} INFO - [2021-01-14 22:54:33,174] {dagbag.py:440} INFO - Filling up the DagBag from /Users/chowli/.local/share/virtualenvs/marketvol-WbDfdy4N/lib/python3.7/site-packages/airflow/example_dags/example_xcom.py
[2021-01-14 22:54:33,189] {scheduler_job.py:639} INFO - DAG(s) dict_keys(['example_xcom']) retrieved from /Users/chowli/.local/share/virtualenvs/marketvol-WbDfdy4N/lib/python3.7/site-packages/airflow/example_dags/example_xcom.py
[2021-01-14 22:54:33,191] {logging_mixin.py:103} INFO - [2021-01-14 22:54:33,191] {dag.py:1813} INFO - Sync 1 DAGs
[2021-01-14 22:54:33,210] {logging_mixin.py:103} INFO - [2021-01-14 22:54:33,210] {dag.py:2266} INFO - Setting next_dagrun for example_xcom to 2021-01-13 00:00:00+00:00
[2021-01-14 22:54:33,227] {scheduler_job.py:189} INFO - Processing /Users/chowli/.local/share/virtualenvs/marketvol-WbDfdy4N/lib/python3.7/site-packages/airflow/example_dags/example_xcom.py took 0.061 seconds
