[2021-01-14 22:50:27,192] {scheduler_job.py:181} INFO - Started process (PID=73381) to work on /Users/chowli/.local/share/virtualenvs/marketvol-WbDfdy4N/lib/python3.7/site-packages/airflow/example_dags/example_short_circuit_operator.py
[2021-01-14 22:50:27,193] {scheduler_job.py:629} INFO - Processing file /Users/chowli/.local/share/virtualenvs/marketvol-WbDfdy4N/lib/python3.7/site-packages/airflow/example_dags/example_short_circuit_operator.py for tasks to queue
[2021-01-14 22:50:27,194] {logging_mixin.py:103} INFO - [2021-01-14 22:50:27,194] {dagbag.py:440} INFO - Filling up the DagBag from /Users/chowli/.local/share/virtualenvs/marketvol-WbDfdy4N/lib/python3.7/site-packages/airflow/example_dags/example_short_circuit_operator.py
[2021-01-14 22:50:27,206] {scheduler_job.py:639} INFO - DAG(s) dict_keys(['example_short_circuit_operator']) retrieved from /Users/chowli/.local/share/virtualenvs/marketvol-WbDfdy4N/lib/python3.7/site-packages/airflow/example_dags/example_short_circuit_operator.py
[2021-01-14 22:50:27,207] {logging_mixin.py:103} INFO - [2021-01-14 22:50:27,207] {dag.py:1813} INFO - Sync 1 DAGs
[2021-01-14 22:50:27,221] {logging_mixin.py:103} INFO - [2021-01-14 22:50:27,220] {dag.py:2266} INFO - Setting next_dagrun for example_short_circuit_operator to 2021-01-13 00:00:00+00:00
[2021-01-14 22:50:27,248] {scheduler_job.py:189} INFO - Processing /Users/chowli/.local/share/virtualenvs/marketvol-WbDfdy4N/lib/python3.7/site-packages/airflow/example_dags/example_short_circuit_operator.py took 0.060 seconds
[2021-01-14 22:50:52,165] {scheduler_job.py:181} INFO - Started process (PID=73409) to work on /Users/chowli/.local/share/virtualenvs/marketvol-WbDfdy4N/lib/python3.7/site-packages/airflow/example_dags/example_short_circuit_operator.py
[2021-01-14 22:50:52,167] {scheduler_job.py:629} INFO - Processing file /Users/chowli/.local/share/virtualenvs/marketvol-WbDfdy4N/lib/python3.7/site-packages/airflow/example_dags/example_short_circuit_operator.py for tasks to queue
[2021-01-14 22:50:52,169] {logging_mixin.py:103} INFO - [2021-01-14 22:50:52,168] {dagbag.py:440} INFO - Filling up the DagBag from /Users/chowli/.local/share/virtualenvs/marketvol-WbDfdy4N/lib/python3.7/site-packages/airflow/example_dags/example_short_circuit_operator.py
[2021-01-14 22:50:52,180] {scheduler_job.py:639} INFO - DAG(s) dict_keys(['example_short_circuit_operator']) retrieved from /Users/chowli/.local/share/virtualenvs/marketvol-WbDfdy4N/lib/python3.7/site-packages/airflow/example_dags/example_short_circuit_operator.py
[2021-01-14 22:50:52,182] {logging_mixin.py:103} INFO - [2021-01-14 22:50:52,182] {dag.py:1813} INFO - Sync 1 DAGs
[2021-01-14 22:50:52,199] {logging_mixin.py:103} INFO - [2021-01-14 22:50:52,198] {dag.py:2266} INFO - Setting next_dagrun for example_short_circuit_operator to 2021-01-13 00:00:00+00:00
[2021-01-14 22:50:52,207] {scheduler_job.py:189} INFO - Processing /Users/chowli/.local/share/virtualenvs/marketvol-WbDfdy4N/lib/python3.7/site-packages/airflow/example_dags/example_short_circuit_operator.py took 0.046 seconds
[2021-01-14 22:51:17,997] {scheduler_job.py:181} INFO - Started process (PID=73441) to work on /Users/chowli/.local/share/virtualenvs/marketvol-WbDfdy4N/lib/python3.7/site-packages/airflow/example_dags/example_short_circuit_operator.py
[2021-01-14 22:51:17,999] {scheduler_job.py:629} INFO - Processing file /Users/chowli/.local/share/virtualenvs/marketvol-WbDfdy4N/lib/python3.7/site-packages/airflow/example_dags/example_short_circuit_operator.py for tasks to queue
[2021-01-14 22:51:18,000] {logging_mixin.py:103} INFO - [2021-01-14 22:51:18,000] {dagbag.py:440} INFO - Filling up the DagBag from /Users/chowli/.local/share/virtualenvs/marketvol-WbDfdy4N/lib/python3.7/site-packages/airflow/example_dags/example_short_circuit_operator.py
[2021-01-14 22:51:18,015] {scheduler_job.py:639} INFO - DAG(s) dict_keys(['example_short_circuit_operator']) retrieved from /Users/chowli/.local/share/virtualenvs/marketvol-WbDfdy4N/lib/python3.7/site-packages/airflow/example_dags/example_short_circuit_operator.py
[2021-01-14 22:51:18,017] {logging_mixin.py:103} INFO - [2021-01-14 22:51:18,016] {dag.py:1813} INFO - Sync 1 DAGs
[2021-01-14 22:51:18,036] {logging_mixin.py:103} INFO - [2021-01-14 22:51:18,036] {dag.py:2266} INFO - Setting next_dagrun for example_short_circuit_operator to 2021-01-13 00:00:00+00:00
[2021-01-14 22:51:18,050] {scheduler_job.py:189} INFO - Processing /Users/chowli/.local/share/virtualenvs/marketvol-WbDfdy4N/lib/python3.7/site-packages/airflow/example_dags/example_short_circuit_operator.py took 0.057 seconds
[2021-01-14 22:51:43,548] {scheduler_job.py:181} INFO - Started process (PID=73474) to work on /Users/chowli/.local/share/virtualenvs/marketvol-WbDfdy4N/lib/python3.7/site-packages/airflow/example_dags/example_short_circuit_operator.py
[2021-01-14 22:51:43,549] {scheduler_job.py:629} INFO - Processing file /Users/chowli/.local/share/virtualenvs/marketvol-WbDfdy4N/lib/python3.7/site-packages/airflow/example_dags/example_short_circuit_operator.py for tasks to queue
[2021-01-14 22:51:43,551] {logging_mixin.py:103} INFO - [2021-01-14 22:51:43,550] {dagbag.py:440} INFO - Filling up the DagBag from /Users/chowli/.local/share/virtualenvs/marketvol-WbDfdy4N/lib/python3.7/site-packages/airflow/example_dags/example_short_circuit_operator.py
[2021-01-14 22:51:43,565] {scheduler_job.py:639} INFO - DAG(s) dict_keys(['example_short_circuit_operator']) retrieved from /Users/chowli/.local/share/virtualenvs/marketvol-WbDfdy4N/lib/python3.7/site-packages/airflow/example_dags/example_short_circuit_operator.py
[2021-01-14 22:51:43,567] {logging_mixin.py:103} INFO - [2021-01-14 22:51:43,567] {dag.py:1813} INFO - Sync 1 DAGs
[2021-01-14 22:51:43,587] {logging_mixin.py:103} INFO - [2021-01-14 22:51:43,586] {dag.py:2266} INFO - Setting next_dagrun for example_short_circuit_operator to 2021-01-13 00:00:00+00:00
[2021-01-14 22:51:43,602] {scheduler_job.py:189} INFO - Processing /Users/chowli/.local/share/virtualenvs/marketvol-WbDfdy4N/lib/python3.7/site-packages/airflow/example_dags/example_short_circuit_operator.py took 0.058 seconds
[2021-01-14 22:52:08,810] {scheduler_job.py:181} INFO - Started process (PID=73502) to work on /Users/chowli/.local/share/virtualenvs/marketvol-WbDfdy4N/lib/python3.7/site-packages/airflow/example_dags/example_short_circuit_operator.py
[2021-01-14 22:52:08,812] {scheduler_job.py:629} INFO - Processing file /Users/chowli/.local/share/virtualenvs/marketvol-WbDfdy4N/lib/python3.7/site-packages/airflow/example_dags/example_short_circuit_operator.py for tasks to queue
[2021-01-14 22:52:08,813] {logging_mixin.py:103} INFO - [2021-01-14 22:52:08,813] {dagbag.py:440} INFO - Filling up the DagBag from /Users/chowli/.local/share/virtualenvs/marketvol-WbDfdy4N/lib/python3.7/site-packages/airflow/example_dags/example_short_circuit_operator.py
[2021-01-14 22:52:08,828] {scheduler_job.py:639} INFO - DAG(s) dict_keys(['example_short_circuit_operator']) retrieved from /Users/chowli/.local/share/virtualenvs/marketvol-WbDfdy4N/lib/python3.7/site-packages/airflow/example_dags/example_short_circuit_operator.py
[2021-01-14 22:52:08,830] {logging_mixin.py:103} INFO - [2021-01-14 22:52:08,829] {dag.py:1813} INFO - Sync 1 DAGs
[2021-01-14 22:52:08,848] {logging_mixin.py:103} INFO - [2021-01-14 22:52:08,848] {dag.py:2266} INFO - Setting next_dagrun for example_short_circuit_operator to 2021-01-13 00:00:00+00:00
[2021-01-14 22:52:08,865] {scheduler_job.py:189} INFO - Processing /Users/chowli/.local/share/virtualenvs/marketvol-WbDfdy4N/lib/python3.7/site-packages/airflow/example_dags/example_short_circuit_operator.py took 0.058 seconds
[2021-01-14 22:52:34,052] {scheduler_job.py:181} INFO - Started process (PID=73533) to work on /Users/chowli/.local/share/virtualenvs/marketvol-WbDfdy4N/lib/python3.7/site-packages/airflow/example_dags/example_short_circuit_operator.py
[2021-01-14 22:52:34,054] {scheduler_job.py:629} INFO - Processing file /Users/chowli/.local/share/virtualenvs/marketvol-WbDfdy4N/lib/python3.7/site-packages/airflow/example_dags/example_short_circuit_operator.py for tasks to queue
[2021-01-14 22:52:34,055] {logging_mixin.py:103} INFO - [2021-01-14 22:52:34,055] {dagbag.py:440} INFO - Filling up the DagBag from /Users/chowli/.local/share/virtualenvs/marketvol-WbDfdy4N/lib/python3.7/site-packages/airflow/example_dags/example_short_circuit_operator.py
[2021-01-14 22:52:34,069] {scheduler_job.py:639} INFO - DAG(s) dict_keys(['example_short_circuit_operator']) retrieved from /Users/chowli/.local/share/virtualenvs/marketvol-WbDfdy4N/lib/python3.7/site-packages/airflow/example_dags/example_short_circuit_operator.py
[2021-01-14 22:52:34,071] {logging_mixin.py:103} INFO - [2021-01-14 22:52:34,071] {dag.py:1813} INFO - Sync 1 DAGs
[2021-01-14 22:52:34,091] {logging_mixin.py:103} INFO - [2021-01-14 22:52:34,090] {dag.py:2266} INFO - Setting next_dagrun for example_short_circuit_operator to 2021-01-13 00:00:00+00:00
[2021-01-14 22:52:34,106] {scheduler_job.py:189} INFO - Processing /Users/chowli/.local/share/virtualenvs/marketvol-WbDfdy4N/lib/python3.7/site-packages/airflow/example_dags/example_short_circuit_operator.py took 0.057 seconds
[2021-01-14 22:53:28,059] {scheduler_job.py:181} INFO - Started process (PID=73673) to work on /Users/chowli/.local/share/virtualenvs/marketvol-WbDfdy4N/lib/python3.7/site-packages/airflow/example_dags/example_short_circuit_operator.py
[2021-01-14 22:53:28,060] {scheduler_job.py:629} INFO - Processing file /Users/chowli/.local/share/virtualenvs/marketvol-WbDfdy4N/lib/python3.7/site-packages/airflow/example_dags/example_short_circuit_operator.py for tasks to queue
[2021-01-14 22:53:28,061] {logging_mixin.py:103} INFO - [2021-01-14 22:53:28,061] {dagbag.py:440} INFO - Filling up the DagBag from /Users/chowli/.local/share/virtualenvs/marketvol-WbDfdy4N/lib/python3.7/site-packages/airflow/example_dags/example_short_circuit_operator.py
[2021-01-14 22:53:28,074] {scheduler_job.py:639} INFO - DAG(s) dict_keys(['example_short_circuit_operator']) retrieved from /Users/chowli/.local/share/virtualenvs/marketvol-WbDfdy4N/lib/python3.7/site-packages/airflow/example_dags/example_short_circuit_operator.py
[2021-01-14 22:53:28,075] {logging_mixin.py:103} INFO - [2021-01-14 22:53:28,075] {dag.py:1813} INFO - Sync 1 DAGs
[2021-01-14 22:53:28,091] {logging_mixin.py:103} INFO - [2021-01-14 22:53:28,091] {dag.py:2266} INFO - Setting next_dagrun for example_short_circuit_operator to 2021-01-13 00:00:00+00:00
[2021-01-14 22:53:28,104] {scheduler_job.py:189} INFO - Processing /Users/chowli/.local/share/virtualenvs/marketvol-WbDfdy4N/lib/python3.7/site-packages/airflow/example_dags/example_short_circuit_operator.py took 0.049 seconds
[2021-01-14 22:53:54,972] {scheduler_job.py:181} INFO - Started process (PID=73762) to work on /Users/chowli/.local/share/virtualenvs/marketvol-WbDfdy4N/lib/python3.7/site-packages/airflow/example_dags/example_short_circuit_operator.py
[2021-01-14 22:53:54,973] {scheduler_job.py:629} INFO - Processing file /Users/chowli/.local/share/virtualenvs/marketvol-WbDfdy4N/lib/python3.7/site-packages/airflow/example_dags/example_short_circuit_operator.py for tasks to queue
[2021-01-14 22:53:54,974] {logging_mixin.py:103} INFO - [2021-01-14 22:53:54,974] {dagbag.py:440} INFO - Filling up the DagBag from /Users/chowli/.local/share/virtualenvs/marketvol-WbDfdy4N/lib/python3.7/site-packages/airflow/example_dags/example_short_circuit_operator.py
[2021-01-14 22:53:54,988] {scheduler_job.py:639} INFO - DAG(s) dict_keys(['example_short_circuit_operator']) retrieved from /Users/chowli/.local/share/virtualenvs/marketvol-WbDfdy4N/lib/python3.7/site-packages/airflow/example_dags/example_short_circuit_operator.py
[2021-01-14 22:53:54,989] {logging_mixin.py:103} INFO - [2021-01-14 22:53:54,989] {dag.py:1813} INFO - Sync 1 DAGs
[2021-01-14 22:53:55,006] {logging_mixin.py:103} INFO - [2021-01-14 22:53:55,006] {dag.py:2266} INFO - Setting next_dagrun for example_short_circuit_operator to 2021-01-13 00:00:00+00:00
[2021-01-14 22:53:55,021] {scheduler_job.py:189} INFO - Processing /Users/chowli/.local/share/virtualenvs/marketvol-WbDfdy4N/lib/python3.7/site-packages/airflow/example_dags/example_short_circuit_operator.py took 0.053 seconds
[2021-01-14 22:54:29,136] {scheduler_job.py:181} INFO - Started process (PID=73825) to work on /Users/chowli/.local/share/virtualenvs/marketvol-WbDfdy4N/lib/python3.7/site-packages/airflow/example_dags/example_short_circuit_operator.py
[2021-01-14 22:54:29,137] {scheduler_job.py:629} INFO - Processing file /Users/chowli/.local/share/virtualenvs/marketvol-WbDfdy4N/lib/python3.7/site-packages/airflow/example_dags/example_short_circuit_operator.py for tasks to queue
[2021-01-14 22:54:29,139] {logging_mixin.py:103} INFO - [2021-01-14 22:54:29,138] {dagbag.py:440} INFO - Filling up the DagBag from /Users/chowli/.local/share/virtualenvs/marketvol-WbDfdy4N/lib/python3.7/site-packages/airflow/example_dags/example_short_circuit_operator.py
[2021-01-14 22:54:29,152] {scheduler_job.py:639} INFO - DAG(s) dict_keys(['example_short_circuit_operator']) retrieved from /Users/chowli/.local/share/virtualenvs/marketvol-WbDfdy4N/lib/python3.7/site-packages/airflow/example_dags/example_short_circuit_operator.py
[2021-01-14 22:54:29,153] {logging_mixin.py:103} INFO - [2021-01-14 22:54:29,153] {dag.py:1813} INFO - Sync 1 DAGs
[2021-01-14 22:54:29,170] {logging_mixin.py:103} INFO - [2021-01-14 22:54:29,170] {dag.py:2266} INFO - Setting next_dagrun for example_short_circuit_operator to 2021-01-13 00:00:00+00:00
[2021-01-14 22:54:29,186] {scheduler_job.py:189} INFO - Processing /Users/chowli/.local/share/virtualenvs/marketvol-WbDfdy4N/lib/python3.7/site-packages/airflow/example_dags/example_short_circuit_operator.py took 0.053 seconds
