[2021-01-14 22:49:27,413] {scheduler_job.py:181} INFO - Started process (PID=73236) to work on /Users/chowli/.local/share/virtualenvs/marketvol-WbDfdy4N/lib/python3.7/site-packages/airflow/example_dags/example_skip_dag.py
[2021-01-14 22:49:27,415] {scheduler_job.py:629} INFO - Processing file /Users/chowli/.local/share/virtualenvs/marketvol-WbDfdy4N/lib/python3.7/site-packages/airflow/example_dags/example_skip_dag.py for tasks to queue
[2021-01-14 22:49:27,416] {logging_mixin.py:103} INFO - [2021-01-14 22:49:27,416] {dagbag.py:440} INFO - Filling up the DagBag from /Users/chowli/.local/share/virtualenvs/marketvol-WbDfdy4N/lib/python3.7/site-packages/airflow/example_dags/example_skip_dag.py
[2021-01-14 22:49:27,427] {scheduler_job.py:639} INFO - DAG(s) dict_keys(['example_skip_dag']) retrieved from /Users/chowli/.local/share/virtualenvs/marketvol-WbDfdy4N/lib/python3.7/site-packages/airflow/example_dags/example_skip_dag.py
[2021-01-14 22:49:27,429] {logging_mixin.py:103} INFO - [2021-01-14 22:49:27,429] {dag.py:1813} INFO - Sync 1 DAGs
[2021-01-14 22:49:27,445] {logging_mixin.py:103} INFO - [2021-01-14 22:49:27,444] {dag.py:2266} INFO - Setting next_dagrun for example_skip_dag to 2021-01-13 00:00:00+00:00
[2021-01-14 22:49:27,469] {scheduler_job.py:189} INFO - Processing /Users/chowli/.local/share/virtualenvs/marketvol-WbDfdy4N/lib/python3.7/site-packages/airflow/example_dags/example_skip_dag.py took 0.059 seconds
[2021-01-14 22:50:42,069] {scheduler_job.py:181} INFO - Started process (PID=73397) to work on /Users/chowli/.local/share/virtualenvs/marketvol-WbDfdy4N/lib/python3.7/site-packages/airflow/example_dags/example_skip_dag.py
[2021-01-14 22:50:42,071] {scheduler_job.py:629} INFO - Processing file /Users/chowli/.local/share/virtualenvs/marketvol-WbDfdy4N/lib/python3.7/site-packages/airflow/example_dags/example_skip_dag.py for tasks to queue
[2021-01-14 22:50:42,072] {logging_mixin.py:103} INFO - [2021-01-14 22:50:42,072] {dagbag.py:440} INFO - Filling up the DagBag from /Users/chowli/.local/share/virtualenvs/marketvol-WbDfdy4N/lib/python3.7/site-packages/airflow/example_dags/example_skip_dag.py
[2021-01-14 22:50:42,084] {scheduler_job.py:639} INFO - DAG(s) dict_keys(['example_skip_dag']) retrieved from /Users/chowli/.local/share/virtualenvs/marketvol-WbDfdy4N/lib/python3.7/site-packages/airflow/example_dags/example_skip_dag.py
[2021-01-14 22:50:42,086] {logging_mixin.py:103} INFO - [2021-01-14 22:50:42,086] {dag.py:1813} INFO - Sync 1 DAGs
[2021-01-14 22:50:42,104] {logging_mixin.py:103} INFO - [2021-01-14 22:50:42,103] {dag.py:2266} INFO - Setting next_dagrun for example_skip_dag to 2021-01-13 00:00:00+00:00
[2021-01-14 22:50:42,118] {scheduler_job.py:189} INFO - Processing /Users/chowli/.local/share/virtualenvs/marketvol-WbDfdy4N/lib/python3.7/site-packages/airflow/example_dags/example_skip_dag.py took 0.053 seconds
[2021-01-14 22:51:07,318] {scheduler_job.py:181} INFO - Started process (PID=73425) to work on /Users/chowli/.local/share/virtualenvs/marketvol-WbDfdy4N/lib/python3.7/site-packages/airflow/example_dags/example_skip_dag.py
[2021-01-14 22:51:07,320] {scheduler_job.py:629} INFO - Processing file /Users/chowli/.local/share/virtualenvs/marketvol-WbDfdy4N/lib/python3.7/site-packages/airflow/example_dags/example_skip_dag.py for tasks to queue
[2021-01-14 22:51:07,321] {logging_mixin.py:103} INFO - [2021-01-14 22:51:07,321] {dagbag.py:440} INFO - Filling up the DagBag from /Users/chowli/.local/share/virtualenvs/marketvol-WbDfdy4N/lib/python3.7/site-packages/airflow/example_dags/example_skip_dag.py
[2021-01-14 22:51:07,333] {scheduler_job.py:639} INFO - DAG(s) dict_keys(['example_skip_dag']) retrieved from /Users/chowli/.local/share/virtualenvs/marketvol-WbDfdy4N/lib/python3.7/site-packages/airflow/example_dags/example_skip_dag.py
[2021-01-14 22:51:07,335] {logging_mixin.py:103} INFO - [2021-01-14 22:51:07,335] {dag.py:1813} INFO - Sync 1 DAGs
[2021-01-14 22:51:07,353] {logging_mixin.py:103} INFO - [2021-01-14 22:51:07,352] {dag.py:2266} INFO - Setting next_dagrun for example_skip_dag to 2021-01-13 00:00:00+00:00
[2021-01-14 22:51:07,367] {scheduler_job.py:189} INFO - Processing /Users/chowli/.local/share/virtualenvs/marketvol-WbDfdy4N/lib/python3.7/site-packages/airflow/example_dags/example_skip_dag.py took 0.053 seconds
[2021-01-14 22:51:33,033] {scheduler_job.py:181} INFO - Started process (PID=73459) to work on /Users/chowli/.local/share/virtualenvs/marketvol-WbDfdy4N/lib/python3.7/site-packages/airflow/example_dags/example_skip_dag.py
[2021-01-14 22:51:33,035] {scheduler_job.py:629} INFO - Processing file /Users/chowli/.local/share/virtualenvs/marketvol-WbDfdy4N/lib/python3.7/site-packages/airflow/example_dags/example_skip_dag.py for tasks to queue
[2021-01-14 22:51:33,037] {logging_mixin.py:103} INFO - [2021-01-14 22:51:33,036] {dagbag.py:440} INFO - Filling up the DagBag from /Users/chowli/.local/share/virtualenvs/marketvol-WbDfdy4N/lib/python3.7/site-packages/airflow/example_dags/example_skip_dag.py
[2021-01-14 22:51:33,050] {scheduler_job.py:639} INFO - DAG(s) dict_keys(['example_skip_dag']) retrieved from /Users/chowli/.local/share/virtualenvs/marketvol-WbDfdy4N/lib/python3.7/site-packages/airflow/example_dags/example_skip_dag.py
[2021-01-14 22:51:33,052] {logging_mixin.py:103} INFO - [2021-01-14 22:51:33,051] {dag.py:1813} INFO - Sync 1 DAGs
[2021-01-14 22:51:33,071] {logging_mixin.py:103} INFO - [2021-01-14 22:51:33,070] {dag.py:2266} INFO - Setting next_dagrun for example_skip_dag to 2021-01-13 00:00:00+00:00
[2021-01-14 22:51:33,085] {scheduler_job.py:189} INFO - Processing /Users/chowli/.local/share/virtualenvs/marketvol-WbDfdy4N/lib/python3.7/site-packages/airflow/example_dags/example_skip_dag.py took 0.056 seconds
[2021-01-14 22:51:58,710] {scheduler_job.py:181} INFO - Started process (PID=73491) to work on /Users/chowli/.local/share/virtualenvs/marketvol-WbDfdy4N/lib/python3.7/site-packages/airflow/example_dags/example_skip_dag.py
[2021-01-14 22:51:58,712] {scheduler_job.py:629} INFO - Processing file /Users/chowli/.local/share/virtualenvs/marketvol-WbDfdy4N/lib/python3.7/site-packages/airflow/example_dags/example_skip_dag.py for tasks to queue
[2021-01-14 22:51:58,713] {logging_mixin.py:103} INFO - [2021-01-14 22:51:58,713] {dagbag.py:440} INFO - Filling up the DagBag from /Users/chowli/.local/share/virtualenvs/marketvol-WbDfdy4N/lib/python3.7/site-packages/airflow/example_dags/example_skip_dag.py
[2021-01-14 22:51:58,728] {scheduler_job.py:639} INFO - DAG(s) dict_keys(['example_skip_dag']) retrieved from /Users/chowli/.local/share/virtualenvs/marketvol-WbDfdy4N/lib/python3.7/site-packages/airflow/example_dags/example_skip_dag.py
[2021-01-14 22:51:58,730] {logging_mixin.py:103} INFO - [2021-01-14 22:51:58,730] {dag.py:1813} INFO - Sync 1 DAGs
[2021-01-14 22:51:58,753] {logging_mixin.py:103} INFO - [2021-01-14 22:51:58,753] {dag.py:2266} INFO - Setting next_dagrun for example_skip_dag to 2021-01-13 00:00:00+00:00
[2021-01-14 22:51:58,770] {scheduler_job.py:189} INFO - Processing /Users/chowli/.local/share/virtualenvs/marketvol-WbDfdy4N/lib/python3.7/site-packages/airflow/example_dags/example_skip_dag.py took 0.065 seconds
[2021-01-14 22:52:23,948] {scheduler_job.py:181} INFO - Started process (PID=73521) to work on /Users/chowli/.local/share/virtualenvs/marketvol-WbDfdy4N/lib/python3.7/site-packages/airflow/example_dags/example_skip_dag.py
[2021-01-14 22:52:23,950] {scheduler_job.py:629} INFO - Processing file /Users/chowli/.local/share/virtualenvs/marketvol-WbDfdy4N/lib/python3.7/site-packages/airflow/example_dags/example_skip_dag.py for tasks to queue
[2021-01-14 22:52:23,952] {logging_mixin.py:103} INFO - [2021-01-14 22:52:23,951] {dagbag.py:440} INFO - Filling up the DagBag from /Users/chowli/.local/share/virtualenvs/marketvol-WbDfdy4N/lib/python3.7/site-packages/airflow/example_dags/example_skip_dag.py
[2021-01-14 22:52:23,966] {scheduler_job.py:639} INFO - DAG(s) dict_keys(['example_skip_dag']) retrieved from /Users/chowli/.local/share/virtualenvs/marketvol-WbDfdy4N/lib/python3.7/site-packages/airflow/example_dags/example_skip_dag.py
[2021-01-14 22:52:23,968] {logging_mixin.py:103} INFO - [2021-01-14 22:52:23,967] {dag.py:1813} INFO - Sync 1 DAGs
[2021-01-14 22:52:23,989] {logging_mixin.py:103} INFO - [2021-01-14 22:52:23,989] {dag.py:2266} INFO - Setting next_dagrun for example_skip_dag to 2021-01-13 00:00:00+00:00
[2021-01-14 22:52:24,008] {scheduler_job.py:189} INFO - Processing /Users/chowli/.local/share/virtualenvs/marketvol-WbDfdy4N/lib/python3.7/site-packages/airflow/example_dags/example_skip_dag.py took 0.064 seconds
[2021-01-14 22:53:12,034] {scheduler_job.py:181} INFO - Started process (PID=73610) to work on /Users/chowli/.local/share/virtualenvs/marketvol-WbDfdy4N/lib/python3.7/site-packages/airflow/example_dags/example_skip_dag.py
[2021-01-14 22:53:12,036] {scheduler_job.py:629} INFO - Processing file /Users/chowli/.local/share/virtualenvs/marketvol-WbDfdy4N/lib/python3.7/site-packages/airflow/example_dags/example_skip_dag.py for tasks to queue
[2021-01-14 22:53:12,037] {logging_mixin.py:103} INFO - [2021-01-14 22:53:12,037] {dagbag.py:440} INFO - Filling up the DagBag from /Users/chowli/.local/share/virtualenvs/marketvol-WbDfdy4N/lib/python3.7/site-packages/airflow/example_dags/example_skip_dag.py
[2021-01-14 22:53:12,048] {scheduler_job.py:639} INFO - DAG(s) dict_keys(['example_skip_dag']) retrieved from /Users/chowli/.local/share/virtualenvs/marketvol-WbDfdy4N/lib/python3.7/site-packages/airflow/example_dags/example_skip_dag.py
[2021-01-14 22:53:12,050] {logging_mixin.py:103} INFO - [2021-01-14 22:53:12,049] {dag.py:1813} INFO - Sync 1 DAGs
[2021-01-14 22:53:12,066] {logging_mixin.py:103} INFO - [2021-01-14 22:53:12,065] {dag.py:2266} INFO - Setting next_dagrun for example_skip_dag to 2021-01-13 00:00:00+00:00
[2021-01-14 22:53:12,078] {scheduler_job.py:189} INFO - Processing /Users/chowli/.local/share/virtualenvs/marketvol-WbDfdy4N/lib/python3.7/site-packages/airflow/example_dags/example_skip_dag.py took 0.047 seconds
[2021-01-14 22:53:39,514] {scheduler_job.py:181} INFO - Started process (PID=73725) to work on /Users/chowli/.local/share/virtualenvs/marketvol-WbDfdy4N/lib/python3.7/site-packages/airflow/example_dags/example_skip_dag.py
[2021-01-14 22:53:39,515] {scheduler_job.py:629} INFO - Processing file /Users/chowli/.local/share/virtualenvs/marketvol-WbDfdy4N/lib/python3.7/site-packages/airflow/example_dags/example_skip_dag.py for tasks to queue
[2021-01-14 22:53:39,517] {logging_mixin.py:103} INFO - [2021-01-14 22:53:39,516] {dagbag.py:440} INFO - Filling up the DagBag from /Users/chowli/.local/share/virtualenvs/marketvol-WbDfdy4N/lib/python3.7/site-packages/airflow/example_dags/example_skip_dag.py
[2021-01-14 22:53:39,529] {scheduler_job.py:639} INFO - DAG(s) dict_keys(['example_skip_dag']) retrieved from /Users/chowli/.local/share/virtualenvs/marketvol-WbDfdy4N/lib/python3.7/site-packages/airflow/example_dags/example_skip_dag.py
[2021-01-14 22:53:39,531] {logging_mixin.py:103} INFO - [2021-01-14 22:53:39,530] {dag.py:1813} INFO - Sync 1 DAGs
[2021-01-14 22:53:39,549] {logging_mixin.py:103} INFO - [2021-01-14 22:53:39,549] {dag.py:2266} INFO - Setting next_dagrun for example_skip_dag to 2021-01-13 00:00:00+00:00
[2021-01-14 22:53:39,563] {scheduler_job.py:189} INFO - Processing /Users/chowli/.local/share/virtualenvs/marketvol-WbDfdy4N/lib/python3.7/site-packages/airflow/example_dags/example_skip_dag.py took 0.054 seconds
[2021-01-14 22:54:06,419] {scheduler_job.py:181} INFO - Started process (PID=73781) to work on /Users/chowli/.local/share/virtualenvs/marketvol-WbDfdy4N/lib/python3.7/site-packages/airflow/example_dags/example_skip_dag.py
[2021-01-14 22:54:06,421] {scheduler_job.py:629} INFO - Processing file /Users/chowli/.local/share/virtualenvs/marketvol-WbDfdy4N/lib/python3.7/site-packages/airflow/example_dags/example_skip_dag.py for tasks to queue
[2021-01-14 22:54:06,423] {logging_mixin.py:103} INFO - [2021-01-14 22:54:06,423] {dagbag.py:440} INFO - Filling up the DagBag from /Users/chowli/.local/share/virtualenvs/marketvol-WbDfdy4N/lib/python3.7/site-packages/airflow/example_dags/example_skip_dag.py
[2021-01-14 22:54:06,438] {scheduler_job.py:639} INFO - DAG(s) dict_keys(['example_skip_dag']) retrieved from /Users/chowli/.local/share/virtualenvs/marketvol-WbDfdy4N/lib/python3.7/site-packages/airflow/example_dags/example_skip_dag.py
[2021-01-14 22:54:06,440] {logging_mixin.py:103} INFO - [2021-01-14 22:54:06,440] {dag.py:1813} INFO - Sync 1 DAGs
[2021-01-14 22:54:06,462] {logging_mixin.py:103} INFO - [2021-01-14 22:54:06,461] {dag.py:2266} INFO - Setting next_dagrun for example_skip_dag to 2021-01-13 00:00:00+00:00
[2021-01-14 22:54:06,480] {scheduler_job.py:189} INFO - Processing /Users/chowli/.local/share/virtualenvs/marketvol-WbDfdy4N/lib/python3.7/site-packages/airflow/example_dags/example_skip_dag.py took 0.065 seconds
