[2021-01-14 22:50:27,823] {scheduler_job.py:181} INFO - Started process (PID=73382) to work on /Users/chowli/.local/share/virtualenvs/marketvol-WbDfdy4N/lib/python3.7/site-packages/airflow/example_dags/example_latest_only_with_trigger.py
[2021-01-14 22:50:27,824] {scheduler_job.py:629} INFO - Processing file /Users/chowli/.local/share/virtualenvs/marketvol-WbDfdy4N/lib/python3.7/site-packages/airflow/example_dags/example_latest_only_with_trigger.py for tasks to queue
[2021-01-14 22:50:27,826] {logging_mixin.py:103} INFO - [2021-01-14 22:50:27,825] {dagbag.py:440} INFO - Filling up the DagBag from /Users/chowli/.local/share/virtualenvs/marketvol-WbDfdy4N/lib/python3.7/site-packages/airflow/example_dags/example_latest_only_with_trigger.py
[2021-01-14 22:50:27,836] {scheduler_job.py:639} INFO - DAG(s) dict_keys(['latest_only_with_trigger']) retrieved from /Users/chowli/.local/share/virtualenvs/marketvol-WbDfdy4N/lib/python3.7/site-packages/airflow/example_dags/example_latest_only_with_trigger.py
[2021-01-14 22:50:27,837] {logging_mixin.py:103} INFO - [2021-01-14 22:50:27,837] {dag.py:1813} INFO - Sync 1 DAGs
[2021-01-14 22:50:27,853] {logging_mixin.py:103} INFO - [2021-01-14 22:50:27,853] {dag.py:2266} INFO - Setting next_dagrun for latest_only_with_trigger to 2021-01-13 00:00:00+00:00
[2021-01-14 22:50:27,872] {scheduler_job.py:189} INFO - Processing /Users/chowli/.local/share/virtualenvs/marketvol-WbDfdy4N/lib/python3.7/site-packages/airflow/example_dags/example_latest_only_with_trigger.py took 0.052 seconds
[2021-01-14 22:50:53,064] {scheduler_job.py:181} INFO - Started process (PID=73410) to work on /Users/chowli/.local/share/virtualenvs/marketvol-WbDfdy4N/lib/python3.7/site-packages/airflow/example_dags/example_latest_only_with_trigger.py
[2021-01-14 22:50:53,067] {scheduler_job.py:629} INFO - Processing file /Users/chowli/.local/share/virtualenvs/marketvol-WbDfdy4N/lib/python3.7/site-packages/airflow/example_dags/example_latest_only_with_trigger.py for tasks to queue
[2021-01-14 22:50:53,068] {logging_mixin.py:103} INFO - [2021-01-14 22:50:53,068] {dagbag.py:440} INFO - Filling up the DagBag from /Users/chowli/.local/share/virtualenvs/marketvol-WbDfdy4N/lib/python3.7/site-packages/airflow/example_dags/example_latest_only_with_trigger.py
[2021-01-14 22:50:53,078] {scheduler_job.py:639} INFO - DAG(s) dict_keys(['latest_only_with_trigger']) retrieved from /Users/chowli/.local/share/virtualenvs/marketvol-WbDfdy4N/lib/python3.7/site-packages/airflow/example_dags/example_latest_only_with_trigger.py
[2021-01-14 22:50:53,080] {logging_mixin.py:103} INFO - [2021-01-14 22:50:53,079] {dag.py:1813} INFO - Sync 1 DAGs
[2021-01-14 22:50:53,099] {logging_mixin.py:103} INFO - [2021-01-14 22:50:53,098] {dag.py:2266} INFO - Setting next_dagrun for latest_only_with_trigger to 2021-01-13 00:00:00+00:00
[2021-01-14 22:50:53,108] {scheduler_job.py:189} INFO - Processing /Users/chowli/.local/share/virtualenvs/marketvol-WbDfdy4N/lib/python3.7/site-packages/airflow/example_dags/example_latest_only_with_trigger.py took 0.047 seconds
[2021-01-14 22:51:18,324] {scheduler_job.py:181} INFO - Started process (PID=73442) to work on /Users/chowli/.local/share/virtualenvs/marketvol-WbDfdy4N/lib/python3.7/site-packages/airflow/example_dags/example_latest_only_with_trigger.py
[2021-01-14 22:51:18,326] {scheduler_job.py:629} INFO - Processing file /Users/chowli/.local/share/virtualenvs/marketvol-WbDfdy4N/lib/python3.7/site-packages/airflow/example_dags/example_latest_only_with_trigger.py for tasks to queue
[2021-01-14 22:51:18,327] {logging_mixin.py:103} INFO - [2021-01-14 22:51:18,327] {dagbag.py:440} INFO - Filling up the DagBag from /Users/chowli/.local/share/virtualenvs/marketvol-WbDfdy4N/lib/python3.7/site-packages/airflow/example_dags/example_latest_only_with_trigger.py
[2021-01-14 22:51:18,340] {scheduler_job.py:639} INFO - DAG(s) dict_keys(['latest_only_with_trigger']) retrieved from /Users/chowli/.local/share/virtualenvs/marketvol-WbDfdy4N/lib/python3.7/site-packages/airflow/example_dags/example_latest_only_with_trigger.py
[2021-01-14 22:51:18,342] {logging_mixin.py:103} INFO - [2021-01-14 22:51:18,342] {dag.py:1813} INFO - Sync 1 DAGs
[2021-01-14 22:51:18,361] {logging_mixin.py:103} INFO - [2021-01-14 22:51:18,361] {dag.py:2266} INFO - Setting next_dagrun for latest_only_with_trigger to 2021-01-13 00:00:00+00:00
[2021-01-14 22:51:18,375] {scheduler_job.py:189} INFO - Processing /Users/chowli/.local/share/virtualenvs/marketvol-WbDfdy4N/lib/python3.7/site-packages/airflow/example_dags/example_latest_only_with_trigger.py took 0.054 seconds
[2021-01-14 22:51:44,598] {scheduler_job.py:181} INFO - Started process (PID=73475) to work on /Users/chowli/.local/share/virtualenvs/marketvol-WbDfdy4N/lib/python3.7/site-packages/airflow/example_dags/example_latest_only_with_trigger.py
[2021-01-14 22:51:44,600] {scheduler_job.py:629} INFO - Processing file /Users/chowli/.local/share/virtualenvs/marketvol-WbDfdy4N/lib/python3.7/site-packages/airflow/example_dags/example_latest_only_with_trigger.py for tasks to queue
[2021-01-14 22:51:44,601] {logging_mixin.py:103} INFO - [2021-01-14 22:51:44,601] {dagbag.py:440} INFO - Filling up the DagBag from /Users/chowli/.local/share/virtualenvs/marketvol-WbDfdy4N/lib/python3.7/site-packages/airflow/example_dags/example_latest_only_with_trigger.py
[2021-01-14 22:51:44,614] {scheduler_job.py:639} INFO - DAG(s) dict_keys(['latest_only_with_trigger']) retrieved from /Users/chowli/.local/share/virtualenvs/marketvol-WbDfdy4N/lib/python3.7/site-packages/airflow/example_dags/example_latest_only_with_trigger.py
[2021-01-14 22:51:44,615] {logging_mixin.py:103} INFO - [2021-01-14 22:51:44,615] {dag.py:1813} INFO - Sync 1 DAGs
[2021-01-14 22:51:44,633] {logging_mixin.py:103} INFO - [2021-01-14 22:51:44,632] {dag.py:2266} INFO - Setting next_dagrun for latest_only_with_trigger to 2021-01-13 00:00:00+00:00
[2021-01-14 22:51:44,647] {scheduler_job.py:189} INFO - Processing /Users/chowli/.local/share/virtualenvs/marketvol-WbDfdy4N/lib/python3.7/site-packages/airflow/example_dags/example_latest_only_with_trigger.py took 0.052 seconds
[2021-01-14 22:52:09,848] {scheduler_job.py:181} INFO - Started process (PID=73503) to work on /Users/chowli/.local/share/virtualenvs/marketvol-WbDfdy4N/lib/python3.7/site-packages/airflow/example_dags/example_latest_only_with_trigger.py
[2021-01-14 22:52:09,850] {scheduler_job.py:629} INFO - Processing file /Users/chowli/.local/share/virtualenvs/marketvol-WbDfdy4N/lib/python3.7/site-packages/airflow/example_dags/example_latest_only_with_trigger.py for tasks to queue
[2021-01-14 22:52:09,852] {logging_mixin.py:103} INFO - [2021-01-14 22:52:09,851] {dagbag.py:440} INFO - Filling up the DagBag from /Users/chowli/.local/share/virtualenvs/marketvol-WbDfdy4N/lib/python3.7/site-packages/airflow/example_dags/example_latest_only_with_trigger.py
[2021-01-14 22:52:09,865] {scheduler_job.py:639} INFO - DAG(s) dict_keys(['latest_only_with_trigger']) retrieved from /Users/chowli/.local/share/virtualenvs/marketvol-WbDfdy4N/lib/python3.7/site-packages/airflow/example_dags/example_latest_only_with_trigger.py
[2021-01-14 22:52:09,867] {logging_mixin.py:103} INFO - [2021-01-14 22:52:09,866] {dag.py:1813} INFO - Sync 1 DAGs
[2021-01-14 22:52:09,886] {logging_mixin.py:103} INFO - [2021-01-14 22:52:09,886] {dag.py:2266} INFO - Setting next_dagrun for latest_only_with_trigger to 2021-01-13 00:00:00+00:00
[2021-01-14 22:52:09,902] {scheduler_job.py:189} INFO - Processing /Users/chowli/.local/share/virtualenvs/marketvol-WbDfdy4N/lib/python3.7/site-packages/airflow/example_dags/example_latest_only_with_trigger.py took 0.059 seconds
[2021-01-14 22:52:35,102] {scheduler_job.py:181} INFO - Started process (PID=73534) to work on /Users/chowli/.local/share/virtualenvs/marketvol-WbDfdy4N/lib/python3.7/site-packages/airflow/example_dags/example_latest_only_with_trigger.py
[2021-01-14 22:52:35,104] {scheduler_job.py:629} INFO - Processing file /Users/chowli/.local/share/virtualenvs/marketvol-WbDfdy4N/lib/python3.7/site-packages/airflow/example_dags/example_latest_only_with_trigger.py for tasks to queue
[2021-01-14 22:52:35,105] {logging_mixin.py:103} INFO - [2021-01-14 22:52:35,105] {dagbag.py:440} INFO - Filling up the DagBag from /Users/chowli/.local/share/virtualenvs/marketvol-WbDfdy4N/lib/python3.7/site-packages/airflow/example_dags/example_latest_only_with_trigger.py
[2021-01-14 22:52:35,118] {scheduler_job.py:639} INFO - DAG(s) dict_keys(['latest_only_with_trigger']) retrieved from /Users/chowli/.local/share/virtualenvs/marketvol-WbDfdy4N/lib/python3.7/site-packages/airflow/example_dags/example_latest_only_with_trigger.py
[2021-01-14 22:52:35,120] {logging_mixin.py:103} INFO - [2021-01-14 22:52:35,119] {dag.py:1813} INFO - Sync 1 DAGs
[2021-01-14 22:52:35,137] {logging_mixin.py:103} INFO - [2021-01-14 22:52:35,137] {dag.py:2266} INFO - Setting next_dagrun for latest_only_with_trigger to 2021-01-13 00:00:00+00:00
[2021-01-14 22:52:35,150] {scheduler_job.py:189} INFO - Processing /Users/chowli/.local/share/virtualenvs/marketvol-WbDfdy4N/lib/python3.7/site-packages/airflow/example_dags/example_latest_only_with_trigger.py took 0.052 seconds
[2021-01-14 22:53:16,042] {scheduler_job.py:181} INFO - Started process (PID=73644) to work on /Users/chowli/.local/share/virtualenvs/marketvol-WbDfdy4N/lib/python3.7/site-packages/airflow/example_dags/example_latest_only_with_trigger.py
[2021-01-14 22:53:16,043] {scheduler_job.py:629} INFO - Processing file /Users/chowli/.local/share/virtualenvs/marketvol-WbDfdy4N/lib/python3.7/site-packages/airflow/example_dags/example_latest_only_with_trigger.py for tasks to queue
[2021-01-14 22:53:16,044] {logging_mixin.py:103} INFO - [2021-01-14 22:53:16,044] {dagbag.py:440} INFO - Filling up the DagBag from /Users/chowli/.local/share/virtualenvs/marketvol-WbDfdy4N/lib/python3.7/site-packages/airflow/example_dags/example_latest_only_with_trigger.py
[2021-01-14 22:53:16,055] {scheduler_job.py:639} INFO - DAG(s) dict_keys(['latest_only_with_trigger']) retrieved from /Users/chowli/.local/share/virtualenvs/marketvol-WbDfdy4N/lib/python3.7/site-packages/airflow/example_dags/example_latest_only_with_trigger.py
[2021-01-14 22:53:16,056] {logging_mixin.py:103} INFO - [2021-01-14 22:53:16,056] {dag.py:1813} INFO - Sync 1 DAGs
[2021-01-14 22:53:16,073] {logging_mixin.py:103} INFO - [2021-01-14 22:53:16,073] {dag.py:2266} INFO - Setting next_dagrun for latest_only_with_trigger to 2021-01-13 00:00:00+00:00
[2021-01-14 22:53:16,094] {scheduler_job.py:189} INFO - Processing /Users/chowli/.local/share/virtualenvs/marketvol-WbDfdy4N/lib/python3.7/site-packages/airflow/example_dags/example_latest_only_with_trigger.py took 0.055 seconds
[2021-01-14 22:53:43,527] {scheduler_job.py:181} INFO - Started process (PID=73747) to work on /Users/chowli/.local/share/virtualenvs/marketvol-WbDfdy4N/lib/python3.7/site-packages/airflow/example_dags/example_latest_only_with_trigger.py
[2021-01-14 22:53:43,530] {scheduler_job.py:629} INFO - Processing file /Users/chowli/.local/share/virtualenvs/marketvol-WbDfdy4N/lib/python3.7/site-packages/airflow/example_dags/example_latest_only_with_trigger.py for tasks to queue
[2021-01-14 22:53:43,531] {logging_mixin.py:103} INFO - [2021-01-14 22:53:43,531] {dagbag.py:440} INFO - Filling up the DagBag from /Users/chowli/.local/share/virtualenvs/marketvol-WbDfdy4N/lib/python3.7/site-packages/airflow/example_dags/example_latest_only_with_trigger.py
[2021-01-14 22:53:43,547] {scheduler_job.py:639} INFO - DAG(s) dict_keys(['latest_only_with_trigger']) retrieved from /Users/chowli/.local/share/virtualenvs/marketvol-WbDfdy4N/lib/python3.7/site-packages/airflow/example_dags/example_latest_only_with_trigger.py
[2021-01-14 22:53:43,550] {logging_mixin.py:103} INFO - [2021-01-14 22:53:43,549] {dag.py:1813} INFO - Sync 1 DAGs
[2021-01-14 22:53:43,571] {logging_mixin.py:103} INFO - [2021-01-14 22:53:43,571] {dag.py:2266} INFO - Setting next_dagrun for latest_only_with_trigger to 2021-01-13 00:00:00+00:00
[2021-01-14 22:53:43,584] {scheduler_job.py:189} INFO - Processing /Users/chowli/.local/share/virtualenvs/marketvol-WbDfdy4N/lib/python3.7/site-packages/airflow/example_dags/example_latest_only_with_trigger.py took 0.062 seconds
[2021-01-14 22:54:10,433] {scheduler_job.py:181} INFO - Started process (PID=73785) to work on /Users/chowli/.local/share/virtualenvs/marketvol-WbDfdy4N/lib/python3.7/site-packages/airflow/example_dags/example_latest_only_with_trigger.py
[2021-01-14 22:54:10,435] {scheduler_job.py:629} INFO - Processing file /Users/chowli/.local/share/virtualenvs/marketvol-WbDfdy4N/lib/python3.7/site-packages/airflow/example_dags/example_latest_only_with_trigger.py for tasks to queue
[2021-01-14 22:54:10,438] {logging_mixin.py:103} INFO - [2021-01-14 22:54:10,437] {dagbag.py:440} INFO - Filling up the DagBag from /Users/chowli/.local/share/virtualenvs/marketvol-WbDfdy4N/lib/python3.7/site-packages/airflow/example_dags/example_latest_only_with_trigger.py
[2021-01-14 22:54:10,454] {scheduler_job.py:639} INFO - DAG(s) dict_keys(['latest_only_with_trigger']) retrieved from /Users/chowli/.local/share/virtualenvs/marketvol-WbDfdy4N/lib/python3.7/site-packages/airflow/example_dags/example_latest_only_with_trigger.py
[2021-01-14 22:54:10,456] {logging_mixin.py:103} INFO - [2021-01-14 22:54:10,456] {dag.py:1813} INFO - Sync 1 DAGs
[2021-01-14 22:54:10,480] {logging_mixin.py:103} INFO - [2021-01-14 22:54:10,479] {dag.py:2266} INFO - Setting next_dagrun for latest_only_with_trigger to 2021-01-13 00:00:00+00:00
[2021-01-14 22:54:10,500] {scheduler_job.py:189} INFO - Processing /Users/chowli/.local/share/virtualenvs/marketvol-WbDfdy4N/lib/python3.7/site-packages/airflow/example_dags/example_latest_only_with_trigger.py took 0.071 seconds
