[2021-01-14 22:50:16,842] {scheduler_job.py:181} INFO - Started process (PID=73356) to work on /Users/chowli/.local/share/virtualenvs/marketvol-WbDfdy4N/lib/python3.7/site-packages/airflow/example_dags/tutorial_etl_dag.py
[2021-01-14 22:50:16,843] {scheduler_job.py:629} INFO - Processing file /Users/chowli/.local/share/virtualenvs/marketvol-WbDfdy4N/lib/python3.7/site-packages/airflow/example_dags/tutorial_etl_dag.py for tasks to queue
[2021-01-14 22:50:16,845] {logging_mixin.py:103} INFO - [2021-01-14 22:50:16,844] {dagbag.py:440} INFO - Filling up the DagBag from /Users/chowli/.local/share/virtualenvs/marketvol-WbDfdy4N/lib/python3.7/site-packages/airflow/example_dags/tutorial_etl_dag.py
[2021-01-14 22:50:16,858] {scheduler_job.py:639} INFO - DAG(s) dict_keys(['tutorial_etl_dag']) retrieved from /Users/chowli/.local/share/virtualenvs/marketvol-WbDfdy4N/lib/python3.7/site-packages/airflow/example_dags/tutorial_etl_dag.py
[2021-01-14 22:50:16,859] {logging_mixin.py:103} INFO - [2021-01-14 22:50:16,859] {dag.py:1813} INFO - Sync 1 DAGs
[2021-01-14 22:50:16,876] {logging_mixin.py:103} INFO - [2021-01-14 22:50:16,876] {dag.py:2266} INFO - Setting next_dagrun for tutorial_etl_dag to None
[2021-01-14 22:50:16,894] {scheduler_job.py:189} INFO - Processing /Users/chowli/.local/share/virtualenvs/marketvol-WbDfdy4N/lib/python3.7/site-packages/airflow/example_dags/tutorial_etl_dag.py took 0.056 seconds
[2021-01-14 22:50:47,922] {scheduler_job.py:181} INFO - Started process (PID=73403) to work on /Users/chowli/.local/share/virtualenvs/marketvol-WbDfdy4N/lib/python3.7/site-packages/airflow/example_dags/tutorial_etl_dag.py
[2021-01-14 22:50:47,923] {scheduler_job.py:629} INFO - Processing file /Users/chowli/.local/share/virtualenvs/marketvol-WbDfdy4N/lib/python3.7/site-packages/airflow/example_dags/tutorial_etl_dag.py for tasks to queue
[2021-01-14 22:50:47,926] {logging_mixin.py:103} INFO - [2021-01-14 22:50:47,926] {dagbag.py:440} INFO - Filling up the DagBag from /Users/chowli/.local/share/virtualenvs/marketvol-WbDfdy4N/lib/python3.7/site-packages/airflow/example_dags/tutorial_etl_dag.py
[2021-01-14 22:50:47,939] {scheduler_job.py:639} INFO - DAG(s) dict_keys(['tutorial_etl_dag']) retrieved from /Users/chowli/.local/share/virtualenvs/marketvol-WbDfdy4N/lib/python3.7/site-packages/airflow/example_dags/tutorial_etl_dag.py
[2021-01-14 22:50:47,941] {logging_mixin.py:103} INFO - [2021-01-14 22:50:47,941] {dag.py:1813} INFO - Sync 1 DAGs
[2021-01-14 22:50:47,959] {logging_mixin.py:103} INFO - [2021-01-14 22:50:47,958] {dag.py:2266} INFO - Setting next_dagrun for tutorial_etl_dag to None
[2021-01-14 22:50:47,972] {scheduler_job.py:189} INFO - Processing /Users/chowli/.local/share/virtualenvs/marketvol-WbDfdy4N/lib/python3.7/site-packages/airflow/example_dags/tutorial_etl_dag.py took 0.055 seconds
[2021-01-14 22:51:13,267] {scheduler_job.py:181} INFO - Started process (PID=73436) to work on /Users/chowli/.local/share/virtualenvs/marketvol-WbDfdy4N/lib/python3.7/site-packages/airflow/example_dags/tutorial_etl_dag.py
[2021-01-14 22:51:13,269] {scheduler_job.py:629} INFO - Processing file /Users/chowli/.local/share/virtualenvs/marketvol-WbDfdy4N/lib/python3.7/site-packages/airflow/example_dags/tutorial_etl_dag.py for tasks to queue
[2021-01-14 22:51:13,271] {logging_mixin.py:103} INFO - [2021-01-14 22:51:13,270] {dagbag.py:440} INFO - Filling up the DagBag from /Users/chowli/.local/share/virtualenvs/marketvol-WbDfdy4N/lib/python3.7/site-packages/airflow/example_dags/tutorial_etl_dag.py
[2021-01-14 22:51:13,284] {scheduler_job.py:639} INFO - DAG(s) dict_keys(['tutorial_etl_dag']) retrieved from /Users/chowli/.local/share/virtualenvs/marketvol-WbDfdy4N/lib/python3.7/site-packages/airflow/example_dags/tutorial_etl_dag.py
[2021-01-14 22:51:13,286] {logging_mixin.py:103} INFO - [2021-01-14 22:51:13,285] {dag.py:1813} INFO - Sync 1 DAGs
[2021-01-14 22:51:13,305] {logging_mixin.py:103} INFO - [2021-01-14 22:51:13,304] {dag.py:2266} INFO - Setting next_dagrun for tutorial_etl_dag to None
[2021-01-14 22:51:13,319] {scheduler_job.py:189} INFO - Processing /Users/chowli/.local/share/virtualenvs/marketvol-WbDfdy4N/lib/python3.7/site-packages/airflow/example_dags/tutorial_etl_dag.py took 0.056 seconds
[2021-01-14 22:51:38,509] {scheduler_job.py:181} INFO - Started process (PID=73469) to work on /Users/chowli/.local/share/virtualenvs/marketvol-WbDfdy4N/lib/python3.7/site-packages/airflow/example_dags/tutorial_etl_dag.py
[2021-01-14 22:51:38,511] {scheduler_job.py:629} INFO - Processing file /Users/chowli/.local/share/virtualenvs/marketvol-WbDfdy4N/lib/python3.7/site-packages/airflow/example_dags/tutorial_etl_dag.py for tasks to queue
[2021-01-14 22:51:38,512] {logging_mixin.py:103} INFO - [2021-01-14 22:51:38,512] {dagbag.py:440} INFO - Filling up the DagBag from /Users/chowli/.local/share/virtualenvs/marketvol-WbDfdy4N/lib/python3.7/site-packages/airflow/example_dags/tutorial_etl_dag.py
[2021-01-14 22:51:38,525] {scheduler_job.py:639} INFO - DAG(s) dict_keys(['tutorial_etl_dag']) retrieved from /Users/chowli/.local/share/virtualenvs/marketvol-WbDfdy4N/lib/python3.7/site-packages/airflow/example_dags/tutorial_etl_dag.py
[2021-01-14 22:51:38,527] {logging_mixin.py:103} INFO - [2021-01-14 22:51:38,527] {dag.py:1813} INFO - Sync 1 DAGs
[2021-01-14 22:51:38,545] {logging_mixin.py:103} INFO - [2021-01-14 22:51:38,544] {dag.py:2266} INFO - Setting next_dagrun for tutorial_etl_dag to None
[2021-01-14 22:51:38,558] {scheduler_job.py:189} INFO - Processing /Users/chowli/.local/share/virtualenvs/marketvol-WbDfdy4N/lib/python3.7/site-packages/airflow/example_dags/tutorial_etl_dag.py took 0.053 seconds
[2021-01-14 22:52:03,751] {scheduler_job.py:181} INFO - Started process (PID=73497) to work on /Users/chowli/.local/share/virtualenvs/marketvol-WbDfdy4N/lib/python3.7/site-packages/airflow/example_dags/tutorial_etl_dag.py
[2021-01-14 22:52:03,753] {scheduler_job.py:629} INFO - Processing file /Users/chowli/.local/share/virtualenvs/marketvol-WbDfdy4N/lib/python3.7/site-packages/airflow/example_dags/tutorial_etl_dag.py for tasks to queue
[2021-01-14 22:52:03,755] {logging_mixin.py:103} INFO - [2021-01-14 22:52:03,754] {dagbag.py:440} INFO - Filling up the DagBag from /Users/chowli/.local/share/virtualenvs/marketvol-WbDfdy4N/lib/python3.7/site-packages/airflow/example_dags/tutorial_etl_dag.py
[2021-01-14 22:52:03,769] {scheduler_job.py:639} INFO - DAG(s) dict_keys(['tutorial_etl_dag']) retrieved from /Users/chowli/.local/share/virtualenvs/marketvol-WbDfdy4N/lib/python3.7/site-packages/airflow/example_dags/tutorial_etl_dag.py
[2021-01-14 22:52:03,772] {logging_mixin.py:103} INFO - [2021-01-14 22:52:03,771] {dag.py:1813} INFO - Sync 1 DAGs
[2021-01-14 22:52:03,793] {logging_mixin.py:103} INFO - [2021-01-14 22:52:03,793] {dag.py:2266} INFO - Setting next_dagrun for tutorial_etl_dag to None
[2021-01-14 22:52:03,812] {scheduler_job.py:189} INFO - Processing /Users/chowli/.local/share/virtualenvs/marketvol-WbDfdy4N/lib/python3.7/site-packages/airflow/example_dags/tutorial_etl_dag.py took 0.064 seconds
[2021-01-14 22:52:30,051] {scheduler_job.py:181} INFO - Started process (PID=73528) to work on /Users/chowli/.local/share/virtualenvs/marketvol-WbDfdy4N/lib/python3.7/site-packages/airflow/example_dags/tutorial_etl_dag.py
[2021-01-14 22:52:30,053] {scheduler_job.py:629} INFO - Processing file /Users/chowli/.local/share/virtualenvs/marketvol-WbDfdy4N/lib/python3.7/site-packages/airflow/example_dags/tutorial_etl_dag.py for tasks to queue
[2021-01-14 22:52:30,055] {logging_mixin.py:103} INFO - [2021-01-14 22:52:30,054] {dagbag.py:440} INFO - Filling up the DagBag from /Users/chowli/.local/share/virtualenvs/marketvol-WbDfdy4N/lib/python3.7/site-packages/airflow/example_dags/tutorial_etl_dag.py
[2021-01-14 22:52:30,070] {scheduler_job.py:639} INFO - DAG(s) dict_keys(['tutorial_etl_dag']) retrieved from /Users/chowli/.local/share/virtualenvs/marketvol-WbDfdy4N/lib/python3.7/site-packages/airflow/example_dags/tutorial_etl_dag.py
[2021-01-14 22:52:30,072] {logging_mixin.py:103} INFO - [2021-01-14 22:52:30,072] {dag.py:1813} INFO - Sync 1 DAGs
[2021-01-14 22:52:30,092] {logging_mixin.py:103} INFO - [2021-01-14 22:52:30,092] {dag.py:2266} INFO - Setting next_dagrun for tutorial_etl_dag to None
[2021-01-14 22:52:30,106] {scheduler_job.py:189} INFO - Processing /Users/chowli/.local/share/virtualenvs/marketvol-WbDfdy4N/lib/python3.7/site-packages/airflow/example_dags/tutorial_etl_dag.py took 0.058 seconds
[2021-01-14 22:53:21,187] {scheduler_job.py:181} INFO - Started process (PID=73649) to work on /Users/chowli/.local/share/virtualenvs/marketvol-WbDfdy4N/lib/python3.7/site-packages/airflow/example_dags/tutorial_etl_dag.py
[2021-01-14 22:53:21,188] {scheduler_job.py:629} INFO - Processing file /Users/chowli/.local/share/virtualenvs/marketvol-WbDfdy4N/lib/python3.7/site-packages/airflow/example_dags/tutorial_etl_dag.py for tasks to queue
[2021-01-14 22:53:21,189] {logging_mixin.py:103} INFO - [2021-01-14 22:53:21,189] {dagbag.py:440} INFO - Filling up the DagBag from /Users/chowli/.local/share/virtualenvs/marketvol-WbDfdy4N/lib/python3.7/site-packages/airflow/example_dags/tutorial_etl_dag.py
[2021-01-14 22:53:21,201] {scheduler_job.py:639} INFO - DAG(s) dict_keys(['tutorial_etl_dag']) retrieved from /Users/chowli/.local/share/virtualenvs/marketvol-WbDfdy4N/lib/python3.7/site-packages/airflow/example_dags/tutorial_etl_dag.py
[2021-01-14 22:53:21,203] {logging_mixin.py:103} INFO - [2021-01-14 22:53:21,202] {dag.py:1813} INFO - Sync 1 DAGs
[2021-01-14 22:53:21,217] {logging_mixin.py:103} INFO - [2021-01-14 22:53:21,217] {dag.py:2266} INFO - Setting next_dagrun for tutorial_etl_dag to None
[2021-01-14 22:53:21,228] {scheduler_job.py:189} INFO - Processing /Users/chowli/.local/share/virtualenvs/marketvol-WbDfdy4N/lib/python3.7/site-packages/airflow/example_dags/tutorial_etl_dag.py took 0.044 seconds
[2021-01-14 22:53:48,366] {scheduler_job.py:181} INFO - Started process (PID=73752) to work on /Users/chowli/.local/share/virtualenvs/marketvol-WbDfdy4N/lib/python3.7/site-packages/airflow/example_dags/tutorial_etl_dag.py
[2021-01-14 22:53:48,367] {scheduler_job.py:629} INFO - Processing file /Users/chowli/.local/share/virtualenvs/marketvol-WbDfdy4N/lib/python3.7/site-packages/airflow/example_dags/tutorial_etl_dag.py for tasks to queue
[2021-01-14 22:53:48,369] {logging_mixin.py:103} INFO - [2021-01-14 22:53:48,368] {dagbag.py:440} INFO - Filling up the DagBag from /Users/chowli/.local/share/virtualenvs/marketvol-WbDfdy4N/lib/python3.7/site-packages/airflow/example_dags/tutorial_etl_dag.py
[2021-01-14 22:53:48,383] {scheduler_job.py:639} INFO - DAG(s) dict_keys(['tutorial_etl_dag']) retrieved from /Users/chowli/.local/share/virtualenvs/marketvol-WbDfdy4N/lib/python3.7/site-packages/airflow/example_dags/tutorial_etl_dag.py
[2021-01-14 22:53:48,384] {logging_mixin.py:103} INFO - [2021-01-14 22:53:48,384] {dag.py:1813} INFO - Sync 1 DAGs
[2021-01-14 22:53:48,404] {logging_mixin.py:103} INFO - [2021-01-14 22:53:48,403] {dag.py:2266} INFO - Setting next_dagrun for tutorial_etl_dag to None
[2021-01-14 22:53:48,418] {scheduler_job.py:189} INFO - Processing /Users/chowli/.local/share/virtualenvs/marketvol-WbDfdy4N/lib/python3.7/site-packages/airflow/example_dags/tutorial_etl_dag.py took 0.056 seconds
[2021-01-14 22:54:22,036] {scheduler_job.py:181} INFO - Started process (PID=73817) to work on /Users/chowli/.local/share/virtualenvs/marketvol-WbDfdy4N/lib/python3.7/site-packages/airflow/example_dags/tutorial_etl_dag.py
[2021-01-14 22:54:22,038] {scheduler_job.py:629} INFO - Processing file /Users/chowli/.local/share/virtualenvs/marketvol-WbDfdy4N/lib/python3.7/site-packages/airflow/example_dags/tutorial_etl_dag.py for tasks to queue
[2021-01-14 22:54:22,039] {logging_mixin.py:103} INFO - [2021-01-14 22:54:22,039] {dagbag.py:440} INFO - Filling up the DagBag from /Users/chowli/.local/share/virtualenvs/marketvol-WbDfdy4N/lib/python3.7/site-packages/airflow/example_dags/tutorial_etl_dag.py
[2021-01-14 22:54:22,055] {scheduler_job.py:639} INFO - DAG(s) dict_keys(['tutorial_etl_dag']) retrieved from /Users/chowli/.local/share/virtualenvs/marketvol-WbDfdy4N/lib/python3.7/site-packages/airflow/example_dags/tutorial_etl_dag.py
[2021-01-14 22:54:22,057] {logging_mixin.py:103} INFO - [2021-01-14 22:54:22,057] {dag.py:1813} INFO - Sync 1 DAGs
[2021-01-14 22:54:22,078] {logging_mixin.py:103} INFO - [2021-01-14 22:54:22,078] {dag.py:2266} INFO - Setting next_dagrun for tutorial_etl_dag to None
[2021-01-14 22:54:22,097] {scheduler_job.py:189} INFO - Processing /Users/chowli/.local/share/virtualenvs/marketvol-WbDfdy4N/lib/python3.7/site-packages/airflow/example_dags/tutorial_etl_dag.py took 0.065 seconds
