[2021-01-14 22:50:35,986] {scheduler_job.py:181} INFO - Started process (PID=73390) to work on /Users/chowli/.local/share/virtualenvs/marketvol-WbDfdy4N/lib/python3.7/site-packages/airflow/example_dags/tutorial_taskflow_api_etl.py
[2021-01-14 22:50:35,988] {scheduler_job.py:629} INFO - Processing file /Users/chowli/.local/share/virtualenvs/marketvol-WbDfdy4N/lib/python3.7/site-packages/airflow/example_dags/tutorial_taskflow_api_etl.py for tasks to queue
[2021-01-14 22:50:35,990] {logging_mixin.py:103} INFO - [2021-01-14 22:50:35,989] {dagbag.py:440} INFO - Filling up the DagBag from /Users/chowli/.local/share/virtualenvs/marketvol-WbDfdy4N/lib/python3.7/site-packages/airflow/example_dags/tutorial_taskflow_api_etl.py
[2021-01-14 22:50:36,003] {scheduler_job.py:639} INFO - DAG(s) dict_keys(['tutorial_taskflow_api_etl']) retrieved from /Users/chowli/.local/share/virtualenvs/marketvol-WbDfdy4N/lib/python3.7/site-packages/airflow/example_dags/tutorial_taskflow_api_etl.py
[2021-01-14 22:50:36,005] {logging_mixin.py:103} INFO - [2021-01-14 22:50:36,005] {dag.py:1813} INFO - Sync 1 DAGs
[2021-01-14 22:50:36,023] {logging_mixin.py:103} INFO - [2021-01-14 22:50:36,023] {dag.py:2266} INFO - Setting next_dagrun for tutorial_taskflow_api_etl to None
[2021-01-14 22:50:36,048] {scheduler_job.py:189} INFO - Processing /Users/chowli/.local/share/virtualenvs/marketvol-WbDfdy4N/lib/python3.7/site-packages/airflow/example_dags/tutorial_taskflow_api_etl.py took 0.065 seconds
[2021-01-14 22:51:01,923] {scheduler_job.py:181} INFO - Started process (PID=73419) to work on /Users/chowli/.local/share/virtualenvs/marketvol-WbDfdy4N/lib/python3.7/site-packages/airflow/example_dags/tutorial_taskflow_api_etl.py
[2021-01-14 22:51:01,924] {scheduler_job.py:629} INFO - Processing file /Users/chowli/.local/share/virtualenvs/marketvol-WbDfdy4N/lib/python3.7/site-packages/airflow/example_dags/tutorial_taskflow_api_etl.py for tasks to queue
[2021-01-14 22:51:01,926] {logging_mixin.py:103} INFO - [2021-01-14 22:51:01,925] {dagbag.py:440} INFO - Filling up the DagBag from /Users/chowli/.local/share/virtualenvs/marketvol-WbDfdy4N/lib/python3.7/site-packages/airflow/example_dags/tutorial_taskflow_api_etl.py
[2021-01-14 22:51:01,940] {scheduler_job.py:639} INFO - DAG(s) dict_keys(['tutorial_taskflow_api_etl']) retrieved from /Users/chowli/.local/share/virtualenvs/marketvol-WbDfdy4N/lib/python3.7/site-packages/airflow/example_dags/tutorial_taskflow_api_etl.py
[2021-01-14 22:51:01,942] {logging_mixin.py:103} INFO - [2021-01-14 22:51:01,942] {dag.py:1813} INFO - Sync 1 DAGs
[2021-01-14 22:51:01,961] {logging_mixin.py:103} INFO - [2021-01-14 22:51:01,960] {dag.py:2266} INFO - Setting next_dagrun for tutorial_taskflow_api_etl to None
[2021-01-14 22:51:01,969] {scheduler_job.py:189} INFO - Processing /Users/chowli/.local/share/virtualenvs/marketvol-WbDfdy4N/lib/python3.7/site-packages/airflow/example_dags/tutorial_taskflow_api_etl.py took 0.050 seconds
[2021-01-14 22:51:27,494] {scheduler_job.py:181} INFO - Started process (PID=73453) to work on /Users/chowli/.local/share/virtualenvs/marketvol-WbDfdy4N/lib/python3.7/site-packages/airflow/example_dags/tutorial_taskflow_api_etl.py
[2021-01-14 22:51:27,496] {scheduler_job.py:629} INFO - Processing file /Users/chowli/.local/share/virtualenvs/marketvol-WbDfdy4N/lib/python3.7/site-packages/airflow/example_dags/tutorial_taskflow_api_etl.py for tasks to queue
[2021-01-14 22:51:27,498] {logging_mixin.py:103} INFO - [2021-01-14 22:51:27,497] {dagbag.py:440} INFO - Filling up the DagBag from /Users/chowli/.local/share/virtualenvs/marketvol-WbDfdy4N/lib/python3.7/site-packages/airflow/example_dags/tutorial_taskflow_api_etl.py
[2021-01-14 22:51:27,511] {scheduler_job.py:639} INFO - DAG(s) dict_keys(['tutorial_taskflow_api_etl']) retrieved from /Users/chowli/.local/share/virtualenvs/marketvol-WbDfdy4N/lib/python3.7/site-packages/airflow/example_dags/tutorial_taskflow_api_etl.py
[2021-01-14 22:51:27,513] {logging_mixin.py:103} INFO - [2021-01-14 22:51:27,513] {dag.py:1813} INFO - Sync 1 DAGs
[2021-01-14 22:51:27,530] {logging_mixin.py:103} INFO - [2021-01-14 22:51:27,530] {dag.py:2266} INFO - Setting next_dagrun for tutorial_taskflow_api_etl to None
[2021-01-14 22:51:27,554] {scheduler_job.py:189} INFO - Processing /Users/chowli/.local/share/virtualenvs/marketvol-WbDfdy4N/lib/python3.7/site-packages/airflow/example_dags/tutorial_taskflow_api_etl.py took 0.064 seconds
[2021-01-14 22:51:52,749] {scheduler_job.py:181} INFO - Started process (PID=73484) to work on /Users/chowli/.local/share/virtualenvs/marketvol-WbDfdy4N/lib/python3.7/site-packages/airflow/example_dags/tutorial_taskflow_api_etl.py
[2021-01-14 22:51:52,750] {scheduler_job.py:629} INFO - Processing file /Users/chowli/.local/share/virtualenvs/marketvol-WbDfdy4N/lib/python3.7/site-packages/airflow/example_dags/tutorial_taskflow_api_etl.py for tasks to queue
[2021-01-14 22:51:52,752] {logging_mixin.py:103} INFO - [2021-01-14 22:51:52,751] {dagbag.py:440} INFO - Filling up the DagBag from /Users/chowli/.local/share/virtualenvs/marketvol-WbDfdy4N/lib/python3.7/site-packages/airflow/example_dags/tutorial_taskflow_api_etl.py
[2021-01-14 22:51:52,765] {scheduler_job.py:639} INFO - DAG(s) dict_keys(['tutorial_taskflow_api_etl']) retrieved from /Users/chowli/.local/share/virtualenvs/marketvol-WbDfdy4N/lib/python3.7/site-packages/airflow/example_dags/tutorial_taskflow_api_etl.py
[2021-01-14 22:51:52,767] {logging_mixin.py:103} INFO - [2021-01-14 22:51:52,767] {dag.py:1813} INFO - Sync 1 DAGs
[2021-01-14 22:51:52,785] {logging_mixin.py:103} INFO - [2021-01-14 22:51:52,784] {dag.py:2266} INFO - Setting next_dagrun for tutorial_taskflow_api_etl to None
[2021-01-14 22:51:52,793] {scheduler_job.py:189} INFO - Processing /Users/chowli/.local/share/virtualenvs/marketvol-WbDfdy4N/lib/python3.7/site-packages/airflow/example_dags/tutorial_taskflow_api_etl.py took 0.048 seconds
[2021-01-14 22:52:18,514] {scheduler_job.py:181} INFO - Started process (PID=73515) to work on /Users/chowli/.local/share/virtualenvs/marketvol-WbDfdy4N/lib/python3.7/site-packages/airflow/example_dags/tutorial_taskflow_api_etl.py
[2021-01-14 22:52:18,516] {scheduler_job.py:629} INFO - Processing file /Users/chowli/.local/share/virtualenvs/marketvol-WbDfdy4N/lib/python3.7/site-packages/airflow/example_dags/tutorial_taskflow_api_etl.py for tasks to queue
[2021-01-14 22:52:18,517] {logging_mixin.py:103} INFO - [2021-01-14 22:52:18,516] {dagbag.py:440} INFO - Filling up the DagBag from /Users/chowli/.local/share/virtualenvs/marketvol-WbDfdy4N/lib/python3.7/site-packages/airflow/example_dags/tutorial_taskflow_api_etl.py
[2021-01-14 22:52:18,530] {scheduler_job.py:639} INFO - DAG(s) dict_keys(['tutorial_taskflow_api_etl']) retrieved from /Users/chowli/.local/share/virtualenvs/marketvol-WbDfdy4N/lib/python3.7/site-packages/airflow/example_dags/tutorial_taskflow_api_etl.py
[2021-01-14 22:52:18,532] {logging_mixin.py:103} INFO - [2021-01-14 22:52:18,532] {dag.py:1813} INFO - Sync 1 DAGs
[2021-01-14 22:52:18,549] {logging_mixin.py:103} INFO - [2021-01-14 22:52:18,548] {dag.py:2266} INFO - Setting next_dagrun for tutorial_taskflow_api_etl to None
[2021-01-14 22:52:18,572] {scheduler_job.py:189} INFO - Processing /Users/chowli/.local/share/virtualenvs/marketvol-WbDfdy4N/lib/python3.7/site-packages/airflow/example_dags/tutorial_taskflow_api_etl.py took 0.062 seconds
[2021-01-14 22:52:44,145] {scheduler_job.py:181} INFO - Started process (PID=73559) to work on /Users/chowli/.local/share/virtualenvs/marketvol-WbDfdy4N/lib/python3.7/site-packages/airflow/example_dags/tutorial_taskflow_api_etl.py
[2021-01-14 22:52:44,147] {scheduler_job.py:629} INFO - Processing file /Users/chowli/.local/share/virtualenvs/marketvol-WbDfdy4N/lib/python3.7/site-packages/airflow/example_dags/tutorial_taskflow_api_etl.py for tasks to queue
[2021-01-14 22:52:44,149] {logging_mixin.py:103} INFO - [2021-01-14 22:52:44,148] {dagbag.py:440} INFO - Filling up the DagBag from /Users/chowli/.local/share/virtualenvs/marketvol-WbDfdy4N/lib/python3.7/site-packages/airflow/example_dags/tutorial_taskflow_api_etl.py
[2021-01-14 22:52:44,162] {scheduler_job.py:639} INFO - DAG(s) dict_keys(['tutorial_taskflow_api_etl']) retrieved from /Users/chowli/.local/share/virtualenvs/marketvol-WbDfdy4N/lib/python3.7/site-packages/airflow/example_dags/tutorial_taskflow_api_etl.py
[2021-01-14 22:52:44,164] {logging_mixin.py:103} INFO - [2021-01-14 22:52:44,163] {dag.py:1813} INFO - Sync 1 DAGs
[2021-01-14 22:52:44,182] {logging_mixin.py:103} INFO - [2021-01-14 22:52:44,181] {dag.py:2266} INFO - Setting next_dagrun for tutorial_taskflow_api_etl to None
[2021-01-14 22:52:44,191] {scheduler_job.py:189} INFO - Processing /Users/chowli/.local/share/virtualenvs/marketvol-WbDfdy4N/lib/python3.7/site-packages/airflow/example_dags/tutorial_taskflow_api_etl.py took 0.049 seconds
[2021-01-14 22:53:10,894] {scheduler_job.py:181} INFO - Started process (PID=73609) to work on /Users/chowli/.local/share/virtualenvs/marketvol-WbDfdy4N/lib/python3.7/site-packages/airflow/example_dags/tutorial_taskflow_api_etl.py
[2021-01-14 22:53:10,895] {scheduler_job.py:629} INFO - Processing file /Users/chowli/.local/share/virtualenvs/marketvol-WbDfdy4N/lib/python3.7/site-packages/airflow/example_dags/tutorial_taskflow_api_etl.py for tasks to queue
[2021-01-14 22:53:10,897] {logging_mixin.py:103} INFO - [2021-01-14 22:53:10,896] {dagbag.py:440} INFO - Filling up the DagBag from /Users/chowli/.local/share/virtualenvs/marketvol-WbDfdy4N/lib/python3.7/site-packages/airflow/example_dags/tutorial_taskflow_api_etl.py
[2021-01-14 22:53:10,912] {scheduler_job.py:639} INFO - DAG(s) dict_keys(['tutorial_taskflow_api_etl']) retrieved from /Users/chowli/.local/share/virtualenvs/marketvol-WbDfdy4N/lib/python3.7/site-packages/airflow/example_dags/tutorial_taskflow_api_etl.py
[2021-01-14 22:53:10,914] {logging_mixin.py:103} INFO - [2021-01-14 22:53:10,913] {dag.py:1813} INFO - Sync 1 DAGs
[2021-01-14 22:53:10,934] {logging_mixin.py:103} INFO - [2021-01-14 22:53:10,934] {dag.py:2266} INFO - Setting next_dagrun for tutorial_taskflow_api_etl to None
[2021-01-14 22:53:10,958] {scheduler_job.py:189} INFO - Processing /Users/chowli/.local/share/virtualenvs/marketvol-WbDfdy4N/lib/python3.7/site-packages/airflow/example_dags/tutorial_taskflow_api_etl.py took 0.068 seconds
[2021-01-14 22:53:38,363] {scheduler_job.py:181} INFO - Started process (PID=73724) to work on /Users/chowli/.local/share/virtualenvs/marketvol-WbDfdy4N/lib/python3.7/site-packages/airflow/example_dags/tutorial_taskflow_api_etl.py
[2021-01-14 22:53:38,365] {scheduler_job.py:629} INFO - Processing file /Users/chowli/.local/share/virtualenvs/marketvol-WbDfdy4N/lib/python3.7/site-packages/airflow/example_dags/tutorial_taskflow_api_etl.py for tasks to queue
[2021-01-14 22:53:38,366] {logging_mixin.py:103} INFO - [2021-01-14 22:53:38,366] {dagbag.py:440} INFO - Filling up the DagBag from /Users/chowli/.local/share/virtualenvs/marketvol-WbDfdy4N/lib/python3.7/site-packages/airflow/example_dags/tutorial_taskflow_api_etl.py
[2021-01-14 22:53:38,379] {scheduler_job.py:639} INFO - DAG(s) dict_keys(['tutorial_taskflow_api_etl']) retrieved from /Users/chowli/.local/share/virtualenvs/marketvol-WbDfdy4N/lib/python3.7/site-packages/airflow/example_dags/tutorial_taskflow_api_etl.py
[2021-01-14 22:53:38,381] {logging_mixin.py:103} INFO - [2021-01-14 22:53:38,381] {dag.py:1813} INFO - Sync 1 DAGs
[2021-01-14 22:53:38,399] {logging_mixin.py:103} INFO - [2021-01-14 22:53:38,398] {dag.py:2266} INFO - Setting next_dagrun for tutorial_taskflow_api_etl to None
[2021-01-14 22:53:38,407] {scheduler_job.py:189} INFO - Processing /Users/chowli/.local/share/virtualenvs/marketvol-WbDfdy4N/lib/python3.7/site-packages/airflow/example_dags/tutorial_taskflow_api_etl.py took 0.047 seconds
[2021-01-14 22:54:05,278] {scheduler_job.py:181} INFO - Started process (PID=73780) to work on /Users/chowli/.local/share/virtualenvs/marketvol-WbDfdy4N/lib/python3.7/site-packages/airflow/example_dags/tutorial_taskflow_api_etl.py
[2021-01-14 22:54:05,280] {scheduler_job.py:629} INFO - Processing file /Users/chowli/.local/share/virtualenvs/marketvol-WbDfdy4N/lib/python3.7/site-packages/airflow/example_dags/tutorial_taskflow_api_etl.py for tasks to queue
[2021-01-14 22:54:05,281] {logging_mixin.py:103} INFO - [2021-01-14 22:54:05,281] {dagbag.py:440} INFO - Filling up the DagBag from /Users/chowli/.local/share/virtualenvs/marketvol-WbDfdy4N/lib/python3.7/site-packages/airflow/example_dags/tutorial_taskflow_api_etl.py
[2021-01-14 22:54:05,296] {scheduler_job.py:639} INFO - DAG(s) dict_keys(['tutorial_taskflow_api_etl']) retrieved from /Users/chowli/.local/share/virtualenvs/marketvol-WbDfdy4N/lib/python3.7/site-packages/airflow/example_dags/tutorial_taskflow_api_etl.py
[2021-01-14 22:54:05,297] {logging_mixin.py:103} INFO - [2021-01-14 22:54:05,297] {dag.py:1813} INFO - Sync 1 DAGs
[2021-01-14 22:54:05,318] {logging_mixin.py:103} INFO - [2021-01-14 22:54:05,317] {dag.py:2266} INFO - Setting next_dagrun for tutorial_taskflow_api_etl to None
[2021-01-14 22:54:05,340] {scheduler_job.py:189} INFO - Processing /Users/chowli/.local/share/virtualenvs/marketvol-WbDfdy4N/lib/python3.7/site-packages/airflow/example_dags/tutorial_taskflow_api_etl.py took 0.066 seconds
