[2021-01-19 09:10:11,831] {{taskinstance.py:655}} INFO - Dependencies all met for <TaskInstance: MarketVol.apple_price_analyzer 2021-01-18T12:00:00+00:00 [queued]>
[2021-01-19 09:10:11,843] {{taskinstance.py:655}} INFO - Dependencies all met for <TaskInstance: MarketVol.apple_price_analyzer 2021-01-18T12:00:00+00:00 [queued]>
[2021-01-19 09:10:11,844] {{taskinstance.py:866}} INFO - 
--------------------------------------------------------------------------------
[2021-01-19 09:10:11,845] {{taskinstance.py:867}} INFO - Starting attempt 1 of 1
[2021-01-19 09:10:11,845] {{taskinstance.py:868}} INFO - 
--------------------------------------------------------------------------------
[2021-01-19 09:10:11,855] {{taskinstance.py:887}} INFO - Executing <Task(BashOperator): apple_price_analyzer> on 2021-01-18T12:00:00+00:00
[2021-01-19 09:10:11,859] {{standard_task_runner.py:53}} INFO - Started process 428 to run task
[2021-01-19 09:10:11,908] {{logging_mixin.py:112}} INFO - Running %s on host %s <TaskInstance: MarketVol.apple_price_analyzer 2021-01-18T12:00:00+00:00 [running]> f2939e9d42e5
[2021-01-19 09:10:11,923] {{bash_operator.py:82}} INFO - Tmp dir root location: 
 /tmp
[2021-01-19 09:10:11,925] {{bash_operator.py:105}} INFO - Temporary script location: /tmp/airflowtmp4ea_ilpd/apple_price_analyzerfad6hd91
[2021-01-19 09:10:11,926] {{bash_operator.py:115}} INFO - Running command: python /usr/local/airflow/script/analyze.py --symbol AAPL
[2021-01-19 09:10:11,934] {{bash_operator.py:122}} INFO - Output:
[2021-01-19 09:10:12,350] {{bash_operator.py:126}} INFO - /usr/local/airflow/tmp/data/2021-01-19
[2021-01-19 09:10:12,351] {{bash_operator.py:126}} INFO - Empty DataFrame
[2021-01-19 09:10:12,352] {{bash_operator.py:126}} INFO - Columns: [Date, Open, High, Low, Close, Adj Close, Volume]
[2021-01-19 09:10:12,353] {{bash_operator.py:126}} INFO - Index: []
[2021-01-19 09:10:12,411] {{bash_operator.py:130}} INFO - Command exited with return code 0
[2021-01-19 09:10:12,420] {{taskinstance.py:1048}} INFO - Marking task as SUCCESS.dag_id=MarketVol, task_id=apple_price_analyzer, execution_date=20210118T120000, start_date=20210119T091011, end_date=20210119T091012
[2021-01-19 09:10:21,789] {{logging_mixin.py:112}} INFO - [2021-01-19 09:10:21,788] {{local_task_job.py:103}} INFO - Task exited with return code 0
