[2021-01-19 09:07:32,084] {{taskinstance.py:655}} INFO - Dependencies all met for <TaskInstance: MarketVol.download_apple_price 2021-01-18T06:00:00+00:00 [queued]>
[2021-01-19 09:07:32,096] {{taskinstance.py:655}} INFO - Dependencies all met for <TaskInstance: MarketVol.download_apple_price 2021-01-18T06:00:00+00:00 [queued]>
[2021-01-19 09:07:32,097] {{taskinstance.py:866}} INFO - 
--------------------------------------------------------------------------------
[2021-01-19 09:07:32,098] {{taskinstance.py:867}} INFO - Starting attempt 1 of 4
[2021-01-19 09:07:32,099] {{taskinstance.py:868}} INFO - 
--------------------------------------------------------------------------------
[2021-01-19 09:07:32,108] {{taskinstance.py:887}} INFO - Executing <Task(PythonOperator): download_apple_price> on 2021-01-18T06:00:00+00:00
[2021-01-19 09:07:32,112] {{standard_task_runner.py:53}} INFO - Started process 279 to run task
[2021-01-19 09:07:32,160] {{logging_mixin.py:112}} INFO - Running %s on host %s <TaskInstance: MarketVol.download_apple_price 2021-01-18T06:00:00+00:00 [running]> f2939e9d42e5
[2021-01-19 09:07:32,175] {{logging_mixin.py:112}} INFO - 2021-01-19
[2021-01-19 09:07:32,176] {{logging_mixin.py:112}} INFO - 2021-01-20
[2021-01-19 09:07:32,315] {{logging_mixin.py:112}} INFO - [*********************100%***********************]  1 of 1 completed
[2021-01-19 09:07:32,317] {{logging_mixin.py:112}} INFO - 
[2021-01-19 09:07:32,318] {{logging_mixin.py:112}} INFO - 
1 Failed download:
[2021-01-19 09:07:32,319] {{logging_mixin.py:112}} INFO - - AAPL: No data found for this date range, symbol may be delisted
[2021-01-19 09:07:32,326] {{python_operator.py:114}} INFO - Done. Returned value was: None
[2021-01-19 09:07:32,332] {{taskinstance.py:1048}} INFO - Marking task as SUCCESS.dag_id=MarketVol, task_id=download_apple_price, execution_date=20210118T060000, start_date=20210119T090732, end_date=20210119T090732
[2021-01-19 09:07:42,077] {{logging_mixin.py:112}} INFO - [2021-01-19 09:07:42,076] {{local_task_job.py:103}} INFO - Task exited with return code 0
