[2021-01-11 20:01:19,587] {taskinstance.py:826} INFO - Dependencies all met for <TaskInstance: MarketVol.download_telsa_price 2021-01-12T03:00:00+00:00 [queued]>
[2021-01-11 20:01:19,595] {taskinstance.py:826} INFO - Dependencies all met for <TaskInstance: MarketVol.download_telsa_price 2021-01-12T03:00:00+00:00 [queued]>
[2021-01-11 20:01:19,595] {taskinstance.py:1017} INFO - 
--------------------------------------------------------------------------------
[2021-01-11 20:01:19,596] {taskinstance.py:1018} INFO - Starting attempt 1 of 4
[2021-01-11 20:01:19,596] {taskinstance.py:1019} INFO - 
--------------------------------------------------------------------------------
[2021-01-11 20:01:19,603] {taskinstance.py:1038} INFO - Executing <Task(PythonOperator): download_telsa_price> on 2021-01-12T03:00:00+00:00
[2021-01-11 20:01:19,606] {standard_task_runner.py:51} INFO - Started process 63256 to run task
[2021-01-11 20:01:19,614] {standard_task_runner.py:75} INFO - Running: ['airflow', 'tasks', 'run', 'MarketVol', 'download_telsa_price', '2021-01-12T03:00:00+00:00', '--job-id', '48', '--pool', 'default_pool', '--raw', '--subdir', 'DAGS_FOLDER/stock_dags.py', '--cfg-path', '/var/folders/hy/5f75_vt15hb_bfkv9vvnx5sw0000gn/T/tmphip7nvem']
[2021-01-11 20:01:19,616] {standard_task_runner.py:76} INFO - Job 48: Subtask download_telsa_price
[2021-01-11 20:01:19,665] {logging_mixin.py:103} INFO - Running <TaskInstance: MarketVol.download_telsa_price 2021-01-12T03:00:00+00:00 [running]> on host 1.0.0.0.0.0.0.0.0.0.0.0.0.0.0.0.0.0.0.0.0.0.0.0.0.0.0.0.0.0.0.0.ip6.arpa
[2021-01-11 20:01:19,701] {taskinstance.py:1232} INFO - Exporting the following env vars:
AIRFLOW_CTX_DAG_OWNER=airflow
AIRFLOW_CTX_DAG_ID=MarketVol
AIRFLOW_CTX_TASK_ID=download_telsa_price
AIRFLOW_CTX_EXECUTION_DATE=2021-01-12T03:00:00+00:00
AIRFLOW_CTX_DAG_RUN_ID=scheduled__2021-01-12T03:00:00+00:00
[2021-01-11 20:01:19,702] {logging_mixin.py:103} INFO - 2021-01-11
[2021-01-11 20:01:19,703] {logging_mixin.py:103} INFO - 2021-01-12
[2021-01-11 20:01:19,973] {logging_mixin.py:103} INFO - [*********************100%***********************]  1 of 1 completed
[2021-01-11 20:01:19,974] {logging_mixin.py:103} INFO - 
[2021-01-11 20:01:19,987] {python.py:118} INFO - Done. Returned value was: None
[2021-01-11 20:01:19,992] {taskinstance.py:1142} INFO - Marking task as SUCCESS. dag_id=MarketVol, task_id=download_telsa_price, execution_date=20210112T030000, start_date=20210112T040119, end_date=20210112T040119
[2021-01-11 20:01:20,010] {taskinstance.py:1195} INFO - 1 downstream tasks scheduled from follow-on schedule check
[2021-01-11 20:01:20,048] {local_task_job.py:118} INFO - Task exited with return code 0
