[2021-01-12 01:00:06,670] {taskinstance.py:826} INFO - Dependencies all met for <TaskInstance: MarketVol.download_apple_price 2021-01-12T08:00:00+00:00 [queued]>
[2021-01-12 01:00:06,675] {taskinstance.py:826} INFO - Dependencies all met for <TaskInstance: MarketVol.download_apple_price 2021-01-12T08:00:00+00:00 [queued]>
[2021-01-12 01:00:06,675] {taskinstance.py:1017} INFO - 
--------------------------------------------------------------------------------
[2021-01-12 01:00:06,675] {taskinstance.py:1018} INFO - Starting attempt 1 of 4
[2021-01-12 01:00:06,675] {taskinstance.py:1019} INFO - 
--------------------------------------------------------------------------------
[2021-01-12 01:00:06,682] {taskinstance.py:1038} INFO - Executing <Task(PythonOperator): download_apple_price> on 2021-01-12T08:00:00+00:00
[2021-01-12 01:00:06,685] {standard_task_runner.py:51} INFO - Started process 83984 to run task
[2021-01-12 01:00:06,692] {standard_task_runner.py:75} INFO - Running: ['airflow', 'tasks', 'run', 'MarketVol', 'download_apple_price', '2021-01-12T08:00:00+00:00', '--job-id', '74', '--pool', 'default_pool', '--raw', '--subdir', 'DAGS_FOLDER/stock_dags.py', '--cfg-path', '/var/folders/hy/5f75_vt15hb_bfkv9vvnx5sw0000gn/T/tmpjzym7q5n']
[2021-01-12 01:00:06,694] {standard_task_runner.py:76} INFO - Job 74: Subtask download_apple_price
[2021-01-12 01:00:06,731] {logging_mixin.py:103} INFO - Running <TaskInstance: MarketVol.download_apple_price 2021-01-12T08:00:00+00:00 [running]> on host 1.0.0.0.0.0.0.0.0.0.0.0.0.0.0.0.0.0.0.0.0.0.0.0.0.0.0.0.0.0.0.0.ip6.arpa
[2021-01-12 01:00:06,760] {taskinstance.py:1232} INFO - Exporting the following env vars:
AIRFLOW_CTX_DAG_OWNER=airflow
AIRFLOW_CTX_DAG_ID=MarketVol
AIRFLOW_CTX_TASK_ID=download_apple_price
AIRFLOW_CTX_EXECUTION_DATE=2021-01-12T08:00:00+00:00
AIRFLOW_CTX_DAG_RUN_ID=scheduled__2021-01-12T08:00:00+00:00
[2021-01-12 01:00:06,762] {logging_mixin.py:103} INFO - 2021-01-12
[2021-01-12 01:00:06,762] {logging_mixin.py:103} INFO - 2021-01-13
[2021-01-12 01:00:06,891] {logging_mixin.py:103} INFO - [*********************100%***********************]  1 of 1 completed
[2021-01-12 01:00:06,891] {logging_mixin.py:103} INFO - 
[2021-01-12 01:00:06,892] {logging_mixin.py:103} INFO - 
1 Failed download:
[2021-01-12 01:00:06,892] {logging_mixin.py:103} INFO - - AAPL: No data found for this date range, symbol may be delisted
[2021-01-12 01:00:06,896] {python.py:118} INFO - Done. Returned value was: None
[2021-01-12 01:00:06,901] {taskinstance.py:1142} INFO - Marking task as SUCCESS. dag_id=MarketVol, task_id=download_apple_price, execution_date=20210112T080000, start_date=20210112T090006, end_date=20210112T090006
[2021-01-12 01:00:06,918] {taskinstance.py:1195} INFO - 1 downstream tasks scheduled from follow-on schedule check
[2021-01-12 01:00:06,959] {local_task_job.py:118} INFO - Task exited with return code 0
