[2021-01-19 09:07:20,296] {{taskinstance.py:655}} INFO - Dependencies all met for <TaskInstance: MarketVol.download_telsa_price 2021-01-18T06:00:00+00:00 [queued]>
[2021-01-19 09:07:20,309] {{taskinstance.py:655}} INFO - Dependencies all met for <TaskInstance: MarketVol.download_telsa_price 2021-01-18T06:00:00+00:00 [queued]>
[2021-01-19 09:07:20,310] {{taskinstance.py:866}} INFO - 
--------------------------------------------------------------------------------
[2021-01-19 09:07:20,311] {{taskinstance.py:867}} INFO - Starting attempt 1 of 4
[2021-01-19 09:07:20,312] {{taskinstance.py:868}} INFO - 
--------------------------------------------------------------------------------
[2021-01-19 09:07:20,324] {{taskinstance.py:887}} INFO - Executing <Task(PythonOperator): download_telsa_price> on 2021-01-18T06:00:00+00:00
[2021-01-19 09:07:20,329] {{standard_task_runner.py:53}} INFO - Started process 268 to run task
[2021-01-19 09:07:20,382] {{logging_mixin.py:112}} INFO - Running %s on host %s <TaskInstance: MarketVol.download_telsa_price 2021-01-18T06:00:00+00:00 [running]> f2939e9d42e5
[2021-01-19 09:07:20,404] {{logging_mixin.py:112}} INFO - 2021-01-19
[2021-01-19 09:07:20,410] {{logging_mixin.py:112}} INFO - 2021-01-20
[2021-01-19 09:07:20,569] {{logging_mixin.py:112}} INFO - [*********************100%***********************]  1 of 1 completed
[2021-01-19 09:07:20,570] {{logging_mixin.py:112}} INFO - 
[2021-01-19 09:07:20,571] {{logging_mixin.py:112}} INFO - 
1 Failed download:
[2021-01-19 09:07:20,572] {{logging_mixin.py:112}} INFO - - TSLA: No data found for this date range, symbol may be delisted
[2021-01-19 09:07:20,581] {{python_operator.py:114}} INFO - Done. Returned value was: None
[2021-01-19 09:07:20,592] {{taskinstance.py:1048}} INFO - Marking task as SUCCESS.dag_id=MarketVol, task_id=download_telsa_price, execution_date=20210118T060000, start_date=20210119T090720, end_date=20210119T090720
[2021-01-19 09:07:30,283] {{logging_mixin.py:112}} INFO - [2021-01-19 09:07:30,283] {{local_task_job.py:103}} INFO - Task exited with return code 0
