[2021-01-11 23:00:09,158] {taskinstance.py:826} INFO - Dependencies all met for <TaskInstance: MarketVol.tesla_price_analyzer 2021-01-12T06:00:00+00:00 [queued]>
[2021-01-11 23:00:09,165] {taskinstance.py:826} INFO - Dependencies all met for <TaskInstance: MarketVol.tesla_price_analyzer 2021-01-12T06:00:00+00:00 [queued]>
[2021-01-11 23:00:09,165] {taskinstance.py:1017} INFO - 
--------------------------------------------------------------------------------
[2021-01-11 23:00:09,165] {taskinstance.py:1018} INFO - Starting attempt 1 of 1
[2021-01-11 23:00:09,165] {taskinstance.py:1019} INFO - 
--------------------------------------------------------------------------------
[2021-01-11 23:00:09,172] {taskinstance.py:1038} INFO - Executing <Task(BashOperator): tesla_price_analyzer> on 2021-01-12T06:00:00+00:00
[2021-01-11 23:00:09,174] {standard_task_runner.py:51} INFO - Started process 75583 to run task
[2021-01-11 23:00:09,182] {standard_task_runner.py:75} INFO - Running: ['airflow', 'tasks', 'run', 'MarketVol', 'tesla_price_analyzer', '2021-01-12T06:00:00+00:00', '--job-id', '65', '--pool', 'default_pool', '--raw', '--subdir', 'DAGS_FOLDER/stock_dags.py', '--cfg-path', '/var/folders/hy/5f75_vt15hb_bfkv9vvnx5sw0000gn/T/tmp7s513kg7']
[2021-01-11 23:00:09,184] {standard_task_runner.py:76} INFO - Job 65: Subtask tesla_price_analyzer
[2021-01-11 23:00:09,226] {logging_mixin.py:103} INFO - Running <TaskInstance: MarketVol.tesla_price_analyzer 2021-01-12T06:00:00+00:00 [running]> on host 1.0.0.0.0.0.0.0.0.0.0.0.0.0.0.0.0.0.0.0.0.0.0.0.0.0.0.0.0.0.0.0.ip6.arpa
[2021-01-11 23:00:09,260] {taskinstance.py:1232} INFO - Exporting the following env vars:
AIRFLOW_CTX_DAG_OWNER=airflow
AIRFLOW_CTX_DAG_ID=MarketVol
AIRFLOW_CTX_TASK_ID=tesla_price_analyzer
AIRFLOW_CTX_EXECUTION_DATE=2021-01-12T06:00:00+00:00
AIRFLOW_CTX_DAG_RUN_ID=scheduled__2021-01-12T06:00:00+00:00
[2021-01-11 23:00:09,261] {bash.py:135} INFO - Tmp dir root location: 
 /var/folders/hy/5f75_vt15hb_bfkv9vvnx5sw0000gn/T
[2021-01-11 23:00:09,262] {bash.py:158} INFO - Running command: python /Users/chowli/Documents/Springboard_DE/Projects/mini-projects/Airflow/marketvol/airflow/script/analyze.py --symbol TSLA
[2021-01-11 23:00:09,269] {bash.py:169} INFO - Output:
[2021-01-11 23:00:09,786] {bash.py:173} INFO -                     Datetime        Open  ...   Adj Close   Volume
[2021-01-11 23:00:09,787] {bash.py:173} INFO - 0  2021-01-11 09:30:00-05:00  849.400024  ...  843.239990  3987618
[2021-01-11 23:00:09,787] {bash.py:173} INFO - 1  2021-01-11 09:31:00-05:00  843.424988  ...  850.027710   510600
[2021-01-11 23:00:09,788] {bash.py:173} INFO - 2  2021-01-11 09:32:00-05:00  849.700012  ...  848.580017   364848
[2021-01-11 23:00:09,788] {bash.py:173} INFO - 3  2021-01-11 09:33:00-05:00  848.000000  ...  846.549988   511072
[2021-01-11 23:00:09,788] {bash.py:173} INFO - 4  2021-01-11 09:34:00-05:00  846.940002  ...  847.304199   281454
[2021-01-11 23:00:09,789] {bash.py:173} INFO - 
[2021-01-11 23:00:09,790] {bash.py:173} INFO - [5 rows x 7 columns]
[2021-01-11 23:00:09,842] {bash.py:177} INFO - Command exited with return code 0
[2021-01-11 23:00:09,865] {taskinstance.py:1142} INFO - Marking task as SUCCESS. dag_id=MarketVol, task_id=tesla_price_analyzer, execution_date=20210112T060000, start_date=20210112T070009, end_date=20210112T070009
[2021-01-11 23:00:09,884] {taskinstance.py:1195} INFO - 0 downstream tasks scheduled from follow-on schedule check
[2021-01-11 23:00:09,910] {local_task_job.py:118} INFO - Task exited with return code 0
