[2021-01-11 18:29:34,306] {taskinstance.py:826} INFO - Dependencies all met for <TaskInstance: MarketVol.download_telsa_price 2021-01-12T02:29:30.142154+00:00 [queued]>
[2021-01-11 18:29:34,313] {taskinstance.py:826} INFO - Dependencies all met for <TaskInstance: MarketVol.download_telsa_price 2021-01-12T02:29:30.142154+00:00 [queued]>
[2021-01-11 18:29:34,313] {taskinstance.py:1017} INFO - 
--------------------------------------------------------------------------------
[2021-01-11 18:29:34,313] {taskinstance.py:1018} INFO - Starting attempt 1 of 4
[2021-01-11 18:29:34,313] {taskinstance.py:1019} INFO - 
--------------------------------------------------------------------------------
[2021-01-11 18:29:34,320] {taskinstance.py:1038} INFO - Executing <Task(PythonOperator): download_telsa_price> on 2021-01-12T02:29:30.142154+00:00
[2021-01-11 18:29:34,323] {standard_task_runner.py:51} INFO - Started process 56495 to run task
[2021-01-11 18:29:34,329] {standard_task_runner.py:75} INFO - Running: ['airflow', 'tasks', 'run', 'MarketVol', 'download_telsa_price', '2021-01-12T02:29:30.142154+00:00', '--job-id', '33', '--pool', 'default_pool', '--raw', '--subdir', 'DAGS_FOLDER/stock_dags.py', '--cfg-path', '/var/folders/hy/5f75_vt15hb_bfkv9vvnx5sw0000gn/T/tmpf37y1tu_']
[2021-01-11 18:29:34,331] {standard_task_runner.py:76} INFO - Job 33: Subtask download_telsa_price
[2021-01-11 18:29:34,364] {logging_mixin.py:103} INFO - Running <TaskInstance: MarketVol.download_telsa_price 2021-01-12T02:29:30.142154+00:00 [running]> on host 1.0.0.0.0.0.0.0.0.0.0.0.0.0.0.0.0.0.0.0.0.0.0.0.0.0.0.0.0.0.0.0.ip6.arpa
[2021-01-11 18:29:34,391] {taskinstance.py:1232} INFO - Exporting the following env vars:
AIRFLOW_CTX_DAG_OWNER=airflow
AIRFLOW_CTX_DAG_ID=MarketVol
AIRFLOW_CTX_TASK_ID=download_telsa_price
AIRFLOW_CTX_EXECUTION_DATE=2021-01-12T02:29:30.142154+00:00
AIRFLOW_CTX_DAG_RUN_ID=manual__2021-01-12T02:29:30.142154+00:00
[2021-01-11 18:29:34,392] {logging_mixin.py:103} INFO - 2021-01-11
[2021-01-11 18:29:34,393] {logging_mixin.py:103} INFO - 2021-01-12
[2021-01-11 18:29:34,615] {logging_mixin.py:103} INFO - [*********************100%***********************]  1 of 1 completed
[2021-01-11 18:29:34,615] {logging_mixin.py:103} INFO - 
[2021-01-11 18:29:34,629] {python.py:118} INFO - Done. Returned value was: None
[2021-01-11 18:29:34,633] {taskinstance.py:1142} INFO - Marking task as SUCCESS. dag_id=MarketVol, task_id=download_telsa_price, execution_date=20210112T022930, start_date=20210112T022934, end_date=20210112T022934
[2021-01-11 18:29:34,650] {taskinstance.py:1195} INFO - 1 downstream tasks scheduled from follow-on schedule check
[2021-01-11 18:29:34,676] {local_task_job.py:118} INFO - Task exited with return code 0
