[2021-01-19 09:08:58,549] {{taskinstance.py:655}} INFO - Dependencies all met for <TaskInstance: MarketVol.download_apple_price 2021-01-18T18:00:00+00:00 [queued]>
[2021-01-19 09:08:58,562] {{taskinstance.py:655}} INFO - Dependencies all met for <TaskInstance: MarketVol.download_apple_price 2021-01-18T18:00:00+00:00 [queued]>
[2021-01-19 09:08:58,563] {{taskinstance.py:866}} INFO - 
--------------------------------------------------------------------------------
[2021-01-19 09:08:58,564] {{taskinstance.py:867}} INFO - Starting attempt 1 of 4
[2021-01-19 09:08:58,565] {{taskinstance.py:868}} INFO - 
--------------------------------------------------------------------------------
[2021-01-19 09:08:58,577] {{taskinstance.py:887}} INFO - Executing <Task(PythonOperator): download_apple_price> on 2021-01-18T18:00:00+00:00
[2021-01-19 09:08:58,581] {{standard_task_runner.py:53}} INFO - Started process 359 to run task
[2021-01-19 09:08:58,641] {{logging_mixin.py:112}} INFO - Running %s on host %s <TaskInstance: MarketVol.download_apple_price 2021-01-18T18:00:00+00:00 [running]> f2939e9d42e5
[2021-01-19 09:08:58,673] {{logging_mixin.py:112}} INFO - 2021-01-19
[2021-01-19 09:08:58,674] {{logging_mixin.py:112}} INFO - 2021-01-20
[2021-01-19 09:08:58,872] {{logging_mixin.py:112}} INFO - [*********************100%***********************]  1 of 1 completed
[2021-01-19 09:08:58,874] {{logging_mixin.py:112}} INFO - 
[2021-01-19 09:08:58,876] {{logging_mixin.py:112}} INFO - 
1 Failed download:
[2021-01-19 09:08:58,878] {{logging_mixin.py:112}} INFO - - AAPL: No data found for this date range, symbol may be delisted
[2021-01-19 09:08:58,891] {{python_operator.py:114}} INFO - Done. Returned value was: None
[2021-01-19 09:08:58,897] {{taskinstance.py:1048}} INFO - Marking task as SUCCESS.dag_id=MarketVol, task_id=download_apple_price, execution_date=20210118T180000, start_date=20210119T090858, end_date=20210119T090858
[2021-01-19 09:09:08,541] {{logging_mixin.py:112}} INFO - [2021-01-19 09:09:08,540] {{local_task_job.py:103}} INFO - Task exited with return code 0
