[2021-01-11 18:31:09,809] {taskinstance.py:826} INFO - Dependencies all met for <TaskInstance: MarketVol.download_telsa_price 2021-01-12T02:31:05.853405+00:00 [queued]>
[2021-01-11 18:31:09,816] {taskinstance.py:826} INFO - Dependencies all met for <TaskInstance: MarketVol.download_telsa_price 2021-01-12T02:31:05.853405+00:00 [queued]>
[2021-01-11 18:31:09,816] {taskinstance.py:1017} INFO - 
--------------------------------------------------------------------------------
[2021-01-11 18:31:09,816] {taskinstance.py:1018} INFO - Starting attempt 1 of 4
[2021-01-11 18:31:09,816] {taskinstance.py:1019} INFO - 
--------------------------------------------------------------------------------
[2021-01-11 18:31:09,822] {taskinstance.py:1038} INFO - Executing <Task(PythonOperator): download_telsa_price> on 2021-01-12T02:31:05.853405+00:00
[2021-01-11 18:31:09,825] {standard_task_runner.py:51} INFO - Started process 56684 to run task
[2021-01-11 18:31:09,831] {standard_task_runner.py:75} INFO - Running: ['airflow', 'tasks', 'run', 'MarketVol', 'download_telsa_price', '2021-01-12T02:31:05.853405+00:00', '--job-id', '38', '--pool', 'default_pool', '--raw', '--subdir', 'DAGS_FOLDER/stock_dags.py', '--cfg-path', '/var/folders/hy/5f75_vt15hb_bfkv9vvnx5sw0000gn/T/tmpp1ez1twr']
[2021-01-11 18:31:09,833] {standard_task_runner.py:76} INFO - Job 38: Subtask download_telsa_price
[2021-01-11 18:31:09,863] {logging_mixin.py:103} INFO - Running <TaskInstance: MarketVol.download_telsa_price 2021-01-12T02:31:05.853405+00:00 [running]> on host Chow-MBP.local
[2021-01-11 18:31:09,885] {taskinstance.py:1232} INFO - Exporting the following env vars:
AIRFLOW_CTX_DAG_OWNER=airflow
AIRFLOW_CTX_DAG_ID=MarketVol
AIRFLOW_CTX_TASK_ID=download_telsa_price
AIRFLOW_CTX_EXECUTION_DATE=2021-01-12T02:31:05.853405+00:00
AIRFLOW_CTX_DAG_RUN_ID=manual__2021-01-12T02:31:05.853405+00:00
[2021-01-11 18:31:09,886] {logging_mixin.py:103} INFO - 2021-01-11
[2021-01-11 18:31:09,886] {logging_mixin.py:103} INFO - 2021-01-12
[2021-01-11 18:31:10,108] {logging_mixin.py:103} INFO - [*********************100%***********************]  1 of 1 completed
[2021-01-11 18:31:10,108] {logging_mixin.py:103} INFO - 
[2021-01-11 18:31:10,123] {python.py:118} INFO - Done. Returned value was: None
[2021-01-11 18:31:10,127] {taskinstance.py:1142} INFO - Marking task as SUCCESS. dag_id=MarketVol, task_id=download_telsa_price, execution_date=20210112T023105, start_date=20210112T023109, end_date=20210112T023110
[2021-01-11 18:31:10,142] {taskinstance.py:1195} INFO - 1 downstream tasks scheduled from follow-on schedule check
[2021-01-11 18:31:10,187] {local_task_job.py:118} INFO - Task exited with return code 0
