[2021-01-20 02:30:19,637] {{taskinstance.py:655}} INFO - Dependencies all met for <TaskInstance: MarketVol.download_telsa_price 2021-01-19T02:30:00+00:00 [queued]>
[2021-01-20 02:30:19,647] {{taskinstance.py:655}} INFO - Dependencies all met for <TaskInstance: MarketVol.download_telsa_price 2021-01-19T02:30:00+00:00 [queued]>
[2021-01-20 02:30:19,648] {{taskinstance.py:866}} INFO - 
--------------------------------------------------------------------------------
[2021-01-20 02:30:19,648] {{taskinstance.py:867}} INFO - Starting attempt 1 of 4
[2021-01-20 02:30:19,649] {{taskinstance.py:868}} INFO - 
--------------------------------------------------------------------------------
[2021-01-20 02:30:19,656] {{taskinstance.py:887}} INFO - Executing <Task(PythonOperator): download_telsa_price> on 2021-01-19T02:30:00+00:00
[2021-01-20 02:30:19,660] {{standard_task_runner.py:53}} INFO - Started process 319 to run task
[2021-01-20 02:30:19,708] {{logging_mixin.py:112}} INFO - Running %s on host %s <TaskInstance: MarketVol.download_telsa_price 2021-01-19T02:30:00+00:00 [running]> 6a522c83f2b5
[2021-01-20 02:30:19,722] {{logging_mixin.py:112}} INFO - 2021-01-20
[2021-01-20 02:30:19,723] {{logging_mixin.py:112}} INFO - 2021-01-21
[2021-01-20 02:30:19,880] {{logging_mixin.py:112}} INFO - [*********************100%***********************]  1 of 1 completed
[2021-01-20 02:30:19,881] {{logging_mixin.py:112}} INFO - 
[2021-01-20 02:30:19,882] {{logging_mixin.py:112}} INFO - 
1 Failed download:
[2021-01-20 02:30:19,883] {{logging_mixin.py:112}} INFO - - TSLA: No data found for this date range, symbol may be delisted
[2021-01-20 02:30:19,889] {{python_operator.py:114}} INFO - Done. Returned value was: None
[2021-01-20 02:30:19,895] {{taskinstance.py:1048}} INFO - Marking task as SUCCESS.dag_id=MarketVol, task_id=download_telsa_price, execution_date=20210119T023000, start_date=20210120T023019, end_date=20210120T023019
[2021-01-20 02:30:29,627] {{logging_mixin.py:112}} INFO - [2021-01-20 02:30:29,627] {{local_task_job.py:103}} INFO - Task exited with return code 0
