[2021-01-11 18:25:28,966] {taskinstance.py:826} INFO - Dependencies all met for <TaskInstance: MarketVol.download_telsa_price 2021-01-12T02:25:24.457709+00:00 [queued]>
[2021-01-11 18:25:28,971] {taskinstance.py:826} INFO - Dependencies all met for <TaskInstance: MarketVol.download_telsa_price 2021-01-12T02:25:24.457709+00:00 [queued]>
[2021-01-11 18:25:28,971] {taskinstance.py:1017} INFO - 
--------------------------------------------------------------------------------
[2021-01-11 18:25:28,971] {taskinstance.py:1018} INFO - Starting attempt 1 of 4
[2021-01-11 18:25:28,971] {taskinstance.py:1019} INFO - 
--------------------------------------------------------------------------------
[2021-01-11 18:25:28,977] {taskinstance.py:1038} INFO - Executing <Task(PythonOperator): download_telsa_price> on 2021-01-12T02:25:24.457709+00:00
[2021-01-11 18:25:28,979] {standard_task_runner.py:51} INFO - Started process 56010 to run task
[2021-01-11 18:25:28,985] {standard_task_runner.py:75} INFO - Running: ['airflow', 'tasks', 'run', 'MarketVol', 'download_telsa_price', '2021-01-12T02:25:24.457709+00:00', '--job-id', '23', '--pool', 'default_pool', '--raw', '--subdir', 'DAGS_FOLDER/stock_dags.py', '--cfg-path', '/var/folders/hy/5f75_vt15hb_bfkv9vvnx5sw0000gn/T/tmp_wnr8sbh']
[2021-01-11 18:25:28,987] {standard_task_runner.py:76} INFO - Job 23: Subtask download_telsa_price
[2021-01-11 18:25:29,017] {logging_mixin.py:103} INFO - Running <TaskInstance: MarketVol.download_telsa_price 2021-01-12T02:25:24.457709+00:00 [running]> on host 1.0.0.0.0.0.0.0.0.0.0.0.0.0.0.0.0.0.0.0.0.0.0.0.0.0.0.0.0.0.0.0.ip6.arpa
[2021-01-11 18:25:29,041] {taskinstance.py:1232} INFO - Exporting the following env vars:
AIRFLOW_CTX_DAG_OWNER=airflow
AIRFLOW_CTX_DAG_ID=MarketVol
AIRFLOW_CTX_TASK_ID=download_telsa_price
AIRFLOW_CTX_EXECUTION_DATE=2021-01-12T02:25:24.457709+00:00
AIRFLOW_CTX_DAG_RUN_ID=manual__2021-01-12T02:25:24.457709+00:00
[2021-01-11 18:25:29,042] {logging_mixin.py:103} INFO - 2021-01-11
[2021-01-11 18:25:29,043] {logging_mixin.py:103} INFO - 2021-01-12
[2021-01-11 18:25:29,274] {logging_mixin.py:103} INFO - [*********************100%***********************]  1 of 1 completed
[2021-01-11 18:25:29,275] {logging_mixin.py:103} INFO - 
[2021-01-11 18:25:29,290] {python.py:118} INFO - Done. Returned value was: None
[2021-01-11 18:25:29,294] {taskinstance.py:1142} INFO - Marking task as SUCCESS. dag_id=MarketVol, task_id=download_telsa_price, execution_date=20210112T022524, start_date=20210112T022528, end_date=20210112T022529
[2021-01-11 18:25:29,311] {taskinstance.py:1195} INFO - 1 downstream tasks scheduled from follow-on schedule check
[2021-01-11 18:25:29,342] {local_task_job.py:118} INFO - Task exited with return code 0
