[2021-01-21 06:30:06,859] {{taskinstance.py:655}} INFO - Dependencies all met for <TaskInstance: MarketVol.download_apple_price 2021-01-21T06:29:34.322512+00:00 [queued]>
[2021-01-21 06:30:06,869] {{taskinstance.py:655}} INFO - Dependencies all met for <TaskInstance: MarketVol.download_apple_price 2021-01-21T06:29:34.322512+00:00 [queued]>
[2021-01-21 06:30:06,870] {{taskinstance.py:866}} INFO - 
--------------------------------------------------------------------------------
[2021-01-21 06:30:06,871] {{taskinstance.py:867}} INFO - Starting attempt 1 of 4
[2021-01-21 06:30:06,871] {{taskinstance.py:868}} INFO - 
--------------------------------------------------------------------------------
[2021-01-21 06:30:06,880] {{taskinstance.py:887}} INFO - Executing <Task(PythonOperator): download_apple_price> on 2021-01-21T06:29:34.322512+00:00
[2021-01-21 06:30:06,883] {{standard_task_runner.py:53}} INFO - Started process 551 to run task
[2021-01-21 06:30:06,929] {{logging_mixin.py:112}} INFO - Running %s on host %s <TaskInstance: MarketVol.download_apple_price 2021-01-21T06:29:34.322512+00:00 [running]> 99b7c767768b
[2021-01-21 06:30:06,941] {{logging_mixin.py:112}} INFO - 2021-01-21
[2021-01-21 06:30:06,942] {{logging_mixin.py:112}} INFO - 2021-01-22
[2021-01-21 06:30:07,124] {{logging_mixin.py:112}} INFO - [*********************100%***********************]  1 of 1 completed
[2021-01-21 06:30:07,126] {{logging_mixin.py:112}} INFO - 
[2021-01-21 06:30:07,128] {{logging_mixin.py:112}} INFO - 
1 Failed download:
[2021-01-21 06:30:07,129] {{logging_mixin.py:112}} INFO - - AAPL: No data found for this date range, symbol may be delisted
[2021-01-21 06:30:07,138] {{python_operator.py:114}} INFO - Done. Returned value was: None
[2021-01-21 06:30:07,148] {{taskinstance.py:1048}} INFO - Marking task as SUCCESS.dag_id=MarketVol, task_id=download_apple_price, execution_date=20210121T062934, start_date=20210121T063006, end_date=20210121T063007
[2021-01-21 06:30:16,853] {{logging_mixin.py:112}} INFO - [2021-01-21 06:30:16,853] {{local_task_job.py:103}} INFO - Task exited with return code 0
