[2021-01-11 20:01:22,160] {taskinstance.py:826} INFO - Dependencies all met for <TaskInstance: MarketVol.download_apple_price 2021-01-12T03:00:00+00:00 [queued]>
[2021-01-11 20:01:22,167] {taskinstance.py:826} INFO - Dependencies all met for <TaskInstance: MarketVol.download_apple_price 2021-01-12T03:00:00+00:00 [queued]>
[2021-01-11 20:01:22,167] {taskinstance.py:1017} INFO - 
--------------------------------------------------------------------------------
[2021-01-11 20:01:22,167] {taskinstance.py:1018} INFO - Starting attempt 1 of 4
[2021-01-11 20:01:22,167] {taskinstance.py:1019} INFO - 
--------------------------------------------------------------------------------
[2021-01-11 20:01:22,174] {taskinstance.py:1038} INFO - Executing <Task(PythonOperator): download_apple_price> on 2021-01-12T03:00:00+00:00
[2021-01-11 20:01:22,177] {standard_task_runner.py:51} INFO - Started process 63261 to run task
[2021-01-11 20:01:22,183] {standard_task_runner.py:75} INFO - Running: ['airflow', 'tasks', 'run', 'MarketVol', 'download_apple_price', '2021-01-12T03:00:00+00:00', '--job-id', '49', '--pool', 'default_pool', '--raw', '--subdir', 'DAGS_FOLDER/stock_dags.py', '--cfg-path', '/var/folders/hy/5f75_vt15hb_bfkv9vvnx5sw0000gn/T/tmp2dss8t0p']
[2021-01-11 20:01:22,185] {standard_task_runner.py:76} INFO - Job 49: Subtask download_apple_price
[2021-01-11 20:01:22,224] {logging_mixin.py:103} INFO - Running <TaskInstance: MarketVol.download_apple_price 2021-01-12T03:00:00+00:00 [running]> on host 1.0.0.0.0.0.0.0.0.0.0.0.0.0.0.0.0.0.0.0.0.0.0.0.0.0.0.0.0.0.0.0.ip6.arpa
[2021-01-11 20:01:22,260] {taskinstance.py:1232} INFO - Exporting the following env vars:
AIRFLOW_CTX_DAG_OWNER=airflow
AIRFLOW_CTX_DAG_ID=MarketVol
AIRFLOW_CTX_TASK_ID=download_apple_price
AIRFLOW_CTX_EXECUTION_DATE=2021-01-12T03:00:00+00:00
AIRFLOW_CTX_DAG_RUN_ID=scheduled__2021-01-12T03:00:00+00:00
[2021-01-11 20:01:22,261] {logging_mixin.py:103} INFO - 2021-01-11
[2021-01-11 20:01:22,262] {logging_mixin.py:103} INFO - 2021-01-12
[2021-01-11 20:01:22,471] {logging_mixin.py:103} INFO - [*********************100%***********************]  1 of 1 completed
[2021-01-11 20:01:22,472] {logging_mixin.py:103} INFO - 
[2021-01-11 20:01:22,489] {python.py:118} INFO - Done. Returned value was: None
[2021-01-11 20:01:22,494] {taskinstance.py:1142} INFO - Marking task as SUCCESS. dag_id=MarketVol, task_id=download_apple_price, execution_date=20210112T030000, start_date=20210112T040122, end_date=20210112T040122
[2021-01-11 20:01:22,512] {taskinstance.py:1195} INFO - 1 downstream tasks scheduled from follow-on schedule check
[2021-01-11 20:01:22,529] {local_task_job.py:118} INFO - Task exited with return code 0
