[2021-01-20 02:30:46,161] {{taskinstance.py:655}} INFO - Dependencies all met for <TaskInstance: MarketVol.tesla_price_analyzer 2021-01-19T02:30:00+00:00 [queued]>
[2021-01-20 02:30:46,172] {{taskinstance.py:655}} INFO - Dependencies all met for <TaskInstance: MarketVol.tesla_price_analyzer 2021-01-19T02:30:00+00:00 [queued]>
[2021-01-20 02:30:46,173] {{taskinstance.py:866}} INFO - 
--------------------------------------------------------------------------------
[2021-01-20 02:30:46,174] {{taskinstance.py:867}} INFO - Starting attempt 1 of 1
[2021-01-20 02:30:46,174] {{taskinstance.py:868}} INFO - 
--------------------------------------------------------------------------------
[2021-01-20 02:30:46,182] {{taskinstance.py:887}} INFO - Executing <Task(BashOperator): tesla_price_analyzer> on 2021-01-19T02:30:00+00:00
[2021-01-20 02:30:46,185] {{standard_task_runner.py:53}} INFO - Started process 341 to run task
[2021-01-20 02:30:46,236] {{logging_mixin.py:112}} INFO - Running %s on host %s <TaskInstance: MarketVol.tesla_price_analyzer 2021-01-19T02:30:00+00:00 [running]> 6a522c83f2b5
[2021-01-20 02:30:46,250] {{bash_operator.py:82}} INFO - Tmp dir root location: 
 /tmp
[2021-01-20 02:30:46,252] {{bash_operator.py:105}} INFO - Temporary script location: /tmp/airflowtmpc0ttw4o4/tesla_price_analyzerc_9qk1uo
[2021-01-20 02:30:46,252] {{bash_operator.py:115}} INFO - Running command: python /usr/local/airflow/script/analyze.py --symbol TSLA
[2021-01-20 02:30:46,259] {{bash_operator.py:122}} INFO - Output:
[2021-01-20 02:30:46,635] {{bash_operator.py:126}} INFO - /usr/local/airflow/tmp/data/2021-01-20
[2021-01-20 02:30:46,636] {{bash_operator.py:126}} INFO - Empty DataFrame
[2021-01-20 02:30:46,637] {{bash_operator.py:126}} INFO - Columns: [Date, Open, High, Low, Close, Adj Close, Volume]
[2021-01-20 02:30:46,638] {{bash_operator.py:126}} INFO - Index: []
[2021-01-20 02:30:46,684] {{bash_operator.py:130}} INFO - Command exited with return code 0
[2021-01-20 02:30:46,691] {{taskinstance.py:1048}} INFO - Marking task as SUCCESS.dag_id=MarketVol, task_id=tesla_price_analyzer, execution_date=20210119T023000, start_date=20210120T023046, end_date=20210120T023046
[2021-01-20 02:30:56,157] {{logging_mixin.py:112}} INFO - [2021-01-20 02:30:56,157] {{local_task_job.py:103}} INFO - Task exited with return code 0
