[2021-01-21 06:30:48,210] {{taskinstance.py:655}} INFO - Dependencies all met for <TaskInstance: MarketVol.error_log_analyzer 2021-01-21T06:29:34.322512+00:00 [queued]>
[2021-01-21 06:30:48,221] {{taskinstance.py:655}} INFO - Dependencies all met for <TaskInstance: MarketVol.error_log_analyzer 2021-01-21T06:29:34.322512+00:00 [queued]>
[2021-01-21 06:30:48,222] {{taskinstance.py:866}} INFO - 
--------------------------------------------------------------------------------
[2021-01-21 06:30:48,223] {{taskinstance.py:867}} INFO - Starting attempt 1 of 1
[2021-01-21 06:30:48,223] {{taskinstance.py:868}} INFO - 
--------------------------------------------------------------------------------
[2021-01-21 06:30:48,231] {{taskinstance.py:887}} INFO - Executing <Task(BashOperator): error_log_analyzer> on 2021-01-21T06:29:34.322512+00:00
[2021-01-21 06:30:48,235] {{standard_task_runner.py:53}} INFO - Started process 591 to run task
[2021-01-21 06:30:48,279] {{logging_mixin.py:112}} INFO - Running %s on host %s <TaskInstance: MarketVol.error_log_analyzer 2021-01-21T06:29:34.322512+00:00 [running]> 99b7c767768b
[2021-01-21 06:30:48,292] {{bash_operator.py:82}} INFO - Tmp dir root location: 
 /tmp
[2021-01-21 06:30:48,294] {{bash_operator.py:105}} INFO - Temporary script location: /tmp/airflowtmpnbpatpph/error_log_analyzerdjdy5jlj
[2021-01-21 06:30:48,295] {{bash_operator.py:115}} INFO - Running command: python ${AIRFLOW_HOME}/script/log_analyzer.py -p ${AIRFLOW_HOME}/logs/MarketVol -v 0
[2021-01-21 06:30:48,302] {{bash_operator.py:122}} INFO - Output:
[2021-01-21 06:30:48,985] {{bash_operator.py:126}} INFO - Total number of errors: 85
[2021-01-21 06:30:48,989] {{bash_operator.py:126}} INFO - Quiet mode turned on
[2021-01-21 06:30:48,990] {{bash_operator.py:130}} INFO - Command exited with return code 0
[2021-01-21 06:30:48,997] {{taskinstance.py:1048}} INFO - Marking task as SUCCESS.dag_id=MarketVol, task_id=error_log_analyzer, execution_date=20210121T062934, start_date=20210121T063048, end_date=20210121T063048
[2021-01-21 06:30:58,199] {{logging_mixin.py:112}} INFO - [2021-01-21 06:30:58,199] {{local_task_job.py:103}} INFO - Task exited with return code 0
